;  Assembly code generated by mikroVirtualMachine - V. 5.0.0.3
;  Date/Time: 20/11/2010 21:33:15
;  Info: http://www.mikroe.com


; ADDRESS	OPCODE	ASM
; ----------------------------------------------
$0000	$2804			GOTO	_main
$0453	$	_delay_1us:
;delays.pbas,9 :: 		sub procedure Delay_1us()
;delays.pbas,10 :: 		Delay_us(1)
$0453	$0000			NOP
$0454	$	delays_L_1:
$0454	$0008			RETURN
$042A	$	_delay_5500us:
;delays.pbas,33 :: 		sub procedure Delay_5500us()
;delays.pbas,34 :: 		Delay_us(5500)
$042A	$3008			MOVLW	8
$042B	$1303			BCF	STATUS, RP1
$042C	$1283			BCF	STATUS, RP0
$042D	$00FB			MOVWF	STACK_11
$042E	$30FF			MOVLW	255
$042F	$00FA			MOVWF	STACK_10
$0430	$0BFB			DECFSZ	STACK_11, F
$0431	$2C33			GOTO	$+2
$0432	$2C36			GOTO	$+4
$0433	$0BFA			DECFSZ	STACK_10, F
$0434	$2C33			GOTO	$-1
$0435	$2C30			GOTO	$-5
$0436	$301E			MOVLW	30
$0437	$00FA			MOVWF	STACK_10
$0438	$0BFA			DECFSZ	STACK_10, F
$0439	$2C38			GOTO	$-1
$043A	$	delays_L_7:
$043A	$0008			RETURN
$0444	$	_delay_50us:
;delays.pbas,21 :: 		sub procedure Delay_50us()
;delays.pbas,22 :: 		Delay_us(50)
$0444	$3010			MOVLW	16
$0445	$1303			BCF	STATUS, RP1
$0446	$1283			BCF	STATUS, RP0
$0447	$00FA			MOVWF	STACK_10
$0448	$0BFA			DECFSZ	STACK_10, F
$0449	$2C48			GOTO	$-1
$044A	$0000			NOP
$044B	$	delays_L_4:
$044B	$0008			RETURN
$0272	$	_lcd_cmd:
;lcd.ppas,19 :: 		
;lcd.ppas,20 :: 		
$0272	$1303			BCF	STATUS, RP1
$0273	$1283			BCF	STATUS, RP0
$0274	$0820			MOVF	lcd_ctrlport_address, 0
$0275	$0084			MOVWF	FSR
;lcd.ppas,22 :: 		
$0276	$0921			COMF	lcd____menable, W
$0277	$00F0			MOVWF	STACK_0
$0278	$0870			MOVF	STACK_0, 0
$0279	$0580			ANDWF	INDF, 1
;lcd.ppas,23 :: 		
$027A	$0922			COMF	lcd____mrs, W
$027B	$00F0			MOVWF	STACK_0
$027C	$0870			MOVF	STACK_0, 0
$027D	$0580			ANDWF	INDF, 1
;lcd.ppas,25 :: 		
$027E	$0823			MOVF	lcd_dataport_address, 0
$027F	$0084			MOVWF	FSR
;lcd.ppas,26 :: 		
$0280	$0825			MOVF	lcd____mdb6, 0
$0281	$0424			IORWF	lcd____mdb7, 0
$0282	$00F0			MOVWF	STACK_0
$0283	$0826			MOVF	lcd____mdb5, 0
$0284	$04F0			IORWF	STACK_0, 1
$0285	$0827			MOVF	lcd____mdb4, 0
$0286	$04F0			IORWF	STACK_0, 1
$0287	$09F0			COMF	STACK_0, F
$0288	$0870			MOVF	STACK_0, 0
$0289	$0580			ANDWF	INDF, 1
;lcd.ppas,28 :: 		
$028A	$3000			MOVLW	0
$028B	$1BD1			BTFSC	FARG_Lcd_Cmd, 7
$028C	$3001			MOVLW	1
$028D	$00F1			MOVWF	STACK_1
$028E	$0871			MOVF	STACK_1, 0
$028F	$3A01			XORLW	1
$0290	$1D03			BTFSS	STATUS, Z
$0291	$2A94			GOTO	lcd_L_2
$0292	$	lcd_L_1:
;lcd.ppas,29 :: 		
$0292	$0824			MOVF	lcd____mdb7, 0
$0293	$0480			IORWF	INDF, 1
$0294	$	lcd_L_2:
$0294	$	lcd_L_3:
;lcd.ppas,30 :: 		
$0294	$3000			MOVLW	0
$0295	$1B51			BTFSC	FARG_Lcd_Cmd, 6
$0296	$3001			MOVLW	1
$0297	$00F1			MOVWF	STACK_1
$0298	$0871			MOVF	STACK_1, 0
$0299	$3A01			XORLW	1
$029A	$1D03			BTFSS	STATUS, Z
$029B	$2A9E			GOTO	lcd_L_5
$029C	$	lcd_L_4:
;lcd.ppas,31 :: 		
$029C	$0825			MOVF	lcd____mdb6, 0
$029D	$0480			IORWF	INDF, 1
$029E	$	lcd_L_5:
$029E	$	lcd_L_6:
;lcd.ppas,32 :: 		
$029E	$3000			MOVLW	0
$029F	$1AD1			BTFSC	FARG_Lcd_Cmd, 5
$02A0	$3001			MOVLW	1
$02A1	$00F1			MOVWF	STACK_1
$02A2	$0871			MOVF	STACK_1, 0
$02A3	$3A01			XORLW	1
$02A4	$1D03			BTFSS	STATUS, Z
$02A5	$2AA8			GOTO	lcd_L_8
$02A6	$	lcd_L_7:
;lcd.ppas,33 :: 		
$02A6	$0826			MOVF	lcd____mdb5, 0
$02A7	$0480			IORWF	INDF, 1
$02A8	$	lcd_L_8:
$02A8	$	lcd_L_9:
;lcd.ppas,34 :: 		
$02A8	$3000			MOVLW	0
$02A9	$1A51			BTFSC	FARG_Lcd_Cmd, 4
$02AA	$3001			MOVLW	1
$02AB	$00F1			MOVWF	STACK_1
$02AC	$0871			MOVF	STACK_1, 0
$02AD	$3A01			XORLW	1
$02AE	$1D03			BTFSS	STATUS, Z
$02AF	$2AB2			GOTO	lcd_L_11
$02B0	$	lcd_L_10:
;lcd.ppas,35 :: 		
$02B0	$0827			MOVF	lcd____mdb4, 0
$02B1	$0480			IORWF	INDF, 1
$02B2	$	lcd_L_11:
$02B2	$	lcd_L_12:
;lcd.ppas,37 :: 		
$02B2	$0820			MOVF	lcd_ctrlport_address, 0
$02B3	$0084			MOVWF	FSR
;lcd.ppas,38 :: 		
$02B4	$0828			MOVF	lcd_lcdcmd_status, 0
$02B5	$3A01			XORLW	1
$02B6	$1D03			BTFSS	STATUS, Z
$02B7	$2ABD			GOTO	lcd_L_14
$02B8	$	lcd_L_13:
;lcd.ppas,39 :: 		
$02B8	$0922			COMF	lcd____mrs, W
$02B9	$00F0			MOVWF	STACK_0
$02BA	$0870			MOVF	STACK_0, 0
$02BB	$0580			ANDWF	INDF, 1
$02BC	$2ABF			GOTO	lcd_L_15
;lcd.ppas,40 :: 		
$02BD	$	lcd_L_14:
;lcd.ppas,41 :: 		
$02BD	$0822			MOVF	lcd____mrs, 0
$02BE	$0480			IORWF	INDF, 1
$02BF	$	lcd_L_15:
;lcd.ppas,43 :: 		
$02BF	$0821			MOVF	lcd____menable, 0
$02C0	$0480			IORWF	INDF, 1
;lcd.ppas,44 :: 		
$02C1	$2453			CALL	_delay_1us
;lcd.ppas,45 :: 		
$02C2	$0921			COMF	lcd____menable, W
$02C3	$00F0			MOVWF	STACK_0
$02C4	$0870			MOVF	STACK_0, 0
$02C5	$0580			ANDWF	INDF, 1
;lcd.ppas,47 :: 		
$02C6	$0922			COMF	lcd____mrs, W
$02C7	$00F0			MOVWF	STACK_0
$02C8	$0870			MOVF	STACK_0, 0
$02C9	$0580			ANDWF	INDF, 1
;lcd.ppas,49 :: 		
$02CA	$0823			MOVF	lcd_dataport_address, 0
$02CB	$0084			MOVWF	FSR
;lcd.ppas,50 :: 		
$02CC	$0825			MOVF	lcd____mdb6, 0
$02CD	$0424			IORWF	lcd____mdb7, 0
$02CE	$00F0			MOVWF	STACK_0
$02CF	$0826			MOVF	lcd____mdb5, 0
$02D0	$04F0			IORWF	STACK_0, 1
$02D1	$0827			MOVF	lcd____mdb4, 0
$02D2	$04F0			IORWF	STACK_0, 1
$02D3	$09F0			COMF	STACK_0, F
$02D4	$0870			MOVF	STACK_0, 0
$02D5	$0580			ANDWF	INDF, 1
;lcd.ppas,52 :: 		
$02D6	$3000			MOVLW	0
$02D7	$19D1			BTFSC	FARG_Lcd_Cmd, 3
$02D8	$3001			MOVLW	1
$02D9	$00F1			MOVWF	STACK_1
$02DA	$0871			MOVF	STACK_1, 0
$02DB	$3A01			XORLW	1
$02DC	$1D03			BTFSS	STATUS, Z
$02DD	$2AE0			GOTO	lcd_L_17
$02DE	$	lcd_L_16:
;lcd.ppas,53 :: 		
$02DE	$0824			MOVF	lcd____mdb7, 0
$02DF	$0480			IORWF	INDF, 1
$02E0	$	lcd_L_17:
$02E0	$	lcd_L_18:
;lcd.ppas,54 :: 		
$02E0	$3000			MOVLW	0
$02E1	$1951			BTFSC	FARG_Lcd_Cmd, 2
$02E2	$3001			MOVLW	1
$02E3	$00F1			MOVWF	STACK_1
$02E4	$0871			MOVF	STACK_1, 0
$02E5	$3A01			XORLW	1
$02E6	$1D03			BTFSS	STATUS, Z
$02E7	$2AEA			GOTO	lcd_L_20
$02E8	$	lcd_L_19:
;lcd.ppas,55 :: 		
$02E8	$0825			MOVF	lcd____mdb6, 0
$02E9	$0480			IORWF	INDF, 1
$02EA	$	lcd_L_20:
$02EA	$	lcd_L_21:
;lcd.ppas,56 :: 		
$02EA	$3000			MOVLW	0
$02EB	$18D1			BTFSC	FARG_Lcd_Cmd, 1
$02EC	$3001			MOVLW	1
$02ED	$00F1			MOVWF	STACK_1
$02EE	$0871			MOVF	STACK_1, 0
$02EF	$3A01			XORLW	1
$02F0	$1D03			BTFSS	STATUS, Z
$02F1	$2AF4			GOTO	lcd_L_23
$02F2	$	lcd_L_22:
;lcd.ppas,57 :: 		
$02F2	$0826			MOVF	lcd____mdb5, 0
$02F3	$0480			IORWF	INDF, 1
$02F4	$	lcd_L_23:
$02F4	$	lcd_L_24:
;lcd.ppas,58 :: 		
$02F4	$3001			MOVLW	1
$02F5	$0551			ANDWF	FARG_Lcd_Cmd, 0
$02F6	$00F1			MOVWF	STACK_1
$02F7	$0871			MOVF	STACK_1, 0
$02F8	$3A01			XORLW	1
$02F9	$1D03			BTFSS	STATUS, Z
$02FA	$2AFD			GOTO	lcd_L_26
$02FB	$	lcd_L_25:
;lcd.ppas,59 :: 		
$02FB	$0827			MOVF	lcd____mdb4, 0
$02FC	$0480			IORWF	INDF, 1
$02FD	$	lcd_L_26:
$02FD	$	lcd_L_27:
;lcd.ppas,61 :: 		
$02FD	$0820			MOVF	lcd_ctrlport_address, 0
$02FE	$0084			MOVWF	FSR
;lcd.ppas,62 :: 		
$02FF	$0828			MOVF	lcd_lcdcmd_status, 0
$0300	$3A01			XORLW	1
$0301	$1D03			BTFSS	STATUS, Z
$0302	$2B08			GOTO	lcd_L_29
$0303	$	lcd_L_28:
;lcd.ppas,63 :: 		
$0303	$0922			COMF	lcd____mrs, W
$0304	$00F0			MOVWF	STACK_0
$0305	$0870			MOVF	STACK_0, 0
$0306	$0580			ANDWF	INDF, 1
$0307	$2B0A			GOTO	lcd_L_30
;lcd.ppas,64 :: 		
$0308	$	lcd_L_29:
;lcd.ppas,65 :: 		
$0308	$0822			MOVF	lcd____mrs, 0
$0309	$0480			IORWF	INDF, 1
$030A	$	lcd_L_30:
;lcd.ppas,67 :: 		
$030A	$0821			MOVF	lcd____menable, 0
$030B	$0480			IORWF	INDF, 1
;lcd.ppas,68 :: 		
$030C	$2453			CALL	_delay_1us
;lcd.ppas,69 :: 		
$030D	$0921			COMF	lcd____menable, W
$030E	$00F0			MOVWF	STACK_0
$030F	$0870			MOVF	STACK_0, 0
$0310	$0580			ANDWF	INDF, 1
;lcd.ppas,71 :: 		
$0311	$0828			MOVF	lcd_lcdcmd_status, 0
$0312	$3A01			XORLW	1
$0313	$1D03			BTFSS	STATUS, Z
$0314	$2B17			GOTO	lcd_L_32
$0315	$	lcd_L_31:
;lcd.ppas,72 :: 		
$0315	$242A			CALL	_delay_5500us
$0316	$2B18			GOTO	lcd_L_33
;lcd.ppas,73 :: 		
$0317	$	lcd_L_32:
;lcd.ppas,74 :: 		
$0317	$2444			CALL	_delay_50us
$0318	$	lcd_L_33:
$0318	$	lcd_L_0:
;lcd.ppas,75 :: 		
$0318	$0008			RETURN
$043B	$	_lcd_chr_cp:
;lcd.ppas,97 :: 		
;lcd.ppas,98 :: 		
$043B	$1303			BCF	STATUS, RP1
$043C	$1283			BCF	STATUS, RP0
$043D	$01A8			CLRF	lcd_lcdcmd_status, 1
;lcd.ppas,99 :: 		
$043E	$0850			MOVF	FARG_Lcd_Chr_CP, 0
$043F	$00D1			MOVWF	FARG_Lcd_Cmd
$0440	$2272			CALL	_lcd_cmd
;lcd.ppas,100 :: 		
$0441	$3001			MOVLW	1
$0442	$00A8			MOVWF	lcd_lcdcmd_status
$0443	$	lcd_L_48:
;lcd.ppas,101 :: 		
$0443	$0008			RETURN
$044C	$	_delay_22us:
;delays.pbas,17 :: 		sub procedure Delay_22us()
;delays.pbas,18 :: 		Delay_us(22)
$044C	$3007			MOVLW	7
$044D	$1303			BCF	STATUS, RP1
$044E	$1283			BCF	STATUS, RP0
$044F	$00FA			MOVWF	STACK_10
$0450	$0BFA			DECFSZ	STACK_10, F
$0451	$2C50			GOTO	$-1
$0452	$	delays_L_3:
$0452	$0008			RETURN
$0153	$	_lcd_config:
;lcd.ppas,115 :: 		
;lcd.ppas,116 :: 		
$0153	$242A			CALL	_delay_5500us
;lcd.ppas,117 :: 		
$0154	$242A			CALL	_delay_5500us
;lcd.ppas,118 :: 		
$0155	$242A			CALL	_delay_5500us
;lcd.ppas,120 :: 		
$0156	$0848			MOVF	FARG_Lcd_Config+1, 0
$0157	$00F0			MOVWF	STACK_0
$0158	$3001			MOVLW	1
$0159	$00F4			MOVWF	STACK_4
$015A	$0870			MOVF	STACK_0, 0
$015B	$	L_Lcd_Config_0:
$015B	$1903			BTFSC	STATUS, Z
$015C	$2961			GOTO	L_Lcd_Config_1
$015D	$0DF4			RLF	STACK_4, 1
$015E	$1074			BCF	STACK_4, 0
$015F	$3FFF			ADDLW	255
$0160	$295B			GOTO	L_Lcd_Config_0
$0161	$	L_Lcd_Config_1:
$0161	$0874			MOVF	STACK_4, 0
$0162	$00A4			MOVWF	lcd____mdb7
;lcd.ppas,121 :: 		
$0163	$0849			MOVF	FARG_Lcd_Config+2, 0
$0164	$00F0			MOVWF	STACK_0
$0165	$3001			MOVLW	1
$0166	$00F3			MOVWF	STACK_3
$0167	$0870			MOVF	STACK_0, 0
$0168	$	L_Lcd_Config_2:
$0168	$1903			BTFSC	STATUS, Z
$0169	$296E			GOTO	L_Lcd_Config_3
$016A	$0DF3			RLF	STACK_3, 1
$016B	$1073			BCF	STACK_3, 0
$016C	$3FFF			ADDLW	255
$016D	$2968			GOTO	L_Lcd_Config_2
$016E	$	L_Lcd_Config_3:
$016E	$0873			MOVF	STACK_3, 0
$016F	$00A5			MOVWF	lcd____mdb6
;lcd.ppas,122 :: 		
$0170	$084A			MOVF	FARG_Lcd_Config+3, 0
$0171	$00F0			MOVWF	STACK_0
$0172	$3001			MOVLW	1
$0173	$00F2			MOVWF	STACK_2
$0174	$0870			MOVF	STACK_0, 0
$0175	$	L_Lcd_Config_4:
$0175	$1903			BTFSC	STATUS, Z
$0176	$297B			GOTO	L_Lcd_Config_5
$0177	$0DF2			RLF	STACK_2, 1
$0178	$1072			BCF	STACK_2, 0
$0179	$3FFF			ADDLW	255
$017A	$2975			GOTO	L_Lcd_Config_4
$017B	$	L_Lcd_Config_5:
$017B	$0872			MOVF	STACK_2, 0
$017C	$00A6			MOVWF	lcd____mdb5
;lcd.ppas,123 :: 		
$017D	$084B			MOVF	FARG_Lcd_Config+4, 0
$017E	$00F0			MOVWF	STACK_0
$017F	$3001			MOVLW	1
$0180	$00F1			MOVWF	STACK_1
$0181	$0870			MOVF	STACK_0, 0
$0182	$	L_Lcd_Config_6:
$0182	$1903			BTFSC	STATUS, Z
$0183	$2988			GOTO	L_Lcd_Config_7
$0184	$0DF1			RLF	STACK_1, 1
$0185	$1071			BCF	STACK_1, 0
$0186	$3FFF			ADDLW	255
$0187	$2982			GOTO	L_Lcd_Config_6
$0188	$	L_Lcd_Config_7:
$0188	$0871			MOVF	STACK_1, 0
$0189	$00A7			MOVWF	lcd____mdb4
;lcd.ppas,124 :: 		
$018A	$084D			MOVF	FARG_Lcd_Config+6, 0
$018B	$00F0			MOVWF	STACK_0
$018C	$3001			MOVLW	1
$018D	$00A2			MOVWF	lcd____mrs
$018E	$0870			MOVF	STACK_0, 0
$018F	$	L_Lcd_Config_8:
$018F	$1903			BTFSC	STATUS, Z
$0190	$2995			GOTO	L_Lcd_Config_9
$0191	$0DA2			RLF	lcd____mrs, 1
$0192	$1022			BCF	lcd____mrs, 0
$0193	$3FFF			ADDLW	255
$0194	$298F			GOTO	L_Lcd_Config_8
$0195	$	L_Lcd_Config_9:
;lcd.ppas,125 :: 		
$0195	$084E			MOVF	FARG_Lcd_Config+7, 0
$0196	$00F0			MOVWF	STACK_0
$0197	$3001			MOVLW	1
$0198	$00A9			MOVWF	lcd____mrw
$0199	$0870			MOVF	STACK_0, 0
$019A	$	L_Lcd_Config_10:
$019A	$1903			BTFSC	STATUS, Z
$019B	$29A0			GOTO	L_Lcd_Config_11
$019C	$0DA9			RLF	lcd____mrw, 1
$019D	$1029			BCF	lcd____mrw, 0
$019E	$3FFF			ADDLW	255
$019F	$299A			GOTO	L_Lcd_Config_10
$01A0	$	L_Lcd_Config_11:
;lcd.ppas,126 :: 		
$01A0	$084F			MOVF	FARG_Lcd_Config+8, 0
$01A1	$00F0			MOVWF	STACK_0
$01A2	$3001			MOVLW	1
$01A3	$00A1			MOVWF	lcd____menable
$01A4	$0870			MOVF	STACK_0, 0
$01A5	$	L_Lcd_Config_12:
$01A5	$1903			BTFSC	STATUS, Z
$01A6	$29AB			GOTO	L_Lcd_Config_13
$01A7	$0DA1			RLF	lcd____menable, 1
$01A8	$1021			BCF	lcd____menable, 0
$01A9	$3FFF			ADDLW	255
$01AA	$29A5			GOTO	L_Lcd_Config_12
$01AB	$	L_Lcd_Config_13:
;lcd.ppas,128 :: 		
$01AB	$0847			MOVF	FARG_Lcd_Config, 0
$01AC	$00A3			MOVWF	lcd_dataport_address
;lcd.ppas,129 :: 		
$01AD	$084C			MOVF	FARG_Lcd_Config+5, 0
$01AE	$00A0			MOVWF	lcd_ctrlport_address
;lcd.ppas,131 :: 		
$01AF	$0847			MOVF	FARG_Lcd_Config, 0
$01B0	$0084			MOVWF	FSR
;lcd.ppas,133 :: 		
$01B1	$0873			MOVF	STACK_3, 0
$01B2	$0474			IORWF	STACK_4, 0
$01B3	$00F0			MOVWF	STACK_0
$01B4	$0872			MOVF	STACK_2, 0
$01B5	$04F0			IORWF	STACK_0, 1
$01B6	$0871			MOVF	STACK_1, 0
$01B7	$04F0			IORWF	STACK_0, 1
$01B8	$09F0			COMF	STACK_0, F
$01B9	$0870			MOVF	STACK_0, 0
$01BA	$0580			ANDWF	INDF, 1
;lcd.ppas,134 :: 		
$01BB	$	lcd_L_56:
$01BB	$1784			BSF	FSR, 7
$01BC	$	lcd_L_57:
;lcd.ppas,135 :: 		
$01BC	$0825			MOVF	lcd____mdb6, 0
$01BD	$0424			IORWF	lcd____mdb7, 0
$01BE	$00F0			MOVWF	STACK_0
$01BF	$0826			MOVF	lcd____mdb5, 0
$01C0	$04F0			IORWF	STACK_0, 1
$01C1	$0827			MOVF	lcd____mdb4, 0
$01C2	$04F0			IORWF	STACK_0, 1
$01C3	$09F0			COMF	STACK_0, F
$01C4	$0870			MOVF	STACK_0, 0
$01C5	$0580			ANDWF	INDF, 1
;lcd.ppas,136 :: 		
$01C6	$1384			BCF	FSR, 7
$01C7	$	lcd_L_59:
;lcd.ppas,139 :: 		
$01C7	$0820			MOVF	lcd_ctrlport_address, 0
$01C8	$0084			MOVWF	FSR
;lcd.ppas,141 :: 		
$01C9	$0829			MOVF	lcd____mrw, 0
$01CA	$0422			IORWF	lcd____mrs, 0
$01CB	$00F0			MOVWF	STACK_0
$01CC	$0821			MOVF	lcd____menable, 0
$01CD	$04F0			IORWF	STACK_0, 1
$01CE	$09F0			COMF	STACK_0, F
$01CF	$0870			MOVF	STACK_0, 0
$01D0	$0580			ANDWF	INDF, 1
;lcd.ppas,142 :: 		
$01D1	$	lcd_L_60:
$01D1	$1784			BSF	FSR, 7
$01D2	$	lcd_L_61:
;lcd.ppas,143 :: 		
$01D2	$0829			MOVF	lcd____mrw, 0
$01D3	$0422			IORWF	lcd____mrs, 0
$01D4	$00F0			MOVWF	STACK_0
$01D5	$0821			MOVF	lcd____menable, 0
$01D6	$04F0			IORWF	STACK_0, 1
$01D7	$09F0			COMF	STACK_0, F
$01D8	$0870			MOVF	STACK_0, 0
$01D9	$0580			ANDWF	INDF, 1
;lcd.ppas,144 :: 		
$01DA	$1384			BCF	FSR, 7
$01DB	$	lcd_L_63:
;lcd.ppas,148 :: 		
$01DB	$0823			MOVF	lcd_dataport_address, 0
$01DC	$0084			MOVWF	FSR
;lcd.ppas,149 :: 		
$01DD	$0826			MOVF	lcd____mdb5, 0
$01DE	$0400			IORWF	INDF, 0
$01DF	$00F0			MOVWF	STACK_0
$01E0	$0827			MOVF	lcd____mdb4, 0
$01E1	$0470			IORWF	STACK_0, 0
$01E2	$0080			MOVWF	INDF
;lcd.ppas,151 :: 		
$01E3	$0820			MOVF	lcd_ctrlport_address, 0
$01E4	$0084			MOVWF	FSR
;lcd.ppas,152 :: 		
$01E5	$0821			MOVF	lcd____menable, 0
$01E6	$0480			IORWF	INDF, 1
;lcd.ppas,153 :: 		
$01E7	$0921			COMF	lcd____menable, W
$01E8	$00F0			MOVWF	STACK_0
$01E9	$0870			MOVF	STACK_0, 0
$01EA	$0580			ANDWF	INDF, 1
;lcd.ppas,155 :: 		
$01EB	$242A			CALL	_delay_5500us
;lcd.ppas,160 :: 		
$01EC	$0821			MOVF	lcd____menable, 0
$01ED	$0480			IORWF	INDF, 1
;lcd.ppas,161 :: 		
$01EE	$0921			COMF	lcd____menable, W
$01EF	$00F0			MOVWF	STACK_0
$01F0	$0870			MOVF	STACK_0, 0
$01F1	$0580			ANDWF	INDF, 1
;lcd.ppas,163 :: 		
$01F2	$242A			CALL	_delay_5500us
;lcd.ppas,168 :: 		
$01F3	$0821			MOVF	lcd____menable, 0
$01F4	$0480			IORWF	INDF, 1
;lcd.ppas,169 :: 		
$01F5	$0921			COMF	lcd____menable, W
$01F6	$00F0			MOVWF	STACK_0
$01F7	$0870			MOVF	STACK_0, 0
$01F8	$0580			ANDWF	INDF, 1
;lcd.ppas,171 :: 		
$01F9	$242A			CALL	_delay_5500us
;lcd.ppas,174 :: 		
$01FA	$0823			MOVF	lcd_dataport_address, 0
$01FB	$0084			MOVWF	FSR
;lcd.ppas,175 :: 		
$01FC	$0826			MOVF	lcd____mdb5, 0
$01FD	$0480			IORWF	INDF, 1
;lcd.ppas,176 :: 		
$01FE	$0927			COMF	lcd____mdb4, W
$01FF	$00F0			MOVWF	STACK_0
$0200	$0870			MOVF	STACK_0, 0
$0201	$0580			ANDWF	INDF, 1
;lcd.ppas,178 :: 		
$0202	$0820			MOVF	lcd_ctrlport_address, 0
$0203	$0084			MOVWF	FSR
;lcd.ppas,179 :: 		
$0204	$0821			MOVF	lcd____menable, 0
$0205	$0480			IORWF	INDF, 1
;lcd.ppas,180 :: 		
$0206	$0921			COMF	lcd____menable, W
$0207	$00F0			MOVWF	STACK_0
$0208	$0870			MOVF	STACK_0, 0
$0209	$0580			ANDWF	INDF, 1
;lcd.ppas,182 :: 		
$020A	$242A			CALL	_delay_5500us
;lcd.ppas,187 :: 		
$020B	$0821			MOVF	lcd____menable, 0
$020C	$0480			IORWF	INDF, 1
;lcd.ppas,188 :: 		
$020D	$0921			COMF	lcd____menable, W
$020E	$00F1			MOVWF	STACK_1
$020F	$0871			MOVF	STACK_1, 0
$0210	$0580			ANDWF	INDF, 1
;lcd.ppas,190 :: 		
$0211	$0823			MOVF	lcd_dataport_address, 0
$0212	$0084			MOVWF	FSR
;lcd.ppas,191 :: 		
$0213	$0926			COMF	lcd____mdb5, W
$0214	$00F0			MOVWF	STACK_0
$0215	$0870			MOVF	STACK_0, 0
$0216	$0580			ANDWF	INDF, 1
;lcd.ppas,192 :: 		
$0217	$0824			MOVF	lcd____mdb7, 0
$0218	$0480			IORWF	INDF, 1
;lcd.ppas,194 :: 		
$0219	$0820			MOVF	lcd_ctrlport_address, 0
$021A	$0084			MOVWF	FSR
;lcd.ppas,195 :: 		
$021B	$0821			MOVF	lcd____menable, 0
$021C	$0480			IORWF	INDF, 1
;lcd.ppas,196 :: 		
$021D	$0871			MOVF	STACK_1, 0
$021E	$0580			ANDWF	INDF, 1
;lcd.ppas,198 :: 		
$021F	$242A			CALL	_delay_5500us
;lcd.ppas,201 :: 		
$0220	$0823			MOVF	lcd_dataport_address, 0
$0221	$0084			MOVWF	FSR
;lcd.ppas,202 :: 		
$0222	$0924			COMF	lcd____mdb7, W
$0223	$00F0			MOVWF	STACK_0
$0224	$0870			MOVF	STACK_0, 0
$0225	$0580			ANDWF	INDF, 1
;lcd.ppas,203 :: 		
$0226	$0827			MOVF	lcd____mdb4, 0
$0227	$0480			IORWF	INDF, 1
;lcd.ppas,204 :: 		
$0228	$0820			MOVF	lcd_ctrlport_address, 0
$0229	$0084			MOVWF	FSR
;lcd.ppas,205 :: 		
$022A	$0821			MOVF	lcd____menable, 0
$022B	$0480			IORWF	INDF, 1
;lcd.ppas,206 :: 		
$022C	$0921			COMF	lcd____menable, W
$022D	$00F1			MOVWF	STACK_1
$022E	$0871			MOVF	STACK_1, 0
$022F	$0580			ANDWF	INDF, 1
;lcd.ppas,207 :: 		
$0230	$0823			MOVF	lcd_dataport_address, 0
$0231	$0084			MOVWF	FSR
;lcd.ppas,208 :: 		
$0232	$0927			COMF	lcd____mdb4, W
$0233	$00F0			MOVWF	STACK_0
$0234	$0870			MOVF	STACK_0, 0
$0235	$0580			ANDWF	INDF, 1
;lcd.ppas,209 :: 		
$0236	$0820			MOVF	lcd_ctrlport_address, 0
$0237	$0084			MOVWF	FSR
;lcd.ppas,210 :: 		
$0238	$0821			MOVF	lcd____menable, 0
$0239	$0480			IORWF	INDF, 1
;lcd.ppas,211 :: 		
$023A	$0871			MOVF	STACK_1, 0
$023B	$0580			ANDWF	INDF, 1
;lcd.ppas,213 :: 		
$023C	$242A			CALL	_delay_5500us
;lcd.ppas,218 :: 		
$023D	$0821			MOVF	lcd____menable, 0
$023E	$0480			IORWF	INDF, 1
;lcd.ppas,219 :: 		
$023F	$0921			COMF	lcd____menable, W
$0240	$00F0			MOVWF	STACK_0
$0241	$0870			MOVF	STACK_0, 0
$0242	$0580			ANDWF	INDF, 1
;lcd.ppas,220 :: 		
$0243	$0823			MOVF	lcd_dataport_address, 0
$0244	$0084			MOVWF	FSR
;lcd.ppas,221 :: 		
$0245	$0827			MOVF	lcd____mdb4, 0
$0246	$0480			IORWF	INDF, 1
;lcd.ppas,222 :: 		
$0247	$0820			MOVF	lcd_ctrlport_address, 0
$0248	$0084			MOVWF	FSR
;lcd.ppas,223 :: 		
$0249	$0821			MOVF	lcd____menable, 0
$024A	$0480			IORWF	INDF, 1
;lcd.ppas,224 :: 		
$024B	$0870			MOVF	STACK_0, 0
$024C	$0580			ANDWF	INDF, 1
;lcd.ppas,226 :: 		
$024D	$242A			CALL	_delay_5500us
;lcd.ppas,229 :: 		
$024E	$0823			MOVF	lcd_dataport_address, 0
$024F	$0084			MOVWF	FSR
;lcd.ppas,230 :: 		
$0250	$0927			COMF	lcd____mdb4, W
$0251	$00F0			MOVWF	STACK_0
$0252	$0870			MOVF	STACK_0, 0
$0253	$0580			ANDWF	INDF, 1
;lcd.ppas,231 :: 		
$0254	$0820			MOVF	lcd_ctrlport_address, 0
$0255	$0084			MOVWF	FSR
;lcd.ppas,232 :: 		
$0256	$0821			MOVF	lcd____menable, 0
$0257	$0480			IORWF	INDF, 1
;lcd.ppas,233 :: 		
$0258	$0921			COMF	lcd____menable, W
$0259	$00F1			MOVWF	STACK_1
$025A	$0871			MOVF	STACK_1, 0
$025B	$0580			ANDWF	INDF, 1
;lcd.ppas,234 :: 		
$025C	$0823			MOVF	lcd_dataport_address, 0
$025D	$0084			MOVWF	FSR
;lcd.ppas,235 :: 		
$025E	$0827			MOVF	lcd____mdb4, 0
$025F	$0400			IORWF	INDF, 0
$0260	$00F0			MOVWF	STACK_0
$0261	$0826			MOVF	lcd____mdb5, 0
$0262	$04F0			IORWF	STACK_0, 1
$0263	$0825			MOVF	lcd____mdb6, 0
$0264	$04F0			IORWF	STACK_0, 1
$0265	$0824			MOVF	lcd____mdb7, 0
$0266	$0470			IORWF	STACK_0, 0
$0267	$0080			MOVWF	INDF
;lcd.ppas,236 :: 		
$0268	$0820			MOVF	lcd_ctrlport_address, 0
$0269	$0084			MOVWF	FSR
;lcd.ppas,237 :: 		
$026A	$0821			MOVF	lcd____menable, 0
$026B	$0480			IORWF	INDF, 1
;lcd.ppas,238 :: 		
$026C	$0871			MOVF	STACK_1, 0
$026D	$0580			ANDWF	INDF, 1
;lcd.ppas,240 :: 		
$026E	$242A			CALL	_delay_5500us
;lcd.ppas,242 :: 		
$026F	$3001			MOVLW	1
$0270	$00A8			MOVWF	lcd_lcdcmd_status
$0271	$	lcd_L_55:
;lcd.ppas,243 :: 		
$0271	$0008			RETURN
$0319	$	_lcd_out:
;lcd.ppas,252 :: 		
;lcd.ppas,254 :: 		
$0319	$	lcd_L_68:
$0319	$1303			BCF	STATUS, RP1
$031A	$1283			BCF	STATUS, RP0
$031B	$0847			MOVF	FARG_Lcd_Out, 0
$031C	$3A01			XORLW	1
$031D	$1D03			BTFSS	STATUS, Z
$031E	$2B22			GOTO	lcd_L_69
$031F	$	lcd_L_67:
$031F	$3080			MOVLW	128
$0320	$00C7			MOVWF	FARG_Lcd_Out
$0321	$2B39			GOTO	lcd_L_66
$0322	$	lcd_L_69:
;lcd.ppas,255 :: 		
$0322	$	lcd_L_71:
$0322	$0847			MOVF	FARG_Lcd_Out, 0
$0323	$3A02			XORLW	2
$0324	$1D03			BTFSS	STATUS, Z
$0325	$2B29			GOTO	lcd_L_72
$0326	$	lcd_L_70:
$0326	$30C0			MOVLW	192
$0327	$00C7			MOVWF	FARG_Lcd_Out
$0328	$2B39			GOTO	lcd_L_66
$0329	$	lcd_L_72:
;lcd.ppas,256 :: 		
$0329	$	lcd_L_74:
$0329	$0847			MOVF	FARG_Lcd_Out, 0
$032A	$3A03			XORLW	3
$032B	$1D03			BTFSS	STATUS, Z
$032C	$2B30			GOTO	lcd_L_75
$032D	$	lcd_L_73:
$032D	$3094			MOVLW	148
$032E	$00C7			MOVWF	FARG_Lcd_Out
$032F	$2B39			GOTO	lcd_L_66
$0330	$	lcd_L_75:
;lcd.ppas,257 :: 		
$0330	$	lcd_L_77:
$0330	$0847			MOVF	FARG_Lcd_Out, 0
$0331	$3A04			XORLW	4
$0332	$1D03			BTFSS	STATUS, Z
$0333	$2B37			GOTO	lcd_L_78
$0334	$	lcd_L_76:
$0334	$30D4			MOVLW	212
$0335	$00C7			MOVWF	FARG_Lcd_Out
;lcd.ppas,258 :: 		
$0336	$2B39			GOTO	lcd_L_66
$0337	$	lcd_L_78:
$0337	$3080			MOVLW	128
$0338	$00C7			MOVWF	FARG_Lcd_Out
$0339	$	lcd_L_66:
;lcd.ppas,260 :: 		
$0339	$0348			DECF	FARG_Lcd_Out+1, 0
$033A	$00F0			MOVWF	STACK_0
$033B	$0847			MOVF	FARG_Lcd_Out, 0
$033C	$07F0			ADDWF	STACK_0, 1
$033D	$0870			MOVF	STACK_0, 0
$033E	$00C7			MOVWF	FARG_Lcd_Out
;lcd.ppas,261 :: 		
$033F	$0870			MOVF	STACK_0, 0
$0340	$00D1			MOVWF	FARG_Lcd_Cmd
$0341	$2272			CALL	_lcd_cmd
;lcd.ppas,262 :: 		
$0342	$01A8			CLRF	lcd_lcdcmd_status, 1
;lcd.ppas,263 :: 		
$0343	$01CA			CLRF	_lcd_out_local_i, 1
;lcd.ppas,264 :: 		
$0344	$	lcd_L_80:
$0344	$084A			MOVF	_lcd_out_local_i, 0
$0345	$0749			ADDWF	FARG_Lcd_Out+2, 0
$0346	$0084			MOVWF	FSR
$0347	$0800			MOVF	INDF, 0
$0348	$00F2			MOVWF	STACK_2
$0349	$0872			MOVF	STACK_2, 0
$034A	$3A00			XORLW	0
$034B	$1903			BTFSC	STATUS, Z
$034C	$2B55			GOTO	lcd_L_81
;lcd.ppas,266 :: 		
$034D	$084A			MOVF	_lcd_out_local_i, 0
$034E	$0749			ADDWF	FARG_Lcd_Out+2, 0
$034F	$0084			MOVWF	FSR
$0350	$0800			MOVF	INDF, 0
$0351	$00D0			MOVWF	FARG_Lcd_Chr_CP
$0352	$243B			CALL	_lcd_chr_cp
;lcd.ppas,267 :: 		
$0353	$0ACA			INCF	_lcd_out_local_i, 1
;lcd.ppas,268 :: 		
$0354	$2B44			GOTO	lcd_L_80
$0355	$	lcd_L_81:
;lcd.ppas,269 :: 		
$0355	$3001			MOVLW	1
$0356	$00A8			MOVWF	lcd_lcdcmd_status
$0357	$	lcd_L_65:
;lcd.ppas,270 :: 		
$0357	$0008			RETURN
$038A	$	_adc_read:
;ADClib_88X.ppas,9 :: 		
;ADClib_88X.ppas,10 :: 		
$038A	$30C0			MOVLW	192
$038B	$1303			BCF	STATUS, RP1
$038C	$1283			BCF	STATUS, RP0
$038D	$009F			MOVWF	ADCON0
;ADClib_88X.ppas,11 :: 		
$038E	$0847			MOVF	FARG_Adc_Read, 0
$038F	$00F0			MOVWF	STACK_0
$0390	$0DF0			RLF	STACK_0, 1
$0391	$1070			BCF	STACK_0, 0
$0392	$0DF0			RLF	STACK_0, 1
$0393	$1070			BCF	STACK_0, 0
$0394	$0870			MOVF	STACK_0, 0
$0395	$049F			IORWF	ADCON0, 1
;ADClib_88X.ppas,12 :: 		
$0396	$	ADClib_88X_L_1:
$0396	$1683			BSF	STATUS, RP0
$0397	$179F			BSF	ADCON1, 7
$0398	$	ADClib_88X_L_2:
;ADClib_88X.ppas,15 :: 		
$0398	$	ADClib_88X_L_3:
$0398	$1283			BCF	STATUS, RP0
$0399	$141F			BSF	ADCON0, 0
$039A	$	ADClib_88X_L_4:
;ADClib_88X.ppas,18 :: 		
$039A	$244C			CALL	_delay_22us
;ADClib_88X.ppas,21 :: 		
$039B	$	ADClib_88X_L_5:
$039B	$149F			BSF	ADCON0, 1
$039C	$	ADClib_88X_L_6:
;ADClib_88X.ppas,24 :: 		
$039C	$	ADClib_88X_L_8:
$039C	$081F			MOVF	ADCON0, 0
$039D	$00F2			MOVWF	STACK_2
$039E	$3000			MOVLW	0
$039F	$18F2			BTFSC	STACK_2, 1
$03A0	$3001			MOVLW	1
$03A1	$00F2			MOVWF	STACK_2
$03A2	$0872			MOVF	STACK_2, 0
$03A3	$3A00			XORLW	0
$03A4	$1D03			BTFSS	STATUS, Z
$03A5	$2B9C			GOTO	ADClib_88X_L_8
;ADClib_88X.ppas,26 :: 		
$03A6	$	ADClib_88X_L_9:
;ADClib_88X.ppas,29 :: 		
$03A6	$101F			BCF	ADCON0, 0
$03A7	$	ADClib_88X_L_13:
;ADClib_88X.ppas,32 :: 		
$03A7	$081E			MOVF	ADRESH, 0
$03A8	$00F2			MOVWF	STACK_2
$03A9	$01F3			CLRF	STACK_2+1
$03AA	$0872			MOVF	STACK_2, 0
$03AB	$00F3			MOVWF	STACK_2+1
$03AC	$01F2			CLRF	STACK_2
$03AD	$1683			BSF	STATUS, RP0
$03AE	$081E			MOVF	ADRESL, 0
$03AF	$0472			IORWF	STACK_2, 0
$03B0	$1283			BCF	STATUS, RP0
$03B1	$00C8			MOVWF	_adc_read_local_result
$03B2	$0873			MOVF	STACK_2+1, 0
$03B3	$00C9			MOVWF	_adc_read_local_result+1
$03B4	$3000			MOVLW	0
$03B5	$04C9			IORWF	_adc_read_local_result+1, 1
$03B6	$	ADClib_88X_L_0:
;ADClib_88X.ppas,33 :: 		
$03B6	$0848			MOVF	_adc_read_local_result, 0
$03B7	$00F0			MOVWF	STACK_0
$03B8	$0849			MOVF	_adc_read_local_result+1, 0
$03B9	$00F1			MOVWF	STACK_0+1
$03BA	$0008			RETURN
$0358	$	_lcd_chr:
;lcd.ppas,78 :: 		
;lcd.ppas,80 :: 		
$0358	$	lcd_L_37:
$0358	$1303			BCF	STATUS, RP1
$0359	$1283			BCF	STATUS, RP0
$035A	$0847			MOVF	FARG_Lcd_Chr, 0
$035B	$3A01			XORLW	1
$035C	$1D03			BTFSS	STATUS, Z
$035D	$2B61			GOTO	lcd_L_38
$035E	$	lcd_L_36:
$035E	$3080			MOVLW	128
$035F	$00C7			MOVWF	FARG_Lcd_Chr
$0360	$2B78			GOTO	lcd_L_35
$0361	$	lcd_L_38:
;lcd.ppas,81 :: 		
$0361	$	lcd_L_40:
$0361	$0847			MOVF	FARG_Lcd_Chr, 0
$0362	$3A02			XORLW	2
$0363	$1D03			BTFSS	STATUS, Z
$0364	$2B68			GOTO	lcd_L_41
$0365	$	lcd_L_39:
$0365	$30C0			MOVLW	192
$0366	$00C7			MOVWF	FARG_Lcd_Chr
$0367	$2B78			GOTO	lcd_L_35
$0368	$	lcd_L_41:
;lcd.ppas,82 :: 		
$0368	$	lcd_L_43:
$0368	$0847			MOVF	FARG_Lcd_Chr, 0
$0369	$3A03			XORLW	3
$036A	$1D03			BTFSS	STATUS, Z
$036B	$2B6F			GOTO	lcd_L_44
$036C	$	lcd_L_42:
$036C	$3094			MOVLW	148
$036D	$00C7			MOVWF	FARG_Lcd_Chr
$036E	$2B78			GOTO	lcd_L_35
$036F	$	lcd_L_44:
;lcd.ppas,83 :: 		
$036F	$	lcd_L_46:
$036F	$0847			MOVF	FARG_Lcd_Chr, 0
$0370	$3A04			XORLW	4
$0371	$1D03			BTFSS	STATUS, Z
$0372	$2B76			GOTO	lcd_L_47
$0373	$	lcd_L_45:
$0373	$30D4			MOVLW	212
$0374	$00C7			MOVWF	FARG_Lcd_Chr
;lcd.ppas,84 :: 		
$0375	$2B78			GOTO	lcd_L_35
$0376	$	lcd_L_47:
$0376	$3080			MOVLW	128
$0377	$00C7			MOVWF	FARG_Lcd_Chr
$0378	$	lcd_L_35:
;lcd.ppas,86 :: 		
$0378	$0848			MOVF	FARG_Lcd_Chr+1, 0
$0379	$0747			ADDWF	FARG_Lcd_Chr, 0
$037A	$00F0			MOVWF	STACK_0
$037B	$03F0			DECF	STACK_0, 1
$037C	$0870			MOVF	STACK_0, 0
$037D	$00C7			MOVWF	FARG_Lcd_Chr
;lcd.ppas,88 :: 		
$037E	$3001			MOVLW	1
$037F	$00A8			MOVWF	lcd_lcdcmd_status
;lcd.ppas,89 :: 		
$0380	$0870			MOVF	STACK_0, 0
$0381	$00D1			MOVWF	FARG_Lcd_Cmd
$0382	$2272			CALL	_lcd_cmd
;lcd.ppas,91 :: 		
$0383	$01A8			CLRF	lcd_lcdcmd_status, 1
;lcd.ppas,92 :: 		
$0384	$0849			MOVF	FARG_Lcd_Chr+2, 0
$0385	$00D1			MOVWF	FARG_Lcd_Cmd
$0386	$2272			CALL	_lcd_cmd
;lcd.ppas,93 :: 		
$0387	$3001			MOVLW	1
$0388	$00A8			MOVWF	lcd_lcdcmd_status
$0389	$	lcd_L_34:
;lcd.ppas,94 :: 		
$0389	$0008			RETURN
$0418	$	_usart_write:
;USART_c67.ppas,40 :: 		
;USART_c67.ppas,42 :: 		
$0418	$	USART_c67_L_14:
$0418	$1303			BCF	STATUS, RP1
$0419	$1683			BSF	STATUS, RP0
$041A	$0818			MOVF	TXSTA, 0
$041B	$00F1			MOVWF	STACK_1
$041C	$3000			MOVLW	0
$041D	$18F1			BTFSC	STACK_1, 1
$041E	$3001			MOVLW	1
$041F	$00F1			MOVWF	STACK_1
$0420	$0871			MOVF	STACK_1, 0
$0421	$3A00			XORLW	0
$0422	$1D03			BTFSS	STATUS, Z
$0423	$2C26			GOTO	USART_c67_L_15
;USART_c67.ppas,43 :: 		
$0424	$0000			NOP
$0425	$2C18			GOTO	USART_c67_L_14
$0426	$	USART_c67_L_15:
;USART_c67.ppas,44 :: 		
$0426	$1283			BCF	STATUS, RP0
$0427	$0847			MOVF	FARG_USART_Write, 0
$0428	$0099			MOVWF	TXREG
$0429	$	USART_c67_L_12:
;USART_c67.ppas,45 :: 		
$0429	$0008			RETURN
$0403	$	_usart_init:
;USART_c67.ppas,22 :: 		
;USART_c67.ppas,24 :: 		
$0403	$	USART_c67_L_1:
$0403	$1303			BCF	STATUS, RP1
$0404	$1683			BSF	STATUS, RP0
$0405	$1698			BSF	TXSTA, 5
$0406	$	USART_c67_L_2:
;USART_c67.ppas,25 :: 		
$0406	$3090			MOVLW	144
$0407	$1283			BCF	STATUS, RP0
$0408	$0098			MOVWF	RCSTA
;USART_c67.ppas,31 :: 		
$0409	$	USART_c67_L_3:
$0409	$1683			BSF	STATUS, RP0
$040A	$1787			BSF	TRISC, 7
$040B	$	USART_c67_L_4:
;USART_c67.ppas,32 :: 		
$040B	$1307			BCF	TRISC, 6
$040C	$	USART_c67_L_6:
;USART_c67.ppas,35 :: 		
$040C	$	USART_c67_L_8:
$040C	$1283			BCF	STATUS, RP0
$040D	$080C			MOVF	PIR1, 0
$040E	$00F1			MOVWF	STACK_1
$040F	$3000			MOVLW	0
$0410	$1AF1			BTFSC	STACK_1, 5
$0411	$3001			MOVLW	1
$0412	$00F1			MOVWF	STACK_1
$0413	$0871			MOVF	STACK_1, 0
$0414	$3A01			XORLW	1
$0415	$1903			BTFSC	STATUS, Z
$0416	$2C0C			GOTO	USART_c67_L_8
;USART_c67.ppas,36 :: 		
$0417	$	USART_c67_L_9:
$0417	$	USART_c67_L_0:
;USART_c67.ppas,37 :: 		
$0417	$0008			RETURN
$03BB	$	_mul_16x16_u:
$03BB	$1303			BCF	STATUS, RP1
$03BC	$1283			BCF	STATUS, RP0
;math.ppas,42 :: 		
;math.ppas,44 :: 		
$03BD	$01FB			CLRF	STACK_11
;math.ppas,45 :: 		
$03BE	$01FA			CLRF	STACK_10
;math.ppas,46 :: 		
$03BF	$01F9			CLRF	STACK_9
;math.ppas,47 :: 		
$03C0	$3080			MOVLW	128
;math.ppas,48 :: 		
$03C1	$00F8			MOVWF	STACK_8
;math.ppas,49 :: 		
$03C2	$0CF1			RRF	STACK_1, F
;math.ppas,50 :: 		
$03C3	$0CF0			RRF	STACK_0, F
;math.ppas,51 :: 		
$03C4	$1C03			BTFSS	STATUS, C
;math.ppas,52 :: 		
$03C5	$2BCF			GOTO	$+10
;math.ppas,53 :: 		
$03C6	$0874			MOVF	STACK_4, W
;math.ppas,54 :: 		
$03C7	$07F9			ADDWF	STACK_9, F
;math.ppas,55 :: 		
$03C8	$0875			MOVF	STACK_5, W
;math.ppas,56 :: 		
$03C9	$1803			BTFSC	STATUS, C
;math.ppas,57 :: 		
$03CA	$0F75			INCFSZ	STACK_5, W
;math.ppas,58 :: 		
$03CB	$07FA			ADDWF	STACK_10, F
;math.ppas,59 :: 		
$03CC	$1803			BTFSC	STATUS, C
;math.ppas,60 :: 		
$03CD	$0AFB			INCF	STACK_11, F
;math.ppas,61 :: 		
$03CE	$1003			BCF	STATUS, C
;math.ppas,62 :: 		
$03CF	$1FF0			BTFSS	STACK_0, 7
;math.ppas,63 :: 		
$03D0	$2BD7			GOTO	$+7
;math.ppas,64 :: 		
$03D1	$0874			MOVF	STACK_4, W
;math.ppas,65 :: 		
$03D2	$07FA			ADDWF	STACK_10, F
;math.ppas,66 :: 		
$03D3	$0875			MOVF	STACK_5, W
;math.ppas,67 :: 		
$03D4	$1803			BTFSC	STATUS, C
;math.ppas,68 :: 		
$03D5	$0F75			INCFSZ	STACK_5, W
;math.ppas,69 :: 		
$03D6	$07FB			ADDWF	STACK_11, F
;math.ppas,70 :: 		
$03D7	$0CFB			RRF	STACK_11, F
;math.ppas,71 :: 		
$03D8	$0CFA			RRF	STACK_10, F
;math.ppas,72 :: 		
$03D9	$0CF9			RRF	STACK_9, F
;math.ppas,73 :: 		
$03DA	$0CF8			RRF	STACK_8, F
;math.ppas,74 :: 		
$03DB	$1C03			BTFSS	STATUS, C
;math.ppas,75 :: 		
$03DC	$2BC2			GOTO	$-26
;math.ppas,76 :: 		
$03DD	$087B			MOVF	STACK_11, W
;math.ppas,77 :: 		
$03DE	$00F3			MOVWF	STACK_3
;math.ppas,78 :: 		
$03DF	$087A			MOVF	STACK_10, W
;math.ppas,79 :: 		
$03E0	$00F2			MOVWF	STACK_2
;math.ppas,80 :: 		
$03E1	$0879			MOVF	STACK_9, W
;math.ppas,81 :: 		
$03E2	$00F1			MOVWF	STACK_1
;math.ppas,82 :: 		
$03E3	$0878			MOVF	STACK_8, W
;math.ppas,83 :: 		
$03E4	$00F0			MOVWF	STACK_0
;math.ppas,84 :: 		
$03E5	$	math_L_1:
;math.ppas,85 :: 		
$03E5	$0008			RETURN
$03E6	$	_div_16x16_u:
$03E6	$1303			BCF	STATUS, RP1
$03E7	$1283			BCF	STATUS, RP0
;math.ppas,108 :: 		
;math.ppas,110 :: 		
$03E8	$01F8			CLRF	STACK_8
;math.ppas,111 :: 		
$03E9	$01F9			CLRF	STACK_9
;math.ppas,112 :: 		
$03EA	$3010			MOVLW	16
;math.ppas,113 :: 		
$03EB	$00FC			MOVWF	STACK_12
;math.ppas,114 :: 		
$03EC	$0D71			RLF	STACK_1, W
;math.ppas,115 :: 		
$03ED	$0DF8			RLF	STACK_8, F
;math.ppas,116 :: 		
$03EE	$0DF9			RLF	STACK_9, F
;math.ppas,117 :: 		
$03EF	$0874			MOVF	STACK_4, W
;math.ppas,118 :: 		
$03F0	$02F8			SUBWF	STACK_8, F
;math.ppas,119 :: 		
$03F1	$0875			MOVF	STACK_5, W
;math.ppas,120 :: 		
$03F2	$1C03			BTFSS	STATUS, C
;math.ppas,121 :: 		
$03F3	$0F75			INCFSZ	STACK_5, W
;math.ppas,122 :: 		
$03F4	$02F9			SUBWF	STACK_9, F
;math.ppas,123 :: 		
$03F5	$1803			BTFSC	STATUS, C
;math.ppas,124 :: 		
$03F6	$2BFE			GOTO	$+8
;math.ppas,125 :: 		
$03F7	$0874			MOVF	STACK_4, W
;math.ppas,126 :: 		
$03F8	$07F8			ADDWF	STACK_8, F
;math.ppas,127 :: 		
$03F9	$0875			MOVF	STACK_5, W
;math.ppas,128 :: 		
$03FA	$1803			BTFSC	STATUS, C
;math.ppas,129 :: 		
$03FB	$0F75			INCFSZ	STACK_5, W
;math.ppas,130 :: 		
$03FC	$07F9			ADDWF	STACK_9, F
;math.ppas,131 :: 		
$03FD	$1003			BCF	STATUS, C
;math.ppas,132 :: 		
$03FE	$0DF0			RLF	STACK_0, F
;math.ppas,133 :: 		
$03FF	$0DF1			RLF	STACK_1, F
;math.ppas,134 :: 		
$0400	$0BFC			DECFSZ	STACK_12, F
;math.ppas,135 :: 		
$0401	$2BEC			GOTO	$-21
;math.ppas,136 :: 		
$0402	$	math_L_3:
;math.ppas,137 :: 		
$0402	$0008			RETURN
$0004	$	_main:
;Codigo_Control_Temperatura.pbas,8 :: 		main:
$0004	$	_main_main:
;Codigo_Control_Temperatura.pbas,9 :: 		OPTION_REG=%10000000 ' Configuracion de Puertos analogicos / digitales AN0 - AN13
$0004	$3080			MOVLW	128
$0005	$1303			BCF	STATUS, RP1
$0006	$1683			BSF	STATUS, RP0
$0007	$0081			MOVWF	OPTION_REG
;Codigo_Control_Temperatura.pbas,10 :: 		ANSEL =  %00000000           'REGISTRO CONFIG. O DIGITAL, 1 ANALOGICO
$0008	$1703			BSF	STATUS, RP1
$0009	$0188			CLRF	ANSEL, 1
;Codigo_Control_Temperatura.pbas,11 :: 		ANSELH = %00000010           'REGISTRO CONFIG. O DIGITAL, 1 ANALOGICO
$000A	$3002			MOVLW	2
$000B	$0089			MOVWF	ANSELH
;Codigo_Control_Temperatura.pbas,14 :: 		trisa  = %00000000           ' Configuracion IN/OUT PORTA
$000C	$1303			BCF	STATUS, RP1
$000D	$0185			CLRF	TRISA, 1
;Codigo_Control_Temperatura.pbas,15 :: 		trisb  = %00001000           ' Configuracion IN/OUT PORTB
$000E	$3008			MOVLW	8
$000F	$0086			MOVWF	TRISB
;Codigo_Control_Temperatura.pbas,16 :: 		trisc  = %10000000           ' Configuracion IN/OUT PORTC
$0010	$3080			MOVLW	128
$0011	$0087			MOVWF	TRISC
;Codigo_Control_Temperatura.pbas,18 :: 		USART_Init(9600)
$0012	$3019			MOVLW	25
$0013	$0099			MOVWF	SPBRG
$0014	$1518			BSF	TXSTA, BRGH
$0015	$2403			CALL	_usart_init
;Codigo_Control_Temperatura.pbas,21 :: 		PORTA  = %00000000           ' Inicializacion PORTA
$0016	$0185			CLRF	PORTA, 1
;Codigo_Control_Temperatura.pbas,22 :: 		PORTB  = %00000000           ' Inicializacion PORTC
$0017	$0186			CLRF	PORTB, 1
;Codigo_Control_Temperatura.pbas,23 :: 		PORTC  = %00000000           ' Inicializacion PORTC
$0018	$0187			CLRF	PORTC, 1
;Codigo_Control_Temperatura.pbas,27 :: 		Lcd_Config(PORTA,6,5,4,3,PORTA,0,1,2) 'Lcd_Config(ddata_portd,db3, db2, db1,
$0019	$3005			MOVLW	PORTA
$001A	$00C7			MOVWF	FARG_Lcd_Config
$001B	$3006			MOVLW	6
$001C	$00C8			MOVWF	FARG_Lcd_Config+1
$001D	$3005			MOVLW	5
$001E	$00C9			MOVWF	FARG_Lcd_Config+2
$001F	$3004			MOVLW	4
$0020	$00CA			MOVWF	FARG_Lcd_Config+3
$0021	$3003			MOVLW	3
$0022	$00CB			MOVWF	FARG_Lcd_Config+4
$0023	$3005			MOVLW	PORTA
$0024	$00CC			MOVWF	FARG_Lcd_Config+5
$0025	$01CD			CLRF	FARG_Lcd_Config+6, 1
$0026	$3001			MOVLW	1
$0027	$00CE			MOVWF	FARG_Lcd_Config+7
$0028	$3002			MOVLW	2
$0029	$00CF			MOVWF	FARG_Lcd_Config+8
$002A	$2153			CALL	_lcd_config
;Codigo_Control_Temperatura.pbas,29 :: 		Lcd_Cmd(Lcd_CURSOR_OFF)               'Lcd_Cmd(commando)
$002B	$300C			MOVLW	12
$002C	$00D1			MOVWF	FARG_Lcd_Cmd
$002D	$2272			CALL	_lcd_cmd
;Codigo_Control_Temperatura.pbas,30 :: 		LCD_Cmd(LCD_CLEAR)
$002E	$3001			MOVLW	1
$002F	$00D1			MOVWF	FARG_Lcd_Cmd
$0030	$2272			CALL	_lcd_cmd
;Codigo_Control_Temperatura.pbas,33 :: 		Lcd_Out(1, 1,"Medidor Temperatura")
$0031	$3001			MOVLW	1
$0032	$00C7			MOVWF	FARG_Lcd_Out
$0033	$3001			MOVLW	1
$0034	$00C8			MOVWF	FARG_Lcd_Out+1
$0035	$304D			MOVLW	77
$0036	$00B1			MOVWF	?main_Local_Text+0
$0037	$3065			MOVLW	101
$0038	$00B2			MOVWF	?main_Local_Text+1
$0039	$3064			MOVLW	100
$003A	$00B3			MOVWF	?main_Local_Text+2
$003B	$3069			MOVLW	105
$003C	$00B4			MOVWF	?main_Local_Text+3
$003D	$3064			MOVLW	100
$003E	$00B5			MOVWF	?main_Local_Text+4
$003F	$306F			MOVLW	111
$0040	$00B6			MOVWF	?main_Local_Text+5
$0041	$3072			MOVLW	114
$0042	$00B7			MOVWF	?main_Local_Text+6
$0043	$3020			MOVLW	32
$0044	$00B8			MOVWF	?main_Local_Text+7
$0045	$3054			MOVLW	84
$0046	$00B9			MOVWF	?main_Local_Text+8
$0047	$3065			MOVLW	101
$0048	$00BA			MOVWF	?main_Local_Text+9
$0049	$306D			MOVLW	109
$004A	$00BB			MOVWF	?main_Local_Text+10
$004B	$3070			MOVLW	112
$004C	$00BC			MOVWF	?main_Local_Text+11
$004D	$3065			MOVLW	101
$004E	$00BD			MOVWF	?main_Local_Text+12
$004F	$3072			MOVLW	114
$0050	$00BE			MOVWF	?main_Local_Text+13
$0051	$3061			MOVLW	97
$0052	$00BF			MOVWF	?main_Local_Text+14
$0053	$3074			MOVLW	116
$0054	$00C0			MOVWF	?main_Local_Text+15
$0055	$3075			MOVLW	117
$0056	$00C1			MOVWF	?main_Local_Text+16
$0057	$3072			MOVLW	114
$0058	$00C2			MOVWF	?main_Local_Text+17
$0059	$3061			MOVLW	97
$005A	$00C3			MOVWF	?main_Local_Text+18
$005B	$01C4			CLRF	?main_Local_Text+19
$005C	$3031			MOVLW	?main_Local_Text
$005D	$00C9			MOVWF	FARG_Lcd_Out+2
$005E	$2319			CALL	_lcd_out
;Codigo_Control_Temperatura.pbas,35 :: 		while true
$005F	$	Codigo_Control_Temperatura_L_2:
;Codigo_Control_Temperatura.pbas,37 :: 		analogico = Adc_Read(9)
$005F	$3009			MOVLW	9
$0060	$00C7			MOVWF	FARG_Adc_Read
$0061	$238A			CALL	_adc_read
$0062	$0870			MOVF	STACK_0, 0
$0063	$00AA			MOVWF	_analogico
$0064	$0871			MOVF	STACK_0+1, 0
$0065	$00AB			MOVWF	_analogico+1
;Codigo_Control_Temperatura.pbas,38 :: 		temperatura=(analogico*100/204)
$0066	$3064			MOVLW	100
$0067	$00F4			MOVWF	STACK_4
$0068	$01F5			CLRF	STACK_4+1
$0069	$23BB			CALL	_mul_16x16_u
$006A	$30CC			MOVLW	204
$006B	$00F4			MOVWF	STACK_4
$006C	$01F5			CLRF	STACK_4+1
$006D	$23E6			CALL	_div_16x16_u
$006E	$0870			MOVF	STACK_0, 0
$006F	$00C5			MOVWF	FLOC_main+20
$0070	$0871			MOVF	STACK_0+1, 0
$0071	$00C6			MOVWF	FLOC_main+21
$0072	$0845			MOVF	FLOC_main+20, 0
$0073	$00AC			MOVWF	_temperatura
$0074	$0846			MOVF	FLOC_main+21, 0
$0075	$00AD			MOVWF	_temperatura+1
;Codigo_Control_Temperatura.pbas,40 :: 		unidad=((temperatura/100) mod 10)+ 48
$0076	$3064			MOVLW	100
$0077	$00F4			MOVWF	STACK_4
$0078	$01F5			CLRF	STACK_4+1
$0079	$0845			MOVF	FLOC_main+20, 0
$007A	$00F0			MOVWF	STACK_0
$007B	$0846			MOVF	FLOC_main+21, 0
$007C	$00F1			MOVWF	STACK_0+1
$007D	$23E6			CALL	_div_16x16_u
$007E	$300A			MOVLW	10
$007F	$00F4			MOVWF	STACK_4
$0080	$01F5			CLRF	STACK_4+1
$0081	$23E6			CALL	_div_16x16_u
$0082	$0878			MOVF	STACK_8, 0
$0083	$00F0			MOVWF	STACK_0
$0084	$0879			MOVF	STACK_9, 0
$0085	$00F1			MOVWF	STACK_1
$0086	$3030			MOVLW	48
$0087	$07F0			ADDWF	STACK_0, 1
$0088	$1803			BTFSC	STATUS, C
$0089	$0AF1			INCF	STACK_0+1, 1
$008A	$0870			MOVF	STACK_0, 0
$008B	$00AE			MOVWF	_unidad
;Codigo_Control_Temperatura.pbas,41 :: 		decena=((temperatura/10) mod 10) + 48
$008C	$300A			MOVLW	10
$008D	$00F4			MOVWF	STACK_4
$008E	$01F5			CLRF	STACK_4+1
$008F	$0845			MOVF	FLOC_main+20, 0
$0090	$00F0			MOVWF	STACK_0
$0091	$0846			MOVF	FLOC_main+21, 0
$0092	$00F1			MOVWF	STACK_0+1
$0093	$23E6			CALL	_div_16x16_u
$0094	$300A			MOVLW	10
$0095	$00F4			MOVWF	STACK_4
$0096	$01F5			CLRF	STACK_4+1
$0097	$23E6			CALL	_div_16x16_u
$0098	$0878			MOVF	STACK_8, 0
$0099	$00F0			MOVWF	STACK_0
$009A	$0879			MOVF	STACK_9, 0
$009B	$00F1			MOVWF	STACK_1
$009C	$3030			MOVLW	48
$009D	$07F0			ADDWF	STACK_0, 1
$009E	$1803			BTFSC	STATUS, C
$009F	$0AF1			INCF	STACK_0+1, 1
$00A0	$0870			MOVF	STACK_0, 0
$00A1	$00AF			MOVWF	_decena
;Codigo_Control_Temperatura.pbas,42 :: 		centena=(temperatura mod 10) + 48
$00A2	$300A			MOVLW	10
$00A3	$00F4			MOVWF	STACK_4
$00A4	$01F5			CLRF	STACK_4+1
$00A5	$0845			MOVF	FLOC_main+20, 0
$00A6	$00F0			MOVWF	STACK_0
$00A7	$0846			MOVF	FLOC_main+21, 0
$00A8	$00F1			MOVWF	STACK_0+1
$00A9	$23E6			CALL	_div_16x16_u
$00AA	$0878			MOVF	STACK_8, 0
$00AB	$00F0			MOVWF	STACK_0
$00AC	$0879			MOVF	STACK_9, 0
$00AD	$00F1			MOVWF	STACK_1
$00AE	$3030			MOVLW	48
$00AF	$07F0			ADDWF	STACK_0, 1
$00B0	$1803			BTFSC	STATUS, C
$00B1	$0AF1			INCF	STACK_0+1, 1
$00B2	$0870			MOVF	STACK_0, 0
$00B3	$00B0			MOVWF	_centena
;Codigo_Control_Temperatura.pbas,45 :: 		if(temperatura>99)then
$00B4	$0846			MOVF	FLOC_main+21, 0
$00B5	$3C00			SUBLW	0
$00B6	$1D03			BTFSS	STATUS, Z
$00B7	$28BA			GOTO	L_main_0
$00B8	$0845			MOVF	FLOC_main+20, 0
$00B9	$3C63			SUBLW	99
$00BA	$	L_main_0:
$00BA	$1803			BTFSC	STATUS, C
$00BB	$28F5			GOTO	Codigo_Control_Temperatura_L_7
$00BC	$	Codigo_Control_Temperatura_L_6:
;Codigo_Control_Temperatura.pbas,47 :: 		Lcd_Out(2,6,"T=")
$00BC	$3002			MOVLW	2
$00BD	$00C7			MOVWF	FARG_Lcd_Out
$00BE	$3006			MOVLW	6
$00BF	$00C8			MOVWF	FARG_Lcd_Out+1
$00C0	$3054			MOVLW	84
$00C1	$00B1			MOVWF	?main_Local_Text+0
$00C2	$303D			MOVLW	61
$00C3	$00B2			MOVWF	?main_Local_Text+1
$00C4	$01B3			CLRF	?main_Local_Text+2
$00C5	$3031			MOVLW	?main_Local_Text
$00C6	$00C9			MOVWF	FARG_Lcd_Out+2
$00C7	$2319			CALL	_lcd_out
;Codigo_Control_Temperatura.pbas,48 :: 		Lcd_Chr(2,8,unidad )
$00C8	$3002			MOVLW	2
$00C9	$00C7			MOVWF	FARG_Lcd_Chr
$00CA	$3008			MOVLW	8
$00CB	$00C8			MOVWF	FARG_Lcd_Chr+1
$00CC	$082E			MOVF	_unidad, 0
$00CD	$00C9			MOVWF	FARG_Lcd_Chr+2
$00CE	$2358			CALL	_lcd_chr
;Codigo_Control_Temperatura.pbas,49 :: 		Lcd_Chr(2,9,decena )
$00CF	$3002			MOVLW	2
$00D0	$00C7			MOVWF	FARG_Lcd_Chr
$00D1	$3009			MOVLW	9
$00D2	$00C8			MOVWF	FARG_Lcd_Chr+1
$00D3	$082F			MOVF	_decena, 0
$00D4	$00C9			MOVWF	FARG_Lcd_Chr+2
$00D5	$2358			CALL	_lcd_chr
;Codigo_Control_Temperatura.pbas,50 :: 		Lcd_Chr(2,10,centena )
$00D6	$3002			MOVLW	2
$00D7	$00C7			MOVWF	FARG_Lcd_Chr
$00D8	$300A			MOVLW	10
$00D9	$00C8			MOVWF	FARG_Lcd_Chr+1
$00DA	$0830			MOVF	_centena, 0
$00DB	$00C9			MOVWF	FARG_Lcd_Chr+2
$00DC	$2358			CALL	_lcd_chr
;Codigo_Control_Temperatura.pbas,51 :: 		Lcd_Out(2,11," *C")
$00DD	$3002			MOVLW	2
$00DE	$00C7			MOVWF	FARG_Lcd_Out
$00DF	$300B			MOVLW	11
$00E0	$00C8			MOVWF	FARG_Lcd_Out+1
$00E1	$3020			MOVLW	32
$00E2	$00B1			MOVWF	?main_Local_Text+0
$00E3	$302A			MOVLW	42
$00E4	$00B2			MOVWF	?main_Local_Text+1
$00E5	$3043			MOVLW	67
$00E6	$00B3			MOVWF	?main_Local_Text+2
$00E7	$01B4			CLRF	?main_Local_Text+3
$00E8	$3031			MOVLW	?main_Local_Text
$00E9	$00C9			MOVWF	FARG_Lcd_Out+2
$00EA	$2319			CALL	_lcd_out
;Codigo_Control_Temperatura.pbas,52 :: 		USART_Write (unidad )
$00EB	$082E			MOVF	_unidad, 0
$00EC	$00C7			MOVWF	FARG_USART_Write
$00ED	$2418			CALL	_usart_write
;Codigo_Control_Temperatura.pbas,53 :: 		USART_Write(decena)
$00EE	$082F			MOVF	_decena, 0
$00EF	$00C7			MOVWF	FARG_USART_Write
$00F0	$2418			CALL	_usart_write
;Codigo_Control_Temperatura.pbas,54 :: 		USART_Write (centena)
$00F1	$0830			MOVF	_centena, 0
$00F2	$00C7			MOVWF	FARG_USART_Write
$00F3	$2418			CALL	_usart_write
$00F4	$2923			GOTO	Codigo_Control_Temperatura_L_8
;Codigo_Control_Temperatura.pbas,56 :: 		else
$00F5	$	Codigo_Control_Temperatura_L_7:
;Codigo_Control_Temperatura.pbas,58 :: 		Lcd_Out(2,6,"T=")
$00F5	$3002			MOVLW	2
$00F6	$00C7			MOVWF	FARG_Lcd_Out
$00F7	$3006			MOVLW	6
$00F8	$00C8			MOVWF	FARG_Lcd_Out+1
$00F9	$3054			MOVLW	84
$00FA	$00B1			MOVWF	?main_Local_Text+0
$00FB	$303D			MOVLW	61
$00FC	$00B2			MOVWF	?main_Local_Text+1
$00FD	$01B3			CLRF	?main_Local_Text+2
$00FE	$3031			MOVLW	?main_Local_Text
$00FF	$00C9			MOVWF	FARG_Lcd_Out+2
$0100	$2319			CALL	_lcd_out
;Codigo_Control_Temperatura.pbas,59 :: 		Lcd_Chr(2,8,decena)
$0101	$3002			MOVLW	2
$0102	$00C7			MOVWF	FARG_Lcd_Chr
$0103	$3008			MOVLW	8
$0104	$00C8			MOVWF	FARG_Lcd_Chr+1
$0105	$082F			MOVF	_decena, 0
$0106	$00C9			MOVWF	FARG_Lcd_Chr+2
$0107	$2358			CALL	_lcd_chr
;Codigo_Control_Temperatura.pbas,60 :: 		Lcd_Chr(2,9,centena)
$0108	$3002			MOVLW	2
$0109	$00C7			MOVWF	FARG_Lcd_Chr
$010A	$3009			MOVLW	9
$010B	$00C8			MOVWF	FARG_Lcd_Chr+1
$010C	$0830			MOVF	_centena, 0
$010D	$00C9			MOVWF	FARG_Lcd_Chr+2
$010E	$2358			CALL	_lcd_chr
;Codigo_Control_Temperatura.pbas,61 :: 		Lcd_Out(2,11," *C")
$010F	$3002			MOVLW	2
$0110	$00C7			MOVWF	FARG_Lcd_Out
$0111	$300B			MOVLW	11
$0112	$00C8			MOVWF	FARG_Lcd_Out+1
$0113	$3020			MOVLW	32
$0114	$00B1			MOVWF	?main_Local_Text+0
$0115	$302A			MOVLW	42
$0116	$00B2			MOVWF	?main_Local_Text+1
$0117	$3043			MOVLW	67
$0118	$00B3			MOVWF	?main_Local_Text+2
$0119	$01B4			CLRF	?main_Local_Text+3
$011A	$3031			MOVLW	?main_Local_Text
$011B	$00C9			MOVWF	FARG_Lcd_Out+2
$011C	$2319			CALL	_lcd_out
;Codigo_Control_Temperatura.pbas,62 :: 		USART_Write(decena)
$011D	$082F			MOVF	_decena, 0
$011E	$00C7			MOVWF	FARG_USART_Write
$011F	$2418			CALL	_usart_write
;Codigo_Control_Temperatura.pbas,63 :: 		USART_Write (centena)
$0120	$0830			MOVF	_centena, 0
$0121	$00C7			MOVWF	FARG_USART_Write
$0122	$2418			CALL	_usart_write
;Codigo_Control_Temperatura.pbas,64 :: 		end if
$0123	$	Codigo_Control_Temperatura_L_8:
;Codigo_Control_Temperatura.pbas,66 :: 		USART_Write (unidad )
$0123	$082E			MOVF	_unidad, 0
$0124	$00C7			MOVWF	FARG_USART_Write
$0125	$2418			CALL	_usart_write
;Codigo_Control_Temperatura.pbas,67 :: 		USART_Write(decena)
$0126	$082F			MOVF	_decena, 0
$0127	$00C7			MOVWF	FARG_USART_Write
$0128	$2418			CALL	_usart_write
;Codigo_Control_Temperatura.pbas,68 :: 		USART_Write (centena)
$0129	$0830			MOVF	_centena, 0
$012A	$00C7			MOVWF	FARG_USART_Write
$012B	$2418			CALL	_usart_write
;Codigo_Control_Temperatura.pbas,69 :: 		USART_Write(10)
$012C	$300A			MOVLW	10
$012D	$00C7			MOVWF	FARG_USART_Write
$012E	$2418			CALL	_usart_write
;Codigo_Control_Temperatura.pbas,70 :: 		USART_Write(13)
$012F	$300D			MOVLW	13
$0130	$00C7			MOVWF	FARG_USART_Write
$0131	$2418			CALL	_usart_write
;Codigo_Control_Temperatura.pbas,71 :: 		Delay_ms(250)
$0132	$3002			MOVLW	2
$0133	$00FC			MOVWF	STACK_12
$0134	$30FF			MOVLW	255
$0135	$00FB			MOVWF	STACK_11
$0136	$30FF			MOVLW	255
$0137	$00FA			MOVWF	STACK_10
$0138	$0BFC			DECFSZ	STACK_12, F
$0139	$293B			GOTO	$+2
$013A	$2942			GOTO	$+8
$013B	$0BFB			DECFSZ	STACK_11, F
$013C	$293E			GOTO	$+2
$013D	$2941			GOTO	$+4
$013E	$0BFA			DECFSZ	STACK_10, F
$013F	$293E			GOTO	$-1
$0140	$293B			GOTO	$-5
$0141	$2938			GOTO	$-9
$0142	$3046			MOVLW	70
$0143	$00FB			MOVWF	STACK_11
$0144	$30FF			MOVLW	255
$0145	$00FA			MOVWF	STACK_10
$0146	$0BFB			DECFSZ	STACK_11, F
$0147	$2949			GOTO	$+2
$0148	$294C			GOTO	$+4
$0149	$0BFA			DECFSZ	STACK_10, F
$014A	$2949			GOTO	$-1
$014B	$2946			GOTO	$-5
$014C	$30CF			MOVLW	207
$014D	$00FA			MOVWF	STACK_10
$014E	$0BFA			DECFSZ	STACK_10, F
$014F	$294E			GOTO	$-1
$0150	$0000			NOP
$0151	$285F			GOTO	Codigo_Control_Temperatura_L_2
;Codigo_Control_Temperatura.pbas,73 :: 		wend
$0152	$2952			GOTO	$


//** Procedures locations **
//ADDRESS		PROCEDURE
//----------------------------------------------
$0004		main
$0153		Lcd_Config
$0272		Lcd_Cmd
$0319		Lcd_Out
$0358		Lcd_Chr
$038A		Adc_Read
$03BB		Mul_16x16_U
$03E6		Div_16x16_U
$0403		USART_Init
$0418		USART_Write
$042A		Delay_5500us
$043B		Lcd_Chr_CP
$0444		Delay_50us
$044C		Delay_22us
$0453		Delay_1us


//** Labels locations **
//ADDRESS		LABEL
//----------------------------------------------
$0004		_main:
$0004		_main_main:
$005F		Codigo_Control_Temperatura_L_2:
$00BA		L_main_0:
$00BC		Codigo_Control_Temperatura_L_6:
$00F5		Codigo_Control_Temperatura_L_7:
$0123		Codigo_Control_Temperatura_L_8:
$0153		_lcd_config:
$015B		L_Lcd_Config_0:
$0161		L_Lcd_Config_1:
$0168		L_Lcd_Config_2:
$016E		L_Lcd_Config_3:
$0175		L_Lcd_Config_4:
$017B		L_Lcd_Config_5:
$0182		L_Lcd_Config_6:
$0188		L_Lcd_Config_7:
$018F		L_Lcd_Config_8:
$0195		L_Lcd_Config_9:
$019A		L_Lcd_Config_10:
$01A0		L_Lcd_Config_11:
$01A5		L_Lcd_Config_12:
$01AB		L_Lcd_Config_13:
$01BB		lcd_L_56:
$01BC		lcd_L_57:
$01C7		lcd_L_59:
$01D1		lcd_L_60:
$01D2		lcd_L_61:
$01DB		lcd_L_63:
$0271		lcd_L_55:
$0272		_lcd_cmd:
$0292		lcd_L_1:
$0294		lcd_L_2:
$0294		lcd_L_3:
$029C		lcd_L_4:
$029E		lcd_L_5:
$029E		lcd_L_6:
$02A6		lcd_L_7:
$02A8		lcd_L_8:
$02A8		lcd_L_9:
$02B0		lcd_L_10:
$02B2		lcd_L_11:
$02B2		lcd_L_12:
$02B8		lcd_L_13:
$02BD		lcd_L_14:
$02BF		lcd_L_15:
$02DE		lcd_L_16:
$02E0		lcd_L_17:
$02E0		lcd_L_18:
$02E8		lcd_L_19:
$02EA		lcd_L_20:
$02EA		lcd_L_21:
$02F2		lcd_L_22:
$02F4		lcd_L_23:
$02F4		lcd_L_24:
$02FB		lcd_L_25:
$02FD		lcd_L_26:
$02FD		lcd_L_27:
$0303		lcd_L_28:
$0308		lcd_L_29:
$030A		lcd_L_30:
$0315		lcd_L_31:
$0317		lcd_L_32:
$0318		lcd_L_0:
$0318		lcd_L_33:
$0319		_lcd_out:
$0319		lcd_L_68:
$031F		lcd_L_67:
$0322		lcd_L_69:
$0322		lcd_L_71:
$0326		lcd_L_70:
$0329		lcd_L_72:
$0329		lcd_L_74:
$032D		lcd_L_73:
$0330		lcd_L_75:
$0330		lcd_L_77:
$0334		lcd_L_76:
$0337		lcd_L_78:
$0339		lcd_L_66:
$0344		lcd_L_80:
$0355		lcd_L_81:
$0357		lcd_L_65:
$0358		_lcd_chr:
$0358		lcd_L_37:
$035E		lcd_L_36:
$0361		lcd_L_38:
$0361		lcd_L_40:
$0365		lcd_L_39:
$0368		lcd_L_41:
$0368		lcd_L_43:
$036C		lcd_L_42:
$036F		lcd_L_44:
$036F		lcd_L_46:
$0373		lcd_L_45:
$0376		lcd_L_47:
$0378		lcd_L_35:
$0389		lcd_L_34:
$038A		_adc_read:
$0396		ADClib_88X_L_1:
$0398		ADClib_88X_L_2:
$0398		ADClib_88X_L_3:
$039A		ADClib_88X_L_4:
$039B		ADClib_88X_L_5:
$039C		ADClib_88X_L_6:
$039C		ADClib_88X_L_8:
$03A6		ADClib_88X_L_9:
$03A7		ADClib_88X_L_13:
$03B6		ADClib_88X_L_0:
$03BB		_mul_16x16_u:
$03E5		math_L_1:
$03E6		_div_16x16_u:
$0402		math_L_3:
$0403		_usart_init:
$0403		USART_c67_L_1:
$0406		USART_c67_L_2:
$0409		USART_c67_L_3:
$040B		USART_c67_L_4:
$040C		USART_c67_L_6:
$040C		USART_c67_L_8:
$0417		USART_c67_L_0:
$0417		USART_c67_L_9:
$0418		_usart_write:
$0418		USART_c67_L_14:
$0426		USART_c67_L_15:
$0429		USART_c67_L_12:
$042A		_delay_5500us:
$043A		delays_L_7:
$043B		_lcd_chr_cp:
$0443		lcd_L_48:
$0444		_delay_50us:
$044B		delays_L_4:
$044C		_delay_22us:
$0452		delays_L_3:
$0453		_delay_1us:
$0454		delays_L_1:


//** Variables locations **
//ADDRESS		VARIABLE
//----------------------------------------------
$0000		INDF
$0002		PCL
$0003		STATUS
$0004		FSR
$0005		PORTA
$0006		PORTB
$0007		PORTC
$000A		PCLATH
$000C		PIR1
$0018		RCSTA
$0019		TXREG
$001A		RCREG
$001E		ADRESH
$001F		ADCON0
$0020		lcd_ctrlport_address
$0021		lcd____menable
$0022		lcd____mrs
$0023		lcd_dataport_address
$0024		lcd____mdb7
$0025		lcd____mdb6
$0026		lcd____mdb5
$0027		lcd____mdb4
$0028		lcd_lcdcmd_status
$0029		lcd____mrw
$002A		_analogico
$002C		_temperatura
$002E		_unidad
$002F		_decena
$0030		_centena
$0031		?main_Local_Text
$0045		?T7__main
$0047		FARG_Adc_Read
$0047		FARG_Lcd_Chr
$0047		FARG_Lcd_Config
$0047		FARG_Lcd_Out
$0047		FARG_USART_Init
$0047		FARG_USART_Write
$0048		_adc_read_local_result
$0048		FARG_Lcd_Chr+1
$0048		FARG_Lcd_Config+1
$0048		FARG_Lcd_Out+1
$0049		FARG_Lcd_Chr+2
$0049		FARG_Lcd_Config+2
$0049		FARG_Lcd_Out+2
$004A		_lcd_out_local_i
$004A		FARG_Lcd_Config+3
$004B		FARG_Lcd_Config+4
$004C		FARG_Lcd_Config+5
$004D		FARG_Lcd_Config+6
$004E		FARG_Lcd_Config+7
$004F		FARG_Lcd_Config+8
$0050		FARG_Lcd_Chr_CP
$0051		FARG_Lcd_Cmd
$0070		STACK_0
$0071		STACK_1
$0072		STACK_2
$0073		STACK_3
$0074		STACK_4
$0075		STACK_5
$0076		STACK_6
$0077		STACK_7
$0078		STACK_8
$0079		STACK_9
$007A		STACK_10
$007B		STACK_11
$007C		STACK_12
$007D		STACK_13
$007E		STACK_14
$007F		STACK_15
$0081		OPTION_REG
$0085		TRISA
$0086		TRISB
$0087		TRISC
$0098		TXSTA
$0099		SPBRG
$009E		ADRESL
$009F		ADCON1
$0188		ANSEL
$0189		ANSELH


