;  LST file generated by mikroListExporter - v.2.0 
; Date/Time: 26/10/2011 21:48:27
;----------------------------------------------

;Address Opcode 	ASM
0x0000	0x292F      	GOTO       303
motor_interrupt:
0x0004	0x00FF      	MOVWF      R15
0x0005	0x0E03      	SWAPF      STATUS, 0
0x0006	0x0183      	CLRF       STATUS
0x0007	0x00A4      	MOVWF      ___saveSTATUS
0x0008	0x080A      	MOVF       PCLATH, 0
0x0009	0x00A3      	MOVWF      ___savePCLATH
0x000A	0x018A      	CLRF       PCLATH
0x000B	0x0870      	MOVF       R0, 0
0x000C	0x00A2      	MOVWF      34
0x000D	0x0871      	MOVF       R1, 0
0x000E	0x00A1      	MOVWF      33
0x000F	0x0872      	MOVF       R2, 0
0x0010	0x00A0      	MOVWF      32
;motor.mbas,50 :: 		sub procedure interrupt
;motor.mbas,52 :: 		if TestBit(PIR1,TMR1IF)=1 then
0x0011	0x01F1      	CLRF       R1
0x0012	0x1C0C      	BTFSS      PIR1, 0
0x0013	0x2816      	GOTO       L_motor_interrupt4
0x0014	0x3001      	MOVLW      1
0x0015	0x00F1      	MOVWF      R1
L_motor_interrupt4:
0x0016	0x0871      	MOVF       R1, 0
0x0017	0x3A01      	XORLW      1
0x0018	0x1D03      	BTFSS      STATUS, 2
0x0019	0x2867      	GOTO       L_motor_interrupt2
;motor.mbas,53 :: 		if Paso=0 then
0x001A	0x0839      	MOVF       _Paso, 0
0x001B	0x3A00      	XORLW      0
0x001C	0x1D03      	BTFSS      STATUS, 2
0x001D	0x2830      	GOTO       L_motor_interrupt6
;motor.mbas,54 :: 		MaskPort= (salidas and n_servo)
0x001E	0x083C      	MOVF       _n_servo, 0
0x001F	0x053A      	ANDWF      _Salidas, 0
0x0020	0x00B7      	MOVWF      _MaskPort
0x0021	0x083B      	MOVF       _Salidas+1, 0
0x0022	0x053D      	ANDWF      _n_servo+1, 0
0x0023	0x00B8      	MOVWF      _MaskPort+1
;motor.mbas,55 :: 		PORTC.0 = MaskPort.0
0x0024	0x1837      	BTFSC      _MaskPort, 0
0x0025	0x2828      	GOTO       L_motor_interrupt45
0x0026	0x1007      	BCF        PORTC, 0
0x0027	0x2829      	GOTO       L_motor_interrupt46
L_motor_interrupt45:
0x0028	0x1407      	BSF        PORTC, 0
L_motor_interrupt46:
;motor.mbas,57 :: 		Paso=1
0x0029	0x3001      	MOVLW      1
0x002A	0x00B9      	MOVWF      _Paso
;motor.mbas,61 :: 		TMR1L=0x1F
0x002B	0x301F      	MOVLW      31
0x002C	0x008E      	MOVWF      TMR1L
;motor.mbas,62 :: 		TMR1H=0XFF
0x002D	0x30FF      	MOVLW      255
0x002E	0x008F      	MOVWF      TMR1H
0x002F	0x2866      	GOTO       L_motor_interrupt7
;motor.mbas,64 :: 		else    '65086 1.8ms
L_motor_interrupt6:
;motor.mbas,66 :: 		if Paso=1 then
0x0030	0x0839      	MOVF       _Paso, 0
0x0031	0x3A01      	XORLW      1
0x0032	0x1D03      	BTFSS      STATUS, 2
0x0033	0x2842      	GOTO       L_motor_interrupt9
;motor.mbas,68 :: 		temp_var= 65276 + Servo
0x0034	0x083E      	MOVF       _Servo, 0
0x0035	0x3EFC      	ADDLW      252
0x0036	0x00B5      	MOVWF      _temp_var
0x0037	0x30FE      	MOVLW      254
0x0038	0x1803      	BTFSC      STATUS, 0
0x0039	0x3E01      	ADDLW      1
0x003A	0x00B6      	MOVWF      _temp_var+1
;motor.mbas,69 :: 		TMR1L= lo(temp_var)
0x003B	0x0835      	MOVF       _temp_var, 0
0x003C	0x008E      	MOVWF      TMR1L
;motor.mbas,70 :: 		TMR1H= hi(temp_var)
0x003D	0x0836      	MOVF       _temp_var+1, 0
0x003E	0x008F      	MOVWF      TMR1H
;motor.mbas,71 :: 		Paso=2
0x003F	0x3002      	MOVLW      2
0x0040	0x00B9      	MOVWF      _Paso
0x0041	0x2866      	GOTO       L_motor_interrupt10
;motor.mbas,72 :: 		else
L_motor_interrupt9:
;motor.mbas,73 :: 		PORTC.0=0
0x0042	0x1007      	BCF        PORTC, 0
;motor.mbas,75 :: 		temp_var= 65530 - Servo
0x0043	0x083E      	MOVF       _Servo, 0
0x0044	0x3CFA      	SUBLW      250
0x0045	0x00B5      	MOVWF      _temp_var
0x0046	0x3000      	MOVLW      0
0x0047	0x1C03      	BTFSS      STATUS, 0
0x0048	0x3E01      	ADDLW      1
0x0049	0x3CFF      	SUBLW      255
0x004A	0x00B6      	MOVWF      _temp_var+1
;motor.mbas,76 :: 		TMR1L= lo(temp_var)
0x004B	0x0835      	MOVF       _temp_var, 0
0x004C	0x008E      	MOVWF      TMR1L
;motor.mbas,77 :: 		TMR1H= hi(temp_var)
0x004D	0x0836      	MOVF       _temp_var+1, 0
0x004E	0x008F      	MOVWF      TMR1H
;motor.mbas,78 :: 		n_servo=n_servo<<1
0x004F	0x083C      	MOVF       _n_servo, 0
0x0050	0x00F1      	MOVWF      R1
0x0051	0x083D      	MOVF       _n_servo+1, 0
0x0052	0x00F2      	MOVWF      R1+1
0x0053	0x0DF1      	RLF        R1, 1
0x0054	0x0DF2      	RLF        R1+1, 1
0x0055	0x1071      	BCF        R1, 0
0x0056	0x0871      	MOVF       R1, 0
0x0057	0x00BC      	MOVWF      _n_servo
0x0058	0x0872      	MOVF       R1+1, 0
0x0059	0x00BD      	MOVWF      _n_servo+1
;motor.mbas,79 :: 		if n_servo=0x0400 then
0x005A	0x0872      	MOVF       R1+1, 0
0x005B	0x3A04      	XORLW      4
0x005C	0x1D03      	BTFSS      STATUS, 2
0x005D	0x2860      	GOTO       L_motor_interrupt47
0x005E	0x3000      	MOVLW      0
0x005F	0x0671      	XORWF      R1, 0
L_motor_interrupt47:
0x0060	0x1D03      	BTFSS      STATUS, 2
0x0061	0x2865      	GOTO       L_motor_interrupt12
;motor.mbas,80 :: 		n_servo=1
0x0062	0x3001      	MOVLW      1
0x0063	0x00BC      	MOVWF      _n_servo
0x0064	0x01BD      	CLRF       _n_servo+1
L_motor_interrupt12:
;motor.mbas,82 :: 		paso=0
0x0065	0x01B9      	CLRF       _Paso
;motor.mbas,83 :: 		end if
L_motor_interrupt10:
;motor.mbas,84 :: 		end if
L_motor_interrupt7:
;motor.mbas,85 :: 		ClearBit(PIR1,TMR1IF)
0x0066	0x100C      	BCF        PIR1, 0
L_motor_interrupt2:
;motor.mbas,88 :: 		if( PIR1.RCIF = 1 )then
0x0067	0x1E8C      	BTFSS      PIR1, 5
0x0068	0x2886      	GOTO       L_motor_interrupt15
;motor.mbas,89 :: 		usart_receive = UART1_Read()
0x0069	0x2122      	CALL       _UART1_Read
0x006A	0x0870      	MOVF       R0, 0
0x006B	0x00B4      	MOVWF      _usart_receive
;motor.mbas,91 :: 		case 1
0x006C	0x082F      	MOVF       _viajero_uart, 0
0x006D	0x3A01      	XORLW      1
0x006E	0x1D03      	BTFSS      STATUS, 2
0x006F	0x287A      	GOTO       L_motor_interrupt20
;motor.mbas,92 :: 		if 0xb7 = usart_receive then
0x0070	0x30B7      	MOVLW      183
0x0071	0x0634      	XORWF      _usart_receive, 0
0x0072	0x1D03      	BTFSS      STATUS, 2
0x0073	0x2877      	GOTO       L_motor_interrupt22
;motor.mbas,93 :: 		viajero_uart = 2
0x0074	0x3002      	MOVLW      2
0x0075	0x00AF      	MOVWF      _viajero_uart
0x0076	0x2879      	GOTO       L_motor_interrupt23
;motor.mbas,95 :: 		else
L_motor_interrupt22:
;motor.mbas,96 :: 		viajero_uart = 1
0x0077	0x3001      	MOVLW      1
0x0078	0x00AF      	MOVWF      _viajero_uart
;motor.mbas,97 :: 		end if
L_motor_interrupt23:
0x0079	0x2883      	GOTO       L_motor_interrupt17
L_motor_interrupt20:
;motor.mbas,98 :: 		case 2
0x007A	0x082F      	MOVF       _viajero_uart, 0
0x007B	0x3A02      	XORLW      2
0x007C	0x1D03      	BTFSS      STATUS, 2
0x007D	0x2883      	GOTO       L_motor_interrupt26
;motor.mbas,99 :: 		Servo = usart_receive
0x007E	0x0834      	MOVF       _usart_receive, 0
0x007F	0x00BE      	MOVWF      _Servo
;motor.mbas,100 :: 		viajero_uart = 1
0x0080	0x3001      	MOVLW      1
0x0081	0x00AF      	MOVWF      _viajero_uart
0x0082	0x2883      	GOTO       L_motor_interrupt17
L_motor_interrupt26:
L_motor_interrupt17:
;motor.mbas,102 :: 		ClearBit(PIR1,RCIF)   ' Si el dato a llegado limpio la bandera de recepcion
0x0083	0x128C      	BCF        PIR1, 5
;motor.mbas,103 :: 		SetBit(PIE1,RCIE)     ' Habilitar nuevamente la interrupcion por USART
0x0084	0x1683      	BSF        STATUS, 5
0x0085	0x168C      	BSF        PIE1, 5
L_motor_interrupt15:
;motor.mbas,104 :: 		end if
L_motor_interrupt44:
0x0086	0x1283      	BCF        STATUS, 5
0x0087	0x0822      	MOVF       34, 0
0x0088	0x00F0      	MOVWF      R0
0x0089	0x0821      	MOVF       33, 0
0x008A	0x00F1      	MOVWF      R1
0x008B	0x0820      	MOVF       32, 0
0x008C	0x00F2      	MOVWF      R2
0x008D	0x0823      	MOVF       ___savePCLATH, 0
0x008E	0x008A      	MOVWF      PCLATH
0x008F	0x0E24      	SWAPF      ___saveSTATUS, 0
0x0090	0x0083      	MOVWF      STATUS
0x0091	0x0EFF      	SWAPF      R15, 1
0x0092	0x0E7F      	SWAPF      R15, 0
0x0093	0x0009      	RETFIE
; end of motor_interrupt
_Delay_22us:
;__Lib_Delays.mbas,36 :: 		sub procedure Delay_22us()
;__Lib_Delays.mbas,37 :: 		Delay_us(22)
0x0094	0x300E      	MOVLW      14
0x0095	0x1283      	BCF        STATUS, 5
0x0096	0x1303      	BCF        STATUS, 6
0x0097	0x00FD      	MOVWF      R13
L__Delay_22us5:
0x0098	0x0BFD      	DECFSZ     R13, 1
0x0099	0x2898      	GOTO       L__Delay_22us5
0x009A	0x0000      	NOP
0x009B	0x0008      	RETURN
; end of _Delay_22us
_UART1_Init:
;__Lib_UART_c67.mpas,33 :: 		
;__Lib_UART_c67.mpas,34 :: 		
0x009C	0x1683      	BSF        STATUS, 5
0x009D	0x1303      	BCF        STATUS, 6
0x009E	0x1698      	BSF        TXSTA, 5
;__Lib_UART_c67.mpas,35 :: 		
0x009F	0x3090      	MOVLW      144
0x00A0	0x1283      	BCF        STATUS, 5
0x00A1	0x0098      	MOVWF      RCSTA
;__Lib_UART_c67.mpas,36 :: 		
0x00A2	0x1683      	BSF        STATUS, 5
0x00A3	0x1787      	BSF        TRISC7_bit, 7
;__Lib_UART_c67.mpas,37 :: 		
0x00A4	0x1307      	BCF        TRISC6_bit, 6
;__Lib_UART_c67.mpas,38 :: 		
L__UART1_Init2:
0x00A5	0x1283      	BCF        STATUS, 5
0x00A6	0x1E8C      	BTFSS      PIR1, 5
0x00A7	0x28AB      	GOTO       L__UART1_Init3
;__Lib_UART_c67.mpas,39 :: 		
0x00A8	0x081A      	MOVF       RCREG, 0
0x00A9	0x00F0      	MOVWF      R0
0x00AA	0x28A5      	GOTO       L__UART1_Init2
L__UART1_Init3:
;__Lib_UART_c67.mpas,40 :: 		
0x00AB	0x0008      	RETURN
; end of _UART1_Init
motor_led:
;motor.mbas,107 :: 		sub procedure led
;motor.mbas,108 :: 		porta = 0x00
0x00AC	0x1283      	BCF        STATUS, 5
0x00AD	0x1303      	BCF        STATUS, 6
0x00AE	0x0185      	CLRF       PORTA
;motor.mbas,109 :: 		delay_ms(250)
0x00AF	0x3003      	MOVLW      3
0x00B0	0x00FB      	MOVWF      R11
0x00B1	0x308A      	MOVLW      138
0x00B2	0x00FC      	MOVWF      R12
0x00B3	0x3055      	MOVLW      85
0x00B4	0x00FD      	MOVWF      R13
L_motor_led28:
0x00B5	0x0BFD      	DECFSZ     R13, 1
0x00B6	0x28B5      	GOTO       L_motor_led28
0x00B7	0x0BFC      	DECFSZ     R12, 1
0x00B8	0x28B5      	GOTO       L_motor_led28
0x00B9	0x0BFB      	DECFSZ     R11, 1
0x00BA	0x28B5      	GOTO       L_motor_led28
0x00BB	0x0000      	NOP
0x00BC	0x0000      	NOP
;motor.mbas,110 :: 		porta = 0xff
0x00BD	0x30FF      	MOVLW      255
0x00BE	0x0085      	MOVWF      PORTA
;motor.mbas,111 :: 		delay_ms(250)
0x00BF	0x3003      	MOVLW      3
0x00C0	0x00FB      	MOVWF      R11
0x00C1	0x308A      	MOVLW      138
0x00C2	0x00FC      	MOVWF      R12
0x00C3	0x3055      	MOVLW      85
0x00C4	0x00FD      	MOVWF      R13
L_motor_led29:
0x00C5	0x0BFD      	DECFSZ     R13, 1
0x00C6	0x28C5      	GOTO       L_motor_led29
0x00C7	0x0BFC      	DECFSZ     R12, 1
0x00C8	0x28C5      	GOTO       L_motor_led29
0x00C9	0x0BFB      	DECFSZ     R11, 1
0x00CA	0x28C5      	GOTO       L_motor_led29
0x00CB	0x0000      	NOP
0x00CC	0x0000      	NOP
;motor.mbas,112 :: 		porta = 0x00
0x00CD	0x0185      	CLRF       PORTA
;motor.mbas,113 :: 		delay_ms(250)
0x00CE	0x3003      	MOVLW      3
0x00CF	0x00FB      	MOVWF      R11
0x00D0	0x308A      	MOVLW      138
0x00D1	0x00FC      	MOVWF      R12
0x00D2	0x3055      	MOVLW      85
0x00D3	0x00FD      	MOVWF      R13
L_motor_led30:
0x00D4	0x0BFD      	DECFSZ     R13, 1
0x00D5	0x28D4      	GOTO       L_motor_led30
0x00D6	0x0BFC      	DECFSZ     R12, 1
0x00D7	0x28D4      	GOTO       L_motor_led30
0x00D8	0x0BFB      	DECFSZ     R11, 1
0x00D9	0x28D4      	GOTO       L_motor_led30
0x00DA	0x0000      	NOP
0x00DB	0x0000      	NOP
;motor.mbas,114 :: 		porta = 0xff
0x00DC	0x30FF      	MOVLW      255
0x00DD	0x0085      	MOVWF      PORTA
;motor.mbas,115 :: 		delay_ms(250)
0x00DE	0x3003      	MOVLW      3
0x00DF	0x00FB      	MOVWF      R11
0x00E0	0x308A      	MOVLW      138
0x00E1	0x00FC      	MOVWF      R12
0x00E2	0x3055      	MOVLW      85
0x00E3	0x00FD      	MOVWF      R13
L_motor_led31:
0x00E4	0x0BFD      	DECFSZ     R13, 1
0x00E5	0x28E4      	GOTO       L_motor_led31
0x00E6	0x0BFC      	DECFSZ     R12, 1
0x00E7	0x28E4      	GOTO       L_motor_led31
0x00E8	0x0BFB      	DECFSZ     R11, 1
0x00E9	0x28E4      	GOTO       L_motor_led31
0x00EA	0x0000      	NOP
0x00EB	0x0000      	NOP
;motor.mbas,116 :: 		porta = 0x00
0x00EC	0x0185      	CLRF       PORTA
0x00ED	0x0008      	RETURN
; end of motor_led
_Adc_Read:
;__Lib_ADC_88X.mpas,13 :: 		
;__Lib_ADC_88X.mpas,15 :: 		
0x00EE	0x303C      	MOVLW      60
0x00EF	0x1283      	BCF        STATUS, 5
0x00F0	0x1303      	BCF        STATUS, 6
0x00F1	0x059F      	ANDWF      ADCON0, 1
;__Lib_ADC_88X.mpas,19 :: 		
0x00F2	0x30C0      	MOVLW      192
0x00F3	0x009F      	MOVWF      ADCON0
;__Lib_ADC_88X.mpas,20 :: 		
0x00F4	0x083F      	MOVF       FARG_Adc_Read_channel, 0
0x00F5	0x00F0      	MOVWF      R0
0x00F6	0x0DF0      	RLF        R0, 1
0x00F7	0x1070      	BCF        R0, 0
0x00F8	0x0DF0      	RLF        R0, 1
0x00F9	0x1070      	BCF        R0, 0
0x00FA	0x0870      	MOVF       R0, 0
0x00FB	0x049F      	IORWF      ADCON0, 1
;__Lib_ADC_88X.mpas,21 :: 		
0x00FC	0x1683      	BSF        STATUS, 5
0x00FD	0x179F      	BSF        ADCON1, 7
;__Lib_ADC_88X.mpas,24 :: 		
0x00FE	0x1283      	BCF        STATUS, 5
0x00FF	0x141F      	BSF        ADCON0, 0
;__Lib_ADC_88X.mpas,27 :: 		
0x0100	0x2094      	CALL       _Delay_22us
;__Lib_ADC_88X.mpas,30 :: 		
0x0101	0x149F      	BSF        ADCON0, 1
;__Lib_ADC_88X.mpas,33 :: 		
L__Adc_Read2:
0x0102	0x1C9F      	BTFSS      ADCON0, 1
0x0103	0x2906      	GOTO       L__Adc_Read3
0x0104	0x0000      	NOP
0x0105	0x2902      	GOTO       L__Adc_Read2
L__Adc_Read3:
;__Lib_ADC_88X.mpas,36 :: 		
0x0106	0x101F      	BCF        ADCON0, 0
;__Lib_ADC_88X.mpas,39 :: 		
0x0107	0x081E      	MOVF       ADRESH, 0
0x0108	0x00F1      	MOVWF      R0+1
0x0109	0x01F0      	CLRF       R0
0x010A	0x1683      	BSF        STATUS, 5
0x010B	0x081E      	MOVF       ADRESL, 0
0x010C	0x0470      	IORWF      R0, 0
0x010D	0x1283      	BCF        STATUS, 5
0x010E	0x00C0      	MOVWF      Adc_Read_local_result
0x010F	0x0871      	MOVF       R0+1, 0
0x0110	0x00C1      	MOVWF      Adc_Read_local_result+1
0x0111	0x3000      	MOVLW      0
0x0112	0x04C1      	IORWF      Adc_Read_local_result+1, 1
;__Lib_ADC_88X.mpas,41 :: 		
0x0113	0x0840      	MOVF       Adc_Read_local_result, 0
0x0114	0x00F0      	MOVWF      R0
0x0115	0x0841      	MOVF       Adc_Read_local_result+1, 0
0x0116	0x00F1      	MOVWF      R0+1
0x0117	0x0008      	RETURN
; end of _Adc_Read
_UART1_Write:
;__Lib_UART_c67.mpas,72 :: 		
;__Lib_UART_c67.mpas,73 :: 		
L__UART1_Write14:
0x0118	0x1683      	BSF        STATUS, 5
0x0119	0x1303      	BCF        STATUS, 6
0x011A	0x1898      	BTFSC      TXSTA, 1
0x011B	0x291E      	GOTO       L__UART1_Write15
0x011C	0x0000      	NOP
0x011D	0x2918      	GOTO       L__UART1_Write14
L__UART1_Write15:
;__Lib_UART_c67.mpas,74 :: 		
0x011E	0x1283      	BCF        STATUS, 5
0x011F	0x083F      	MOVF       FARG_UART1_Write_data_, 0
0x0120	0x0099      	MOVWF      TXREG
;__Lib_UART_c67.mpas,75 :: 		
0x0121	0x0008      	RETURN
; end of _UART1_Write
_UART1_Read:
;__Lib_UART_c67.mpas,54 :: 		
;__Lib_UART_c67.mpas,55 :: 		
0x0122	0x1283      	BCF        STATUS, 5
0x0123	0x1303      	BCF        STATUS, 6
0x0124	0x081A      	MOVF       RCREG, 0
0x0125	0x00F2      	MOVWF      R2
;__Lib_UART_c67.mpas,56 :: 		
0x0126	0x1C98      	BTFSS      RCSTA, 1
0x0127	0x292A      	GOTO       L__UART1_Read9
;__Lib_UART_c67.mpas,58 :: 		
0x0128	0x1218      	BCF        RCSTA, 4
;__Lib_UART_c67.mpas,59 :: 		
0x0129	0x1618      	BSF        RCSTA, 4
;__Lib_UART_c67.mpas,60 :: 		
L__UART1_Read9:
;__Lib_UART_c67.mpas,61 :: 		
0x012A	0x0872      	MOVF       R2, 0
0x012B	0x00F1      	MOVWF      R1
;__Lib_UART_c67.mpas,62 :: 		
0x012C	0x0871      	MOVF       R1, 0
0x012D	0x00F0      	MOVWF      R0
0x012E	0x0008      	RETURN
; end of _UART1_Read
_main:
;motor.mbas,119 :: 		main:
;motor.mbas,120 :: 		OSCCON = %01110101
0x012F	0x3075      	MOVLW      117
0x0130	0x1683      	BSF        STATUS, 5
0x0131	0x1303      	BCF        STATUS, 6
0x0132	0x008F      	MOVWF      OSCCON
;motor.mbas,121 :: 		OPTION_REG=%01000101
0x0133	0x3045      	MOVLW      69
0x0134	0x0081      	MOVWF      OPTION_REG
;motor.mbas,122 :: 		INTCON = %11000000
0x0135	0x30C0      	MOVLW      192
0x0136	0x008B      	MOVWF      INTCON
;motor.mbas,123 :: 		PIE1 = %00000000
0x0137	0x018C      	CLRF       PIE1
;motor.mbas,125 :: 		TRISA= %00000011
0x0138	0x3003      	MOVLW      3
0x0139	0x0085      	MOVWF      TRISA
;motor.mbas,126 :: 		TRISB= %00000000
0x013A	0x0186      	CLRF       TRISB
;motor.mbas,127 :: 		TRISC= %10000000
0x013B	0x3080      	MOVLW      128
0x013C	0x0087      	MOVWF      TRISC
;motor.mbas,129 :: 		ANSEL= %00000011
0x013D	0x3003      	MOVLW      3
0x013E	0x1703      	BSF        STATUS, 6
0x013F	0x0088      	MOVWF      ANSEL
;motor.mbas,130 :: 		ANSELH= %00000000
0x0140	0x0189      	CLRF       ANSELH
;motor.mbas,133 :: 		Servo = 0xff
0x0141	0x30FF      	MOVLW      255
0x0142	0x1283      	BCF        STATUS, 5
0x0143	0x1303      	BCF        STATUS, 6
0x0144	0x00BE      	MOVWF      _Servo
;motor.mbas,134 :: 		T1CON = %00110001
0x0145	0x3031      	MOVLW      49
0x0146	0x0090      	MOVWF      T1CON
;motor.mbas,135 :: 		PIE1 = PIE1 OR %00000001
0x0147	0x1683      	BSF        STATUS, 5
0x0148	0x140C      	BSF        PIE1, 0
;motor.mbas,136 :: 		TMR1L = 0xFF
0x0149	0x30FF      	MOVLW      255
0x014A	0x1283      	BCF        STATUS, 5
0x014B	0x008E      	MOVWF      TMR1L
;motor.mbas,137 :: 		TMR1H = 0xFF
0x014C	0x30FF      	MOVLW      255
0x014D	0x008F      	MOVWF      TMR1H
;motor.mbas,138 :: 		paso = 0
0x014E	0x01B9      	CLRF       _Paso
;motor.mbas,139 :: 		Salidas = 0xffff
0x014F	0x30FF      	MOVLW      255
0x0150	0x00BA      	MOVWF      _Salidas
0x0151	0x30FF      	MOVLW      255
0x0152	0x00BB      	MOVWF      _Salidas+1
;motor.mbas,140 :: 		n_servo = 0x0001
0x0153	0x3001      	MOVLW      1
0x0154	0x00BC      	MOVWF      _n_servo
0x0155	0x01BD      	CLRF       _n_servo+1
;motor.mbas,145 :: 		PIE1 = PIE1 or %00100000
0x0156	0x1683      	BSF        STATUS, 5
0x0157	0x168C      	BSF        PIE1, 5
;motor.mbas,146 :: 		PIR1 = %00000000
0x0158	0x1283      	BCF        STATUS, 5
0x0159	0x018C      	CLRF       PIR1
;motor.mbas,147 :: 		UART1_Init(9600)
0x015A	0x3033      	MOVLW      51
0x015B	0x1683      	BSF        STATUS, 5
0x015C	0x0099      	MOVWF      SPBRG
0x015D	0x1518      	BSF        TXSTA, 2
0x015E	0x209C      	CALL       _UART1_Init
;motor.mbas,150 :: 		PORTA= %00000000
0x015F	0x0185      	CLRF       PORTA
;motor.mbas,151 :: 		PORTB= %00000000
0x0160	0x0186      	CLRF       PORTB
;motor.mbas,152 :: 		PORTC= %00000000
0x0161	0x0187      	CLRF       PORTC
;motor.mbas,154 :: 		TMR0 = 0X00
0x0162	0x0181      	CLRF       TMR0
;motor.mbas,155 :: 		intensidad=5
0x0163	0x3005      	MOVLW      5
0x0164	0x00AC      	MOVWF      _intensidad
;motor.mbas,156 :: 		muestras=0
0x0165	0x01AB      	CLRF       _muestras
;motor.mbas,157 :: 		temp_ac=0
0x0166	0x01A9      	CLRF       _temp_ac
0x0167	0x01AA      	CLRF       _temp_ac+1
;motor.mbas,158 :: 		temp_prom=0
0x0168	0x01B0      	CLRF       _temp_prom
0x0169	0x01B1      	CLRF       _temp_prom+1
;motor.mbas,159 :: 		viajero_uart = 1
0x016A	0x3001      	MOVLW      1
0x016B	0x00AF      	MOVWF      _viajero_uart
;motor.mbas,161 :: 		led()
0x016C	0x20AC      	CALL       motor_led
;motor.mbas,163 :: 		while true
L__main34:
;motor.mbas,164 :: 		temp_ac = 0
0x016D	0x01A9      	CLRF       _temp_ac
0x016E	0x01AA      	CLRF       _temp_ac+1
;motor.mbas,165 :: 		temp_prom = 0
0x016F	0x01B0      	CLRF       _temp_prom
0x0170	0x01B1      	CLRF       _temp_prom+1
;motor.mbas,166 :: 		adxl_analogico = 0
0x0171	0x01AD      	CLRF       _adxl_analogico
0x0172	0x01AE      	CLRF       _adxl_analogico+1
;motor.mbas,167 :: 		adxl_analogico = 0
0x0173	0x01AD      	CLRF       _adxl_analogico
0x0174	0x01AE      	CLRF       _adxl_analogico+1
;motor.mbas,168 :: 		for muestras=1 to 64
0x0175	0x3001      	MOVLW      1
0x0176	0x00AB      	MOVWF      _muestras
L__main39:
;motor.mbas,169 :: 		analogico = Adc_Read(0)
0x0177	0x01BF      	CLRF       FARG_Adc_Read_channel
0x0178	0x20EE      	CALL       _Adc_Read
0x0179	0x0870      	MOVF       R0, 0
0x017A	0x00A7      	MOVWF      _analogico
0x017B	0x0871      	MOVF       R0+1, 0
0x017C	0x00A8      	MOVWF      _analogico+1
;motor.mbas,170 :: 		temp_adxl_analogico = Adc_Read(1)
0x017D	0x3001      	MOVLW      1
0x017E	0x00BF      	MOVWF      FARG_Adc_Read_channel
0x017F	0x20EE      	CALL       _Adc_Read
0x0180	0x0870      	MOVF       R0, 0
0x0181	0x00A5      	MOVWF      _temp_adxl_analogico
0x0182	0x0871      	MOVF       R0+1, 0
0x0183	0x00A6      	MOVWF      _temp_adxl_analogico+1
;motor.mbas,171 :: 		temp_ac = temp_ac + analogico
0x0184	0x0827      	MOVF       _analogico, 0
0x0185	0x07A9      	ADDWF      _temp_ac, 1
0x0186	0x0828      	MOVF       _analogico+1, 0
0x0187	0x1803      	BTFSC      STATUS, 0
0x0188	0x3E01      	ADDLW      1
0x0189	0x07AA      	ADDWF      _temp_ac+1, 1
;motor.mbas,172 :: 		adxl_analogico = adxl_analogico + temp_adxl_analogico
0x018A	0x0870      	MOVF       R0, 0
0x018B	0x07AD      	ADDWF      _adxl_analogico, 1
0x018C	0x0871      	MOVF       R0+1, 0
0x018D	0x1803      	BTFSC      STATUS, 0
0x018E	0x3E01      	ADDLW      1
0x018F	0x07AE      	ADDWF      _adxl_analogico+1, 1
;motor.mbas,173 :: 		next muestras
0x0190	0x082B      	MOVF       _muestras, 0
0x0191	0x3A40      	XORLW      64
0x0192	0x1903      	BTFSC      STATUS, 2
0x0193	0x2996      	GOTO       L__main42
0x0194	0x0AAB      	INCF       _muestras, 1
0x0195	0x2977      	GOTO       L__main39
L__main42:
;motor.mbas,174 :: 		temp_prom = (temp_ac/64)
0x0196	0x3006      	MOVLW      6
0x0197	0x00F0      	MOVWF      R0
0x0198	0x0829      	MOVF       _temp_ac, 0
0x0199	0x00B0      	MOVWF      _temp_prom
0x019A	0x082A      	MOVF       _temp_ac+1, 0
0x019B	0x00B1      	MOVWF      _temp_prom+1
0x019C	0x0870      	MOVF       R0, 0
L__main48:
0x019D	0x1903      	BTFSC      STATUS, 2
0x019E	0x29A4      	GOTO       L__main49
0x019F	0x0CB1      	RRF        _temp_prom+1, 1
0x01A0	0x0CB0      	RRF        _temp_prom, 1
0x01A1	0x13B1      	BCF        _temp_prom+1, 7
0x01A2	0x3EFF      	ADDLW      255
0x01A3	0x299D      	GOTO       L__main48
L__main49:
;motor.mbas,175 :: 		adxl_analogico = (adxl_analogico/64)
0x01A4	0x3006      	MOVLW      6
0x01A5	0x00F0      	MOVWF      R0
0x01A6	0x082D      	MOVF       _adxl_analogico, 0
0x01A7	0x00F3      	MOVWF      R3
0x01A8	0x082E      	MOVF       _adxl_analogico+1, 0
0x01A9	0x00F4      	MOVWF      R3+1
0x01AA	0x0870      	MOVF       R0, 0
L__main50:
0x01AB	0x1903      	BTFSC      STATUS, 2
0x01AC	0x29B2      	GOTO       L__main51
0x01AD	0x0CF4      	RRF        R3+1, 1
0x01AE	0x0CF3      	RRF        R3, 1
0x01AF	0x13F4      	BCF        R3+1, 7
0x01B0	0x3EFF      	ADDLW      255
0x01B1	0x29AB      	GOTO       L__main50
L__main51:
0x01B2	0x0873      	MOVF       R3, 0
0x01B3	0x00AD      	MOVWF      _adxl_analogico
0x01B4	0x0874      	MOVF       R3+1, 0
0x01B5	0x00AE      	MOVWF      _adxl_analogico+1
;motor.mbas,177 :: 		portb = adxl_analogico>>2
0x01B6	0x0873      	MOVF       R3, 0
0x01B7	0x00F0      	MOVWF      R0
0x01B8	0x0874      	MOVF       R3+1, 0
0x01B9	0x00F1      	MOVWF      R0+1
0x01BA	0x0CF1      	RRF        R0+1, 1
0x01BB	0x0CF0      	RRF        R0, 1
0x01BC	0x13F1      	BCF        R0+1, 7
0x01BD	0x0CF1      	RRF        R0+1, 1
0x01BE	0x0CF0      	RRF        R0, 1
0x01BF	0x13F1      	BCF        R0+1, 7
0x01C0	0x0870      	MOVF       R0, 0
0x01C1	0x0086      	MOVWF      PORTB
;motor.mbas,178 :: 		UART1_Write(adxl_analogico>>2)
0x01C2	0x0870      	MOVF       R0, 0
0x01C3	0x00BF      	MOVWF      FARG_UART1_Write_data_
0x01C4	0x2118      	CALL       _UART1_Write
;motor.mbas,179 :: 		Delay_ms(200)
0x01C5	0x3003      	MOVLW      3
0x01C6	0x00FB      	MOVWF      R11
0x01C7	0x3008      	MOVLW      8
0x01C8	0x00FC      	MOVWF      R12
0x01C9	0x3077      	MOVLW      119
0x01CA	0x00FD      	MOVWF      R13
L__main43:
0x01CB	0x0BFD      	DECFSZ     R13, 1
0x01CC	0x29CB      	GOTO       L__main43
0x01CD	0x0BFC      	DECFSZ     R12, 1
0x01CE	0x29CB      	GOTO       L__main43
0x01CF	0x0BFB      	DECFSZ     R11, 1
0x01D0	0x29CB      	GOTO       L__main43
;motor.mbas,180 :: 		wend
0x01D1	0x296D      	GOTO       L__main34
0x01D2	0x29D2      	GOTO       $+0
; end of _main
Symbol List:
//** Routines locations **
//ADDRESS    SIZE    PROCEDURE
//----------------------------------------------
0x0004     [144]    motor_interrupt
0x0094       [8]    _Delay_22us
0x009C      [16]    _UART1_Init
0x00AC      [66]    motor_led
0x00EE      [42]    _Adc_Read
0x0118      [10]    _UART1_Write
0x0122      [13]    _UART1_Read
0x012F     [164]    _main
//** Variables locations ** 
//ADDRESS    SIZE    VARIABLE
//----------------------------------------------
0x0000       [1]    INDF
0x0001       [1]    TMR0
0x0002       [1]    PCL
0x0003       [0]    C_bit
0x0003       [0]    NOT_PD_bit
0x0003       [0]    RP0_bit
0x0003       [0]    Z_bit
0x0003       [0]    IRP_bit
0x0003       [0]    RP1_bit
0x0003       [0]    NOT_TO_bit
0x0003       [0]    DC_bit
0x0003       [1]    STATUS
0x0004       [1]    FSR
0x0004       [1]    FSRPTR
0x0005       [0]    RA0_bit
0x0005       [0]    RA1_bit
0x0005       [0]    RA3_bit
0x0005       [1]    PORTA
0x0005       [0]    RA5_bit
0x0005       [0]    RA6_bit
0x0005       [0]    RA7_bit
0x0005       [0]    RA4_bit
0x0005       [0]    RA2_bit
0x0006       [0]    RB1_bit
0x0006       [0]    RB2_bit
0x0006       [1]    PORTB
0x0006       [0]    RB0_bit
0x0006       [0]    RB3_bit
0x0006       [0]    RB6_bit
0x0006       [0]    RB7_bit
0x0006       [0]    RB4_bit
0x0006       [0]    RB5_bit
0x0007       [1]    PORTC
0x0007       [0]    RC2_bit
0x0007       [0]    RC3_bit
0x0007       [0]    RC0_bit
0x0007       [0]    RC1_bit
0x0007       [0]    RC6_bit
0x0007       [0]    RC7_bit
0x0007       [0]    RC4_bit
0x0007       [0]    RC5_bit
0x0009       [0]    RE3_bit
0x0009       [1]    PORTE
0x000A       [1]    PCLATH
0x000B       [0]    T0IF_bit
0x000B       [0]    RBIE_bit
0x000B       [0]    TMR0IF_bit
0x000B       [0]    RBIF_bit
0x000B       [0]    INTF_bit
0x000B       [0]    INTE_bit
0x000B       [0]    GIE_bit
0x000B       [1]    INTCON
0x000B       [0]    PEIE_bit
0x000B       [0]    TMR0IE_bit
0x000B       [0]    T0IE_bit
0x000C       [0]    CCP1IF_bit
0x000C       [0]    TMR2IF_bit
0x000C       [0]    TMR1IF_bit
0x000C       [0]    SSPIF_bit
0x000C       [0]    ADIF_bit
0x000C       [1]    PIR1
0x000C       [0]    TXIF_bit
0x000C       [0]    RCIF_bit
0x000D       [0]    EEIF_bit
0x000D       [1]    PIR2
0x000D       [0]    BCLIF_bit
0x000D       [0]    ULPWUIF_bit
0x000D       [0]    C2IF_bit
0x000D       [0]    OSFIF_bit
0x000D       [0]    C1IF_bit
0x000D       [0]    CCP2IF_bit
0x000E       [1]    TMR1L
0x000F       [1]    TMR1H
0x0010       [0]    NOT_T1SYNC_bit
0x0010       [0]    T1OSCEN_bit
0x0010       [0]    T1CKPS0_bit
0x0010       [0]    T1INSYNC_bit
0x0010       [0]    TMR1ON_bit
0x0010       [0]    TMR1CS_bit
0x0010       [0]    T1SYNC_bit
0x0010       [0]    T1CKPS1_bit
0x0010       [1]    T1CON
0x0010       [0]    T1GINV_bit
0x0010       [0]    TMR1GE_bit
0x0011       [1]    TMR2
0x0012       [0]    TOUTPS1_bit
0x0012       [0]    TOUTPS0_bit
0x0012       [0]    T2CKPS0_bit
0x0012       [0]    T2CKPS1_bit
0x0012       [0]    TMR2ON_bit
0x0012       [1]    T2CON
0x0012       [0]    TOUTPS3_bit
0x0012       [0]    TOUTPS2_bit
0x0013       [1]    SSPBUF
0x0014       [0]    SSPM2_bit
0x0014       [0]    SSPM3_bit
0x0014       [0]    SSPM0_bit
0x0014       [0]    SSPM1_bit
0x0014       [0]    CKP_bit
0x0014       [0]    WCOL_bit
0x0014       [1]    SSPCON
0x0014       [0]    SSPEN_bit
0x0014       [0]    SSPOV_bit
0x0015       [2]    CCPR1
0x0015       [1]    CCPR1L
0x0016       [1]    CCPR1H
0x0017       [0]    DC1B1_bit
0x0017       [0]    CCP1M2_bit
0x0017       [0]    CCP1M3_bit
0x0017       [1]    CCP1CON
0x0017       [0]    CCP1X_bit
0x0017       [0]    DC1B0_bit
0x0017       [0]    P1M0_bit
0x0017       [0]    P1M1_bit
0x0017       [0]    CCP1Y_bit
0x0017       [0]    CCP1M0_bit
0x0017       [0]    CCP1M1_bit
0x0018       [1]    RCSTA
0x0018       [0]    RC8_9_bit
0x0018       [0]    RCD8_bit
0x0018       [0]    NOT_RC8_bit
0x0018       [0]    OERR_bit
0x0018       [0]    SPEN_bit
0x0018       [0]    SREN_bit
0x0018       [0]    ADDEN_bit
0x0018       [0]    FERR_bit
0x0018       [0]    CREN_bit
0x0018       [0]    RX9_bit
0x0018       [0]    RX9D_bit
0x0018       [0]    RC9_bit
0x0019       [1]    TXREG
0x001A       [1]    RCREG
0x001B       [2]    CCPR2
0x001B       [1]    CCPR2L
0x001C       [1]    CCPR2H
0x001D       [0]    DC2B1_bit
0x001D       [0]    CCP2X_bit
0x001D       [0]    CCP2M2_bit
0x001D       [0]    CCP2Y_bit
0x001D       [0]    CCP2M3_bit
0x001D       [1]    CCP2CON
0x001D       [0]    CCP2M1_bit
0x001D       [0]    DC2B0_bit
0x001D       [0]    CCP2M0_bit
0x001E       [1]    ADRESH
0x001F       [0]    CHS2_bit
0x001F       [0]    CHS1_bit
0x001F       [0]    CHS3_bit
0x001F       [0]    ADCS1_bit
0x001F       [0]    ADCS0_bit
0x001F       [1]    ADCON0
0x001F       [0]    ADON_bit
0x001F       [0]    GO_DONE_bit
0x001F       [0]    CHS0_bit
0x001F       [0]    NOT_DONE_bit
0x001F       [0]    GO_bit
0x0023       [1]    ___savePCLATH
0x0024       [1]    ___saveSTATUS
0x0025       [2]    _temp_adxl_analogico
0x0027       [2]    _analogico
0x0029       [2]    _temp_ac
0x002B       [1]    _muestras
0x002C       [1]    _intensidad
0x002D       [2]    _adxl_analogico
0x002F       [1]    _viajero_uart
0x0030       [2]    _temp_prom
0x0032       [2]    ___DoICPAddr
0x0034       [1]    _usart_receive
0x0035       [2]    _temp_var
0x0037       [2]    _MaskPort
0x0039       [1]    _Paso
0x003A       [2]    _Salidas
0x003C       [2]    _n_servo
0x003E       [1]    _Servo
0x003F       [1]    FARG_UART1_Write_data_
0x003F       [1]    FARG_Adc_Read_channel
0x0040       [2]    Adc_Read_local_result
0x0070       [1]    R0
0x0071       [1]    R1
0x0072       [1]    R2
0x0073       [1]    R3
0x0074       [1]    R4
0x0075       [1]    R5
0x0076       [1]    R6
0x0077       [1]    R7
0x0078       [1]    R8
0x0079       [1]    R9
0x007A       [1]    R10
0x007B       [1]    R11
0x007C       [1]    R12
0x007D       [1]    R13
0x007E       [1]    R14
0x007F       [1]    R15
0x0081       [1]    OPTION_REG
0x0081       [0]    PS2_bit
0x0081       [0]    PSA_bit
0x0081       [0]    PS0_bit
0x0081       [0]    PS1_bit
0x0081       [0]    INTEDG_bit
0x0081       [0]    NOT_RBPU_bit
0x0081       [0]    T0SE_bit
0x0081       [0]    T0CS_bit
0x0085       [0]    TRISA7_bit
0x0085       [0]    TRISA6_bit
0x0085       [1]    TRISA
0x0085       [0]    TRISA2_bit
0x0085       [0]    TRISA3_bit
0x0085       [0]    TRISA0_bit
0x0085       [0]    TRISA1_bit
0x0085       [0]    TRISA5_bit
0x0085       [0]    TRISA4_bit
0x0086       [0]    TRISB2_bit
0x0086       [0]    TRISB3_bit
0x0086       [0]    TRISB0_bit
0x0086       [0]    TRISB1_bit
0x0086       [0]    TRISB4_bit
0x0086       [0]    TRISB5_bit
0x0086       [0]    TRISB6_bit
0x0086       [0]    TRISB7_bit
0x0086       [1]    TRISB
0x0087       [0]    TRISC6_bit
0x0087       [0]    TRISC7_bit
0x0087       [0]    TRISC1_bit
0x0087       [0]    TRISC0_bit
0x0087       [1]    TRISC
0x0087       [0]    TRISC2_bit
0x0087       [0]    TRISC5_bit
0x0087       [0]    TRISC4_bit
0x0087       [0]    TRISC3_bit
0x0089       [1]    TRISE
0x0089       [0]    TRISE3_bit
0x008C       [0]    SSPIE_bit
0x008C       [0]    CCP1IE_bit
0x008C       [0]    TMR2IE_bit
0x008C       [0]    TXIE_bit
0x008C       [0]    ADIE_bit
0x008C       [1]    PIE1
0x008C       [0]    RCIE_bit
0x008C       [0]    TMR1IE_bit
0x008D       [0]    BCLIE_bit
0x008D       [0]    ULPWUIE_bit
0x008D       [0]    CCP2IE_bit
0x008D       [0]    EEIE_bit
0x008D       [0]    OSFIE_bit
0x008D       [0]    C2IE_bit
0x008D       [0]    C1IE_bit
0x008D       [1]    PIE2
0x008E       [1]    PCON
0x008E       [0]    NOT_BOR_bit
0x008E       [0]    SBOREN_bit
0x008E       [0]    ULPWUE_bit
0x008E       [0]    NOT_BO_bit
0x008E       [0]    NOT_POR_bit
0x008F       [0]    IRCF0_bit
0x008F       [0]    IRCF2_bit
0x008F       [0]    IRCF1_bit
0x008F       [0]    LTS_bit
0x008F       [0]    OSTS_bit
0x008F       [0]    HTS_bit
0x008F       [0]    SCS_bit
0x008F       [1]    OSCCON
0x0090       [0]    TUN0_bit
0x0090       [0]    TUN2_bit
0x0090       [0]    TUN1_bit
0x0090       [0]    TUN3_bit
0x0090       [1]    OSCTUNE
0x0090       [0]    TUN4_bit
0x0091       [0]    PEN_bit
0x0091       [0]    ACKEN_bit
0x0091       [0]    SEN_bit
0x0091       [0]    RCEN_bit
0x0091       [1]    SSPCON2
0x0091       [0]    GCEN_bit
0x0091       [0]    ACKDT_bit
0x0091       [0]    RSEN_bit
0x0091       [0]    ACKSTAT_bit
0x0092       [1]    PR2
0x0093       [1]    SSPADD
0x0093       [1]    SSPMSK
0x0093       [1]    MSK
0x0094       [0]    D_A_bit
0x0094       [0]    D_bit
0x0094       [0]    I2C_STOP__bit
0x0094       [0]    DATA_ADDRESS_bit
0x0094       [0]    P_bit
0x0094       [0]    CKE_bit
0x0094       [0]    SMP_bit
0x0094       [0]    I2C_DATA_bit
0x0094       [0]    NOT_ADDRESS_bit
0x0094       [0]    NOT_A_bit
0x0094       [0]    I2C_READ_bit
0x0094       [0]    READ_WRITE_bit
0x0094       [0]    R_bit
0x0094       [0]    UA_bit
0x0094       [1]    SSPSTAT
0x0094       [0]    NOT_W_bit
0x0094       [0]    R_W_bit
0x0094       [0]    NOT_WRITE_bit
0x0094       [0]    I2C_START__bit
0x0094       [0]    BF_bit
0x0094       [0]    S_bit
0x0095       [0]    WPUB5_bit
0x0095       [0]    WPUB3_bit
0x0095       [1]    WPUB
0x0095       [0]    WPUB4_bit
0x0095       [0]    WPUB6_bit
0x0095       [0]    WPUB1_bit
0x0095       [0]    WPUB0_bit
0x0095       [0]    WPUB2_bit
0x0095       [0]    WPUB7_bit
0x0096       [0]    IOCB4_bit
0x0096       [0]    IOCB5_bit
0x0096       [0]    IOCB3_bit
0x0096       [0]    IOCB6_bit
0x0096       [0]    IOCB0_bit
0x0096       [0]    IOCB7_bit
0x0096       [0]    IOCB1_bit
0x0096       [0]    IOCB2_bit
0x0096       [1]    IOCB
0x0097       [0]    VR2_bit
0x0097       [0]    VR3_bit
0x0097       [0]    VR0_bit
0x0097       [0]    VR1_bit
0x0097       [0]    VRSS_bit
0x0097       [0]    VREN_bit
0x0097       [1]    VRCON
0x0097       [0]    VRR_bit
0x0097       [0]    VROE_bit
0x0098       [1]    TXSTA
0x0098       [0]    TXD8_bit
0x0098       [0]    SYNC_bit
0x0098       [0]    TX8_9_bit
0x0098       [0]    TXEN_bit
0x0098       [0]    SENDB_bit
0x0098       [0]    BRGH_bit
0x0098       [0]    TX9D_bit
0x0098       [0]    TRMT_bit
0x0098       [0]    NOT_TX8_bit
0x0098       [0]    TX9_bit
0x0098       [0]    CSRC_bit
0x0099       [0]    BRG7_bit
0x0099       [0]    BRG6_bit
0x0099       [0]    BRG5_bit
0x0099       [0]    BRG4_bit
0x0099       [0]    BRG3_bit
0x0099       [0]    BRG2_bit
0x0099       [0]    BRG1_bit
0x0099       [1]    SPBRG
0x0099       [0]    BRG0_bit
0x009A       [0]    BRG11_bit
0x009A       [0]    BRG12_bit
0x009A       [0]    BRG10_bit
0x009A       [0]    BRG8_bit
0x009A       [0]    BRG9_bit
0x009A       [0]    BRG15_bit
0x009A       [1]    SPBRGH
0x009A       [0]    BRG13_bit
0x009A       [0]    BRG14_bit
0x009B       [0]    PDC2_bit
0x009B       [0]    PDC3_bit
0x009B       [0]    PDC0_bit
0x009B       [0]    PDC1_bit
0x009B       [0]    PDC4_bit
0x009B       [0]    PRSEN_bit
0x009B       [1]    PWM1CON
0x009B       [0]    PDC6_bit
0x009B       [0]    PDC5_bit
0x009C       [0]    PSSAC0_bit
0x009C       [0]    PSSAC1_bit
0x009C       [0]    PSSBD1_bit
0x009C       [1]    ECCPAS
0x009C       [0]    PSSBD0_bit
0x009C       [0]    ECCPASE_bit
0x009C       [0]    ECCPAS2_bit
0x009C       [0]    ECCPAS0_bit
0x009C       [0]    ECCPAS1_bit
0x009D       [0]    STRA_bit
0x009D       [1]    PSTRCON
0x009D       [0]    STRB_bit
0x009D       [0]    STRSYNC_bit
0x009D       [0]    STRD_bit
0x009D       [0]    STRC_bit
0x009E       [1]    ADRESL
0x009F       [0]    VCFG0_bit
0x009F       [0]    VCFG1_bit
0x009F       [0]    ADFM_bit
0x009F       [1]    ADCON1
0x0105       [0]    WDTPS1_bit
0x0105       [0]    WDTPS0_bit
0x0105       [0]    SWDTEN_bit
0x0105       [1]    WDTCON
0x0105       [0]    WDTPS3_bit
0x0105       [0]    WDTPS2_bit
0x0107       [0]    C1POL_bit
0x0107       [0]    C1R_bit
0x0107       [0]    C1CH1_bit
0x0107       [0]    C1ON_bit
0x0107       [0]    C1OUT_bit
0x0107       [0]    C1OE_bit
0x0107       [1]    CM1CON0
0x0107       [0]    C1CH0_bit
0x0108       [0]    C2CH1_bit
0x0108       [0]    C2CH0_bit
0x0108       [1]    CM2CON0
0x0108       [0]    C2R_bit
0x0108       [0]    C2OUT_bit
0x0108       [0]    C2ON_bit
0x0108       [0]    C2POL_bit
0x0108       [0]    C2OE_bit
0x0109       [0]    C1RSEL_bit
0x0109       [0]    C2SYNC_bit
0x0109       [0]    T1GSS_bit
0x0109       [0]    C2RSEL_bit
0x0109       [1]    CM2CON1
0x0109       [0]    MC1OUT_bit
0x0109       [0]    MC2OUT_bit
0x010C       [1]    EEDATA
0x010C       [1]    EEDAT
0x010D       [1]    EEADR
0x010E       [1]    EEDATH
0x010F       [1]    EEADRH
0x0185       [0]    C1SEN_bit
0x0185       [0]    PULSR_bit
0x0185       [0]    FVREN_bit
0x0185       [0]    C2REN_bit
0x0185       [0]    PULSS_bit
0x0185       [1]    SRCON
0x0185       [0]    SR1_bit
0x0185       [0]    SR0_bit
0x0187       [0]    SCKP_bit
0x0187       [0]    RCIDL_bit
0x0187       [0]    BRG16_bit
0x0187       [0]    ABDEN_bit
0x0187       [0]    WUE_bit
0x0187       [1]    BAUDCTL
0x0187       [0]    ABDOVF_bit
0x0188       [1]    ANSEL
0x0188       [0]    ANS3_bit
0x0188       [0]    ANS4_bit
0x0188       [0]    ANS0_bit
0x0188       [0]    ANS1_bit
0x0188       [0]    ANS2_bit
0x0189       [0]    ANS8_bit
0x0189       [0]    ANS13_bit
0x0189       [0]    ANS9_bit
0x0189       [0]    ANS12_bit
0x0189       [1]    ANSELH
0x0189       [0]    ANS10_bit
0x0189       [0]    ANS11_bit
0x018C       [0]    WREN_bit
0x018C       [0]    WRERR_bit
0x018C       [0]    EEPGD_bit
0x018C       [0]    WR_bit
0x018C       [1]    EECON1
0x018C       [0]    RD_bit
0x018D       [1]    EECON2
//** Label List: ** 
//----------------------------------------------
  L_end_motor_interrupt
  L_motor_interrupt1
  L_motor_interrupt2
  L_motor_interrupt3
  L_motor_interrupt4
  L_motor_interrupt5
  L_motor_interrupt6
  L_motor_interrupt7
  L_motor_interrupt8
  L_motor_interrupt9
  L_motor_interrupt10
  L_motor_interrupt11
  L_motor_interrupt12
  L_motor_interrupt13
  L_motor_interrupt14
  L_motor_interrupt15
  L_motor_interrupt16
  L_motor_interrupt17
  L_motor_interrupt18
  L_motor_interrupt19
  L_motor_interrupt20
  L_motor_interrupt21
  L_motor_interrupt22
  L_motor_interrupt23
  L_motor_interrupt24
  L_motor_interrupt25
  L_motor_interrupt26
  L_end_motor_led
  L_motor_led28
  L_motor_led29
  L_motor_led30
  L_motor_led31
  L_end__main
  L__main33
  L__main34
  L__main35
  L__main36
  L__main37
  L__main38
  L__main39
  L__main40
  L__main41
  L__main42
  L__main43
  motor_interrupt
  L_motor_interrupt44
  L_motor_interrupt45
  L_motor_interrupt46
  L_motor_interrupt47
  motor_led
  _main
  L__main48
  L__main49
  L__main50
  L__main51
  L_end__Adc_Read
  L__Adc_Read1
  L__Adc_Read2
  L__Adc_Read3
  L__Adc_Read4
  L__Adc_Read5
  _Adc_Read
  L_end__Get_Fosc_kHz
  L_end__Delay_1us
  L_end__Delay_10us
  L__Delay_10us3
  L_end__Delay_22us
  L__Delay_22us5
  L_end__Delay_50us
  L__Delay_50us7
  L_end__Delay_80us
  L__Delay_80us9
  L_end__Delay_500us
  L__Delay_500us11
  L_end__Delay_5500us
  L__Delay_5500us13
  L_end__Delay_5ms
  L__Delay_5ms15
  L_end__Delay_8ms
  L__Delay_8ms17
  L_end__Delay_10ms
  L__Delay_10ms19
  L_end__Delay_100ms
  L__Delay_100ms21
  L_end__Delay_1sec
  L__Delay_1sec23
  L_end__Delay_Cyc
  L__Delay_Cyc25
  L__Delay_Cyc26
  L__Delay_Cyc27
  L__Delay_Cyc28
  L__Delay_Cyc29
  L_end__VDelay_ms
  L__VDelay_ms31
  L__VDelay_ms32
  L__VDelay_ms33
  L__VDelay_ms34
  L__VDelay_ms35
  L__VDelay_ms36
  L__VDelay_ms37
  L__VDelay_ms38
  L_end__VDelay_Advanced_ms
  L__VDelay_Advanced_ms40
  L__VDelay_Advanced_ms41
  L__VDelay_Advanced_ms42
  L__VDelay_Advanced_ms43
  L__VDelay_Advanced_ms44
  L__VDelay_Advanced_ms45
  L__VDelay_Advanced_ms46
  L__VDelay_Advanced_ms47
  _Get_Fosc_kHz
  _Delay_1us
  _Delay_10us
  _Delay_22us
  _Delay_50us
  _Delay_80us
  _Delay_500us
  _Delay_5500us
  _Delay_5ms
  _Delay_8ms
  _Delay_10ms
  _Delay_100ms
  _Delay_1sec
  _Delay_Cyc
  _VDelay_ms
  L__VDelay_ms48
  L__VDelay_ms49
  L__VDelay_ms50
  L__VDelay_ms51
  _VDelay_Advanced_ms
  L__VDelay_Advanced_ms52
  L__VDelay_Advanced_ms53
  L__VDelay_Advanced_ms54
  L__VDelay_Advanced_ms55
  L_end__UART1_Init
  L__UART1_Init1
  L__UART1_Init2
  L__UART1_Init3
  L__UART1_Init4
  L__UART1_Init5
  L_end__UART1_Data_Ready
  L_end__UART1_Read
  L__UART1_Read8
  L__UART1_Read9
  L__UART1_Read10
  L_end__UART1_TX_Idle
  L_end__UART1_Write
  L__UART1_Write13
  L__UART1_Write14
  L__UART1_Write15
  L__UART1_Write16
  L__UART1_Write17
  L_end__UART1_Write_Text
  L__UART1_Write_Text19
  L__UART1_Write_Text20
  L__UART1_Write_Text21
  L__UART1_Write_Text22
  L__UART1_Write_Text23
  L_end__UART1_Read_Text
  L__UART1_Read_Text25
  L__UART1_Read_Text26
  L__UART1_Read_Text27
  L__UART1_Read_Text28
  L__UART1_Read_Text29
  L__UART1_Read_Text30
  L__UART1_Read_Text31
  L__UART1_Read_Text32
  L__UART1_Read_Text33
  L__UART1_Read_Text34
  L__UART1_Read_Text35
  L__UART1_Read_Text36
  L__UART1_Read_Text37
  L__UART1_Read_Text38
  L__UART1_Read_Text39
  L__UART1_Read_Text40
  L__UART1_Read_Text41
  L__UART1_Read_Text42
  L__UART1_Read_Text43
  L__UART1_Read_Text44
  L__UART1_Read_Text45
  L__UART1_Read_Text46
  _UART1_Init
  _UART1_Data_Ready
  _UART1_Read
  _UART1_TX_Idle
  _UART1_Write
  _UART1_Write_Text
  _UART1_Read_Text
  L_end_motor_interrupt
  L_motor_interrupt1
  L_motor_interrupt2
  L_motor_interrupt3
  L_motor_interrupt4
  L_motor_interrupt5
  L_motor_interrupt6
  L_motor_interrupt7
  L_motor_interrupt8
  L_motor_interrupt9
  L_motor_interrupt10
  L_motor_interrupt11
  L_motor_interrupt12
  L_motor_interrupt13
  L_motor_interrupt14
  L_motor_interrupt15
  L_motor_interrupt16
  L_motor_interrupt17
  L_motor_interrupt18
  L_motor_interrupt19
  L_motor_interrupt20
  L_motor_interrupt21
  L_motor_interrupt22
  L_motor_interrupt23
  L_motor_interrupt24
  L_motor_interrupt25
  L_motor_interrupt26
  L_end_motor_led
  L_motor_led28
  L_motor_led29
  L_motor_led30
  L_motor_led31
  L_end__main
  L__main33
  L__main34
  L__main35
  L__main36
  L__main37
  L__main38
  L__main39
  L__main40
  L__main41
  L__main42
  L__main43
  motor_interrupt
  L_motor_interrupt44
  L_motor_interrupt45
  L_motor_interrupt46
  L_motor_interrupt47
  motor_led
  _main
  L__main48
  L__main49
  L__main50
  L__main51
  L_end__UART1_Init
  L__UART1_Init1
  L__UART1_Init2
  L__UART1_Init3
  L__UART1_Init4
  L__UART1_Init5
  L_end__UART1_Data_Ready
  L_end__UART1_Read
  L__UART1_Read8
  L__UART1_Read9
  L__UART1_Read10
  L_end__UART1_TX_Idle
  L_end__UART1_Write
  L__UART1_Write13
  L__UART1_Write14
  L__UART1_Write15
  L__UART1_Write16
  L__UART1_Write17
  L_end__UART1_Write_Text
  L__UART1_Write_Text19
  L__UART1_Write_Text20
  L__UART1_Write_Text21
  L__UART1_Write_Text22
  L__UART1_Write_Text23
  L_end__UART1_Read_Text
  L__UART1_Read_Text25
  L__UART1_Read_Text26
  L__UART1_Read_Text27
  L__UART1_Read_Text28
  L__UART1_Read_Text29
  L__UART1_Read_Text30
  L__UART1_Read_Text31
  L__UART1_Read_Text32
  L__UART1_Read_Text33
  L__UART1_Read_Text34
  L__UART1_Read_Text35
  L__UART1_Read_Text36
  L__UART1_Read_Text37
  L__UART1_Read_Text38
  L__UART1_Read_Text39
  L__UART1_Read_Text40
  L__UART1_Read_Text41
  L__UART1_Read_Text42
  L__UART1_Read_Text43
  L__UART1_Read_Text44
  L__UART1_Read_Text45
  L__UART1_Read_Text46
  _UART1_Init
  _UART1_Data_Ready
  _UART1_Read
  _UART1_TX_Idle
  _UART1_Write
  _UART1_Write_Text
  _UART1_Read_Text
