;  LST file generated by mikroListExporter - v.2.0 
; Date/Time: 27/01/2011 2:26:44
;----------------------------------------------

;Address Opcode 	ASM
0x0000	0x2A0A      	GOTO       522
0x0001	0x0000      	NOP
0x0002	0x0000      	NOP
0x0003	0x0000      	NOP
0x0004	0x29BF      	GOTO       447
_Delay_22us:
;__Lib_Delays.mbas,32 :: 		sub procedure Delay_22us()
;__Lib_Delays.mbas,33 :: 		Delay_us(22)
0x0005	0x3007      	MOVLW      7
0x0006	0x00FD      	MOVWF      R13
L__Delay_22us6:
0x0007	0x0BFD      	DECFSZ     R13, 1
0x0008	0x2807      	GOTO       L__Delay_22us6
0x0009	0x0008      	RETURN
; end of _Delay_22us
_Mul_16x16_U:
;__Lib_Math.mpas,121 :: 		
;__Lib_Math.mpas,127 :: 		
0x000A	0x1283      	BCF        STATUS, 5
;__Lib_Math.mpas,128 :: 		
0x000B	0x1303      	BCF        STATUS, 6
;__Lib_Math.mpas,129 :: 		
0x000C	0x01FB      	CLRF       R11
;__Lib_Math.mpas,130 :: 		
0x000D	0x01FA      	CLRF       R10
;__Lib_Math.mpas,131 :: 		
0x000E	0x01F9      	CLRF       R9
;__Lib_Math.mpas,132 :: 		
0x000F	0x3080      	MOVLW      128
;__Lib_Math.mpas,133 :: 		
0x0010	0x00F8      	MOVWF      R8
;__Lib_Math.mpas,134 :: 		
0x0011	0x0CF1      	RRF        R1, 1
;__Lib_Math.mpas,135 :: 		
0x0012	0x0CF0      	RRF        R0, 1
;__Lib_Math.mpas,136 :: 		
0x0013	0x1C03      	BTFSS      STATUS, 0
;__Lib_Math.mpas,137 :: 		
0x0014	0x281E      	GOTO       $+10
;__Lib_Math.mpas,138 :: 		
0x0015	0x0874      	MOVF       R4, 0
;__Lib_Math.mpas,139 :: 		
0x0016	0x07F9      	ADDWF      R9, 1
;__Lib_Math.mpas,140 :: 		
0x0017	0x0875      	MOVF       R5, 0
;__Lib_Math.mpas,141 :: 		
0x0018	0x1803      	BTFSC      STATUS, 0
;__Lib_Math.mpas,142 :: 		
0x0019	0x0F75      	INCFSZ     R5, 0
;__Lib_Math.mpas,143 :: 		
0x001A	0x07FA      	ADDWF      R10, 1
;__Lib_Math.mpas,144 :: 		
0x001B	0x1803      	BTFSC      STATUS, 0
;__Lib_Math.mpas,145 :: 		
0x001C	0x0AFB      	INCF       R11, 1
;__Lib_Math.mpas,146 :: 		
0x001D	0x1003      	BCF        STATUS, 0
;__Lib_Math.mpas,147 :: 		
0x001E	0x1FF0      	BTFSS      R0, 7
;__Lib_Math.mpas,148 :: 		
0x001F	0x2826      	GOTO       $+7
;__Lib_Math.mpas,149 :: 		
0x0020	0x0874      	MOVF       R4, 0
;__Lib_Math.mpas,150 :: 		
0x0021	0x07FA      	ADDWF      R10, 1
;__Lib_Math.mpas,151 :: 		
0x0022	0x0875      	MOVF       R5, 0
;__Lib_Math.mpas,152 :: 		
0x0023	0x1803      	BTFSC      STATUS, 0
;__Lib_Math.mpas,153 :: 		
0x0024	0x0F75      	INCFSZ     R5, 0
;__Lib_Math.mpas,154 :: 		
0x0025	0x07FB      	ADDWF      R11, 1
;__Lib_Math.mpas,155 :: 		
0x0026	0x0CFB      	RRF        R11, 1
;__Lib_Math.mpas,156 :: 		
0x0027	0x0CFA      	RRF        R10, 1
;__Lib_Math.mpas,157 :: 		
0x0028	0x0CF9      	RRF        R9, 1
;__Lib_Math.mpas,158 :: 		
0x0029	0x0CF8      	RRF        R8, 1
;__Lib_Math.mpas,159 :: 		
0x002A	0x1C03      	BTFSS      STATUS, 0
;__Lib_Math.mpas,160 :: 		
0x002B	0x2811      	GOTO       $-26
;__Lib_Math.mpas,161 :: 		
0x002C	0x087B      	MOVF       R11, 0
;__Lib_Math.mpas,162 :: 		
0x002D	0x00F3      	MOVWF      R3
;__Lib_Math.mpas,163 :: 		
0x002E	0x087A      	MOVF       R10, 0
;__Lib_Math.mpas,164 :: 		
0x002F	0x00F2      	MOVWF      R2
;__Lib_Math.mpas,165 :: 		
0x0030	0x0879      	MOVF       R9, 0
;__Lib_Math.mpas,166 :: 		
0x0031	0x00F1      	MOVWF      R1
;__Lib_Math.mpas,167 :: 		
0x0032	0x0878      	MOVF       R8, 0
;__Lib_Math.mpas,168 :: 		
0x0033	0x00F0      	MOVWF      R0
;__Lib_Math.mpas,170 :: 		
0x0034	0x0008      	RETURN
; end of _Mul_16x16_U
_Div_16x16_U:
;__Lib_Math.mpas,199 :: 		
;__Lib_Math.mpas,205 :: 		
0x0035	0x1283      	BCF        STATUS, 5
;__Lib_Math.mpas,206 :: 		
0x0036	0x1303      	BCF        STATUS, 6
;__Lib_Math.mpas,207 :: 		
0x0037	0x01F8      	CLRF       R8
;__Lib_Math.mpas,208 :: 		
0x0038	0x01F9      	CLRF       R9
;__Lib_Math.mpas,209 :: 		
0x0039	0x3010      	MOVLW      16
;__Lib_Math.mpas,210 :: 		
0x003A	0x00FC      	MOVWF      R12
;__Lib_Math.mpas,211 :: 		
0x003B	0x0D71      	RLF        R1, 0
;__Lib_Math.mpas,212 :: 		
0x003C	0x0DF8      	RLF        R8, 1
;__Lib_Math.mpas,213 :: 		
0x003D	0x0DF9      	RLF        R9, 1
;__Lib_Math.mpas,214 :: 		
0x003E	0x0874      	MOVF       R4, 0
;__Lib_Math.mpas,215 :: 		
0x003F	0x02F8      	SUBWF      R8, 1
;__Lib_Math.mpas,216 :: 		
0x0040	0x0875      	MOVF       R5, 0
;__Lib_Math.mpas,217 :: 		
0x0041	0x1C03      	BTFSS      STATUS, 0
;__Lib_Math.mpas,218 :: 		
0x0042	0x0F75      	INCFSZ     R5, 0
;__Lib_Math.mpas,219 :: 		
0x0043	0x02F9      	SUBWF      R9, 1
;__Lib_Math.mpas,220 :: 		
0x0044	0x1803      	BTFSC      STATUS, 0
;__Lib_Math.mpas,221 :: 		
0x0045	0x284D      	GOTO       $+8
;__Lib_Math.mpas,222 :: 		
0x0046	0x0874      	MOVF       R4, 0
;__Lib_Math.mpas,223 :: 		
0x0047	0x07F8      	ADDWF      R8, 1
;__Lib_Math.mpas,224 :: 		
0x0048	0x0875      	MOVF       R5, 0
;__Lib_Math.mpas,225 :: 		
0x0049	0x1803      	BTFSC      STATUS, 0
;__Lib_Math.mpas,226 :: 		
0x004A	0x0F75      	INCFSZ     R5, 0
;__Lib_Math.mpas,227 :: 		
0x004B	0x07F9      	ADDWF      R9, 1
;__Lib_Math.mpas,228 :: 		
0x004C	0x1003      	BCF        STATUS, 0
;__Lib_Math.mpas,229 :: 		
0x004D	0x0DF0      	RLF        R0, 1
;__Lib_Math.mpas,230 :: 		
0x004E	0x0DF1      	RLF        R1, 1
;__Lib_Math.mpas,231 :: 		
0x004F	0x0BFC      	DECFSZ     R12, 1
;__Lib_Math.mpas,232 :: 		
0x0050	0x283B      	GOTO       $-21
;__Lib_Math.mpas,234 :: 		
0x0051	0x0008      	RETURN
; end of _Div_16x16_U
_UART1_Write:
;__Lib_UART_c67.mpas,72 :: 		
;__Lib_UART_c67.mpas,73 :: 		
L__UART1_Write14:
0x0052	0x1683      	BSF        STATUS, 5
0x0053	0x1303      	BCF        STATUS, 6
0x0054	0x1898      	BTFSC      TXSTA, 1
0x0055	0x2858      	GOTO       L__UART1_Write15
0x0056	0x0000      	NOP
0x0057	0x2852      	GOTO       L__UART1_Write14
L__UART1_Write15:
;__Lib_UART_c67.mpas,74 :: 		
0x0058	0x1283      	BCF        STATUS, 5
0x0059	0x083A      	MOVF       FARG_UART1_Write_data_, 0
0x005A	0x0099      	MOVWF      TXREG
;__Lib_UART_c67.mpas,75 :: 		
0x005B	0x0008      	RETURN
; end of _UART1_Write
_PWM2_Init:
;__Lib_PWM_c21.mpas,50 :: 		
;__Lib_PWM_c21.mpas,52 :: 		
0x005C	0x1283      	BCF        STATUS, 5
0x005D	0x1303      	BCF        STATUS, 6
0x005E	0x019B      	CLRF       CCPR2L
;__Lib_PWM_c21.mpas,53 :: 		
0x005F	0x121D      	BCF        CCP2Y_bit, 4
;__Lib_PWM_c21.mpas,54 :: 		
0x0060	0x129D      	BCF        CCP2X_bit, 5
;__Lib_PWM_c21.mpas,55 :: 		
0x0061	0x0008      	RETURN
; end of _PWM2_Init
_PWM1_Start:
;__Lib_PWM_c21.mpas,34 :: 		
;__Lib_PWM_c21.mpas,35 :: 		
0x0062	0x1683      	BSF        STATUS, 5
0x0063	0x1303      	BCF        STATUS, 6
0x0064	0x1107      	BCF        TRISC2_bit, 2
;__Lib_PWM_c21.mpas,36 :: 		
0x0065	0x1283      	BCF        STATUS, 5
0x0066	0x1512      	BSF        TMR2ON_bit, 2
;__Lib_PWM_c21.mpas,37 :: 		
0x0067	0x300C      	MOVLW      12
0x0068	0x0497      	IORWF      CCP1CON, 1
;__Lib_PWM_c21.mpas,38 :: 		
0x0069	0x0008      	RETURN
; end of _PWM1_Start
_PWM2_Start:
;__Lib_PWM_c21.mpas,69 :: 		
;__Lib_PWM_c21.mpas,70 :: 		
0x006A	0x1683      	BSF        STATUS, 5
0x006B	0x1303      	BCF        STATUS, 6
0x006C	0x1087      	BCF        TRISC1_bit, 1
;__Lib_PWM_c21.mpas,71 :: 		
0x006D	0x1283      	BCF        STATUS, 5
0x006E	0x1512      	BSF        TMR2ON_bit, 2
;__Lib_PWM_c21.mpas,72 :: 		
0x006F	0x300C      	MOVLW      12
0x0070	0x049D      	IORWF      CCP2CON, 1
;__Lib_PWM_c21.mpas,73 :: 		
0x0071	0x0008      	RETURN
; end of _PWM2_Start
_PWM2_Set_Duty:
;__Lib_PWM_c21.mpas,60 :: 		
;__Lib_PWM_c21.mpas,61 :: 		
0x0072	0x1683      	BSF        STATUS, 5
0x0073	0x1303      	BCF        STATUS, 6
0x0074	0x0812      	MOVF       PR2, 0
0x0075	0x00F0      	MOVWF      R0
0x0076	0x01F1      	CLRF       R0+1
0x0077	0x0AF0      	INCF       R0, 1
0x0078	0x1903      	BTFSC      STATUS, 2
0x0079	0x0AF1      	INCF       R0+1, 1
0x007A	0x1283      	BCF        STATUS, 5
0x007B	0x0834      	MOVF       FARG_PWM2_Set_Duty_new_duty, 0
0x007C	0x00F4      	MOVWF      R4
0x007D	0x01F5      	CLRF       R4+1
0x007E	0x200A      	CALL       _Mul_16x16_U
0x007F	0x3006      	MOVLW      6
0x0080	0x00F2      	MOVWF      R2
0x0081	0x0870      	MOVF       R0, 0
0x0082	0x00F4      	MOVWF      R4
0x0083	0x0871      	MOVF       R0+1, 0
0x0084	0x00F5      	MOVWF      R4+1
0x0085	0x0872      	MOVF       R2, 0
L__PWM2_Set_Duty12:
0x0086	0x1903      	BTFSC      STATUS, 2
0x0087	0x288D      	GOTO       L__PWM2_Set_Duty13
0x0088	0x0CF5      	RRF        R4+1, 1
0x0089	0x0CF4      	RRF        R4, 1
0x008A	0x13F5      	BCF        R4+1, 7
0x008B	0x3EFF      	ADDLW      255
0x008C	0x2886      	GOTO       L__PWM2_Set_Duty12
L__PWM2_Set_Duty13:
;__Lib_PWM_c21.mpas,62 :: 		
0x008D	0x3004      	MOVLW      4
0x008E	0x00F1      	MOVWF      R1
0x008F	0x0874      	MOVF       R4, 0
0x0090	0x00F0      	MOVWF      R0
0x0091	0x0871      	MOVF       R1, 0
L__PWM2_Set_Duty14:
0x0092	0x1903      	BTFSC      STATUS, 2
0x0093	0x2898      	GOTO       L__PWM2_Set_Duty15
0x0094	0x0DF0      	RLF        R0, 1
0x0095	0x1070      	BCF        R0, 0
0x0096	0x3EFF      	ADDLW      255
0x0097	0x2892      	GOTO       L__PWM2_Set_Duty14
L__PWM2_Set_Duty15:
0x0098	0x1283      	BCF        STATUS, 5
0x0099	0x1303      	BCF        STATUS, 6
0x009A	0x3030      	MOVLW      48
0x009B	0x0570      	ANDWF      R0, 0
0x009C	0x00F3      	MOVWF      R3
;__Lib_PWM_c21.mpas,63 :: 		
0x009D	0x0874      	MOVF       R4, 0
0x009E	0x00F0      	MOVWF      R0
0x009F	0x0875      	MOVF       R4+1, 0
0x00A0	0x00F1      	MOVWF      R0+1
0x00A1	0x0CF1      	RRF        R0+1, 1
0x00A2	0x0CF0      	RRF        R0, 1
0x00A3	0x13F1      	BCF        R0+1, 7
0x00A4	0x0CF1      	RRF        R0+1, 1
0x00A5	0x0CF0      	RRF        R0, 1
0x00A6	0x13F1      	BCF        R0+1, 7
0x00A7	0x0870      	MOVF       R0, 0
0x00A8	0x009B      	MOVWF      CCPR2L
;__Lib_PWM_c21.mpas,64 :: 		
0x00A9	0x300F      	MOVLW      15
0x00AA	0x059D      	ANDWF      CCP2CON, 1
;__Lib_PWM_c21.mpas,65 :: 		
0x00AB	0x0873      	MOVF       R3, 0
0x00AC	0x049D      	IORWF      CCP2CON, 1
;__Lib_PWM_c21.mpas,66 :: 		
0x00AD	0x0008      	RETURN
; end of _PWM2_Set_Duty
_Adc_Read:
;__Lib_ADC_88X.mpas,13 :: 		
;__Lib_ADC_88X.mpas,14 :: 		
0x00AE	0x30C0      	MOVLW      192
0x00AF	0x1283      	BCF        STATUS, 5
0x00B0	0x1303      	BCF        STATUS, 6
0x00B1	0x009F      	MOVWF      ADCON0
;__Lib_ADC_88X.mpas,15 :: 		
0x00B2	0x0834      	MOVF       FARG_Adc_Read_channel, 0
0x00B3	0x00F0      	MOVWF      R0
0x00B4	0x0DF0      	RLF        R0, 1
0x00B5	0x1070      	BCF        R0, 0
0x00B6	0x0DF0      	RLF        R0, 1
0x00B7	0x1070      	BCF        R0, 0
0x00B8	0x0870      	MOVF       R0, 0
0x00B9	0x049F      	IORWF      ADCON0, 1
;__Lib_ADC_88X.mpas,16 :: 		
0x00BA	0x1683      	BSF        STATUS, 5
0x00BB	0x179F      	BSF        ADCON1, 7
;__Lib_ADC_88X.mpas,19 :: 		
0x00BC	0x1283      	BCF        STATUS, 5
0x00BD	0x141F      	BSF        ADCON0, 0
;__Lib_ADC_88X.mpas,22 :: 		
0x00BE	0x2005      	CALL       _Delay_22us
;__Lib_ADC_88X.mpas,25 :: 		
0x00BF	0x149F      	BSF        ADCON0, 1
;__Lib_ADC_88X.mpas,28 :: 		
L__Adc_Read2:
0x00C0	0x1C9F      	BTFSS      ADCON0, 1
0x00C1	0x28C4      	GOTO       L__Adc_Read3
0x00C2	0x0000      	NOP
0x00C3	0x28C0      	GOTO       L__Adc_Read2
L__Adc_Read3:
;__Lib_ADC_88X.mpas,31 :: 		
0x00C4	0x101F      	BCF        ADCON0, 0
;__Lib_ADC_88X.mpas,34 :: 		
0x00C5	0x081E      	MOVF       ADRESH, 0
0x00C6	0x00F3      	MOVWF      R3
0x00C7	0x01F4      	CLRF       R3+1
0x00C8	0x0873      	MOVF       R3, 0
0x00C9	0x00F1      	MOVWF      R0+1
0x00CA	0x01F0      	CLRF       R0
0x00CB	0x1683      	BSF        STATUS, 5
0x00CC	0x081E      	MOVF       ADRESL, 0
0x00CD	0x0470      	IORWF      R0, 0
0x00CE	0x1283      	BCF        STATUS, 5
0x00CF	0x00B5      	MOVWF      Adc_Read_local_result
0x00D0	0x0871      	MOVF       R0+1, 0
0x00D1	0x00B6      	MOVWF      Adc_Read_local_result+1
0x00D2	0x3000      	MOVLW      0
0x00D3	0x04B6      	IORWF      Adc_Read_local_result+1, 1
;__Lib_ADC_88X.mpas,36 :: 		
0x00D4	0x0835      	MOVF       Adc_Read_local_result, 0
0x00D5	0x00F0      	MOVWF      R0
0x00D6	0x0836      	MOVF       Adc_Read_local_result+1, 0
0x00D7	0x00F1      	MOVWF      R0+1
0x00D8	0x0008      	RETURN
; end of _Adc_Read
_PWM1_Init:
;__Lib_PWM_c21.mpas,15 :: 		
;__Lib_PWM_c21.mpas,17 :: 		
0x00D9	0x1283      	BCF        STATUS, 5
0x00DA	0x1303      	BCF        STATUS, 6
0x00DB	0x0195      	CLRF       CCPR1L
;__Lib_PWM_c21.mpas,18 :: 		
0x00DC	0x1217      	BCF        CCP1Y_bit, 4
;__Lib_PWM_c21.mpas,19 :: 		
0x00DD	0x1297      	BCF        CCP1X_bit, 5
;__Lib_PWM_c21.mpas,20 :: 		
0x00DE	0x0008      	RETURN
; end of _PWM1_Init
_UART1_Data_Ready:
;__Lib_UART_c67.mpas,46 :: 		
;__Lib_UART_c67.mpas,47 :: 		
0x00DF	0x3000      	MOVLW      0
0x00E0	0x1283      	BCF        STATUS, 5
0x00E1	0x1303      	BCF        STATUS, 6
0x00E2	0x1A8C      	BTFSC      PIR1, 5
0x00E3	0x3001      	MOVLW      1
0x00E4	0x00F1      	MOVWF      R1
;__Lib_UART_c67.mpas,48 :: 		
0x00E5	0x0871      	MOVF       R1, 0
0x00E6	0x00F0      	MOVWF      R0
0x00E7	0x0008      	RETURN
; end of _UART1_Data_Ready
_UART1_Init:
;__Lib_UART_c67.mpas,33 :: 		
;__Lib_UART_c67.mpas,34 :: 		
0x00E8	0x1683      	BSF        STATUS, 5
0x00E9	0x1303      	BCF        STATUS, 6
0x00EA	0x1698      	BSF        TXSTA, 5
;__Lib_UART_c67.mpas,35 :: 		
0x00EB	0x3090      	MOVLW      144
0x00EC	0x1283      	BCF        STATUS, 5
0x00ED	0x0098      	MOVWF      RCSTA
;__Lib_UART_c67.mpas,36 :: 		
0x00EE	0x1683      	BSF        STATUS, 5
0x00EF	0x1787      	BSF        TRISC7_bit, 7
;__Lib_UART_c67.mpas,37 :: 		
0x00F0	0x1307      	BCF        TRISC6_bit, 6
;__Lib_UART_c67.mpas,38 :: 		
L__UART1_Init2:
0x00F1	0x1283      	BCF        STATUS, 5
0x00F2	0x1E8C      	BTFSS      PIR1, 5
0x00F3	0x28F7      	GOTO       L__UART1_Init3
;__Lib_UART_c67.mpas,39 :: 		
0x00F4	0x081A      	MOVF       RCREG, 0
0x00F5	0x00F0      	MOVWF      R0
0x00F6	0x28F1      	GOTO       L__UART1_Init2
L__UART1_Init3:
;__Lib_UART_c67.mpas,40 :: 		
0x00F7	0x0008      	RETURN
; end of _UART1_Init
_WordToStr:
;__Lib_Conversions.mpas,49 :: 		
;__Lib_Conversions.mpas,50 :: 		
0x00F8	0x3001      	MOVLW      1
0x00F9	0x1283      	BCF        STATUS, 5
0x00FA	0x1303      	BCF        STATUS, 6
0x00FB	0x00B7      	MOVWF      WordToStr_len
;__Lib_Conversions.mpas,51 :: 		
0x00FC	0x3004      	MOVLW      4
0x00FD	0x00B8      	MOVWF      WordToStr_tmp
;__Lib_Conversions.mpas,52 :: 		
0x00FE	0x0835      	MOVF       FARG_WordToStr_input+1, 0
0x00FF	0x3C00      	SUBLW      0
0x0100	0x1D03      	BTFSS      STATUS, 2
0x0101	0x2904      	GOTO       L__WordToStr200
0x0102	0x0834      	MOVF       FARG_WordToStr_input, 0
0x0103	0x3C09      	SUBLW      9
L__WordToStr200:
0x0104	0x1803      	BTFSC      STATUS, 0
0x0105	0x2907      	GOTO       L__WordToStr11
;__Lib_Conversions.mpas,53 :: 		
0x0106	0x0AB7      	INCF       WordToStr_len, 1
L__WordToStr11:
;__Lib_Conversions.mpas,54 :: 		
0x0107	0x0835      	MOVF       FARG_WordToStr_input+1, 0
0x0108	0x3C00      	SUBLW      0
0x0109	0x1D03      	BTFSS      STATUS, 2
0x010A	0x290D      	GOTO       L__WordToStr201
0x010B	0x0834      	MOVF       FARG_WordToStr_input, 0
0x010C	0x3C63      	SUBLW      99
L__WordToStr201:
0x010D	0x1803      	BTFSC      STATUS, 0
0x010E	0x2910      	GOTO       L__WordToStr14
;__Lib_Conversions.mpas,55 :: 		
0x010F	0x0AB7      	INCF       WordToStr_len, 1
L__WordToStr14:
;__Lib_Conversions.mpas,56 :: 		
0x0110	0x0835      	MOVF       FARG_WordToStr_input+1, 0
0x0111	0x3C03      	SUBLW      3
0x0112	0x1D03      	BTFSS      STATUS, 2
0x0113	0x2916      	GOTO       L__WordToStr202
0x0114	0x0834      	MOVF       FARG_WordToStr_input, 0
0x0115	0x3CE7      	SUBLW      231
L__WordToStr202:
0x0116	0x1803      	BTFSC      STATUS, 0
0x0117	0x2919      	GOTO       L__WordToStr17
;__Lib_Conversions.mpas,57 :: 		
0x0118	0x0AB7      	INCF       WordToStr_len, 1
L__WordToStr17:
;__Lib_Conversions.mpas,58 :: 		
0x0119	0x0835      	MOVF       FARG_WordToStr_input+1, 0
0x011A	0x3C27      	SUBLW      39
0x011B	0x1D03      	BTFSS      STATUS, 2
0x011C	0x291F      	GOTO       L__WordToStr203
0x011D	0x0834      	MOVF       FARG_WordToStr_input, 0
0x011E	0x3C0F      	SUBLW      15
L__WordToStr203:
0x011F	0x1803      	BTFSC      STATUS, 0
0x0120	0x2922      	GOTO       L__WordToStr20
;__Lib_Conversions.mpas,59 :: 		
0x0121	0x0AB7      	INCF       WordToStr_len, 1
L__WordToStr20:
;__Lib_Conversions.mpas,61 :: 		
0x0122	0x0836      	MOVF       FARG_WordToStr_output, 0
0x0123	0x0084      	MOVWF      FSR
0x0124	0x3020      	MOVLW      32
0x0125	0x0080      	MOVWF      INDF
0x0126	0x0A84      	INCF       FSR, 1
0x0127	0x3020      	MOVLW      32
0x0128	0x0080      	MOVWF      INDF
0x0129	0x0A84      	INCF       FSR, 1
0x012A	0x3020      	MOVLW      32
0x012B	0x0080      	MOVWF      INDF
0x012C	0x0A84      	INCF       FSR, 1
0x012D	0x3020      	MOVLW      32
0x012E	0x0080      	MOVWF      INDF
0x012F	0x0A84      	INCF       FSR, 1
0x0130	0x3020      	MOVLW      32
0x0131	0x0080      	MOVWF      INDF
0x0132	0x0A84      	INCF       FSR, 1
0x0133	0x0180      	CLRF       INDF
0x0134	0x0A84      	INCF       FSR, 1
;__Lib_Conversions.mpas,62 :: 		
L__WordToStr23:
0x0135	0x0837      	MOVF       WordToStr_len, 0
0x0136	0x3C00      	SUBLW      0
0x0137	0x1803      	BTFSC      STATUS, 0
0x0138	0x295F      	GOTO       L__WordToStr24
;__Lib_Conversions.mpas,64 :: 		
0x0139	0x0838      	MOVF       WordToStr_tmp, 0
0x013A	0x0736      	ADDWF      FARG_WordToStr_output, 0
0x013B	0x00F0      	MOVWF      R0
0x013C	0x0870      	MOVF       R0, 0
0x013D	0x00B9      	MOVWF      FLOC__WordToStr
0x013E	0x300A      	MOVLW      10
0x013F	0x00F4      	MOVWF      R4
0x0140	0x01F5      	CLRF       R4+1
0x0141	0x0834      	MOVF       FARG_WordToStr_input, 0
0x0142	0x00F0      	MOVWF      R0
0x0143	0x0835      	MOVF       FARG_WordToStr_input+1, 0
0x0144	0x00F1      	MOVWF      R0+1
0x0145	0x2035      	CALL       _Div_16x16_U
0x0146	0x0878      	MOVF       R8, 0
0x0147	0x00F0      	MOVWF      R0
0x0148	0x0879      	MOVF       R8+1, 0
0x0149	0x00F1      	MOVWF      R0+1
0x014A	0x3030      	MOVLW      48
0x014B	0x07F0      	ADDWF      R0, 1
0x014C	0x0839      	MOVF       FLOC__WordToStr, 0
0x014D	0x0084      	MOVWF      FSR
0x014E	0x0870      	MOVF       R0, 0
0x014F	0x0080      	MOVWF      INDF
;__Lib_Conversions.mpas,65 :: 		
0x0150	0x03B8      	DECF       WordToStr_tmp, 1
;__Lib_Conversions.mpas,66 :: 		
0x0151	0x300A      	MOVLW      10
0x0152	0x00F4      	MOVWF      R4
0x0153	0x01F5      	CLRF       R4+1
0x0154	0x0834      	MOVF       FARG_WordToStr_input, 0
0x0155	0x00F0      	MOVWF      R0
0x0156	0x0835      	MOVF       FARG_WordToStr_input+1, 0
0x0157	0x00F1      	MOVWF      R0+1
0x0158	0x2035      	CALL       _Div_16x16_U
0x0159	0x0870      	MOVF       R0, 0
0x015A	0x00B4      	MOVWF      FARG_WordToStr_input
0x015B	0x0871      	MOVF       R0+1, 0
0x015C	0x00B5      	MOVWF      FARG_WordToStr_input+1
;__Lib_Conversions.mpas,67 :: 		
0x015D	0x03B7      	DECF       WordToStr_len, 1
;__Lib_Conversions.mpas,68 :: 		
0x015E	0x2935      	GOTO       L__WordToStr23
L__WordToStr24:
;__Lib_Conversions.mpas,69 :: 		
0x015F	0x0008      	RETURN
; end of _WordToStr
_PWM1_Set_Duty:
;__Lib_PWM_c21.mpas,25 :: 		
;__Lib_PWM_c21.mpas,26 :: 		
0x0160	0x1683      	BSF        STATUS, 5
0x0161	0x1303      	BCF        STATUS, 6
0x0162	0x0812      	MOVF       PR2, 0
0x0163	0x00F0      	MOVWF      R0
0x0164	0x01F1      	CLRF       R0+1
0x0165	0x0AF0      	INCF       R0, 1
0x0166	0x1903      	BTFSC      STATUS, 2
0x0167	0x0AF1      	INCF       R0+1, 1
0x0168	0x1283      	BCF        STATUS, 5
0x0169	0x0834      	MOVF       FARG_PWM1_Set_Duty_new_duty, 0
0x016A	0x00F4      	MOVWF      R4
0x016B	0x01F5      	CLRF       R4+1
0x016C	0x200A      	CALL       _Mul_16x16_U
0x016D	0x3006      	MOVLW      6
0x016E	0x00F2      	MOVWF      R2
0x016F	0x0870      	MOVF       R0, 0
0x0170	0x00F4      	MOVWF      R4
0x0171	0x0871      	MOVF       R0+1, 0
0x0172	0x00F5      	MOVWF      R4+1
0x0173	0x0872      	MOVF       R2, 0
L__PWM1_Set_Duty8:
0x0174	0x1903      	BTFSC      STATUS, 2
0x0175	0x297B      	GOTO       L__PWM1_Set_Duty9
0x0176	0x0CF5      	RRF        R4+1, 1
0x0177	0x0CF4      	RRF        R4, 1
0x0178	0x13F5      	BCF        R4+1, 7
0x0179	0x3EFF      	ADDLW      255
0x017A	0x2974      	GOTO       L__PWM1_Set_Duty8
L__PWM1_Set_Duty9:
;__Lib_PWM_c21.mpas,27 :: 		
0x017B	0x3004      	MOVLW      4
0x017C	0x00F1      	MOVWF      R1
0x017D	0x0874      	MOVF       R4, 0
0x017E	0x00F0      	MOVWF      R0
0x017F	0x0871      	MOVF       R1, 0
L__PWM1_Set_Duty10:
0x0180	0x1903      	BTFSC      STATUS, 2
0x0181	0x2986      	GOTO       L__PWM1_Set_Duty11
0x0182	0x0DF0      	RLF        R0, 1
0x0183	0x1070      	BCF        R0, 0
0x0184	0x3EFF      	ADDLW      255
0x0185	0x2980      	GOTO       L__PWM1_Set_Duty10
L__PWM1_Set_Duty11:
0x0186	0x1283      	BCF        STATUS, 5
0x0187	0x1303      	BCF        STATUS, 6
0x0188	0x3030      	MOVLW      48
0x0189	0x0570      	ANDWF      R0, 0
0x018A	0x00F3      	MOVWF      R3
;__Lib_PWM_c21.mpas,28 :: 		
0x018B	0x0874      	MOVF       R4, 0
0x018C	0x00F0      	MOVWF      R0
0x018D	0x0875      	MOVF       R4+1, 0
0x018E	0x00F1      	MOVWF      R0+1
0x018F	0x0CF1      	RRF        R0+1, 1
0x0190	0x0CF0      	RRF        R0, 1
0x0191	0x13F1      	BCF        R0+1, 7
0x0192	0x0CF1      	RRF        R0+1, 1
0x0193	0x0CF0      	RRF        R0, 1
0x0194	0x13F1      	BCF        R0+1, 7
0x0195	0x0870      	MOVF       R0, 0
0x0196	0x0095      	MOVWF      CCPR1L
;__Lib_PWM_c21.mpas,29 :: 		
0x0197	0x300F      	MOVLW      15
0x0198	0x0597      	ANDWF      CCP1CON, 1
;__Lib_PWM_c21.mpas,30 :: 		
0x0199	0x0873      	MOVF       R3, 0
0x019A	0x0497      	IORWF      CCP1CON, 1
;__Lib_PWM_c21.mpas,31 :: 		
0x019B	0x0008      	RETURN
; end of _PWM1_Set_Duty
_UART1_Write_Text:
;__Lib_UART_c67.mpas,80 :: 		
;__Lib_UART_c67.mpas,81 :: 		
0x019C	0x1283      	BCF        STATUS, 5
0x019D	0x1303      	BCF        STATUS, 6
0x019E	0x01B5      	CLRF       UART1_Write_Text_counter
;__Lib_UART_c67.mpas,82 :: 		
0x019F	0x0834      	MOVF       FARG_UART1_Write_Text_uart_text, 0
0x01A0	0x0084      	MOVWF      FSR
0x01A1	0x0800      	MOVF       INDF, 0
0x01A2	0x00B6      	MOVWF      UART1_Write_Text_data_
;__Lib_UART_c67.mpas,83 :: 		
L__UART1_Write_Text20:
0x01A3	0x0836      	MOVF       UART1_Write_Text_data_, 0
0x01A4	0x3A00      	XORLW      0
0x01A5	0x1903      	BTFSC      STATUS, 2
0x01A6	0x29B1      	GOTO       L__UART1_Write_Text21
;__Lib_UART_c67.mpas,85 :: 		
0x01A7	0x0836      	MOVF       UART1_Write_Text_data_, 0
0x01A8	0x00BA      	MOVWF      FARG_UART1_Write_data_
0x01A9	0x2052      	CALL       _UART1_Write
;__Lib_UART_c67.mpas,86 :: 		
0x01AA	0x0AB5      	INCF       UART1_Write_Text_counter, 1
;__Lib_UART_c67.mpas,87 :: 		
0x01AB	0x0835      	MOVF       UART1_Write_Text_counter, 0
0x01AC	0x0734      	ADDWF      FARG_UART1_Write_Text_uart_text, 0
0x01AD	0x0084      	MOVWF      FSR
0x01AE	0x0800      	MOVF       INDF, 0
0x01AF	0x00B6      	MOVWF      UART1_Write_Text_data_
;__Lib_UART_c67.mpas,88 :: 		
0x01B0	0x29A3      	GOTO       L__UART1_Write_Text20
L__UART1_Write_Text21:
;__Lib_UART_c67.mpas,89 :: 		
0x01B1	0x0008      	RETURN
; end of _UART1_Write_Text
_UART1_Read:
;__Lib_UART_c67.mpas,54 :: 		
;__Lib_UART_c67.mpas,55 :: 		
0x01B2	0x1283      	BCF        STATUS, 5
0x01B3	0x1303      	BCF        STATUS, 6
0x01B4	0x081A      	MOVF       RCREG, 0
0x01B5	0x00F2      	MOVWF      R2
;__Lib_UART_c67.mpas,56 :: 		
0x01B6	0x1C98      	BTFSS      RCSTA, 1
0x01B7	0x29BA      	GOTO       L__UART1_Read9
;__Lib_UART_c67.mpas,58 :: 		
0x01B8	0x1218      	BCF        RCSTA, 4
;__Lib_UART_c67.mpas,59 :: 		
0x01B9	0x1618      	BSF        RCSTA, 4
;__Lib_UART_c67.mpas,60 :: 		
L__UART1_Read9:
;__Lib_UART_c67.mpas,61 :: 		
0x01BA	0x0872      	MOVF       R2, 0
0x01BB	0x00F1      	MOVWF      R1
;__Lib_UART_c67.mpas,62 :: 		
0x01BC	0x0871      	MOVF       R1, 0
0x01BD	0x00F0      	MOVWF      R0
0x01BE	0x0008      	RETURN
; end of _UART1_Read
Adquisicion_interrupt:
0x01BF	0x00FF      	MOVWF      R15
0x01C0	0x0E03      	SWAPF      STATUS, 0
0x01C1	0x0183      	CLRF       STATUS
0x01C2	0x00AC      	MOVWF      ___saveSTATUS
0x01C3	0x080A      	MOVF       PCLATH, 0
0x01C4	0x00AB      	MOVWF      ___savePCLATH
0x01C5	0x018A      	CLRF       PCLATH
0x01C6	0x0870      	MOVF       R0, 0
0x01C7	0x00A5      	MOVWF      37
0x01C8	0x0871      	MOVF       R1, 0
0x01C9	0x00A4      	MOVWF      36
0x01CA	0x0872      	MOVF       R2, 0
0x01CB	0x00A3      	MOVWF      35
0x01CC	0x087B      	MOVF       R11, 0
0x01CD	0x00A2      	MOVWF      34
0x01CE	0x087C      	MOVF       R12, 0
0x01CF	0x00A1      	MOVWF      33
0x01D0	0x087D      	MOVF       R13, 0
0x01D1	0x00A0      	MOVWF      32
;Adquisicion.mbas,44 :: 		sub procedure interrupt                   ' Interrupt service routine
;Adquisicion.mbas,45 :: 		if (UART1_Data_Ready() = 1) then
0x01D2	0x20DF      	CALL       _UART1_Data_Ready
0x01D3	0x0870      	MOVF       R0, 0
0x01D4	0x3A01      	XORLW      1
0x01D5	0x1D03      	BTFSS      STATUS, 2
0x01D6	0x29F7      	GOTO       L_Adquisicion_interrupt2
;Adquisicion.mbas,46 :: 		porta.2=1
0x01D7	0x1505      	BSF        PORTA, 2
;Adquisicion.mbas,47 :: 		delay_ms(300)
0x01D8	0x3002      	MOVLW      2
0x01D9	0x00FB      	MOVWF      R11
0x01DA	0x3086      	MOVLW      134
0x01DB	0x00FC      	MOVWF      R12
0x01DC	0x3099      	MOVLW      153
0x01DD	0x00FD      	MOVWF      R13
L_Adquisicion_interrupt4:
0x01DE	0x0BFD      	DECFSZ     R13, 1
0x01DF	0x29DE      	GOTO       L_Adquisicion_interrupt4
0x01E0	0x0BFC      	DECFSZ     R12, 1
0x01E1	0x29DE      	GOTO       L_Adquisicion_interrupt4
0x01E2	0x0BFB      	DECFSZ     R11, 1
0x01E3	0x29DE      	GOTO       L_Adquisicion_interrupt4
;Adquisicion.mbas,48 :: 		porta.2=0
0x01E4	0x1105      	BCF        PORTA, 2
;Adquisicion.mbas,49 :: 		delay_ms(300)
0x01E5	0x3002      	MOVLW      2
0x01E6	0x00FB      	MOVWF      R11
0x01E7	0x3086      	MOVLW      134
0x01E8	0x00FC      	MOVWF      R12
0x01E9	0x3099      	MOVLW      153
0x01EA	0x00FD      	MOVWF      R13
L_Adquisicion_interrupt5:
0x01EB	0x0BFD      	DECFSZ     R13, 1
0x01EC	0x29EB      	GOTO       L_Adquisicion_interrupt5
0x01ED	0x0BFC      	DECFSZ     R12, 1
0x01EE	0x29EB      	GOTO       L_Adquisicion_interrupt5
0x01EF	0x0BFB      	DECFSZ     R11, 1
0x01F0	0x29EB      	GOTO       L_Adquisicion_interrupt5
;Adquisicion.mbas,50 :: 		receive = UART1_Read()
0x01F1	0x21B2      	CALL       _UART1_Read
0x01F2	0x0870      	MOVF       R0, 0
0x01F3	0x00A6      	MOVWF      _receive
;Adquisicion.mbas,51 :: 		velocidad=receive
0x01F4	0x0870      	MOVF       R0, 0
0x01F5	0x00A9      	MOVWF      _velocidad
0x01F6	0x01AA      	CLRF       _velocidad+1
L_Adquisicion_interrupt2:
;Adquisicion.mbas,69 :: 		end if
L_Adquisicion_interrupt22:
0x01F7	0x0825      	MOVF       37, 0
0x01F8	0x00F0      	MOVWF      R0
0x01F9	0x0824      	MOVF       36, 0
0x01FA	0x00F1      	MOVWF      R1
0x01FB	0x0823      	MOVF       35, 0
0x01FC	0x00F2      	MOVWF      R2
0x01FD	0x0822      	MOVF       34, 0
0x01FE	0x00FB      	MOVWF      R11
0x01FF	0x0821      	MOVF       33, 0
0x0200	0x00FC      	MOVWF      R12
0x0201	0x0820      	MOVF       32, 0
0x0202	0x00FD      	MOVWF      R13
0x0203	0x082B      	MOVF       ___savePCLATH, 0
0x0204	0x008A      	MOVWF      PCLATH
0x0205	0x0E2C      	SWAPF      ___saveSTATUS, 0
0x0206	0x0083      	MOVWF      STATUS
0x0207	0x0EFF      	SWAPF      R15, 1
0x0208	0x0E7F      	SWAPF      R15, 0
0x0209	0x0009      	RETFIE
; end of Adquisicion_interrupt
_main:
;Adquisicion.mbas,73 :: 		main:
;Adquisicion.mbas,74 :: 		OPTION_REG=%10000000
0x020A	0x3080      	MOVLW      128
0x020B	0x1683      	BSF        STATUS, 5
0x020C	0x1303      	BCF        STATUS, 6
0x020D	0x0081      	MOVWF      OPTION_REG
;Adquisicion.mbas,75 :: 		INTCON = %11000000       ' Enable external interrupts bit(7) and bit(6) de permiso q no se controlan con INTCON
0x020E	0x30C0      	MOVLW      192
0x020F	0x008B      	MOVWF      INTCON
;Adquisicion.mbas,80 :: 		PIE1 = %00100000         ' enable Timer1 interrupt
0x0210	0x3020      	MOVLW      32
0x0211	0x008C      	MOVWF      PIE1
;Adquisicion.mbas,83 :: 		ANSEL =  %00000111           'REGISTRO CONFIG. O DIGITAL, 1 ANALOGICO
0x0212	0x3007      	MOVLW      7
0x0213	0x1703      	BSF        STATUS, 6
0x0214	0x0088      	MOVWF      ANSEL
;Adquisicion.mbas,84 :: 		ANSELH = %00000000           'REGISTRO CONFIG. O DIGITAL, 1 ANALOGICO
0x0215	0x0189      	CLRF       ANSELH
;Adquisicion.mbas,87 :: 		trisa  = %00000111           ' Configuracion IN/OUT PORTA
0x0216	0x3007      	MOVLW      7
0x0217	0x1303      	BCF        STATUS, 6
0x0218	0x0085      	MOVWF      TRISA
;Adquisicion.mbas,88 :: 		trisb  = %00000000           ' Configuracion IN/OUT PORTB
0x0219	0x0186      	CLRF       TRISB
;Adquisicion.mbas,89 :: 		trisc  = %10000000           ' Configuracion IN/OUT PORTC
0x021A	0x3080      	MOVLW      128
0x021B	0x0087      	MOVWF      TRISC
;Adquisicion.mbas,92 :: 		PORTA  = %00000000           ' Inicializacion PORTA
0x021C	0x1283      	BCF        STATUS, 5
0x021D	0x0185      	CLRF       PORTA
;Adquisicion.mbas,93 :: 		PORTC  = %00000000           ' Inicializacion PORTC
0x021E	0x0187      	CLRF       PORTC
;Adquisicion.mbas,96 :: 		Uart1_Init(9600)                 ' Initialize USART module
0x021F	0x3019      	MOVLW      25
0x0220	0x1683      	BSF        STATUS, 5
0x0221	0x0099      	MOVWF      SPBRG
0x0222	0x1518      	BSF        TXSTA, 2
0x0223	0x20E8      	CALL       _UART1_Init
;Adquisicion.mbas,98 :: 		PWM1_Init(1000)                    ' Initialize PWM1 module at 5KHz
0x0224	0x1012      	BCF        T2CON, 0
0x0225	0x1092      	BCF        T2CON, 1
0x0226	0x1412      	BSF        T2CON, 0
0x0227	0x1092      	BCF        T2CON, 1
0x0228	0x30F9      	MOVLW      249
0x0229	0x1683      	BSF        STATUS, 5
0x022A	0x0092      	MOVWF      PR2
0x022B	0x20D9      	CALL       _PWM1_Init
;Adquisicion.mbas,99 :: 		PWM2_Init(1000)                    ' Initialize PWM2 module at 5KHz
0x022C	0x1012      	BCF        T2CON, 0
0x022D	0x1092      	BCF        T2CON, 1
0x022E	0x1412      	BSF        T2CON, 0
0x022F	0x1092      	BCF        T2CON, 1
0x0230	0x30F9      	MOVLW      249
0x0231	0x1683      	BSF        STATUS, 5
0x0232	0x0092      	MOVWF      PR2
0x0233	0x205C      	CALL       _PWM2_Init
;Adquisicion.mbas,101 :: 		PWM1_Start()                       ' start PWM1
0x0234	0x2062      	CALL       _PWM1_Start
;Adquisicion.mbas,102 :: 		PWM2_Start()                       ' start PWM2
0x0235	0x206A      	CALL       _PWM2_Start
;Adquisicion.mbas,103 :: 		PWM1_Set_Duty(0)
0x0236	0x01B4      	CLRF       FARG_PWM1_Set_Duty_new_duty
0x0237	0x2160      	CALL       _PWM1_Set_Duty
;Adquisicion.mbas,104 :: 		PWM2_Set_Duty(0)
0x0238	0x01B4      	CLRF       FARG_PWM2_Set_Duty_new_duty
0x0239	0x2072      	CALL       _PWM2_Set_Duty
;Adquisicion.mbas,106 :: 		while true
L__main8:
;Adquisicion.mbas,107 :: 		velocidad=ADC_read(0)>>2
0x023A	0x01B4      	CLRF       FARG_Adc_Read_channel
0x023B	0x20AE      	CALL       _Adc_Read
0x023C	0x0870      	MOVF       R0, 0
0x023D	0x00A9      	MOVWF      _velocidad
0x023E	0x0871      	MOVF       R0+1, 0
0x023F	0x00AA      	MOVWF      _velocidad+1
0x0240	0x0CAA      	RRF        _velocidad+1, 1
0x0241	0x0CA9      	RRF        _velocidad, 1
0x0242	0x13AA      	BCF        _velocidad+1, 7
0x0243	0x0CAA      	RRF        _velocidad+1, 1
0x0244	0x0CA9      	RRF        _velocidad, 1
0x0245	0x13AA      	BCF        _velocidad+1, 7
;Adquisicion.mbas,111 :: 		PORTB.0 = 1'; ' DRIVEA = 1 (LEFT drive on, RIGHT drive on, TOP drive off )
0x0246	0x1406      	BSF        PORTB, 0
;Adquisicion.mbas,112 :: 		PORTB.1 = 0'; ' DRIVEB = 0 (BOTTOM drive off )
0x0247	0x1086      	BCF        PORTB, 1
;Adquisicion.mbas,113 :: 		Delay_ms(5)';
0x0248	0x3007      	MOVLW      7
0x0249	0x00FC      	MOVWF      R12
0x024A	0x307D      	MOVLW      125
0x024B	0x00FD      	MOVWF      R13
L__main12:
0x024C	0x0BFD      	DECFSZ     R13, 1
0x024D	0x2A4C      	GOTO       L__main12
0x024E	0x0BFC      	DECFSZ     R12, 1
0x024F	0x2A4C      	GOTO       L__main12
;Adquisicion.mbas,115 :: 		x_coord128 = ADC_read(1) / 10';
0x0250	0x3001      	MOVLW      1
0x0251	0x00B4      	MOVWF      FARG_Adc_Read_channel
0x0252	0x20AE      	CALL       _Adc_Read
0x0253	0x300A      	MOVLW      10
0x0254	0x00F4      	MOVWF      R4
0x0255	0x01F5      	CLRF       R4+1
0x0256	0x2035      	CALL       _Div_16x16_U
0x0257	0x0870      	MOVF       R0, 0
0x0258	0x00A7      	MOVWF      _x_coord128
0x0259	0x0871      	MOVF       R0+1, 0
0x025A	0x00A8      	MOVWF      _x_coord128+1
;Adquisicion.mbas,118 :: 		porta=velocidad
0x025B	0x0829      	MOVF       _velocidad, 0
0x025C	0x0085      	MOVWF      PORTA
;Adquisicion.mbas,120 :: 		if  x_coord128 > 5 then
0x025D	0x0871      	MOVF       R0+1, 0
0x025E	0x3C00      	SUBLW      0
0x025F	0x1D03      	BTFSS      STATUS, 2
0x0260	0x2A63      	GOTO       L__main23
0x0261	0x0870      	MOVF       R0, 0
0x0262	0x3C05      	SUBLW      5
L__main23:
0x0263	0x1803      	BTFSC      STATUS, 0
0x0264	0x2AAC      	GOTO       L__main14
;Adquisicion.mbas,121 :: 		if  x_coord128 > 40 then    '35 + 5
0x0265	0x0828      	MOVF       _x_coord128+1, 0
0x0266	0x3C00      	SUBLW      0
0x0267	0x1D03      	BTFSS      STATUS, 2
0x0268	0x2A6B      	GOTO       L__main24
0x0269	0x0827      	MOVF       _x_coord128, 0
0x026A	0x3C28      	SUBLW      40
L__main24:
0x026B	0x1803      	BTFSC      STATUS, 0
0x026C	0x2A86      	GOTO       L__main17
;Adquisicion.mbas,122 :: 		portb.1=1
0x026D	0x1486      	BSF        PORTB, 1
;Adquisicion.mbas,123 :: 		velocidad=(x_coord128-40)*3
0x026E	0x3028      	MOVLW      40
0x026F	0x0227      	SUBWF      _x_coord128, 0
0x0270	0x00F0      	MOVWF      R0
0x0271	0x3000      	MOVLW      0
0x0272	0x1C03      	BTFSS      STATUS, 0
0x0273	0x3E01      	ADDLW      1
0x0274	0x0228      	SUBWF      _x_coord128+1, 0
0x0275	0x00F1      	MOVWF      R0+1
0x0276	0x3003      	MOVLW      3
0x0277	0x00F4      	MOVWF      R4
0x0278	0x01F5      	CLRF       R4+1
0x0279	0x200A      	CALL       _Mul_16x16_U
0x027A	0x0870      	MOVF       R0, 0
0x027B	0x00A9      	MOVWF      _velocidad
0x027C	0x0871      	MOVF       R0+1, 0
0x027D	0x00AA      	MOVWF      _velocidad+1
;Adquisicion.mbas,124 :: 		PWM1_Set_Duty(velocidad)
0x027E	0x0870      	MOVF       R0, 0
0x027F	0x00B4      	MOVWF      FARG_PWM1_Set_Duty_new_duty
0x0280	0x2160      	CALL       _PWM1_Set_Duty
;Adquisicion.mbas,125 :: 		portb.2=1
0x0281	0x1506      	BSF        PORTB, 2
;Adquisicion.mbas,126 :: 		PWM2_Set_Duty(velocidad)
0x0282	0x0829      	MOVF       _velocidad, 0
0x0283	0x00B4      	MOVWF      FARG_PWM2_Set_Duty_new_duty
0x0284	0x2072      	CALL       _PWM2_Set_Duty
0x0285	0x2AAB      	GOTO       L__main18
;Adquisicion.mbas,127 :: 		else
L__main17:
;Adquisicion.mbas,128 :: 		if  x_coord128 < 36 then    '35-5
0x0286	0x3000      	MOVLW      0
0x0287	0x0228      	SUBWF      _x_coord128+1, 0
0x0288	0x1D03      	BTFSS      STATUS, 2
0x0289	0x2A8C      	GOTO       L__main25
0x028A	0x3024      	MOVLW      36
0x028B	0x0227      	SUBWF      _x_coord128, 0
L__main25:
0x028C	0x1803      	BTFSC      STATUS, 0
0x028D	0x2AA7      	GOTO       L__main20
;Adquisicion.mbas,129 :: 		portb.1=0
0x028E	0x1086      	BCF        PORTB, 1
;Adquisicion.mbas,130 :: 		velocidad=(36-x_coord128)*3
0x028F	0x0827      	MOVF       _x_coord128, 0
0x0290	0x3C24      	SUBLW      36
0x0291	0x00F0      	MOVWF      R0
0x0292	0x0828      	MOVF       _x_coord128+1, 0
0x0293	0x1C03      	BTFSS      STATUS, 0
0x0294	0x3E01      	ADDLW      1
0x0295	0x01F1      	CLRF       R0+1
0x0296	0x02F1      	SUBWF      R0+1, 1
0x0297	0x3003      	MOVLW      3
0x0298	0x00F4      	MOVWF      R4
0x0299	0x01F5      	CLRF       R4+1
0x029A	0x200A      	CALL       _Mul_16x16_U
0x029B	0x0870      	MOVF       R0, 0
0x029C	0x00A9      	MOVWF      _velocidad
0x029D	0x0871      	MOVF       R0+1, 0
0x029E	0x00AA      	MOVWF      _velocidad+1
;Adquisicion.mbas,131 :: 		PWM1_Set_Duty(velocidad)
0x029F	0x0870      	MOVF       R0, 0
0x02A0	0x00B4      	MOVWF      FARG_PWM1_Set_Duty_new_duty
0x02A1	0x2160      	CALL       _PWM1_Set_Duty
;Adquisicion.mbas,132 :: 		portb.2=0
0x02A2	0x1106      	BCF        PORTB, 2
;Adquisicion.mbas,133 :: 		PWM2_Set_Duty(velocidad)
0x02A3	0x0829      	MOVF       _velocidad, 0
0x02A4	0x00B4      	MOVWF      FARG_PWM2_Set_Duty_new_duty
0x02A5	0x2072      	CALL       _PWM2_Set_Duty
0x02A6	0x2AAB      	GOTO       L__main21
;Adquisicion.mbas,134 :: 		else
L__main20:
;Adquisicion.mbas,135 :: 		PWM1_Set_Duty(0)
0x02A7	0x01B4      	CLRF       FARG_PWM1_Set_Duty_new_duty
0x02A8	0x2160      	CALL       _PWM1_Set_Duty
;Adquisicion.mbas,136 :: 		PWM2_Set_Duty(0)
0x02A9	0x01B4      	CLRF       FARG_PWM2_Set_Duty_new_duty
0x02AA	0x2072      	CALL       _PWM2_Set_Duty
;Adquisicion.mbas,137 :: 		end if
L__main21:
;Adquisicion.mbas,138 :: 		end if
L__main18:
0x02AB	0x2AB0      	GOTO       L__main15
;Adquisicion.mbas,139 :: 		else
L__main14:
;Adquisicion.mbas,140 :: 		PWM1_Set_Duty(0)
0x02AC	0x01B4      	CLRF       FARG_PWM1_Set_Duty_new_duty
0x02AD	0x2160      	CALL       _PWM1_Set_Duty
;Adquisicion.mbas,141 :: 		PWM2_Set_Duty(0)
0x02AE	0x01B4      	CLRF       FARG_PWM2_Set_Duty_new_duty
0x02AF	0x2072      	CALL       _PWM2_Set_Duty
;Adquisicion.mbas,142 :: 		end if
L__main15:
;Adquisicion.mbas,144 :: 		UART1_Write_text("*")
0x02B0	0x302A      	MOVLW      42
0x02B1	0x00B2      	MOVWF      _main_Local_Text
0x02B2	0x01B3      	CLRF       _main_Local_Text+1
0x02B3	0x3032      	MOVLW      _main_Local_Text
0x02B4	0x00B4      	MOVWF      FARG_UART1_Write_Text_uart_text
0x02B5	0x219C      	CALL       _UART1_Write_Text
;Adquisicion.mbas,145 :: 		WordToStr(x_coord128, txt)
0x02B6	0x0827      	MOVF       _x_coord128, 0
0x02B7	0x00B4      	MOVWF      FARG_WordToStr_input
0x02B8	0x0828      	MOVF       _x_coord128+1, 0
0x02B9	0x00B5      	MOVWF      FARG_WordToStr_input+1
0x02BA	0x302D      	MOVLW      _txt
0x02BB	0x00B6      	MOVWF      FARG_WordToStr_output
0x02BC	0x20F8      	CALL       _WordToStr
;Adquisicion.mbas,146 :: 		UART1_Write_text(txt)
0x02BD	0x302D      	MOVLW      _txt
0x02BE	0x00B4      	MOVWF      FARG_UART1_Write_Text_uart_text
0x02BF	0x219C      	CALL       _UART1_Write_Text
0x02C0	0x2A3A      	GOTO       L__main8
;Adquisicion.mbas,147 :: 		wend
0x02C1	0x2AC1      	GOTO       $+0
; end of _main
Symbol List:
//** Routines locations **
//ADDRESS    SIZE    PROCEDURE
//----------------------------------------------
0x0005       [5]    _Delay_22us
0x000A      [43]    _Mul_16x16_U
0x0035      [29]    _Div_16x16_U
0x0052      [10]    _UART1_Write
0x005C       [6]    _PWM2_Init
0x0062       [8]    _PWM1_Start
0x006A       [8]    _PWM2_Start
0x0072      [60]    _PWM2_Set_Duty
0x00AE      [43]    _Adc_Read
0x00D9       [6]    _PWM1_Init
0x00DF       [9]    _UART1_Data_Ready
0x00E8      [16]    _UART1_Init
0x00F8     [104]    _WordToStr
0x0160      [60]    _PWM1_Set_Duty
0x019C      [22]    _UART1_Write_Text
0x01B2      [13]    _UART1_Read
0x01BF      [75]    Adquisicion_interrupt
0x020A     [184]    _main
//** Variables locations ** 
//ADDRESS    SIZE    VARIABLE
//----------------------------------------------
0x0000       [1]    INDF
0x0001       [1]    TMR0
0x0002       [1]    PCL
0x0003       [0]    C_bit
0x0003       [0]    RP0_bit
0x0003       [0]    NOT_TO_bit
0x0003       [0]    NOT_PD_bit
0x0003       [0]    Z_bit
0x0003       [0]    RP1_bit
0x0003       [0]    IRP_bit
0x0003       [0]    DC_bit
0x0003       [1]    STATUS
0x0004       [1]    FSR
0x0004       [1]    FSRPTR
0x0005       [0]    RA4_bit
0x0005       [0]    RA6_bit
0x0005       [0]    RA5_bit
0x0005       [0]    RA2_bit
0x0005       [0]    RA7_bit
0x0005       [0]    RA3_bit
0x0005       [1]    PORTA
0x0005       [0]    RA0_bit
0x0005       [0]    RA1_bit
0x0006       [0]    RB0_bit
0x0006       [0]    RB2_bit
0x0006       [0]    RB1_bit
0x0006       [0]    RB7_bit
0x0006       [0]    RB4_bit
0x0006       [0]    RB5_bit
0x0006       [0]    RB3_bit
0x0006       [0]    RB6_bit
0x0006       [1]    PORTB
0x0007       [0]    RC6_bit
0x0007       [0]    RC4_bit
0x0007       [0]    RC3_bit
0x0007       [0]    RC5_bit
0x0007       [0]    RC1_bit
0x0007       [1]    PORTC
0x0007       [0]    RC0_bit
0x0007       [0]    RC2_bit
0x0007       [0]    RC7_bit
0x0009       [1]    PORTE
0x0009       [0]    RE3_bit
0x000A       [1]    PCLATH
0x000B       [0]    GIE_bit
0x000B       [0]    T0IE_bit
0x000B       [1]    INTCON
0x000B       [0]    PEIE_bit
0x000B       [0]    TMR0IE_bit
0x000B       [0]    INTE_bit
0x000B       [0]    RBIE_bit
0x000B       [0]    INTF_bit
0x000B       [0]    RBIF_bit
0x000B       [0]    T0IF_bit
0x000B       [0]    TMR0IF_bit
0x000C       [0]    TXIF_bit
0x000C       [0]    CCP1IF_bit
0x000C       [1]    PIR1
0x000C       [0]    SSPIF_bit
0x000C       [0]    ADIF_bit
0x000C       [0]    TMR1IF_bit
0x000C       [0]    RCIF_bit
0x000C       [0]    TMR2IF_bit
0x000D       [0]    ULPWUIF_bit
0x000D       [0]    BCLIF_bit
0x000D       [1]    PIR2
0x000D       [0]    CCP2IF_bit
0x000D       [0]    C2IF_bit
0x000D       [0]    OSFIF_bit
0x000D       [0]    EEIF_bit
0x000D       [0]    C1IF_bit
0x000E       [1]    TMR1L
0x000F       [1]    TMR1H
0x0010       [0]    TMR1CS_bit
0x0010       [0]    T1SYNC_bit
0x0010       [1]    T1CON
0x0010       [0]    TMR1ON_bit
0x0010       [0]    T1CKPS1_bit
0x0010       [0]    TMR1GE_bit
0x0010       [0]    T1GIV_bit
0x0010       [0]    T1CKPS0_bit
0x0010       [0]    T1INSYNC_bit
0x0010       [0]    NOT_T1SYNC_bit
0x0010       [0]    T1OSCEN_bit
0x0011       [1]    TMR2
0x0012       [1]    T2CON
0x0012       [0]    T2CKPS0_bit
0x0012       [0]    T2CKPS1_bit
0x0012       [0]    TOUTPS2_bit
0x0012       [0]    TOUTPS3_bit
0x0012       [0]    TOUTPS1_bit
0x0012       [0]    TOUTPS0_bit
0x0012       [0]    TMR2ON_bit
0x0013       [1]    SSPBUF
0x0014       [0]    CKP_bit
0x0014       [0]    SSPEN_bit
0x0014       [0]    WCOL_bit
0x0014       [0]    SSPOV_bit
0x0014       [1]    SSPCON
0x0014       [0]    SSPM0_bit
0x0014       [0]    SSPM1_bit
0x0014       [0]    SSPM2_bit
0x0014       [0]    SSPM3_bit
0x0015       [1]    CCPR1L
0x0016       [1]    CCPR1H
0x0017       [1]    CCP1CON
0x0017       [0]    CCP1X_bit
0x0017       [0]    DC1B0_bit
0x0017       [0]    P1M0_bit
0x0017       [0]    DC1B1_bit
0x0017       [0]    CCP1Y_bit
0x0017       [0]    CCP1M1_bit
0x0017       [0]    CCP1M0_bit
0x0017       [0]    CCP1M3_bit
0x0017       [0]    CCP1M2_bit
0x0017       [0]    P1M1_bit
0x0018       [0]    RC9_bit
0x0018       [0]    NOT_RC8_bit
0x0018       [0]    RCD8_bit
0x0018       [1]    RCSTA
0x0018       [0]    SPEN_bit
0x0018       [0]    RX9_bit
0x0018       [0]    RX9D_bit
0x0018       [0]    CREN_bit
0x0018       [0]    SREN_bit
0x0018       [0]    RC8_9_bit
0x0018       [0]    OERR_bit
0x0018       [0]    FERR_bit
0x0018       [0]    ADDEN_bit
0x0019       [1]    TXREG
0x001A       [1]    RCREG
0x001B       [1]    CCPR2L
0x001C       [1]    CCPR2H
0x001D       [0]    CCP2Y_bit
0x001D       [0]    DC2B0_bit
0x001D       [0]    DC2B1_bit
0x001D       [0]    CCP2X_bit
0x001D       [0]    CCP2M0_bit
0x001D       [0]    CCP2M3_bit
0x001D       [0]    CCP2M1_bit
0x001D       [1]    CCP2CON
0x001D       [0]    CCP2M2_bit
0x001E       [1]    ADRESH
0x001F       [0]    ADCS0_bit
0x001F       [0]    CHS3_bit
0x001F       [0]    CHS2_bit
0x001F       [0]    NOT_DONE_bit
0x001F       [0]    GO_DONE_bit
0x001F       [0]    CHS0_bit
0x001F       [0]    GO_bit
0x001F       [1]    ADCON0
0x001F       [0]    ADON_bit
0x001F       [0]    ADCS1_bit
0x001F       [0]    CHS1_bit
0x0026       [1]    _receive
0x0027       [2]    _x_coord128
0x0029       [2]    _velocidad
0x002B       [1]    ___savePCLATH
0x002C       [1]    ___saveSTATUS
0x002D       [5]    _txt
0x0032       [2]    _main_Local_Text
0x0034       [1]    FARG_PWM2_Set_Duty_new_duty
0x0034       [1]    FARG_UART1_Write_Text_uart_text
0x0034       [2]    FARG_WordToStr_input
0x0034       [1]    FARG_Adc_Read_channel
0x0034       [4]    FARG_PWM1_Init_PWM_Freq
0x0034       [1]    FARG_PWM1_Set_Duty_new_duty
0x0034       [4]    FARG_PWM2_Init_PWM_Freq
0x0035       [1]    UART1_Write_Text_counter
0x0035       [2]    Adc_Read_local_result
0x0036       [1]    FARG_WordToStr_output
0x0036       [1]    UART1_Write_Text_data_
0x0037       [1]    WordToStr_len
0x0038       [1]    WordToStr_tmp
0x0039       [1]    FLOC__WordToStr
0x003A       [1]    FARG_UART1_Write_data_
0x0070       [1]    R0
0x0071       [1]    R1
0x0072       [1]    R2
0x0073       [1]    R3
0x0074       [1]    R4
0x0075       [1]    R5
0x0076       [1]    R6
0x0077       [1]    R7
0x0078       [1]    R8
0x0079       [1]    R9
0x007A       [1]    R10
0x007B       [1]    R11
0x007C       [1]    R12
0x007D       [1]    R13
0x007E       [1]    R14
0x007F       [1]    R15
0x0081       [0]    PS0_bit
0x0081       [1]    OPTION_REG
0x0081       [0]    T0CS_bit
0x0081       [0]    INTEDG_bit
0x0081       [0]    NOT_RBPU_bit
0x0081       [0]    T0SE_bit
0x0081       [0]    PS1_bit
0x0081       [0]    PS2_bit
0x0081       [0]    PSA_bit
0x0085       [0]    TRISA5_bit
0x0085       [0]    TRISA4_bit
0x0085       [0]    TRISA6_bit
0x0085       [1]    TRISA
0x0085       [0]    TRISA7_bit
0x0085       [0]    TRISA3_bit
0x0085       [0]    TRISA0_bit
0x0085       [0]    TRISA1_bit
0x0085       [0]    TRISA2_bit
0x0086       [0]    TRISB1_bit
0x0086       [0]    TRISB2_bit
0x0086       [1]    TRISB
0x0086       [0]    TRISB0_bit
0x0086       [0]    TRISB3_bit
0x0086       [0]    TRISB6_bit
0x0086       [0]    TRISB7_bit
0x0086       [0]    TRISB4_bit
0x0086       [0]    TRISB5_bit
0x0087       [0]    TRISC2_bit
0x0087       [0]    TRISC7_bit
0x0087       [0]    TRISC5_bit
0x0087       [0]    TRISC6_bit
0x0087       [0]    TRISC1_bit
0x0087       [0]    TRISC4_bit
0x0087       [0]    TRISC3_bit
0x0087       [0]    TRISC0_bit
0x0087       [1]    TRISC
0x0089       [0]    TRISE3_bit
0x0089       [1]    TRISE
0x008C       [0]    CCP1IE_bit
0x008C       [0]    TMR2IE_bit
0x008C       [0]    TMR1IE_bit
0x008C       [0]    SSPIE_bit
0x008C       [0]    ADIE_bit
0x008C       [0]    RCIE_bit
0x008C       [0]    TXIE_bit
0x008C       [1]    PIE1
0x008D       [0]    C2IE_bit
0x008D       [0]    OSFIE_bit
0x008D       [1]    PIE2
0x008D       [0]    C1IE_bit
0x008D       [0]    ULPWUIE_bit
0x008D       [0]    CCP2IE_bit
0x008D       [0]    EEIE_bit
0x008D       [0]    BCLIE_bit
0x008E       [0]    SBOREN_bit
0x008E       [0]    ULPWUE_bit
0x008E       [0]    NOT_POR_bit
0x008E       [0]    NOT_BOR_bit
0x008E       [0]    NOT_BO_bit
0x008E       [1]    PCON
0x008F       [0]    IRCF0_bit
0x008F       [0]    OSTS_bit
0x008F       [0]    IRCF2_bit
0x008F       [0]    IRCF1_bit
0x008F       [1]    OSCCON
0x008F       [0]    HTS_bit
0x008F       [0]    SCS_bit
0x008F       [0]    LTS_bit
0x0090       [0]    TUN2_bit
0x0090       [0]    TUN1_bit
0x0090       [0]    TUN4_bit
0x0090       [0]    TUN3_bit
0x0090       [0]    TUN0_bit
0x0090       [1]    OSCTUNE
0x0091       [0]    ACKEN_bit
0x0091       [0]    RCEN_bit
0x0091       [0]    ACKSTAT_bit
0x0091       [0]    ACKDT_bit
0x0091       [0]    SEN_bit
0x0091       [0]    GCEN_bit
0x0091       [0]    PEN_bit
0x0091       [0]    RSEN_bit
0x0091       [1]    SSPCON2
0x0092       [1]    PR2
0x0093       [1]    MSK
0x0093       [1]    SSPMSK
0x0093       [1]    SSPADD
0x0094       [0]    I2C_START__bit
0x0094       [0]    R_bit
0x0094       [0]    I2C_READ_bit
0x0094       [0]    P_bit
0x0094       [0]    I2C_STOP__bit
0x0094       [0]    S_bit
0x0094       [0]    READ_WRITE_bit
0x0094       [0]    UA_bit
0x0094       [0]    BF_bit
0x0094       [0]    NOT_W_bit
0x0094       [0]    NOT_WRITE_bit
0x0094       [0]    R_W_bit
0x0094       [0]    CKE_bit
0x0094       [0]    D_bit
0x0094       [1]    SSPSTAT
0x0094       [0]    SMP_bit
0x0094       [0]    I2C_DATA_bit
0x0094       [0]    D_A_bit
0x0094       [0]    DATA_ADDRESS_bit
0x0094       [0]    NOT_A_bit
0x0094       [0]    NOT_ADDRESS_bit
0x0095       [0]    WPUB3_bit
0x0095       [0]    WPUB4_bit
0x0095       [0]    WPUB0_bit
0x0095       [0]    WPUB1_bit
0x0095       [0]    WPUB2_bit
0x0095       [0]    WPUB5_bit
0x0095       [1]    WPUB
0x0095       [0]    WPUB7_bit
0x0095       [0]    WPUB6_bit
0x0096       [0]    IOCB3_bit
0x0096       [0]    IOCB4_bit
0x0096       [0]    IOCB2_bit
0x0096       [0]    IOCB0_bit
0x0096       [0]    IOCB1_bit
0x0096       [0]    IOCB7_bit
0x0096       [1]    IOCB
0x0096       [0]    IOCB5_bit
0x0096       [0]    IOCB6_bit
0x0097       [0]    VROE_bit
0x0097       [0]    VREN_bit
0x0097       [1]    VRCON
0x0097       [0]    VRR_bit
0x0097       [0]    VR1_bit
0x0097       [0]    VR0_bit
0x0097       [0]    VR2_bit
0x0097       [0]    VRSS_bit
0x0097       [0]    VR3_bit
0x0098       [0]    TRMT_bit
0x0098       [0]    BRGH_bit
0x0098       [0]    SENDB_bit
0x0098       [1]    TXSTA
0x0098       [0]    TXD8_bit
0x0098       [0]    TX9D_bit
0x0098       [0]    NOT_TX8_bit
0x0098       [0]    TX9_bit
0x0098       [0]    CSRC_bit
0x0098       [0]    SYNC_bit
0x0098       [0]    TXEN_bit
0x0098       [0]    TX8_9_bit
0x0099       [0]    BRG1_bit
0x0099       [0]    BRG2_bit
0x0099       [1]    SPBRG
0x0099       [0]    BRG0_bit
0x0099       [0]    BRG6_bit
0x0099       [0]    BRG7_bit
0x0099       [0]    BRG5_bit
0x0099       [0]    BRG3_bit
0x0099       [0]    BRG4_bit
0x009A       [0]    BRG9_bit
0x009A       [0]    BRG8_bit
0x009A       [1]    SPBRGH
0x009A       [0]    BRG10_bit
0x009A       [0]    BRG14_bit
0x009A       [0]    BRG15_bit
0x009A       [0]    BRG13_bit
0x009A       [0]    BRG11_bit
0x009A       [0]    BRG12_bit
0x009B       [0]    PDC1_bit
0x009B       [0]    PDC0_bit
0x009B       [1]    PWM1CON
0x009B       [0]    PDC5_bit
0x009B       [0]    PDC6_bit
0x009B       [0]    PRSEN_bit
0x009B       [0]    PDC4_bit
0x009B       [0]    PDC2_bit
0x009B       [0]    PDC3_bit
0x009C       [0]    PSSBD0_bit
0x009C       [1]    ECCPAS
0x009C       [0]    PSSBD1_bit
0x009C       [0]    PSSAC1_bit
0x009C       [0]    ECCPAS0_bit
0x009C       [0]    ECCPAS1_bit
0x009C       [0]    ECCPAS2_bit
0x009C       [0]    ECCPASE_bit
0x009C       [0]    PSSAC0_bit
0x009D       [0]    STRSYNC_bit
0x009D       [0]    STRA_bit
0x009D       [1]    PSTRCON
0x009D       [0]    STRD_bit
0x009D       [0]    STRC_bit
0x009D       [0]    STRB_bit
0x009E       [1]    ADRESL
0x009F       [0]    ADFM_bit
0x009F       [1]    ADCON1
0x009F       [0]    VCFG0_bit
0x009F       [0]    VCFG1_bit
0x0105       [0]    WDTPS1_bit
0x0105       [0]    WDTPS2_bit
0x0105       [0]    WDTPS3_bit
0x0105       [1]    WDTCON
0x0105       [0]    SWDTEN_bit
0x0105       [0]    WDTPS0_bit
0x0107       [1]    CM1CON0
0x0107       [0]    C1OE_bit
0x0107       [0]    C1OUT_bit
0x0107       [0]    C1ON_bit
0x0107       [0]    C1POL_bit
0x0107       [0]    C1CH0_bit
0x0107       [0]    C1CH1_bit
0x0107       [0]    C1R_bit
0x0108       [1]    CM2CON0
0x0108       [0]    C2OE_bit
0x0108       [0]    C2OUT_bit
0x0108       [0]    C2R_bit
0x0108       [0]    C2POL_bit
0x0108       [0]    C2ON_bit
0x0108       [0]    C2CH0_bit
0x0108       [0]    C2CH1_bit
0x0109       [0]    T1GSS_bit
0x0109       [0]    C2SYNC_bit
0x0109       [1]    CM2CON1
0x0109       [0]    C2RSEL_bit
0x0109       [0]    MC1OUT_bit
0x0109       [0]    C1RSEL_bit
0x0109       [0]    MC2OUT_bit
0x010C       [1]    EEDATA
0x010C       [1]    EEDAT
0x010D       [1]    EEADR
0x010E       [1]    EEDATH
0x010F       [1]    EEADRH
0x0185       [0]    FVREN_bit
0x0185       [0]    C2REN_bit
0x0185       [0]    PULSS_bit
0x0185       [0]    PULSR_bit
0x0185       [0]    SR0_bit
0x0185       [0]    C1SEN_bit
0x0185       [1]    SRCON
0x0185       [0]    SR1_bit
0x0187       [0]    WUE_bit
0x0187       [0]    ABDEN_bit
0x0187       [0]    BRG16_bit
0x0187       [0]    ABDOVF_bit
0x0187       [1]    BAUDCTL
0x0187       [0]    SCKP_bit
0x0187       [0]    RCIDL_bit
0x0188       [0]    ANS0_bit
0x0188       [1]    ANSEL
0x0188       [0]    ANS3_bit
0x0188       [0]    ANS4_bit
0x0188       [0]    ANS1_bit
0x0188       [0]    ANS2_bit
0x0189       [0]    ANS8_bit
0x0189       [1]    ANSELH
0x0189       [0]    ANS11_bit
0x0189       [0]    ANS12_bit
0x0189       [0]    ANS13_bit
0x0189       [0]    ANS9_bit
0x0189       [0]    ANS10_bit
0x018C       [1]    EECON1
0x018C       [0]    WREN_bit
0x018C       [0]    WRERR_bit
0x018C       [0]    EEPGD_bit
0x018C       [0]    WR_bit
0x018C       [0]    RD_bit
0x018D       [1]    EECON2
//** Label List: ** 
//----------------------------------------------
  L_end_Adquisicion_interrupt
  L_Adquisicion_interrupt1
  L_Adquisicion_interrupt2
  L_Adquisicion_interrupt3
  L_Adquisicion_interrupt4
  L_Adquisicion_interrupt5
  L_end__main
  L__main7
  L__main8
  L__main9
  L__main10
  L__main11
  L__main12
  L__main13
  L__main14
  L__main15
  L__main16
  L__main17
  L__main18
  L__main19
  L__main20
  L__main21
  Adquisicion_interrupt
  L_Adquisicion_interrupt22
  _main
  L__main23
  L__main24
  L__main25
  L_end__Adc_Read
  L__Adc_Read1
  L__Adc_Read2
  L__Adc_Read3
  L__Adc_Read4
  L__Adc_Read5
  _Adc_Read
  L_end__ByteToStr
  L__ByteToStr1
  L__ByteToStr2
  L__ByteToStr3
  L__ByteToStr4
  L__ByteToStr5
  L__ByteToStr6
  L__ByteToStr7
  L__ByteToStr8
  L_end__WordToStr
  L__WordToStr10
  L__WordToStr11
  L__WordToStr12
  L__WordToStr13
  L__WordToStr14
  L__WordToStr15
  L__WordToStr16
  L__WordToStr17
  L__WordToStr18
  L__WordToStr19
  L__WordToStr20
  L__WordToStr21
  L__WordToStr22
  L__WordToStr23
  L__WordToStr24
  L__WordToStr25
  L__WordToStr26
  L_end__ShortToStr
  L__ShortToStr28
  L__ShortToStr29
  L__ShortToStr30
  L__ShortToStr31
  L__ShortToStr32
  L__ShortToStr33
  L__ShortToStr34
  L__ShortToStr35
  L__ShortToStr36
  L__ShortToStr37
  L__ShortToStr38
  L__ShortToStr39
  L__ShortToStr40
  L__ShortToStr41
  L__ShortToStr42
  L__ShortToStr43
  L__ShortToStr44
  L__ShortToStr45
  L__ShortToStr46
  L__ShortToStr47
  L_end__IntToStr
  L__IntToStr49
  L__IntToStr50
  L__IntToStr51
  L__IntToStr52
  L__IntToStr53
  L__IntToStr54
  L__IntToStr55
  L__IntToStr56
  L__IntToStr57
  L__IntToStr58
  L__IntToStr59
  L__IntToStr60
  L__IntToStr61
  L__IntToStr62
  L__IntToStr63
  L__IntToStr64
  L__IntToStr65
  L__IntToStr66
  L__IntToStr67
  L__IntToStr68
  L__IntToStr69
  L__IntToStr70
  L__IntToStr71
  L__IntToStr72
  L__IntToStr73
  L__IntToStr74
  L_end__WordToStrWithZeros
  L__WordToStrWithZeros76
  L__WordToStrWithZeros77
  L__WordToStrWithZeros78
  L__WordToStrWithZeros79
  L__WordToStrWithZeros80
  L__WordToStrWithZeros81
  L__WordToStrWithZeros82
  L__WordToStrWithZeros83
  L__WordToStrWithZeros84
  L__WordToStrWithZeros85
  L__WordToStrWithZeros86
  L__WordToStrWithZeros87
  L__WordToStrWithZeros88
  L__WordToStrWithZeros89
  L__WordToStrWithZeros90
  L__WordToStrWithZeros91
  L__WordToStrWithZeros92
  L_end__LongWordToStr
  L__LongWordToStr94
  L__LongWordToStr95
  L__LongWordToStr96
  L__LongWordToStr97
  L__LongWordToStr98
  L__LongWordToStr99
  L__LongWordToStr100
  L__LongWordToStr101
  L_end__LongIntToStr
  L__LongIntToStr103
  L__LongIntToStr104
  L__LongIntToStr105
  L__LongIntToStr106
  L__LongIntToStr107
  L__LongIntToStr108
  L__LongIntToStr109
  L__LongIntToStr110
  L__LongIntToStr111
  L__LongIntToStr112
  L__LongIntToStr113
  L__LongIntToStr114
  L__LongIntToStr115
  L__LongIntToStr116
  L__LongIntToStr117
  L__LongIntToStr118
  L__LongIntToStr119
  L__LongIntToStr120
  L__LongIntToStr121
  L_end__Bcd2Dec
  L_end__StrToWord
  L__StrToWord124
  L__StrToWord125
  L__StrToWord126
  L__StrToWord127
  L__StrToWord128
  L__StrToWord129
  L__StrToWord130
  L__StrToWord131
  L__StrToWord132
  L__StrToWord133
  L__StrToWord134
  L__StrToWord135
  L__StrToWord136
  L_end__StrToInt
  L__StrToInt138
  L__StrToInt139
  L__StrToInt140
  L__StrToInt141
  L__StrToInt142
  L__StrToInt143
  L__StrToInt144
  L__StrToInt145
  L__StrToInt146
  L__StrToInt147
  L__StrToInt148
  L__StrToInt149
  L__StrToInt150
  L__StrToInt151
  L__StrToInt152
  L__StrToInt153
  L__StrToInt154
  L__StrToInt155
  L__StrToInt156
  L__StrToInt157
  L__StrToInt158
  L__StrToInt159
  L_end__Dec2Bcd
  L__Dec2Bcd161
  L__Dec2Bcd162
  L__Dec2Bcd163
  L_end__Bcd2Dec16
  L_end__Dec2Bcd16
  L_end__FloatToStr
  L__FloatToStr167
  L__FloatToStr168
  L__FloatToStr169
  L__FloatToStr170
  L__FloatToStr171
  L__FloatToStr172
  L__FloatToStr173
  L__FloatToStr174
  L__FloatToStr175
  L__FloatToStr176
  L__FloatToStr177
  L__FloatToStr178
  L__FloatToStr179
  L__FloatToStr180
  L__FloatToStr181
  L__FloatToStr182
  L__FloatToStr183
  L__FloatToStr184
  L__FloatToStr185
  L__FloatToStr186
  L__FloatToStr187
  L__FloatToStr188
  L__FloatToStr189
  L__FloatToStr190
  L__FloatToStr191
  L__FloatToStr192
  L__FloatToStr193
  L__FloatToStr194
  L__FloatToStr195
  L__FloatToStr196
  L__FloatToStr197
  L__FloatToStr198
  L__FloatToStr199
  _ByteToStr
  _WordToStr
  L__WordToStr200
  L__WordToStr201
  L__WordToStr202
  L__WordToStr203
  _ShortToStr
  _IntToStr
  L__IntToStr204
  L__IntToStr205
  L__IntToStr206
  L__IntToStr207
  L__IntToStr208
  L__IntToStr209
  _WordToStrWithZeros
  L__WordToStrWithZeros210
  L__WordToStrWithZeros211
  L__WordToStrWithZeros212
  L__WordToStrWithZeros213
  _LongWordToStr
  L__LongWordToStr214
  _LongIntToStr
  L__LongIntToStr215
  L__LongIntToStr216
  L__LongIntToStr217
  _Bcd2Dec
  _StrToWord
  L__StrToWord218
  _StrToInt
  L__StrToInt219
  L__StrToInt220
  _Dec2Bcd
  _Bcd2Dec16
  L__Bcd2Dec16221
  L__Bcd2Dec16222
  _Dec2Bcd16
  L__Dec2Bcd16223
  L__Dec2Bcd16224
  _FloatToStr
  L__FloatToStr225
  L__FloatToStr226
  L__FloatToStr227
  L_end__Get_Fosc_kHz
  L_end__Delay_1us
  L__Delay_1us2
  L_end__Delay_10us
  L__Delay_10us4
  L_end__Delay_22us
  L__Delay_22us6
  L_end__Delay_50us
  L__Delay_50us8
  L_end__Delay_80us
  L__Delay_80us10
  L_end__Delay_500us
  L__Delay_500us12
  L_end__Delay_5500us
  L__Delay_5500us14
  L_end__Delay_5ms
  L__Delay_5ms16
  L_end__Delay_8ms
  L__Delay_8ms18
  L_end__Delay_100ms
  L__Delay_100ms20
  L_end__Delay_1sec
  L__Delay_1sec22
  L_end__Delay_Cyc
  L__Delay_Cyc24
  L__Delay_Cyc25
  L__Delay_Cyc26
  L__Delay_Cyc27
  L__Delay_Cyc28
  L_end__VDelay_ms
  L__VDelay_ms30
  L__VDelay_ms31
  L__VDelay_ms32
  L__VDelay_ms33
  L__VDelay_ms34
  L__VDelay_ms35
  L__VDelay_ms36
  L__VDelay_ms37
  _Get_Fosc_kHz
  _Delay_1us
  _Delay_10us
  _Delay_22us
  _Delay_50us
  _Delay_80us
  _Delay_500us
  _Delay_5500us
  _Delay_5ms
  _Delay_8ms
  _Delay_100ms
  _Delay_1sec
  _Delay_Cyc
  _VDelay_ms
  L__VDelay_ms38
  L__VDelay_ms39
  L__VDelay_ms40
  L__VDelay_ms41
  L_end__Mul_8x8_U
  L_end__Mul_16x16_U
  L_end__Div_8x8_U
  L_end__Div_16x16_U
  L_end__Mul_8x8_S
  L_end__Mul_16x16_S
  L_end__Div_16x16_S_L
  L_end__Div_16x16_S
  L_end__Div_8x8_S
  L_end__SDIV3232L
  LOOPS3232A
  SADD22LA
  SOK22LA
  SADD22L8
  SOK22L8
  LOOPS3232B
  SADD22LB
  SOK22LB
  SADD22L16
  SOK22L16
  LOOPS3232C
  SADD22LC
  SOK22LC
  SADD22L24
  SOK22L24
  LOOPS3232D
  SADD22LD
  SOK22LD
  SOK22L
  L_end__COMFREM
  L_end__Div_32x32_S
  FXD3232S
  END_ALL
  CA3232S
  C3232SX
  C3232SX1
  C3232S
  C3232S2
  C3232SX4
  C3232SOK
  C3232SX3
  C3232SX2
  avoid_comfrem
  L_end__Div_32x32_U
  LOOPU3232A
  UADD22LA
  UOK22LA
  UADD22L8
  UOK22L8
  LOOPU3232B
  UADD22LB
  UOK22LB
  UADD22L16
  UOK22L16
  LOOPU3232C
  UADD22LC
  UOK22LC
  UADD22L24
  UOK22L24
  LOOPU3232D
  UADD22LD
  UOK22LD
  UOK22L
  L_end__Mul_32x32_U
  _NEXT
  _EXIT2
  _LOOP
  _EXIT1
  L_end__Mul_32x32_S
  _IF_FIRST
  _IF_SECOND
  _INVERCE_FIRST
  _MULT
  _INBERSE_SECOND
  _EXIT
  _Mul_8x8_U
  _Mul_16x16_U
  _Div_8x8_U
  _Div_16x16_U
  _Mul_8x8_S
  _Mul_16x16_S
  _Div_16x16_S_L
  _Div_16x16_S
  _Div_8x8_S
  _SDIV3232L
  _COMFREM
  _Div_32x32_S
  _Div_32x32_U
  _Mul_32x32_U
  _Mul_32x32_S
  L_end__PWM1_Init
  L_end__PWM1_Set_Duty
  L_end__PWM1_Start
  L_end__PWM1_Stop
  L_end__PWM2_Init
  L_end__PWM2_Set_Duty
  L_end__PWM2_Start
  L_end__PWM2_Stop
  _PWM1_Init
  _PWM1_Set_Duty
  L__PWM1_Set_Duty8
  L__PWM1_Set_Duty9
  L__PWM1_Set_Duty10
  L__PWM1_Set_Duty11
  _PWM1_Start
  _PWM1_Stop
  _PWM2_Init
  _PWM2_Set_Duty
  L__PWM2_Set_Duty12
  L__PWM2_Set_Duty13
  L__PWM2_Set_Duty14
  L__PWM2_Set_Duty15
  _PWM2_Start
  _PWM2_Stop
  L_end__UART1_Init
  L__UART1_Init1
  L__UART1_Init2
  L__UART1_Init3
  L__UART1_Init4
  L__UART1_Init5
  L_end__UART1_Data_Ready
  L_end__UART1_Read
  L__UART1_Read8
  L__UART1_Read9
  L__UART1_Read10
  L_end__UART1_TX_Idle
  L_end__UART1_Write
  L__UART1_Write13
  L__UART1_Write14
  L__UART1_Write15
  L__UART1_Write16
  L__UART1_Write17
  L_end__UART1_Write_Text
  L__UART1_Write_Text19
  L__UART1_Write_Text20
  L__UART1_Write_Text21
  L__UART1_Write_Text22
  L__UART1_Write_Text23
  L_end__UART1_Read_Text
  L__UART1_Read_Text25
  L__UART1_Read_Text26
  L__UART1_Read_Text27
  L__UART1_Read_Text28
  L__UART1_Read_Text29
  L__UART1_Read_Text30
  L__UART1_Read_Text31
  L__UART1_Read_Text32
  L__UART1_Read_Text33
  L__UART1_Read_Text34
  L__UART1_Read_Text35
  L__UART1_Read_Text36
  L__UART1_Read_Text37
  L__UART1_Read_Text38
  L__UART1_Read_Text39
  L__UART1_Read_Text40
  L__UART1_Read_Text41
  L__UART1_Read_Text42
  L__UART1_Read_Text43
  _UART1_Init
  _UART1_Data_Ready
  _UART1_Read
  _UART1_TX_Idle
  _UART1_Write
  _UART1_Write_Text
  _UART1_Read_Text
  L_end_Adquisicion_interrupt
  L_Adquisicion_interrupt1
  L_Adquisicion_interrupt2
  L_Adquisicion_interrupt3
  L_Adquisicion_interrupt4
  L_Adquisicion_interrupt5
  L_end__main
  L__main7
  L__main8
  L__main9
  L__main10
  L__main11
  L__main12
  L__main13
  L__main14
  L__main15
  L__main16
  L__main17
  L__main18
  L__main19
  L__main20
  L__main21
  Adquisicion_interrupt
  L_Adquisicion_interrupt22
  _main
  L__main23
  L__main24
  L__main25
  L_end__UART1_Init
  L__UART1_Init1
  L__UART1_Init2
  L__UART1_Init3
  L__UART1_Init4
  L__UART1_Init5
  L_end__UART1_Data_Ready
  L_end__UART1_Read
  L__UART1_Read8
  L__UART1_Read9
  L__UART1_Read10
  L_end__UART1_TX_Idle
  L_end__UART1_Write
  L__UART1_Write13
  L__UART1_Write14
  L__UART1_Write15
  L__UART1_Write16
  L__UART1_Write17
  L_end__UART1_Write_Text
  L__UART1_Write_Text19
  L__UART1_Write_Text20
  L__UART1_Write_Text21
  L__UART1_Write_Text22
  L__UART1_Write_Text23
  L_end__UART1_Read_Text
  L__UART1_Read_Text25
  L__UART1_Read_Text26
  L__UART1_Read_Text27
  L__UART1_Read_Text28
  L__UART1_Read_Text29
  L__UART1_Read_Text30
  L__UART1_Read_Text31
  L__UART1_Read_Text32
  L__UART1_Read_Text33
  L__UART1_Read_Text34
  L__UART1_Read_Text35
  L__UART1_Read_Text36
  L__UART1_Read_Text37
  L__UART1_Read_Text38
  L__UART1_Read_Text39
  L__UART1_Read_Text40
  L__UART1_Read_Text41
  L__UART1_Read_Text42
  L__UART1_Read_Text43
  _UART1_Init
  _UART1_Data_Ready
  _UART1_Read
  _UART1_TX_Idle
  _UART1_Write
  _UART1_Write_Text
  _UART1_Read_Text
