;  Assembly code generated by mikroVirtualMachine - V. 5.0.0.3
;  Date/Time: 28/12/2010 12:28:50 p.m.
;  Info: http://www.mikroe.com


; ADDRESS	OPCODE	ASM
; ----------------------------------------------
$0000	$2940			GOTO	_main
$02A1	$	_usart_read:
;USART_c67.ppas,54 :: 		
;USART_c67.ppas,55 :: 		
$02A1	$1303			BCF	STATUS, RP1
$02A2	$1283			BCF	STATUS, RP0
$02A3	$081A			MOVF	RCREG, 0
$02A4	$00AE			MOVWF	_usart_read_local_result
;USART_c67.ppas,61 :: 		
$02A5	$0818			MOVF	RCSTA, 0
$02A6	$00F1			MOVWF	STACK_1
$02A7	$3000			MOVLW	0
$02A8	$18F1			BTFSC	STACK_1, 1
$02A9	$3001			MOVLW	1
$02AA	$00F1			MOVWF	STACK_1
$02AB	$0871			MOVF	STACK_1, 0
$02AC	$3A01			XORLW	1
$02AD	$1D03			BTFSS	STATUS, Z
$02AE	$2AB1			GOTO	USART_c67_L_21
$02AF	$	USART_c67_L_20:
;USART_c67.ppas,63 :: 		
$02AF	$1218			BCF	RCSTA, 4
$02B0	$	USART_c67_L_24:
;USART_c67.ppas,64 :: 		
$02B0	$	USART_c67_L_25:
$02B0	$1618			BSF	RCSTA, 4
$02B1	$	USART_c67_L_26:
;USART_c67.ppas,65 :: 		
$02B1	$	USART_c67_L_21:
$02B1	$	USART_c67_L_22:
$02B1	$	USART_c67_L_19:
;USART_c67.ppas,66 :: 		
$02B1	$082E			MOVF	_usart_read_local_result, 0
$02B2	$00F0			MOVWF	STACK_0
$02B3	$0008			RETURN
$0004	$	_interrupt:
$0004	$00FF			MOVWF	STACK_15
$0005	$0E03			SWAPF	STATUS, 0
$0006	$0183			CLRF	STATUS
$0007	$00AC			MOVWF	?saveSTATUS
$0008	$0804			MOVF	FSR, 0
$0009	$00AB			MOVWF	?saveFSR
$000A	$080A			MOVF	PCLATH, 0
$000B	$00AD			MOVWF	?savePCLATH
$000C	$018A			CLRF	PCLATH
$000D	$0872			MOVF	STACK_2, 0
$000E	$00B5			MOVWF	STSAVED_2
$000F	$0871			MOVF	STACK_1, 0
$0010	$00B4			MOVWF	STSAVED_1
$0011	$0870			MOVF	STACK_0, 0
$0012	$00B3			MOVWF	STSAVED_0
;distancia_nuevo.pbas,35 :: 		sub procedure interrupt
;distancia_nuevo.pbas,37 :: 		if TestBit(INTCON,T0IF)=1 then
$0013	$3000			MOVLW	0
$0014	$190B			BTFSC	INTCON, 2
$0015	$3001			MOVLW	1
$0016	$00F2			MOVWF	STACK_2
$0017	$0872			MOVF	STACK_2, 0
$0018	$3A01			XORLW	1
$0019	$1D03			BTFSS	STATUS, Z
$001A	$2838			GOTO	distancia_nuevo_L_2
$001B	$	distancia_nuevo_L_1:
;distancia_nuevo.pbas,38 :: 		if Paso=0 then
$001B	$0820			MOVF	_paso, 0
$001C	$3A00			XORLW	0
$001D	$1D03			BTFSS	STATUS, Z
$001E	$2825			GOTO	distancia_nuevo_L_5
$001F	$	distancia_nuevo_L_4:
;distancia_nuevo.pbas,39 :: 		PORTB.5=1           ' Servo 1
$001F	$	distancia_nuevo_L_7:
$001F	$1686			BSF	PORTB, 5
$0020	$	distancia_nuevo_L_8:
;distancia_nuevo.pbas,40 :: 		Paso=1
$0020	$3001			MOVLW	1
$0021	$00A0			MOVWF	_paso
;distancia_nuevo.pbas,41 :: 		TMR0=0Xb1
$0022	$30B1			MOVLW	177
$0023	$0081			MOVWF	TMR0
$0024	$2837			GOTO	distancia_nuevo_L_6
;distancia_nuevo.pbas,42 :: 		else
$0025	$	distancia_nuevo_L_5:
;distancia_nuevo.pbas,43 :: 		if Paso=1 then
$0025	$0820			MOVF	_paso, 0
$0026	$3A01			XORLW	1
$0027	$1D03			BTFSS	STATUS, Z
$0028	$2832			GOTO	distancia_nuevo_L_10
$0029	$	distancia_nuevo_L_9:
;distancia_nuevo.pbas,44 :: 		TMR0=(255-(Servo-2))
$0029	$3002			MOVLW	2
$002A	$0221			SUBWF	_servo, 0
$002B	$00F0			MOVWF	STACK_0
$002C	$0870			MOVF	STACK_0, 0
$002D	$3CFF			SUBLW	255
$002E	$0081			MOVWF	TMR0
;distancia_nuevo.pbas,45 :: 		Paso=2
$002F	$3002			MOVLW	2
$0030	$00A0			MOVWF	_paso
$0031	$2837			GOTO	distancia_nuevo_L_11
;distancia_nuevo.pbas,46 :: 		else
$0032	$	distancia_nuevo_L_10:
;distancia_nuevo.pbas,47 :: 		TMR0=(Servo-2)
$0032	$3002			MOVLW	2
$0033	$0221			SUBWF	_servo, 0
$0034	$0081			MOVWF	TMR0
;distancia_nuevo.pbas,48 :: 		PORTB.5=0
$0035	$1286			BCF	PORTB, 5
$0036	$	distancia_nuevo_L_13:
;distancia_nuevo.pbas,49 :: 		paso=0
$0036	$01A0			CLRF	_paso, 1
;distancia_nuevo.pbas,50 :: 		end if
$0037	$	distancia_nuevo_L_11:
;distancia_nuevo.pbas,51 :: 		end if
$0037	$	distancia_nuevo_L_6:
;distancia_nuevo.pbas,52 :: 		ClearBit(INTCON,T0IF)
$0037	$110B			BCF	INTCON, 2
$0038	$	distancia_nuevo_L_2:
;distancia_nuevo.pbas,53 :: 		end if
$0038	$	distancia_nuevo_L_3:
;distancia_nuevo.pbas,58 :: 		if TestBit(PIR1,RCIF) = 1 then
$0038	$3000			MOVLW	0
$0039	$1A8C			BTFSC	PIR1, 5
$003A	$3001			MOVLW	1
$003B	$00F2			MOVWF	STACK_2
$003C	$0872			MOVF	STACK_2, 0
$003D	$3A01			XORLW	1
$003E	$1D03			BTFSS	STATUS, Z
$003F	$2881			GOTO	distancia_nuevo_L_15
$0040	$	distancia_nuevo_L_14:
;distancia_nuevo.pbas,59 :: 		received_byte = Usart_Read
$0040	$22A1			CALL	_usart_read
$0041	$0870			MOVF	STACK_0, 0
$0042	$00A2			MOVWF	_received_byte
;distancia_nuevo.pbas,61 :: 		case 1
$0043	$	distancia_nuevo_L_19:
$0043	$0823			MOVF	_viajero_usart, 0
$0044	$3A01			XORLW	1
$0045	$1D03			BTFSS	STATUS, Z
$0046	$2852			GOTO	distancia_nuevo_L_20
$0047	$	distancia_nuevo_L_18:
;distancia_nuevo.pbas,62 :: 		if 0xAA = received_byte then
$0047	$30AA			MOVLW	170
$0048	$0622			XORWF	_received_byte, 0
$0049	$1D03			BTFSS	STATUS, Z
$004A	$284E			GOTO	distancia_nuevo_L_22
$004B	$	distancia_nuevo_L_21:
;distancia_nuevo.pbas,63 :: 		viajero_usart = 2
$004B	$3002			MOVLW	2
$004C	$00A3			MOVWF	_viajero_usart
$004D	$2851			GOTO	distancia_nuevo_L_23
;distancia_nuevo.pbas,64 :: 		else
$004E	$	distancia_nuevo_L_22:
;distancia_nuevo.pbas,65 :: 		viajero_usart = 1
$004E	$3001			MOVLW	1
$004F	$00A3			MOVWF	_viajero_usart
;distancia_nuevo.pbas,66 :: 		termino=0
$0050	$01A4			CLRF	_termino, 1
;distancia_nuevo.pbas,67 :: 		end if
$0051	$	distancia_nuevo_L_23:
$0051	$2880			GOTO	distancia_nuevo_L_17
$0052	$	distancia_nuevo_L_20:
;distancia_nuevo.pbas,68 :: 		case 2
$0052	$	distancia_nuevo_L_25:
$0052	$0823			MOVF	_viajero_usart, 0
$0053	$3A02			XORLW	2
$0054	$1D03			BTFSS	STATUS, Z
$0055	$2861			GOTO	distancia_nuevo_L_26
$0056	$	distancia_nuevo_L_24:
;distancia_nuevo.pbas,69 :: 		if 0xCC = received_byte then
$0056	$30CC			MOVLW	204
$0057	$0622			XORWF	_received_byte, 0
$0058	$1D03			BTFSS	STATUS, Z
$0059	$285D			GOTO	distancia_nuevo_L_28
$005A	$	distancia_nuevo_L_27:
;distancia_nuevo.pbas,70 :: 		viajero_usart = 3
$005A	$3003			MOVLW	3
$005B	$00A3			MOVWF	_viajero_usart
$005C	$2860			GOTO	distancia_nuevo_L_29
;distancia_nuevo.pbas,71 :: 		else
$005D	$	distancia_nuevo_L_28:
;distancia_nuevo.pbas,72 :: 		viajero_usart = 1
$005D	$3001			MOVLW	1
$005E	$00A3			MOVWF	_viajero_usart
;distancia_nuevo.pbas,73 :: 		termino= 0
$005F	$01A4			CLRF	_termino, 1
;distancia_nuevo.pbas,74 :: 		end if
$0060	$	distancia_nuevo_L_29:
$0060	$2880			GOTO	distancia_nuevo_L_17
$0061	$	distancia_nuevo_L_26:
;distancia_nuevo.pbas,75 :: 		case 3
$0061	$	distancia_nuevo_L_31:
$0061	$0823			MOVF	_viajero_usart, 0
$0062	$3A03			XORLW	3
$0063	$1D03			BTFSS	STATUS, Z
$0064	$286A			GOTO	distancia_nuevo_L_32
$0065	$	distancia_nuevo_L_30:
;distancia_nuevo.pbas,76 :: 		index_usart= received_byte
$0065	$0822			MOVF	_received_byte, 0
$0066	$00A5			MOVWF	_index_usart
;distancia_nuevo.pbas,77 :: 		viajero_usart= 4
$0067	$3004			MOVLW	4
$0068	$00A3			MOVWF	_viajero_usart
$0069	$2880			GOTO	distancia_nuevo_L_17
$006A	$	distancia_nuevo_L_32:
;distancia_nuevo.pbas,78 :: 		case 4
$006A	$	distancia_nuevo_L_34:
$006A	$0823			MOVF	_viajero_usart, 0
$006B	$3A04			XORLW	4
$006C	$1D03			BTFSS	STATUS, Z
$006D	$2873			GOTO	distancia_nuevo_L_35
$006E	$	distancia_nuevo_L_33:
;distancia_nuevo.pbas,79 :: 		pos_usart= received_byte
$006E	$0822			MOVF	_received_byte, 0
$006F	$00A6			MOVWF	_pos_usart
;distancia_nuevo.pbas,80 :: 		viajero_usart= 5
$0070	$3005			MOVLW	5
$0071	$00A3			MOVWF	_viajero_usart
$0072	$2880			GOTO	distancia_nuevo_L_17
$0073	$	distancia_nuevo_L_35:
;distancia_nuevo.pbas,81 :: 		case 5
$0073	$	distancia_nuevo_L_37:
$0073	$0823			MOVF	_viajero_usart, 0
$0074	$3A05			XORLW	5
$0075	$1D03			BTFSS	STATUS, Z
$0076	$2880			GOTO	distancia_nuevo_L_38
$0077	$	distancia_nuevo_L_36:
;distancia_nuevo.pbas,82 :: 		if 0xDD = received_byte then
$0077	$30DD			MOVLW	221
$0078	$0622			XORWF	_received_byte, 0
$0079	$1D03			BTFSS	STATUS, Z
$007A	$287D			GOTO	distancia_nuevo_L_40
$007B	$	distancia_nuevo_L_39:
;distancia_nuevo.pbas,83 :: 		termino=1
$007B	$3001			MOVLW	1
$007C	$00A4			MOVWF	_termino
$007D	$	distancia_nuevo_L_40:
;distancia_nuevo.pbas,84 :: 		end if
$007D	$	distancia_nuevo_L_41:
;distancia_nuevo.pbas,85 :: 		viajero_usart = 1
$007D	$3001			MOVLW	1
$007E	$00A3			MOVWF	_viajero_usart
$007F	$2880			GOTO	distancia_nuevo_L_17
$0080	$	distancia_nuevo_L_38:
$0080	$	distancia_nuevo_L_17:
;distancia_nuevo.pbas,87 :: 		ClearBit(PIR1,RCIF)
$0080	$128C			BCF	PIR1, 5
$0081	$	distancia_nuevo_L_15:
;distancia_nuevo.pbas,88 :: 		end if
$0081	$	distancia_nuevo_L_16:
;distancia_nuevo.pbas,91 :: 		if INTCON.INTF = 1 then            ' External interupt (RB0 pin)
$0081	$3000			MOVLW	0
$0082	$188B			BTFSC	INTCON, 1
$0083	$3001			MOVLW	1
$0084	$00F2			MOVWF	STACK_2
$0085	$0872			MOVF	STACK_2, 0
$0086	$3A01			XORLW	1
$0087	$1D03			BTFSS	STATUS, Z
$0088	$28A8			GOTO	distancia_nuevo_L_43
$0089	$	distancia_nuevo_L_42:
;distancia_nuevo.pbas,92 :: 		if flanco=1 then
$0089	$0827			MOVF	_flanco, 0
$008A	$3A01			XORLW	1
$008B	$1D03			BTFSS	STATUS, Z
$008C	$2897			GOTO	distancia_nuevo_L_46
$008D	$	distancia_nuevo_L_45:
;distancia_nuevo.pbas,93 :: 		TMR1L = 0
$008D	$018E			CLRF	TMR1L, 1
;distancia_nuevo.pbas,94 :: 		TMR1H = 0
$008E	$018F			CLRF	TMR1H, 1
;distancia_nuevo.pbas,95 :: 		flanco = 0
$008F	$01A7			CLRF	_flanco, 1
;distancia_nuevo.pbas,96 :: 		Tiempo = 0
$0090	$01A8			CLRF	_tiempo
$0091	$01A9			CLRF	_tiempo+1
;distancia_nuevo.pbas,97 :: 		OPTION_REG.INTEDG=0
$0092	$1683			BSF	STATUS, RP0
$0093	$1301			BCF	OPTION_REG, 6
$0094	$	distancia_nuevo_L_49:
;distancia_nuevo.pbas,98 :: 		T1CON.TMR1ON=1
$0094	$	distancia_nuevo_L_50:
$0094	$1283			BCF	STATUS, RP0
$0095	$1410			BSF	T1CON, 0
$0096	$	distancia_nuevo_L_51:
$0096	$28A5			GOTO	distancia_nuevo_L_47
;distancia_nuevo.pbas,99 :: 		else
$0097	$	distancia_nuevo_L_46:
;distancia_nuevo.pbas,100 :: 		T1CON.TMR1ON=0
$0097	$1010			BCF	T1CON, 0
$0098	$	distancia_nuevo_L_53:
;distancia_nuevo.pbas,101 :: 		Tiempo = TMR1L + TMR1H
$0098	$080E			MOVF	TMR1L, 0
$0099	$00A8			MOVWF	_tiempo
$009A	$01A9			CLRF	_tiempo+1
$009B	$080F			MOVF	TMR1H, 0
$009C	$07A8			ADDWF	_tiempo, 1
$009D	$1803			BTFSC	STATUS, C
$009E	$0AA9			INCF	_tiempo+1, 1
;distancia_nuevo.pbas,102 :: 		TMR1L=0
$009F	$018E			CLRF	TMR1L, 1
;distancia_nuevo.pbas,103 :: 		TMR1H=0
$00A0	$018F			CLRF	TMR1H, 1
;distancia_nuevo.pbas,104 :: 		flanco=1
$00A1	$3001			MOVLW	1
$00A2	$00A7			MOVWF	_flanco
;distancia_nuevo.pbas,105 :: 		OPTION_REG.INTEDG=1
$00A3	$	distancia_nuevo_L_54:
$00A3	$1683			BSF	STATUS, RP0
$00A4	$1701			BSF	OPTION_REG, 6
$00A5	$	distancia_nuevo_L_55:
;distancia_nuevo.pbas,106 :: 		end if
$00A5	$	distancia_nuevo_L_47:
;distancia_nuevo.pbas,107 :: 		INTCON.INTF = 0
$00A5	$1303			BCF	STATUS, RP1
$00A6	$1683			BSF	STATUS, RP0
$00A7	$108B			BCF	INTCON, 1
$00A8	$	distancia_nuevo_L_57:
$00A8	$	distancia_nuevo_L_43:
;distancia_nuevo.pbas,108 :: 		end if
$00A8	$	distancia_nuevo_L_44:
$00A8	$	distancia_nuevo_L_0:
$00A8	$	L_Interrupt_end:
$00A8	$1303			BCF	STATUS, RP1
$00A9	$1683			BSF	STATUS, RP0
$00AA	$1283			BCF	STATUS, RP0
$00AB	$0835			MOVF	STSAVED_2, 0
$00AC	$00F2			MOVWF	STACK_2
$00AD	$0834			MOVF	STSAVED_1, 0
$00AE	$00F1			MOVWF	STACK_1
$00AF	$0833			MOVF	STSAVED_0, 0
$00B0	$00F0			MOVWF	STACK_0
$00B1	$082D			MOVF	?savePCLATH, 0
$00B2	$008A			MOVWF	PCLATH
$00B3	$082B			MOVF	?saveFSR, 0
$00B4	$0084			MOVWF	FSR
$00B5	$0E2C			SWAPF	?saveSTATUS, 0
$00B6	$0083			MOVWF	STATUS
$00B7	$0EFF			SWAPF	STACK_15, 1
$00B8	$0E7F			SWAPF	STACK_15, 0
$00B9	$0009			RETFIE
$0261	$	_mul_16x16_u:
$0261	$1303			BCF	STATUS, RP1
$0262	$1283			BCF	STATUS, RP0
;math.ppas,42 :: 		
;math.ppas,44 :: 		
$0263	$01FB			CLRF	STACK_11
;math.ppas,45 :: 		
$0264	$01FA			CLRF	STACK_10
;math.ppas,46 :: 		
$0265	$01F9			CLRF	STACK_9
;math.ppas,47 :: 		
$0266	$3080			MOVLW	128
;math.ppas,48 :: 		
$0267	$00F8			MOVWF	STACK_8
;math.ppas,49 :: 		
$0268	$0CF1			RRF	STACK_1, F
;math.ppas,50 :: 		
$0269	$0CF0			RRF	STACK_0, F
;math.ppas,51 :: 		
$026A	$1C03			BTFSS	STATUS, C
;math.ppas,52 :: 		
$026B	$2A75			GOTO	$+10
;math.ppas,53 :: 		
$026C	$0874			MOVF	STACK_4, W
;math.ppas,54 :: 		
$026D	$07F9			ADDWF	STACK_9, F
;math.ppas,55 :: 		
$026E	$0875			MOVF	STACK_5, W
;math.ppas,56 :: 		
$026F	$1803			BTFSC	STATUS, C
;math.ppas,57 :: 		
$0270	$0F75			INCFSZ	STACK_5, W
;math.ppas,58 :: 		
$0271	$07FA			ADDWF	STACK_10, F
;math.ppas,59 :: 		
$0272	$1803			BTFSC	STATUS, C
;math.ppas,60 :: 		
$0273	$0AFB			INCF	STACK_11, F
;math.ppas,61 :: 		
$0274	$1003			BCF	STATUS, C
;math.ppas,62 :: 		
$0275	$1FF0			BTFSS	STACK_0, 7
;math.ppas,63 :: 		
$0276	$2A7D			GOTO	$+7
;math.ppas,64 :: 		
$0277	$0874			MOVF	STACK_4, W
;math.ppas,65 :: 		
$0278	$07FA			ADDWF	STACK_10, F
;math.ppas,66 :: 		
$0279	$0875			MOVF	STACK_5, W
;math.ppas,67 :: 		
$027A	$1803			BTFSC	STATUS, C
;math.ppas,68 :: 		
$027B	$0F75			INCFSZ	STACK_5, W
;math.ppas,69 :: 		
$027C	$07FB			ADDWF	STACK_11, F
;math.ppas,70 :: 		
$027D	$0CFB			RRF	STACK_11, F
;math.ppas,71 :: 		
$027E	$0CFA			RRF	STACK_10, F
;math.ppas,72 :: 		
$027F	$0CF9			RRF	STACK_9, F
;math.ppas,73 :: 		
$0280	$0CF8			RRF	STACK_8, F
;math.ppas,74 :: 		
$0281	$1C03			BTFSS	STATUS, C
;math.ppas,75 :: 		
$0282	$2A68			GOTO	$-26
;math.ppas,76 :: 		
$0283	$087B			MOVF	STACK_11, W
;math.ppas,77 :: 		
$0284	$00F3			MOVWF	STACK_3
;math.ppas,78 :: 		
$0285	$087A			MOVF	STACK_10, W
;math.ppas,79 :: 		
$0286	$00F2			MOVWF	STACK_2
;math.ppas,80 :: 		
$0287	$0879			MOVF	STACK_9, W
;math.ppas,81 :: 		
$0288	$00F1			MOVWF	STACK_1
;math.ppas,82 :: 		
$0289	$0878			MOVF	STACK_8, W
;math.ppas,83 :: 		
$028A	$00F0			MOVWF	STACK_0
;math.ppas,84 :: 		
$028B	$	math_L_1:
;math.ppas,85 :: 		
$028B	$0008			RETURN
$02B4	$	_pwm1_start:
;PWM_c21.ppas,62 :: 		
;PWM_c21.ppas,63 :: 		
$02B4	$1303			BCF	STATUS, RP1
$02B5	$1683			BSF	STATUS, RP0
$02B6	$1107			BCF	TRISC, 2
;PWM_c21.ppas,64 :: 		
$02B7	$1283			BCF	STATUS, RP0
$02B8	$1512			BSF	T2CON, 2
;PWM_c21.ppas,65 :: 		
$02B9	$300C			MOVLW	12
$02BA	$0497			IORWF	CCP1CON, 1
$02BB	$	PWM_c21_L_8:
;PWM_c21.ppas,66 :: 		
$02BB	$0008			RETURN
$02BC	$	_pwm2_start:
;PWM_c21.ppas,97 :: 		
;PWM_c21.ppas,98 :: 		
$02BC	$1303			BCF	STATUS, RP1
$02BD	$1683			BSF	STATUS, RP0
$02BE	$1087			BCF	TRISC, 1
;PWM_c21.ppas,99 :: 		
$02BF	$1283			BCF	STATUS, RP0
$02C0	$1512			BSF	T2CON, 2
;PWM_c21.ppas,100 :: 		
$02C1	$300C			MOVLW	12
$02C2	$049D			IORWF	CCP2CON, 1
$02C3	$	PWM_c21_L_14:
;PWM_c21.ppas,101 :: 		
$02C3	$0008			RETURN
$01D5	$	_pwm1_change_duty:
;PWM_c21.ppas,53 :: 		
;PWM_c21.ppas,54 :: 		
$01D5	$1303			BCF	STATUS, RP1
$01D6	$1683			BSF	STATUS, RP0
$01D7	$0812			MOVF	PR2, 0
$01D8	$00F0			MOVWF	STACK_0
$01D9	$01F1			CLRF	STACK_0+1
$01DA	$0870			MOVF	STACK_0, 0
$01DB	$3F01			ADDLW	1
$01DC	$00F4			MOVWF	STACK_4
$01DD	$3000			MOVLW	0
$01DE	$1803			BTFSC	STATUS, C
$01DF	$3F01			ADDLW	1
$01E0	$0771			ADDWF	STACK_0+1, 0
$01E1	$00F5			MOVWF	STACK_4+1
$01E2	$1283			BCF	STATUS, RP0
$01E3	$082F			MOVF	FARG_PWM1_Change_Duty, 0
$01E4	$00F0			MOVWF	STACK_0
$01E5	$01F1			CLRF	STACK_0+1
$01E6	$2261			CALL	_mul_16x16_u
$01E7	$3006			MOVLW	6
$01E8	$00F2			MOVWF	STACK_2
$01E9	$0870			MOVF	STACK_0, 0
$01EA	$00F8			MOVWF	STACK_8
$01EB	$0871			MOVF	STACK_0+1, 0
$01EC	$00F9			MOVWF	STACK_8+1
$01ED	$0872			MOVF	STACK_2, 0
$01EE	$	L_PWM1_Change_Duty_2:
$01EE	$1903			BTFSC	STATUS, Z
$01EF	$29F5			GOTO	L_PWM1_Change_Duty_3
$01F0	$0CF9			RRF	STACK_8+1, 1
$01F1	$0CF8			RRF	STACK_8, 1
$01F2	$13F9			BCF	STACK_8+1, 7
$01F3	$3FFF			ADDLW	255
$01F4	$29EE			GOTO	L_PWM1_Change_Duty_2
$01F5	$	L_PWM1_Change_Duty_3:
;PWM_c21.ppas,55 :: 		
$01F5	$0878			MOVF	STACK_8, 0
$01F6	$00F0			MOVWF	STACK_0
$01F7	$0879			MOVF	STACK_8+1, 0
$01F8	$00F1			MOVWF	STACK_0+1
$01F9	$0DF0			RLF	STACK_0, 1
$01FA	$0DF1			RLF	STACK_0+1, 1
$01FB	$1070			BCF	STACK_0, 0
$01FC	$0DF0			RLF	STACK_0, 1
$01FD	$0DF1			RLF	STACK_0+1, 1
$01FE	$1070			BCF	STACK_0, 0
$01FF	$0DF0			RLF	STACK_0, 1
$0200	$0DF1			RLF	STACK_0+1, 1
$0201	$1070			BCF	STACK_0, 0
$0202	$0DF0			RLF	STACK_0, 1
$0203	$0DF1			RLF	STACK_0+1, 1
$0204	$1070			BCF	STACK_0, 0
$0205	$3030			MOVLW	48
$0206	$0570			ANDWF	STACK_0, 0
$0207	$00F6			MOVWF	STACK_6
$0208	$0871			MOVF	STACK_0+1, 0
$0209	$00F7			MOVWF	STACK_6+1
$020A	$3000			MOVLW	0
$020B	$05F7			ANDWF	STACK_6+1, 1
;PWM_c21.ppas,56 :: 		
$020C	$0878			MOVF	STACK_8, 0
$020D	$00F0			MOVWF	STACK_0
$020E	$0879			MOVF	STACK_8+1, 0
$020F	$00F1			MOVWF	STACK_0+1
$0210	$0CF1			RRF	STACK_0+1, 1
$0211	$0CF0			RRF	STACK_0, 1
$0212	$13F1			BCF	STACK_0+1, 7
$0213	$0CF1			RRF	STACK_0+1, 1
$0214	$0CF0			RRF	STACK_0, 1
$0215	$13F1			BCF	STACK_0+1, 7
$0216	$0870			MOVF	STACK_0, 0
$0217	$0095			MOVWF	CCPR1L
;PWM_c21.ppas,57 :: 		
$0218	$300F			MOVLW	15
$0219	$0597			ANDWF	CCP1CON, 1
;PWM_c21.ppas,58 :: 		
$021A	$0876			MOVF	STACK_6, 0
$021B	$0497			IORWF	CCP1CON, 1
$021C	$	PWM_c21_L_7:
;PWM_c21.ppas,59 :: 		
$021C	$0008			RETURN
$018D	$	_pwm2_change_duty:
;PWM_c21.ppas,88 :: 		
;PWM_c21.ppas,89 :: 		
$018D	$1303			BCF	STATUS, RP1
$018E	$1683			BSF	STATUS, RP0
$018F	$0812			MOVF	PR2, 0
$0190	$00F0			MOVWF	STACK_0
$0191	$01F1			CLRF	STACK_0+1
$0192	$0870			MOVF	STACK_0, 0
$0193	$3F01			ADDLW	1
$0194	$00F4			MOVWF	STACK_4
$0195	$3000			MOVLW	0
$0196	$1803			BTFSC	STATUS, C
$0197	$3F01			ADDLW	1
$0198	$0771			ADDWF	STACK_0+1, 0
$0199	$00F5			MOVWF	STACK_4+1
$019A	$1283			BCF	STATUS, RP0
$019B	$082F			MOVF	FARG_PWM2_Change_Duty, 0
$019C	$00F0			MOVWF	STACK_0
$019D	$01F1			CLRF	STACK_0+1
$019E	$2261			CALL	_mul_16x16_u
$019F	$3006			MOVLW	6
$01A0	$00F2			MOVWF	STACK_2
$01A1	$0870			MOVF	STACK_0, 0
$01A2	$00F8			MOVWF	STACK_8
$01A3	$0871			MOVF	STACK_0+1, 0
$01A4	$00F9			MOVWF	STACK_8+1
$01A5	$0872			MOVF	STACK_2, 0
$01A6	$	L_PWM2_Change_Duty_4:
$01A6	$1903			BTFSC	STATUS, Z
$01A7	$29AD			GOTO	L_PWM2_Change_Duty_5
$01A8	$0CF9			RRF	STACK_8+1, 1
$01A9	$0CF8			RRF	STACK_8, 1
$01AA	$13F9			BCF	STACK_8+1, 7
$01AB	$3FFF			ADDLW	255
$01AC	$29A6			GOTO	L_PWM2_Change_Duty_4
$01AD	$	L_PWM2_Change_Duty_5:
;PWM_c21.ppas,90 :: 		
$01AD	$0878			MOVF	STACK_8, 0
$01AE	$00F0			MOVWF	STACK_0
$01AF	$0879			MOVF	STACK_8+1, 0
$01B0	$00F1			MOVWF	STACK_0+1
$01B1	$0DF0			RLF	STACK_0, 1
$01B2	$0DF1			RLF	STACK_0+1, 1
$01B3	$1070			BCF	STACK_0, 0
$01B4	$0DF0			RLF	STACK_0, 1
$01B5	$0DF1			RLF	STACK_0+1, 1
$01B6	$1070			BCF	STACK_0, 0
$01B7	$0DF0			RLF	STACK_0, 1
$01B8	$0DF1			RLF	STACK_0+1, 1
$01B9	$1070			BCF	STACK_0, 0
$01BA	$0DF0			RLF	STACK_0, 1
$01BB	$0DF1			RLF	STACK_0+1, 1
$01BC	$1070			BCF	STACK_0, 0
$01BD	$3030			MOVLW	48
$01BE	$0570			ANDWF	STACK_0, 0
$01BF	$00F6			MOVWF	STACK_6
$01C0	$0871			MOVF	STACK_0+1, 0
$01C1	$00F7			MOVWF	STACK_6+1
$01C2	$3000			MOVLW	0
$01C3	$05F7			ANDWF	STACK_6+1, 1
;PWM_c21.ppas,91 :: 		
$01C4	$0878			MOVF	STACK_8, 0
$01C5	$00F0			MOVWF	STACK_0
$01C6	$0879			MOVF	STACK_8+1, 0
$01C7	$00F1			MOVWF	STACK_0+1
$01C8	$0CF1			RRF	STACK_0+1, 1
$01C9	$0CF0			RRF	STACK_0, 1
$01CA	$13F1			BCF	STACK_0+1, 7
$01CB	$0CF1			RRF	STACK_0+1, 1
$01CC	$0CF0			RRF	STACK_0, 1
$01CD	$13F1			BCF	STACK_0+1, 7
$01CE	$0870			MOVF	STACK_0, 0
$01CF	$009B			MOVWF	CCPR2L
;PWM_c21.ppas,92 :: 		
$01D0	$300F			MOVLW	15
$01D1	$059D			ANDWF	CCP2CON, 1
;PWM_c21.ppas,93 :: 		
$01D2	$0876			MOVF	STACK_6, 0
$01D3	$049D			IORWF	CCP2CON, 1
$01D4	$	PWM_c21_L_13:
;PWM_c21.ppas,94 :: 		
$01D4	$0008			RETURN
$00BA	$	_led:
;distancia_nuevo.pbas,121 :: 		sub procedure led
;distancia_nuevo.pbas,122 :: 		porta = 0x00
$00BA	$1303			BCF	STATUS, RP1
$00BB	$1283			BCF	STATUS, RP0
$00BC	$0185			CLRF	PORTA, 1
;distancia_nuevo.pbas,123 :: 		delay_ms(250)
$00BD	$3003			MOVLW	3
$00BE	$00FC			MOVWF	STACK_12
$00BF	$30FF			MOVLW	255
$00C0	$00FB			MOVWF	STACK_11
$00C1	$30FF			MOVLW	255
$00C2	$00FA			MOVWF	STACK_10
$00C3	$0BFC			DECFSZ	STACK_12, F
$00C4	$28C6			GOTO	$+2
$00C5	$28CD			GOTO	$+8
$00C6	$0BFB			DECFSZ	STACK_11, F
$00C7	$28C9			GOTO	$+2
$00C8	$28CC			GOTO	$+4
$00C9	$0BFA			DECFSZ	STACK_10, F
$00CA	$28C9			GOTO	$-1
$00CB	$28C6			GOTO	$-5
$00CC	$28C3			GOTO	$-9
$00CD	$308C			MOVLW	140
$00CE	$00FB			MOVWF	STACK_11
$00CF	$30FF			MOVLW	255
$00D0	$00FA			MOVWF	STACK_10
$00D1	$0BFB			DECFSZ	STACK_11, F
$00D2	$28D4			GOTO	$+2
$00D3	$28D7			GOTO	$+4
$00D4	$0BFA			DECFSZ	STACK_10, F
$00D5	$28D4			GOTO	$-1
$00D6	$28D1			GOTO	$-5
$00D7	$30A1			MOVLW	161
$00D8	$00FA			MOVWF	STACK_10
$00D9	$0BFA			DECFSZ	STACK_10, F
$00DA	$28D9			GOTO	$-1
$00DB	$0000			NOP
;distancia_nuevo.pbas,124 :: 		porta = 0xff
$00DC	$30FF			MOVLW	255
$00DD	$0085			MOVWF	PORTA
;distancia_nuevo.pbas,125 :: 		delay_ms(250)
$00DE	$3003			MOVLW	3
$00DF	$00FC			MOVWF	STACK_12
$00E0	$30FF			MOVLW	255
$00E1	$00FB			MOVWF	STACK_11
$00E2	$30FF			MOVLW	255
$00E3	$00FA			MOVWF	STACK_10
$00E4	$0BFC			DECFSZ	STACK_12, F
$00E5	$28E7			GOTO	$+2
$00E6	$28EE			GOTO	$+8
$00E7	$0BFB			DECFSZ	STACK_11, F
$00E8	$28EA			GOTO	$+2
$00E9	$28ED			GOTO	$+4
$00EA	$0BFA			DECFSZ	STACK_10, F
$00EB	$28EA			GOTO	$-1
$00EC	$28E7			GOTO	$-5
$00ED	$28E4			GOTO	$-9
$00EE	$308C			MOVLW	140
$00EF	$00FB			MOVWF	STACK_11
$00F0	$30FF			MOVLW	255
$00F1	$00FA			MOVWF	STACK_10
$00F2	$0BFB			DECFSZ	STACK_11, F
$00F3	$28F5			GOTO	$+2
$00F4	$28F8			GOTO	$+4
$00F5	$0BFA			DECFSZ	STACK_10, F
$00F6	$28F5			GOTO	$-1
$00F7	$28F2			GOTO	$-5
$00F8	$30A1			MOVLW	161
$00F9	$00FA			MOVWF	STACK_10
$00FA	$0BFA			DECFSZ	STACK_10, F
$00FB	$28FA			GOTO	$-1
$00FC	$0000			NOP
;distancia_nuevo.pbas,126 :: 		porta = 0x00
$00FD	$0185			CLRF	PORTA, 1
;distancia_nuevo.pbas,127 :: 		delay_ms(250)
$00FE	$3003			MOVLW	3
$00FF	$00FC			MOVWF	STACK_12
$0100	$30FF			MOVLW	255
$0101	$00FB			MOVWF	STACK_11
$0102	$30FF			MOVLW	255
$0103	$00FA			MOVWF	STACK_10
$0104	$0BFC			DECFSZ	STACK_12, F
$0105	$2907			GOTO	$+2
$0106	$290E			GOTO	$+8
$0107	$0BFB			DECFSZ	STACK_11, F
$0108	$290A			GOTO	$+2
$0109	$290D			GOTO	$+4
$010A	$0BFA			DECFSZ	STACK_10, F
$010B	$290A			GOTO	$-1
$010C	$2907			GOTO	$-5
$010D	$2904			GOTO	$-9
$010E	$308C			MOVLW	140
$010F	$00FB			MOVWF	STACK_11
$0110	$30FF			MOVLW	255
$0111	$00FA			MOVWF	STACK_10
$0112	$0BFB			DECFSZ	STACK_11, F
$0113	$2915			GOTO	$+2
$0114	$2918			GOTO	$+4
$0115	$0BFA			DECFSZ	STACK_10, F
$0116	$2915			GOTO	$-1
$0117	$2912			GOTO	$-5
$0118	$30A1			MOVLW	161
$0119	$00FA			MOVWF	STACK_10
$011A	$0BFA			DECFSZ	STACK_10, F
$011B	$291A			GOTO	$-1
$011C	$0000			NOP
;distancia_nuevo.pbas,128 :: 		porta = 0xff
$011D	$30FF			MOVLW	255
$011E	$0085			MOVWF	PORTA
;distancia_nuevo.pbas,129 :: 		delay_ms(250)
$011F	$3003			MOVLW	3
$0120	$00FC			MOVWF	STACK_12
$0121	$30FF			MOVLW	255
$0122	$00FB			MOVWF	STACK_11
$0123	$30FF			MOVLW	255
$0124	$00FA			MOVWF	STACK_10
$0125	$0BFC			DECFSZ	STACK_12, F
$0126	$2928			GOTO	$+2
$0127	$292F			GOTO	$+8
$0128	$0BFB			DECFSZ	STACK_11, F
$0129	$292B			GOTO	$+2
$012A	$292E			GOTO	$+4
$012B	$0BFA			DECFSZ	STACK_10, F
$012C	$292B			GOTO	$-1
$012D	$2928			GOTO	$-5
$012E	$2925			GOTO	$-9
$012F	$308C			MOVLW	140
$0130	$00FB			MOVWF	STACK_11
$0131	$30FF			MOVLW	255
$0132	$00FA			MOVWF	STACK_10
$0133	$0BFB			DECFSZ	STACK_11, F
$0134	$2936			GOTO	$+2
$0135	$2939			GOTO	$+4
$0136	$0BFA			DECFSZ	STACK_10, F
$0137	$2936			GOTO	$-1
$0138	$2933			GOTO	$-5
$0139	$30A1			MOVLW	161
$013A	$00FA			MOVWF	STACK_10
$013B	$0BFA			DECFSZ	STACK_10, F
$013C	$293B			GOTO	$-1
$013D	$0000			NOP
;distancia_nuevo.pbas,130 :: 		porta = 0x00
$013E	$0185			CLRF	PORTA, 1
$013F	$	distancia_nuevo_L_63:
$013F	$0008			RETURN
$021D	$	_rotar_servo:
;distancia_nuevo.pbas,133 :: 		sub procedure rotar_servo
;distancia_nuevo.pbas,134 :: 		for i=2 to 254
$021D	$3002			MOVLW	2
$021E	$1303			BCF	STATUS, RP1
$021F	$1283			BCF	STATUS, RP0
$0220	$00AA			MOVWF	_i
$0221	$	distancia_nuevo_L_65:
$0221	$082A			MOVF	_i, 0
$0222	$3CFE			SUBLW	254
$0223	$1C03			BTFSS	STATUS, C
$0224	$2A3E			GOTO	distancia_nuevo_L_68
;distancia_nuevo.pbas,135 :: 		Servo = i
$0225	$082A			MOVF	_i, 0
$0226	$00A1			MOVWF	_servo
;distancia_nuevo.pbas,136 :: 		PORTA = Servo
$0227	$082A			MOVF	_i, 0
$0228	$0085			MOVWF	PORTA
;distancia_nuevo.pbas,137 :: 		delay_ms(50)
$0229	$3082			MOVLW	130
$022A	$00FB			MOVWF	STACK_11
$022B	$30FF			MOVLW	255
$022C	$00FA			MOVWF	STACK_10
$022D	$0BFB			DECFSZ	STACK_11, F
$022E	$2A30			GOTO	$+2
$022F	$2A33			GOTO	$+4
$0230	$0BFA			DECFSZ	STACK_10, F
$0231	$2A30			GOTO	$-1
$0232	$2A2D			GOTO	$-5
$0233	$3087			MOVLW	135
$0234	$00FA			MOVWF	STACK_10
$0235	$0BFA			DECFSZ	STACK_10, F
$0236	$2A35			GOTO	$-1
$0237	$0000			NOP
;distancia_nuevo.pbas,138 :: 		next i
$0238	$082A			MOVF	_i, 0
$0239	$3AFE			XORLW	254
$023A	$1903			BTFSC	STATUS, Z
$023B	$2A3E			GOTO	distancia_nuevo_L_68
$023C	$	distancia_nuevo_L_66:
$023C	$0AAA			INCF	_i, 1
$023D	$2A21			GOTO	distancia_nuevo_L_65
$023E	$	distancia_nuevo_L_68:
;distancia_nuevo.pbas,140 :: 		for i=1 to 253
$023E	$3001			MOVLW	1
$023F	$00AA			MOVWF	_i
$0240	$	distancia_nuevo_L_69:
$0240	$082A			MOVF	_i, 0
$0241	$3CFD			SUBLW	253
$0242	$1C03			BTFSS	STATUS, C
$0243	$2A60			GOTO	distancia_nuevo_L_72
;distancia_nuevo.pbas,141 :: 		Servo = 255-i
$0244	$082A			MOVF	_i, 0
$0245	$3CFF			SUBLW	255
$0246	$00F0			MOVWF	STACK_0
$0247	$0870			MOVF	STACK_0, 0
$0248	$00A1			MOVWF	_servo
;distancia_nuevo.pbas,142 :: 		PORTA = Servo
$0249	$0870			MOVF	STACK_0, 0
$024A	$0085			MOVWF	PORTA
;distancia_nuevo.pbas,143 :: 		delay_ms(50)
$024B	$3082			MOVLW	130
$024C	$00FB			MOVWF	STACK_11
$024D	$30FF			MOVLW	255
$024E	$00FA			MOVWF	STACK_10
$024F	$0BFB			DECFSZ	STACK_11, F
$0250	$2A52			GOTO	$+2
$0251	$2A55			GOTO	$+4
$0252	$0BFA			DECFSZ	STACK_10, F
$0253	$2A52			GOTO	$-1
$0254	$2A4F			GOTO	$-5
$0255	$3087			MOVLW	135
$0256	$00FA			MOVWF	STACK_10
$0257	$0BFA			DECFSZ	STACK_10, F
$0258	$2A57			GOTO	$-1
$0259	$0000			NOP
;distancia_nuevo.pbas,144 :: 		next i
$025A	$082A			MOVF	_i, 0
$025B	$3AFD			XORLW	253
$025C	$1903			BTFSC	STATUS, Z
$025D	$2A60			GOTO	distancia_nuevo_L_72
$025E	$	distancia_nuevo_L_70:
$025E	$0AAA			INCF	_i, 1
$025F	$2A40			GOTO	distancia_nuevo_L_69
$0260	$	distancia_nuevo_L_72:
$0260	$	distancia_nuevo_L_64:
$0260	$0008			RETURN
$028C	$	_usart_init:
;USART_c67.ppas,22 :: 		
;USART_c67.ppas,24 :: 		
$028C	$	USART_c67_L_1:
$028C	$1303			BCF	STATUS, RP1
$028D	$1683			BSF	STATUS, RP0
$028E	$1698			BSF	TXSTA, 5
$028F	$	USART_c67_L_2:
;USART_c67.ppas,25 :: 		
$028F	$3090			MOVLW	144
$0290	$1283			BCF	STATUS, RP0
$0291	$0098			MOVWF	RCSTA
;USART_c67.ppas,31 :: 		
$0292	$	USART_c67_L_3:
$0292	$1683			BSF	STATUS, RP0
$0293	$1787			BSF	TRISC, 7
$0294	$	USART_c67_L_4:
;USART_c67.ppas,32 :: 		
$0294	$1307			BCF	TRISC, 6
$0295	$	USART_c67_L_6:
;USART_c67.ppas,35 :: 		
$0295	$	USART_c67_L_8:
$0295	$1283			BCF	STATUS, RP0
$0296	$080C			MOVF	PIR1, 0
$0297	$00F1			MOVWF	STACK_1
$0298	$3000			MOVLW	0
$0299	$1AF1			BTFSC	STACK_1, 5
$029A	$3001			MOVLW	1
$029B	$00F1			MOVWF	STACK_1
$029C	$0871			MOVF	STACK_1, 0
$029D	$3A01			XORLW	1
$029E	$1903			BTFSC	STATUS, Z
$029F	$2A95			GOTO	USART_c67_L_8
;USART_c67.ppas,36 :: 		
$02A0	$	USART_c67_L_9:
$02A0	$	USART_c67_L_0:
;USART_c67.ppas,37 :: 		
$02A0	$0008			RETURN
$02C4	$	_pwm1_init:
;PWM_c21.ppas,44 :: 		
;PWM_c21.ppas,45 :: 		
$02C4	$1303			BCF	STATUS, RP1
$02C5	$1283			BCF	STATUS, RP0
$02C6	$0195			CLRF	CCPR1L, 1
;PWM_c21.ppas,46 :: 		
$02C7	$1217			BCF	CCP1CON, 4
;PWM_c21.ppas,47 :: 		
$02C8	$1297			BCF	CCP1CON, 5
$02C9	$	PWM_c21_L_6:
;PWM_c21.ppas,48 :: 		
$02C9	$0008			RETURN
$02CA	$	_pwm2_init:
;PWM_c21.ppas,79 :: 		
;PWM_c21.ppas,80 :: 		
$02CA	$1303			BCF	STATUS, RP1
$02CB	$1283			BCF	STATUS, RP0
$02CC	$019B			CLRF	CCPR2L, 1
;PWM_c21.ppas,81 :: 		
$02CD	$121D			BCF	CCP2CON, 4
;PWM_c21.ppas,82 :: 		
$02CE	$129D			BCF	CCP2CON, 5
$02CF	$	PWM_c21_L_12:
;PWM_c21.ppas,83 :: 		
$02CF	$0008			RETURN
$0140	$	_main:
;distancia_nuevo.pbas,148 :: 		main:
$0140	$	_main_main:
;distancia_nuevo.pbas,149 :: 		OSCCON = %01110101
$0140	$3075			MOVLW	117
$0141	$1303			BCF	STATUS, RP1
$0142	$1683			BSF	STATUS, RP0
$0143	$008F			MOVWF	OSCCON
;distancia_nuevo.pbas,150 :: 		OPTION_REG = %10000000
$0144	$3080			MOVLW	128
$0145	$0081			MOVWF	OPTION_REG
;distancia_nuevo.pbas,151 :: 		PIE1 = %00000000
$0146	$018C			CLRF	PIE1, 1
;distancia_nuevo.pbas,152 :: 		INTCON = %11000000
$0147	$30C0			MOVLW	192
$0148	$008B			MOVWF	INTCON
;distancia_nuevo.pbas,153 :: 		T1CON= %00000000
$0149	$1283			BCF	STATUS, RP0
$014A	$0190			CLRF	T1CON, 1
;distancia_nuevo.pbas,155 :: 		TRISA= %00000000
$014B	$1683			BSF	STATUS, RP0
$014C	$0185			CLRF	TRISA, 1
;distancia_nuevo.pbas,156 :: 		TRISB= %00000001
$014D	$3001			MOVLW	1
$014E	$0086			MOVWF	TRISB
;distancia_nuevo.pbas,157 :: 		TRISC= %10000000
$014F	$3080			MOVLW	128
$0150	$0087			MOVWF	TRISC
;distancia_nuevo.pbas,159 :: 		ANSEL= %00000000
$0151	$1703			BSF	STATUS, RP1
$0152	$0188			CLRF	ANSEL, 1
;distancia_nuevo.pbas,160 :: 		ANSELH= %00000000
$0153	$0189			CLRF	ANSELH, 1
;distancia_nuevo.pbas,163 :: 		OPTION_REG = OPTION_REG or %00000110   ' prescalador 128
$0154	$3006			MOVLW	6
$0155	$1303			BCF	STATUS, RP1
$0156	$0481			IORWF	OPTION_REG, 1
;distancia_nuevo.pbas,164 :: 		INTCON = INTCON or %00100000
$0157	$168B			BSF	INTCON, 5
;distancia_nuevo.pbas,165 :: 		TMR0 = 0xb1
$0158	$30B1			MOVLW	177
$0159	$1283			BCF	STATUS, RP0
$015A	$0081			MOVWF	TMR0
;distancia_nuevo.pbas,166 :: 		paso = 0
$015B	$01A0			CLRF	_paso, 1
;distancia_nuevo.pbas,167 :: 		Servo = 0x80
$015C	$3080			MOVLW	128
$015D	$00A1			MOVWF	_servo
;distancia_nuevo.pbas,170 :: 		OPTION_REG = OPTION_REG or %01000000   ' interrupcion rb0
$015E	$1683			BSF	STATUS, RP0
$015F	$1701			BSF	OPTION_REG, 6
;distancia_nuevo.pbas,171 :: 		INTCON = INTCON or %00010000
$0160	$160B			BSF	INTCON, 4
;distancia_nuevo.pbas,172 :: 		flanco = 1
$0161	$3001			MOVLW	1
$0162	$1283			BCF	STATUS, RP0
$0163	$00A7			MOVWF	_flanco
;distancia_nuevo.pbas,173 :: 		Tiempo = 0
$0164	$01A8			CLRF	_tiempo
$0165	$01A9			CLRF	_tiempo+1
;distancia_nuevo.pbas,174 :: 		TMR1L = 0X00
$0166	$018E			CLRF	TMR1L, 1
;distancia_nuevo.pbas,175 :: 		TMR1H = 0X00
$0167	$018F			CLRF	TMR1H, 1
;distancia_nuevo.pbas,178 :: 		PIE1 = PIE1 or %00100000
$0168	$1683			BSF	STATUS, RP0
$0169	$168C			BSF	PIE1, 5
;distancia_nuevo.pbas,179 :: 		UsART_Init(9600)
$016A	$3033			MOVLW	51
$016B	$0099			MOVWF	SPBRG
$016C	$1518			BSF	TXSTA, BRGH
$016D	$228C			CALL	_usart_init
;distancia_nuevo.pbas,182 :: 		PORTA= %00000000
$016E	$0185			CLRF	PORTA, 1
;distancia_nuevo.pbas,183 :: 		PORTB= %00000000
$016F	$0186			CLRF	PORTB, 1
;distancia_nuevo.pbas,184 :: 		PORTC= %00000000
$0170	$0187			CLRF	PORTC, 1
;distancia_nuevo.pbas,186 :: 		PWM1_Init(5000)
$0171	$1012			BCF	T2CON, T2CKPS0
$0172	$1092			BCF	T2CON, T2CKPS1
$0173	$1412			BSF	T2CON, T2CKPS0
$0174	$3063			MOVLW	99
$0175	$1683			BSF	STATUS, RP0
$0176	$0092			MOVWF	PR2
$0177	$22C4			CALL	_pwm1_init
;distancia_nuevo.pbas,187 :: 		PWM2_Init(5000)
$0178	$1012			BCF	T2CON, T2CKPS0
$0179	$1092			BCF	T2CON, T2CKPS1
$017A	$1412			BSF	T2CON, T2CKPS0
$017B	$3063			MOVLW	99
$017C	$1683			BSF	STATUS, RP0
$017D	$0092			MOVWF	PR2
$017E	$22CA			CALL	_pwm2_init
;distancia_nuevo.pbas,188 :: 		PWM1_Start()
$017F	$22B4			CALL	_pwm1_start
;distancia_nuevo.pbas,189 :: 		PWM2_Start()
$0180	$22BC			CALL	_pwm2_start
;distancia_nuevo.pbas,191 :: 		PWM1_Change_Duty(0XFF)
$0181	$30FF			MOVLW	255
$0182	$00AF			MOVWF	FARG_PWM1_Change_Duty
$0183	$21D5			CALL	_pwm1_change_duty
;distancia_nuevo.pbas,192 :: 		PWM2_Change_Duty(0XFF)
$0184	$30FF			MOVLW	255
$0185	$00AF			MOVWF	FARG_PWM2_Change_Duty
$0186	$218D			CALL	_pwm2_change_duty
;distancia_nuevo.pbas,195 :: 		ClearBit(PORTB,1) ' adelante
$0187	$1086			BCF	PORTB, 1
;distancia_nuevo.pbas,197 :: 		ClearBit(PORTB,2) ' adelante
$0188	$1106			BCF	PORTB, 2
;distancia_nuevo.pbas,199 :: 		led()
$0189	$20BA			CALL	_led
;distancia_nuevo.pbas,200 :: 		while true
$018A	$	distancia_nuevo_L_75:
;distancia_nuevo.pbas,205 :: 		rotar_servo
$018A	$221D			CALL	_rotar_servo
$018B	$298A			GOTO	distancia_nuevo_L_75
;distancia_nuevo.pbas,208 :: 		wend
$018C	$298C			GOTO	$


//** Procedures locations **
//ADDRESS		PROCEDURE
//----------------------------------------------
$0004		interrupt
$00BA		led
$0140		main
$018D		PWM2_Change_Duty
$01D5		PWM1_Change_Duty
$021D		rotar_servo
$0261		Mul_16x16_U
$028C		USART_Init
$02A1		USART_Read
$02B4		PWM1_Start
$02BC		PWM2_Start
$02C4		PWM1_Init
$02CA		PWM2_Init


//** Labels locations **
//ADDRESS		LABEL
//----------------------------------------------
$0004		_interrupt:
$001B		distancia_nuevo_L_1:
$001F		distancia_nuevo_L_4:
$001F		distancia_nuevo_L_7:
$0020		distancia_nuevo_L_8:
$0025		distancia_nuevo_L_5:
$0029		distancia_nuevo_L_9:
$0032		distancia_nuevo_L_10:
$0036		distancia_nuevo_L_13:
$0037		distancia_nuevo_L_11:
$0037		distancia_nuevo_L_6:
$0038		distancia_nuevo_L_2:
$0038		distancia_nuevo_L_3:
$0040		distancia_nuevo_L_14:
$0043		distancia_nuevo_L_19:
$0047		distancia_nuevo_L_18:
$004B		distancia_nuevo_L_21:
$004E		distancia_nuevo_L_22:
$0051		distancia_nuevo_L_23:
$0052		distancia_nuevo_L_20:
$0052		distancia_nuevo_L_25:
$0056		distancia_nuevo_L_24:
$005A		distancia_nuevo_L_27:
$005D		distancia_nuevo_L_28:
$0060		distancia_nuevo_L_29:
$0061		distancia_nuevo_L_26:
$0061		distancia_nuevo_L_31:
$0065		distancia_nuevo_L_30:
$006A		distancia_nuevo_L_32:
$006A		distancia_nuevo_L_34:
$006E		distancia_nuevo_L_33:
$0073		distancia_nuevo_L_35:
$0073		distancia_nuevo_L_37:
$0077		distancia_nuevo_L_36:
$007B		distancia_nuevo_L_39:
$007D		distancia_nuevo_L_40:
$007D		distancia_nuevo_L_41:
$0080		distancia_nuevo_L_17:
$0080		distancia_nuevo_L_38:
$0081		distancia_nuevo_L_15:
$0081		distancia_nuevo_L_16:
$0089		distancia_nuevo_L_42:
$008D		distancia_nuevo_L_45:
$0094		distancia_nuevo_L_49:
$0094		distancia_nuevo_L_50:
$0096		distancia_nuevo_L_51:
$0097		distancia_nuevo_L_46:
$0098		distancia_nuevo_L_53:
$00A3		distancia_nuevo_L_54:
$00A5		distancia_nuevo_L_47:
$00A5		distancia_nuevo_L_55:
$00A8		distancia_nuevo_L_0:
$00A8		distancia_nuevo_L_43:
$00A8		distancia_nuevo_L_44:
$00A8		distancia_nuevo_L_57:
$00A8		L_Interrupt_end:
$00BA		_led:
$013F		distancia_nuevo_L_63:
$0140		_main:
$0140		_main_main:
$018A		distancia_nuevo_L_75:
$018D		_pwm2_change_duty:
$01A6		L_PWM2_Change_Duty_4:
$01AD		L_PWM2_Change_Duty_5:
$01D4		PWM_c21_L_13:
$01D5		_pwm1_change_duty:
$01EE		L_PWM1_Change_Duty_2:
$01F5		L_PWM1_Change_Duty_3:
$021C		PWM_c21_L_7:
$021D		_rotar_servo:
$0221		distancia_nuevo_L_65:
$023C		distancia_nuevo_L_66:
$023E		distancia_nuevo_L_68:
$0240		distancia_nuevo_L_69:
$025E		distancia_nuevo_L_70:
$0260		distancia_nuevo_L_64:
$0260		distancia_nuevo_L_72:
$0261		_mul_16x16_u:
$028B		math_L_1:
$028C		_usart_init:
$028C		USART_c67_L_1:
$028F		USART_c67_L_2:
$0292		USART_c67_L_3:
$0294		USART_c67_L_4:
$0295		USART_c67_L_6:
$0295		USART_c67_L_8:
$02A0		USART_c67_L_0:
$02A0		USART_c67_L_9:
$02A1		_usart_read:
$02AF		USART_c67_L_20:
$02B0		USART_c67_L_24:
$02B0		USART_c67_L_25:
$02B1		USART_c67_L_19:
$02B1		USART_c67_L_21:
$02B1		USART_c67_L_22:
$02B1		USART_c67_L_26:
$02B4		_pwm1_start:
$02BB		PWM_c21_L_8:
$02BC		_pwm2_start:
$02C3		PWM_c21_L_14:
$02C4		_pwm1_init:
$02C9		PWM_c21_L_6:
$02CA		_pwm2_init:
$02CF		PWM_c21_L_12:


//** Variables locations **
//ADDRESS		VARIABLE
//----------------------------------------------
$0000		INDF
$0001		TMR0
$0002		PCL
$0003		STATUS
$0004		FSR
$0005		PORTA
$0006		PORTB
$0007		PORTC
$000A		PCLATH
$000B		INTCON
$000C		PIR1
$000E		TMR1L
$000F		TMR1H
$0010		T1CON
$0012		T2CON
$0015		CCPR1L
$0017		CCP1CON
$0018		RCSTA
$001A		RCREG
$001B		CCPR2L
$001D		CCP2CON
$0020		_paso
$0021		_servo
$0022		_received_byte
$0023		_viajero_usart
$0024		_termino
$0025		_index_usart
$0026		_pos_usart
$0027		_flanco
$0028		_tiempo
$002A		_i
$002B		?saveFSR
$002C		?saveSTATUS
$002D		?savePCLATH
$002E		_usart_read_local_result
$002F		FARG_PWM1_Change_Duty
$002F		FARG_PWM1_Init
$002F		FARG_PWM2_Change_Duty
$002F		FARG_PWM2_Init
$002F		FARG_USART_Init
$0070		STACK_0
$0071		STACK_1
$0072		STACK_2
$0073		STACK_3
$0074		STACK_4
$0075		STACK_5
$0076		STACK_6
$0077		STACK_7
$0078		STACK_8
$0079		STACK_9
$007A		STACK_10
$007B		STACK_11
$007C		STACK_12
$007D		STACK_13
$007E		STACK_14
$007F		STACK_15
$0081		OPTION_REG
$0085		TRISA
$0086		TRISB
$0087		TRISC
$008C		PIE1
$008F		OSCCON
$0092		PR2
$0098		TXSTA
$0099		SPBRG
$0188		ANSEL
$0189		ANSELH


