;  LST file generated by mikroListExporter - v.2.0 
; Date/Time: 19/02/2011 14:29:51
;----------------------------------------------

;Address Opcode 	ASM
0x0000	0x2A32      	GOTO       562
0x0001	0x0000      	NOP
0x0002	0x0000      	NOP
0x0003	0x0000      	NOP
0x0004	0x2967      	GOTO       359
_Mul_16x16_U:
;__Lib_Math.mpas,121 :: 		
;__Lib_Math.mpas,127 :: 		
0x0005	0x1283      	BCF        STATUS, 5
;__Lib_Math.mpas,128 :: 		
0x0006	0x1303      	BCF        STATUS, 6
;__Lib_Math.mpas,129 :: 		
0x0007	0x01FB      	CLRF       R11
;__Lib_Math.mpas,130 :: 		
0x0008	0x01FA      	CLRF       R10
;__Lib_Math.mpas,131 :: 		
0x0009	0x01F9      	CLRF       R9
;__Lib_Math.mpas,132 :: 		
0x000A	0x3080      	MOVLW      128
;__Lib_Math.mpas,133 :: 		
0x000B	0x00F8      	MOVWF      R8
;__Lib_Math.mpas,134 :: 		
0x000C	0x0CF1      	RRF        R1, 1
;__Lib_Math.mpas,135 :: 		
0x000D	0x0CF0      	RRF        R0, 1
;__Lib_Math.mpas,136 :: 		
0x000E	0x1C03      	BTFSS      STATUS, 0
;__Lib_Math.mpas,137 :: 		
0x000F	0x2819      	GOTO       $+10
;__Lib_Math.mpas,138 :: 		
0x0010	0x0874      	MOVF       R4, 0
;__Lib_Math.mpas,139 :: 		
0x0011	0x07F9      	ADDWF      R9, 1
;__Lib_Math.mpas,140 :: 		
0x0012	0x0875      	MOVF       R5, 0
;__Lib_Math.mpas,141 :: 		
0x0013	0x1803      	BTFSC      STATUS, 0
;__Lib_Math.mpas,142 :: 		
0x0014	0x0F75      	INCFSZ     R5, 0
;__Lib_Math.mpas,143 :: 		
0x0015	0x07FA      	ADDWF      R10, 1
;__Lib_Math.mpas,144 :: 		
0x0016	0x1803      	BTFSC      STATUS, 0
;__Lib_Math.mpas,145 :: 		
0x0017	0x0AFB      	INCF       R11, 1
;__Lib_Math.mpas,146 :: 		
0x0018	0x1003      	BCF        STATUS, 0
;__Lib_Math.mpas,147 :: 		
0x0019	0x1FF0      	BTFSS      R0, 7
;__Lib_Math.mpas,148 :: 		
0x001A	0x2821      	GOTO       $+7
;__Lib_Math.mpas,149 :: 		
0x001B	0x0874      	MOVF       R4, 0
;__Lib_Math.mpas,150 :: 		
0x001C	0x07FA      	ADDWF      R10, 1
;__Lib_Math.mpas,151 :: 		
0x001D	0x0875      	MOVF       R5, 0
;__Lib_Math.mpas,152 :: 		
0x001E	0x1803      	BTFSC      STATUS, 0
;__Lib_Math.mpas,153 :: 		
0x001F	0x0F75      	INCFSZ     R5, 0
;__Lib_Math.mpas,154 :: 		
0x0020	0x07FB      	ADDWF      R11, 1
;__Lib_Math.mpas,155 :: 		
0x0021	0x0CFB      	RRF        R11, 1
;__Lib_Math.mpas,156 :: 		
0x0022	0x0CFA      	RRF        R10, 1
;__Lib_Math.mpas,157 :: 		
0x0023	0x0CF9      	RRF        R9, 1
;__Lib_Math.mpas,158 :: 		
0x0024	0x0CF8      	RRF        R8, 1
;__Lib_Math.mpas,159 :: 		
0x0025	0x1C03      	BTFSS      STATUS, 0
;__Lib_Math.mpas,160 :: 		
0x0026	0x280C      	GOTO       $-26
;__Lib_Math.mpas,161 :: 		
0x0027	0x087B      	MOVF       R11, 0
;__Lib_Math.mpas,162 :: 		
0x0028	0x00F3      	MOVWF      R3
;__Lib_Math.mpas,163 :: 		
0x0029	0x087A      	MOVF       R10, 0
;__Lib_Math.mpas,164 :: 		
0x002A	0x00F2      	MOVWF      R2
;__Lib_Math.mpas,165 :: 		
0x002B	0x0879      	MOVF       R9, 0
;__Lib_Math.mpas,166 :: 		
0x002C	0x00F1      	MOVWF      R1
;__Lib_Math.mpas,167 :: 		
0x002D	0x0878      	MOVF       R8, 0
;__Lib_Math.mpas,168 :: 		
0x002E	0x00F0      	MOVWF      R0
;__Lib_Math.mpas,170 :: 		
0x002F	0x0008      	RETURN
; end of _Mul_16x16_U
_Div_16x16_U:
;__Lib_Math.mpas,199 :: 		
;__Lib_Math.mpas,205 :: 		
0x0030	0x1283      	BCF        STATUS, 5
;__Lib_Math.mpas,206 :: 		
0x0031	0x1303      	BCF        STATUS, 6
;__Lib_Math.mpas,207 :: 		
0x0032	0x01F8      	CLRF       R8
;__Lib_Math.mpas,208 :: 		
0x0033	0x01F9      	CLRF       R9
;__Lib_Math.mpas,209 :: 		
0x0034	0x3010      	MOVLW      16
;__Lib_Math.mpas,210 :: 		
0x0035	0x00FC      	MOVWF      R12
;__Lib_Math.mpas,211 :: 		
0x0036	0x0D71      	RLF        R1, 0
;__Lib_Math.mpas,212 :: 		
0x0037	0x0DF8      	RLF        R8, 1
;__Lib_Math.mpas,213 :: 		
0x0038	0x0DF9      	RLF        R9, 1
;__Lib_Math.mpas,214 :: 		
0x0039	0x0874      	MOVF       R4, 0
;__Lib_Math.mpas,215 :: 		
0x003A	0x02F8      	SUBWF      R8, 1
;__Lib_Math.mpas,216 :: 		
0x003B	0x0875      	MOVF       R5, 0
;__Lib_Math.mpas,217 :: 		
0x003C	0x1C03      	BTFSS      STATUS, 0
;__Lib_Math.mpas,218 :: 		
0x003D	0x0F75      	INCFSZ     R5, 0
;__Lib_Math.mpas,219 :: 		
0x003E	0x02F9      	SUBWF      R9, 1
;__Lib_Math.mpas,220 :: 		
0x003F	0x1803      	BTFSC      STATUS, 0
;__Lib_Math.mpas,221 :: 		
0x0040	0x2848      	GOTO       $+8
;__Lib_Math.mpas,222 :: 		
0x0041	0x0874      	MOVF       R4, 0
;__Lib_Math.mpas,223 :: 		
0x0042	0x07F8      	ADDWF      R8, 1
;__Lib_Math.mpas,224 :: 		
0x0043	0x0875      	MOVF       R5, 0
;__Lib_Math.mpas,225 :: 		
0x0044	0x1803      	BTFSC      STATUS, 0
;__Lib_Math.mpas,226 :: 		
0x0045	0x0F75      	INCFSZ     R5, 0
;__Lib_Math.mpas,227 :: 		
0x0046	0x07F9      	ADDWF      R9, 1
;__Lib_Math.mpas,228 :: 		
0x0047	0x1003      	BCF        STATUS, 0
;__Lib_Math.mpas,229 :: 		
0x0048	0x0DF0      	RLF        R0, 1
;__Lib_Math.mpas,230 :: 		
0x0049	0x0DF1      	RLF        R1, 1
;__Lib_Math.mpas,231 :: 		
0x004A	0x0BFC      	DECFSZ     R12, 1
;__Lib_Math.mpas,232 :: 		
0x004B	0x2836      	GOTO       $-21
;__Lib_Math.mpas,234 :: 		
0x004C	0x0008      	RETURN
; end of _Div_16x16_U
_PWM1_Set_Duty:
;__Lib_PWM_c21.mpas,25 :: 		
;__Lib_PWM_c21.mpas,26 :: 		
0x004D	0x1683      	BSF        STATUS, 5
0x004E	0x1303      	BCF        STATUS, 6
0x004F	0x0812      	MOVF       PR2, 0
0x0050	0x00F0      	MOVWF      R0
0x0051	0x01F1      	CLRF       R0+1
0x0052	0x0AF0      	INCF       R0, 1
0x0053	0x1903      	BTFSC      STATUS, 2
0x0054	0x0AF1      	INCF       R0+1, 1
0x0055	0x1283      	BCF        STATUS, 5
0x0056	0x0839      	MOVF       FARG_PWM1_Set_Duty_new_duty, 0
0x0057	0x00F4      	MOVWF      R4
0x0058	0x01F5      	CLRF       R4+1
0x0059	0x2005      	CALL       _Mul_16x16_U
0x005A	0x3006      	MOVLW      6
0x005B	0x00F2      	MOVWF      R2
0x005C	0x0870      	MOVF       R0, 0
0x005D	0x00F4      	MOVWF      R4
0x005E	0x0871      	MOVF       R0+1, 0
0x005F	0x00F5      	MOVWF      R4+1
0x0060	0x0872      	MOVF       R2, 0
L__PWM1_Set_Duty8:
0x0061	0x1903      	BTFSC      STATUS, 2
0x0062	0x2868      	GOTO       L__PWM1_Set_Duty9
0x0063	0x0CF5      	RRF        R4+1, 1
0x0064	0x0CF4      	RRF        R4, 1
0x0065	0x13F5      	BCF        R4+1, 7
0x0066	0x3EFF      	ADDLW      255
0x0067	0x2861      	GOTO       L__PWM1_Set_Duty8
L__PWM1_Set_Duty9:
;__Lib_PWM_c21.mpas,27 :: 		
0x0068	0x3004      	MOVLW      4
0x0069	0x00F1      	MOVWF      R1
0x006A	0x0874      	MOVF       R4, 0
0x006B	0x00F0      	MOVWF      R0
0x006C	0x0871      	MOVF       R1, 0
L__PWM1_Set_Duty10:
0x006D	0x1903      	BTFSC      STATUS, 2
0x006E	0x2873      	GOTO       L__PWM1_Set_Duty11
0x006F	0x0DF0      	RLF        R0, 1
0x0070	0x1070      	BCF        R0, 0
0x0071	0x3EFF      	ADDLW      255
0x0072	0x286D      	GOTO       L__PWM1_Set_Duty10
L__PWM1_Set_Duty11:
0x0073	0x1283      	BCF        STATUS, 5
0x0074	0x1303      	BCF        STATUS, 6
0x0075	0x3030      	MOVLW      48
0x0076	0x0570      	ANDWF      R0, 0
0x0077	0x00F3      	MOVWF      R3
;__Lib_PWM_c21.mpas,28 :: 		
0x0078	0x0874      	MOVF       R4, 0
0x0079	0x00F0      	MOVWF      R0
0x007A	0x0875      	MOVF       R4+1, 0
0x007B	0x00F1      	MOVWF      R0+1
0x007C	0x0CF1      	RRF        R0+1, 1
0x007D	0x0CF0      	RRF        R0, 1
0x007E	0x13F1      	BCF        R0+1, 7
0x007F	0x0CF1      	RRF        R0+1, 1
0x0080	0x0CF0      	RRF        R0, 1
0x0081	0x13F1      	BCF        R0+1, 7
0x0082	0x0870      	MOVF       R0, 0
0x0083	0x0095      	MOVWF      CCPR1L
;__Lib_PWM_c21.mpas,29 :: 		
0x0084	0x300F      	MOVLW      15
0x0085	0x0597      	ANDWF      CCP1CON, 1
;__Lib_PWM_c21.mpas,30 :: 		
0x0086	0x0873      	MOVF       R3, 0
0x0087	0x0497      	IORWF      CCP1CON, 1
;__Lib_PWM_c21.mpas,31 :: 		
0x0088	0x0008      	RETURN
; end of _PWM1_Set_Duty
_PWM2_Start:
;__Lib_PWM_c21.mpas,69 :: 		
;__Lib_PWM_c21.mpas,70 :: 		
0x0089	0x1683      	BSF        STATUS, 5
0x008A	0x1303      	BCF        STATUS, 6
0x008B	0x1087      	BCF        TRISC1_bit, 1
;__Lib_PWM_c21.mpas,71 :: 		
0x008C	0x1283      	BCF        STATUS, 5
0x008D	0x1512      	BSF        TMR2ON_bit, 2
;__Lib_PWM_c21.mpas,72 :: 		
0x008E	0x300C      	MOVLW      12
0x008F	0x049D      	IORWF      CCP2CON, 1
;__Lib_PWM_c21.mpas,73 :: 		
0x0090	0x0008      	RETURN
; end of _PWM2_Start
_PWM1_Start:
;__Lib_PWM_c21.mpas,34 :: 		
;__Lib_PWM_c21.mpas,35 :: 		
0x0091	0x1683      	BSF        STATUS, 5
0x0092	0x1303      	BCF        STATUS, 6
0x0093	0x1107      	BCF        TRISC2_bit, 2
;__Lib_PWM_c21.mpas,36 :: 		
0x0094	0x1283      	BCF        STATUS, 5
0x0095	0x1512      	BSF        TMR2ON_bit, 2
;__Lib_PWM_c21.mpas,37 :: 		
0x0096	0x300C      	MOVLW      12
0x0097	0x0497      	IORWF      CCP1CON, 1
;__Lib_PWM_c21.mpas,38 :: 		
0x0098	0x0008      	RETURN
; end of _PWM1_Start
_PWM2_Set_Duty:
;__Lib_PWM_c21.mpas,60 :: 		
;__Lib_PWM_c21.mpas,61 :: 		
0x0099	0x1683      	BSF        STATUS, 5
0x009A	0x1303      	BCF        STATUS, 6
0x009B	0x0812      	MOVF       PR2, 0
0x009C	0x00F0      	MOVWF      R0
0x009D	0x01F1      	CLRF       R0+1
0x009E	0x0AF0      	INCF       R0, 1
0x009F	0x1903      	BTFSC      STATUS, 2
0x00A0	0x0AF1      	INCF       R0+1, 1
0x00A1	0x1283      	BCF        STATUS, 5
0x00A2	0x0839      	MOVF       FARG_PWM2_Set_Duty_new_duty, 0
0x00A3	0x00F4      	MOVWF      R4
0x00A4	0x01F5      	CLRF       R4+1
0x00A5	0x2005      	CALL       _Mul_16x16_U
0x00A6	0x3006      	MOVLW      6
0x00A7	0x00F2      	MOVWF      R2
0x00A8	0x0870      	MOVF       R0, 0
0x00A9	0x00F4      	MOVWF      R4
0x00AA	0x0871      	MOVF       R0+1, 0
0x00AB	0x00F5      	MOVWF      R4+1
0x00AC	0x0872      	MOVF       R2, 0
L__PWM2_Set_Duty12:
0x00AD	0x1903      	BTFSC      STATUS, 2
0x00AE	0x28B4      	GOTO       L__PWM2_Set_Duty13
0x00AF	0x0CF5      	RRF        R4+1, 1
0x00B0	0x0CF4      	RRF        R4, 1
0x00B1	0x13F5      	BCF        R4+1, 7
0x00B2	0x3EFF      	ADDLW      255
0x00B3	0x28AD      	GOTO       L__PWM2_Set_Duty12
L__PWM2_Set_Duty13:
;__Lib_PWM_c21.mpas,62 :: 		
0x00B4	0x3004      	MOVLW      4
0x00B5	0x00F1      	MOVWF      R1
0x00B6	0x0874      	MOVF       R4, 0
0x00B7	0x00F0      	MOVWF      R0
0x00B8	0x0871      	MOVF       R1, 0
L__PWM2_Set_Duty14:
0x00B9	0x1903      	BTFSC      STATUS, 2
0x00BA	0x28BF      	GOTO       L__PWM2_Set_Duty15
0x00BB	0x0DF0      	RLF        R0, 1
0x00BC	0x1070      	BCF        R0, 0
0x00BD	0x3EFF      	ADDLW      255
0x00BE	0x28B9      	GOTO       L__PWM2_Set_Duty14
L__PWM2_Set_Duty15:
0x00BF	0x1283      	BCF        STATUS, 5
0x00C0	0x1303      	BCF        STATUS, 6
0x00C1	0x3030      	MOVLW      48
0x00C2	0x0570      	ANDWF      R0, 0
0x00C3	0x00F3      	MOVWF      R3
;__Lib_PWM_c21.mpas,63 :: 		
0x00C4	0x0874      	MOVF       R4, 0
0x00C5	0x00F0      	MOVWF      R0
0x00C6	0x0875      	MOVF       R4+1, 0
0x00C7	0x00F1      	MOVWF      R0+1
0x00C8	0x0CF1      	RRF        R0+1, 1
0x00C9	0x0CF0      	RRF        R0, 1
0x00CA	0x13F1      	BCF        R0+1, 7
0x00CB	0x0CF1      	RRF        R0+1, 1
0x00CC	0x0CF0      	RRF        R0, 1
0x00CD	0x13F1      	BCF        R0+1, 7
0x00CE	0x0870      	MOVF       R0, 0
0x00CF	0x009B      	MOVWF      CCPR2L
;__Lib_PWM_c21.mpas,64 :: 		
0x00D0	0x300F      	MOVLW      15
0x00D1	0x059D      	ANDWF      CCP2CON, 1
;__Lib_PWM_c21.mpas,65 :: 		
0x00D2	0x0873      	MOVF       R3, 0
0x00D3	0x049D      	IORWF      CCP2CON, 1
;__Lib_PWM_c21.mpas,66 :: 		
0x00D4	0x0008      	RETURN
; end of _PWM2_Set_Duty
_PWM1_Init:
;__Lib_PWM_c21.mpas,15 :: 		
;__Lib_PWM_c21.mpas,17 :: 		
0x00D5	0x1283      	BCF        STATUS, 5
0x00D6	0x1303      	BCF        STATUS, 6
0x00D7	0x0195      	CLRF       CCPR1L
;__Lib_PWM_c21.mpas,18 :: 		
0x00D8	0x1217      	BCF        CCP1Y_bit, 4
;__Lib_PWM_c21.mpas,19 :: 		
0x00D9	0x1297      	BCF        CCP1X_bit, 5
;__Lib_PWM_c21.mpas,20 :: 		
0x00DA	0x0008      	RETURN
; end of _PWM1_Init
robot_distancia_srf05_pulso:
;robot_distancia.mbas,120 :: 		sub procedure srf05_pulso
;robot_distancia.mbas,122 :: 		portc.5=1
0x00DB	0x1283      	BCF        STATUS, 5
0x00DC	0x1303      	BCF        STATUS, 6
0x00DD	0x1687      	BSF        PORTC, 5
;robot_distancia.mbas,123 :: 		delay_us(50)
0x00DE	0x3021      	MOVLW      33
0x00DF	0x00FD      	MOVWF      R13
L_robot_distancia_srf05_pulso50:
0x00E0	0x0BFD      	DECFSZ     R13, 1
0x00E1	0x28E0      	GOTO       L_robot_distancia_srf05_pulso50
;robot_distancia.mbas,124 :: 		portc.5=0
0x00E2	0x1287      	BCF        PORTC, 5
;robot_distancia.mbas,125 :: 		delay_ms(50)
0x00E3	0x3082      	MOVLW      130
0x00E4	0x00FC      	MOVWF      R12
0x00E5	0x30DD      	MOVLW      221
0x00E6	0x00FD      	MOVWF      R13
L_robot_distancia_srf05_pulso51:
0x00E7	0x0BFD      	DECFSZ     R13, 1
0x00E8	0x28E7      	GOTO       L_robot_distancia_srf05_pulso51
0x00E9	0x0BFC      	DECFSZ     R12, 1
0x00EA	0x28E7      	GOTO       L_robot_distancia_srf05_pulso51
0x00EB	0x0000      	NOP
0x00EC	0x0000      	NOP
;robot_distancia.mbas,127 :: 		distancia = Tiempo*15
0x00ED	0x0837      	MOVF       _Tiempo, 0
0x00EE	0x00F0      	MOVWF      R0
0x00EF	0x0838      	MOVF       _Tiempo+1, 0
0x00F0	0x00F1      	MOVWF      R0+1
0x00F1	0x300F      	MOVLW      15
0x00F2	0x00F4      	MOVWF      R4
0x00F3	0x01F5      	CLRF       R4+1
0x00F4	0x2005      	CALL       _Mul_16x16_U
0x00F5	0x0870      	MOVF       R0, 0
0x00F6	0x00B5      	MOVWF      _distancia
0x00F7	0x0871      	MOVF       R0+1, 0
0x00F8	0x00B6      	MOVWF      _distancia+1
;robot_distancia.mbas,128 :: 		distancia = distancia/28
0x00F9	0x301C      	MOVLW      28
0x00FA	0x00F4      	MOVWF      R4
0x00FB	0x01F5      	CLRF       R4+1
0x00FC	0x2030      	CALL       _Div_16x16_U
0x00FD	0x0870      	MOVF       R0, 0
0x00FE	0x00B5      	MOVWF      _distancia
0x00FF	0x0871      	MOVF       R0+1, 0
0x0100	0x00B6      	MOVWF      _distancia+1
0x0101	0x0008      	RETURN
; end of robot_distancia_srf05_pulso
_PWM2_Init:
;__Lib_PWM_c21.mpas,50 :: 		
;__Lib_PWM_c21.mpas,52 :: 		
0x0102	0x1283      	BCF        STATUS, 5
0x0103	0x1303      	BCF        STATUS, 6
0x0104	0x019B      	CLRF       CCPR2L
;__Lib_PWM_c21.mpas,53 :: 		
0x0105	0x121D      	BCF        CCP2Y_bit, 4
;__Lib_PWM_c21.mpas,54 :: 		
0x0106	0x129D      	BCF        CCP2X_bit, 5
;__Lib_PWM_c21.mpas,55 :: 		
0x0107	0x0008      	RETURN
; end of _PWM2_Init
_UART1_Read:
;__Lib_UART_c67.mpas,54 :: 		
;__Lib_UART_c67.mpas,55 :: 		
0x0108	0x1283      	BCF        STATUS, 5
0x0109	0x1303      	BCF        STATUS, 6
0x010A	0x081A      	MOVF       RCREG, 0
0x010B	0x00F2      	MOVWF      R2
;__Lib_UART_c67.mpas,56 :: 		
0x010C	0x1C98      	BTFSS      RCSTA, 1
0x010D	0x2910      	GOTO       L__UART1_Read9
;__Lib_UART_c67.mpas,58 :: 		
0x010E	0x1218      	BCF        RCSTA, 4
;__Lib_UART_c67.mpas,59 :: 		
0x010F	0x1618      	BSF        RCSTA, 4
;__Lib_UART_c67.mpas,60 :: 		
L__UART1_Read9:
;__Lib_UART_c67.mpas,61 :: 		
0x0110	0x0872      	MOVF       R2, 0
0x0111	0x00F1      	MOVWF      R1
;__Lib_UART_c67.mpas,62 :: 		
0x0112	0x0871      	MOVF       R1, 0
0x0113	0x00F0      	MOVWF      R0
0x0114	0x0008      	RETURN
; end of _UART1_Read
robot_distancia_led:
;robot_distancia.mbas,131 :: 		sub procedure led
;robot_distancia.mbas,132 :: 		porta = 0x00
0x0115	0x1283      	BCF        STATUS, 5
0x0116	0x1303      	BCF        STATUS, 6
0x0117	0x0185      	CLRF       PORTA
;robot_distancia.mbas,133 :: 		delay_ms(250)
0x0118	0x3003      	MOVLW      3
0x0119	0x00FB      	MOVWF      R11
0x011A	0x308A      	MOVLW      138
0x011B	0x00FC      	MOVWF      R12
0x011C	0x3055      	MOVLW      85
0x011D	0x00FD      	MOVWF      R13
L_robot_distancia_led53:
0x011E	0x0BFD      	DECFSZ     R13, 1
0x011F	0x291E      	GOTO       L_robot_distancia_led53
0x0120	0x0BFC      	DECFSZ     R12, 1
0x0121	0x291E      	GOTO       L_robot_distancia_led53
0x0122	0x0BFB      	DECFSZ     R11, 1
0x0123	0x291E      	GOTO       L_robot_distancia_led53
0x0124	0x0000      	NOP
0x0125	0x0000      	NOP
;robot_distancia.mbas,134 :: 		porta = 0xff
0x0126	0x30FF      	MOVLW      255
0x0127	0x0085      	MOVWF      PORTA
;robot_distancia.mbas,135 :: 		delay_ms(250)
0x0128	0x3003      	MOVLW      3
0x0129	0x00FB      	MOVWF      R11
0x012A	0x308A      	MOVLW      138
0x012B	0x00FC      	MOVWF      R12
0x012C	0x3055      	MOVLW      85
0x012D	0x00FD      	MOVWF      R13
L_robot_distancia_led54:
0x012E	0x0BFD      	DECFSZ     R13, 1
0x012F	0x292E      	GOTO       L_robot_distancia_led54
0x0130	0x0BFC      	DECFSZ     R12, 1
0x0131	0x292E      	GOTO       L_robot_distancia_led54
0x0132	0x0BFB      	DECFSZ     R11, 1
0x0133	0x292E      	GOTO       L_robot_distancia_led54
0x0134	0x0000      	NOP
0x0135	0x0000      	NOP
;robot_distancia.mbas,136 :: 		porta = 0x00
0x0136	0x0185      	CLRF       PORTA
;robot_distancia.mbas,137 :: 		delay_ms(250)
0x0137	0x3003      	MOVLW      3
0x0138	0x00FB      	MOVWF      R11
0x0139	0x308A      	MOVLW      138
0x013A	0x00FC      	MOVWF      R12
0x013B	0x3055      	MOVLW      85
0x013C	0x00FD      	MOVWF      R13
L_robot_distancia_led55:
0x013D	0x0BFD      	DECFSZ     R13, 1
0x013E	0x293D      	GOTO       L_robot_distancia_led55
0x013F	0x0BFC      	DECFSZ     R12, 1
0x0140	0x293D      	GOTO       L_robot_distancia_led55
0x0141	0x0BFB      	DECFSZ     R11, 1
0x0142	0x293D      	GOTO       L_robot_distancia_led55
0x0143	0x0000      	NOP
0x0144	0x0000      	NOP
;robot_distancia.mbas,138 :: 		porta = 0xff
0x0145	0x30FF      	MOVLW      255
0x0146	0x0085      	MOVWF      PORTA
;robot_distancia.mbas,139 :: 		delay_ms(250)
0x0147	0x3003      	MOVLW      3
0x0148	0x00FB      	MOVWF      R11
0x0149	0x308A      	MOVLW      138
0x014A	0x00FC      	MOVWF      R12
0x014B	0x3055      	MOVLW      85
0x014C	0x00FD      	MOVWF      R13
L_robot_distancia_led56:
0x014D	0x0BFD      	DECFSZ     R13, 1
0x014E	0x294D      	GOTO       L_robot_distancia_led56
0x014F	0x0BFC      	DECFSZ     R12, 1
0x0150	0x294D      	GOTO       L_robot_distancia_led56
0x0151	0x0BFB      	DECFSZ     R11, 1
0x0152	0x294D      	GOTO       L_robot_distancia_led56
0x0153	0x0000      	NOP
0x0154	0x0000      	NOP
;robot_distancia.mbas,140 :: 		porta = 0x00
0x0155	0x0185      	CLRF       PORTA
0x0156	0x0008      	RETURN
; end of robot_distancia_led
_UART1_Init:
;__Lib_UART_c67.mpas,33 :: 		
;__Lib_UART_c67.mpas,34 :: 		
0x0157	0x1683      	BSF        STATUS, 5
0x0158	0x1303      	BCF        STATUS, 6
0x0159	0x1698      	BSF        TXSTA, 5
;__Lib_UART_c67.mpas,35 :: 		
0x015A	0x3090      	MOVLW      144
0x015B	0x1283      	BCF        STATUS, 5
0x015C	0x0098      	MOVWF      RCSTA
;__Lib_UART_c67.mpas,36 :: 		
0x015D	0x1683      	BSF        STATUS, 5
0x015E	0x1787      	BSF        TRISC7_bit, 7
;__Lib_UART_c67.mpas,37 :: 		
0x015F	0x1307      	BCF        TRISC6_bit, 6
;__Lib_UART_c67.mpas,38 :: 		
L__UART1_Init2:
0x0160	0x1283      	BCF        STATUS, 5
0x0161	0x1E8C      	BTFSS      PIR1, 5
0x0162	0x2966      	GOTO       L__UART1_Init3
;__Lib_UART_c67.mpas,39 :: 		
0x0163	0x081A      	MOVF       RCREG, 0
0x0164	0x00F0      	MOVWF      R0
0x0165	0x2960      	GOTO       L__UART1_Init2
L__UART1_Init3:
;__Lib_UART_c67.mpas,40 :: 		
0x0166	0x0008      	RETURN
; end of _UART1_Init
robot_distancia_interrupt:
0x0167	0x00FF      	MOVWF      R15
0x0168	0x0E03      	SWAPF      STATUS, 0
0x0169	0x0183      	CLRF       STATUS
0x016A	0x00A6      	MOVWF      ___saveSTATUS
0x016B	0x080A      	MOVF       PCLATH, 0
0x016C	0x00AC      	MOVWF      ___savePCLATH
0x016D	0x018A      	CLRF       PCLATH
0x016E	0x0870      	MOVF       R0, 0
0x016F	0x00A2      	MOVWF      34
0x0170	0x0871      	MOVF       R1, 0
0x0171	0x00A1      	MOVWF      33
0x0172	0x0872      	MOVF       R2, 0
0x0173	0x00A0      	MOVWF      32
;robot_distancia.mbas,37 :: 		sub procedure interrupt
;robot_distancia.mbas,39 :: 		if TestBit(INTCON,T0IF)=1 then
0x0174	0x01F1      	CLRF       R1
0x0175	0x1D0B      	BTFSS      INTCON, 2
0x0176	0x2979      	GOTO       L_robot_distancia_interrupt4
0x0177	0x3001      	MOVLW      1
0x0178	0x00F1      	MOVWF      R1
L_robot_distancia_interrupt4:
0x0179	0x0871      	MOVF       R1, 0
0x017A	0x3A01      	XORLW      1
0x017B	0x1D03      	BTFSS      STATUS, 2
0x017C	0x29BA      	GOTO       L_robot_distancia_interrupt2
;robot_distancia.mbas,40 :: 		if Paso=0 then
0x017D	0x0834      	MOVF       _Paso, 0
0x017E	0x3A00      	XORLW      0
0x017F	0x1D03      	BTFSS      STATUS, 2
0x0180	0x2991      	GOTO       L_robot_distancia_interrupt6
;robot_distancia.mbas,41 :: 		MaskPort= (salidas and n_servo)
0x0181	0x082A      	MOVF       _n_servo, 0
0x0182	0x0528      	ANDWF      _Salidas, 0
0x0183	0x00B0      	MOVWF      _MaskPort
0x0184	0x0829      	MOVF       _Salidas+1, 0
0x0185	0x052B      	ANDWF      _n_servo+1, 0
0x0186	0x00B1      	MOVWF      _MaskPort+1
;robot_distancia.mbas,42 :: 		PORTB.5 = MaskPort.0
0x0187	0x1830      	BTFSC      _MaskPort, 0
0x0188	0x298B      	GOTO       L_robot_distancia_interrupt83
0x0189	0x1286      	BCF        PORTB, 5
0x018A	0x298C      	GOTO       L_robot_distancia_interrupt84
L_robot_distancia_interrupt83:
0x018B	0x1686      	BSF        PORTB, 5
L_robot_distancia_interrupt84:
;robot_distancia.mbas,43 :: 		Paso=1
0x018C	0x3001      	MOVLW      1
0x018D	0x00B4      	MOVWF      _Paso
;robot_distancia.mbas,44 :: 		TMR0=0xda
0x018E	0x30DA      	MOVLW      218
0x018F	0x0081      	MOVWF      TMR0
0x0190	0x29B9      	GOTO       L_robot_distancia_interrupt7
;robot_distancia.mbas,45 :: 		else
L_robot_distancia_interrupt6:
;robot_distancia.mbas,46 :: 		if Paso=1 then
0x0191	0x0834      	MOVF       _Paso, 0
0x0192	0x3A01      	XORLW      1
0x0193	0x1D03      	BTFSS      STATUS, 2
0x0194	0x299E      	GOTO       L_robot_distancia_interrupt9
;robot_distancia.mbas,47 :: 		TMR0=(255-(Servo-2))
0x0195	0x3002      	MOVLW      2
0x0196	0x0227      	SUBWF      _Servo, 0
0x0197	0x00F0      	MOVWF      R0
0x0198	0x0870      	MOVF       R0, 0
0x0199	0x3CFF      	SUBLW      255
0x019A	0x0081      	MOVWF      TMR0
;robot_distancia.mbas,48 :: 		Paso=2
0x019B	0x3002      	MOVLW      2
0x019C	0x00B4      	MOVWF      _Paso
0x019D	0x29B9      	GOTO       L_robot_distancia_interrupt10
;robot_distancia.mbas,49 :: 		else
L_robot_distancia_interrupt9:
;robot_distancia.mbas,50 :: 		PORTB.5=0
0x019E	0x1286      	BCF        PORTB, 5
;robot_distancia.mbas,51 :: 		TMR0=(Servo-2)
0x019F	0x3002      	MOVLW      2
0x01A0	0x0227      	SUBWF      _Servo, 0
0x01A1	0x0081      	MOVWF      TMR0
;robot_distancia.mbas,52 :: 		n_servo=n_servo<<1
0x01A2	0x082A      	MOVF       _n_servo, 0
0x01A3	0x00F1      	MOVWF      R1
0x01A4	0x082B      	MOVF       _n_servo+1, 0
0x01A5	0x00F2      	MOVWF      R1+1
0x01A6	0x0DF1      	RLF        R1, 1
0x01A7	0x0DF2      	RLF        R1+1, 1
0x01A8	0x1071      	BCF        R1, 0
0x01A9	0x0871      	MOVF       R1, 0
0x01AA	0x00AA      	MOVWF      _n_servo
0x01AB	0x0872      	MOVF       R1+1, 0
0x01AC	0x00AB      	MOVWF      _n_servo+1
;robot_distancia.mbas,53 :: 		if n_servo=0x0200 then
0x01AD	0x0872      	MOVF       R1+1, 0
0x01AE	0x3A02      	XORLW      2
0x01AF	0x1D03      	BTFSS      STATUS, 2
0x01B0	0x29B3      	GOTO       L_robot_distancia_interrupt85
0x01B1	0x3000      	MOVLW      0
0x01B2	0x0671      	XORWF      R1, 0
L_robot_distancia_interrupt85:
0x01B3	0x1D03      	BTFSS      STATUS, 2
0x01B4	0x29B8      	GOTO       L_robot_distancia_interrupt12
;robot_distancia.mbas,54 :: 		n_servo=1
0x01B5	0x3001      	MOVLW      1
0x01B6	0x00AA      	MOVWF      _n_servo
0x01B7	0x01AB      	CLRF       _n_servo+1
L_robot_distancia_interrupt12:
;robot_distancia.mbas,56 :: 		paso=0
0x01B8	0x01B4      	CLRF       _Paso
;robot_distancia.mbas,57 :: 		end if
L_robot_distancia_interrupt10:
;robot_distancia.mbas,58 :: 		end if
L_robot_distancia_interrupt7:
;robot_distancia.mbas,59 :: 		ClearBit(INTCON,T0IF)
0x01B9	0x110B      	BCF        INTCON, 2
L_robot_distancia_interrupt2:
;robot_distancia.mbas,65 :: 		if TestBit(PIR1,RCIF) = 1 then
0x01BA	0x01F1      	CLRF       R1
0x01BB	0x1E8C      	BTFSS      PIR1, 5
0x01BC	0x29BF      	GOTO       L_robot_distancia_interrupt17
0x01BD	0x3001      	MOVLW      1
0x01BE	0x00F1      	MOVWF      R1
L_robot_distancia_interrupt17:
0x01BF	0x0871      	MOVF       R1, 0
0x01C0	0x3A01      	XORLW      1
0x01C1	0x1D03      	BTFSS      STATUS, 2
0x01C2	0x2A04      	GOTO       L_robot_distancia_interrupt15
;robot_distancia.mbas,66 :: 		received_byte = Uart1_Read
0x01C3	0x2108      	CALL       _UART1_Read
0x01C4	0x0870      	MOVF       R0, 0
0x01C5	0x00B2      	MOVWF      _received_byte
;robot_distancia.mbas,68 :: 		case 1
0x01C6	0x0833      	MOVF       _viajero_usart, 0
0x01C7	0x3A01      	XORLW      1
0x01C8	0x1D03      	BTFSS      STATUS, 2
0x01C9	0x29D5      	GOTO       L_robot_distancia_interrupt21
;robot_distancia.mbas,69 :: 		if 0xAA = received_byte then
0x01CA	0x30AA      	MOVLW      170
0x01CB	0x0632      	XORWF      _received_byte, 0
0x01CC	0x1D03      	BTFSS      STATUS, 2
0x01CD	0x29D1      	GOTO       L_robot_distancia_interrupt23
;robot_distancia.mbas,70 :: 		viajero_usart = 2
0x01CE	0x3002      	MOVLW      2
0x01CF	0x00B3      	MOVWF      _viajero_usart
0x01D0	0x29D4      	GOTO       L_robot_distancia_interrupt24
;robot_distancia.mbas,71 :: 		else
L_robot_distancia_interrupt23:
;robot_distancia.mbas,72 :: 		viajero_usart = 1
0x01D1	0x3001      	MOVLW      1
0x01D2	0x00B3      	MOVWF      _viajero_usart
;robot_distancia.mbas,73 :: 		termino=0
0x01D3	0x01AD      	CLRF       _termino
;robot_distancia.mbas,74 :: 		end if
L_robot_distancia_interrupt24:
0x01D4	0x2A03      	GOTO       L_robot_distancia_interrupt18
L_robot_distancia_interrupt21:
;robot_distancia.mbas,75 :: 		case 2
0x01D5	0x0833      	MOVF       _viajero_usart, 0
0x01D6	0x3A02      	XORLW      2
0x01D7	0x1D03      	BTFSS      STATUS, 2
0x01D8	0x29E4      	GOTO       L_robot_distancia_interrupt27
;robot_distancia.mbas,76 :: 		if 0xCC = received_byte then
0x01D9	0x30CC      	MOVLW      204
0x01DA	0x0632      	XORWF      _received_byte, 0
0x01DB	0x1D03      	BTFSS      STATUS, 2
0x01DC	0x29E0      	GOTO       L_robot_distancia_interrupt29
;robot_distancia.mbas,77 :: 		viajero_usart = 3
0x01DD	0x3003      	MOVLW      3
0x01DE	0x00B3      	MOVWF      _viajero_usart
0x01DF	0x29E3      	GOTO       L_robot_distancia_interrupt30
;robot_distancia.mbas,78 :: 		else
L_robot_distancia_interrupt29:
;robot_distancia.mbas,79 :: 		viajero_usart = 1
0x01E0	0x3001      	MOVLW      1
0x01E1	0x00B3      	MOVWF      _viajero_usart
;robot_distancia.mbas,80 :: 		termino= 0
0x01E2	0x01AD      	CLRF       _termino
;robot_distancia.mbas,81 :: 		end if
L_robot_distancia_interrupt30:
0x01E3	0x2A03      	GOTO       L_robot_distancia_interrupt18
L_robot_distancia_interrupt27:
;robot_distancia.mbas,82 :: 		case 3
0x01E4	0x0833      	MOVF       _viajero_usart, 0
0x01E5	0x3A03      	XORLW      3
0x01E6	0x1D03      	BTFSS      STATUS, 2
0x01E7	0x29ED      	GOTO       L_robot_distancia_interrupt33
;robot_distancia.mbas,83 :: 		index_usart= received_byte
0x01E8	0x0832      	MOVF       _received_byte, 0
0x01E9	0x00AE      	MOVWF      _index_usart
;robot_distancia.mbas,84 :: 		viajero_usart= 4
0x01EA	0x3004      	MOVLW      4
0x01EB	0x00B3      	MOVWF      _viajero_usart
0x01EC	0x2A03      	GOTO       L_robot_distancia_interrupt18
L_robot_distancia_interrupt33:
;robot_distancia.mbas,85 :: 		case 4
0x01ED	0x0833      	MOVF       _viajero_usart, 0
0x01EE	0x3A04      	XORLW      4
0x01EF	0x1D03      	BTFSS      STATUS, 2
0x01F0	0x29F6      	GOTO       L_robot_distancia_interrupt36
;robot_distancia.mbas,86 :: 		pos_usart= received_byte
0x01F1	0x0832      	MOVF       _received_byte, 0
0x01F2	0x00AF      	MOVWF      _pos_usart
;robot_distancia.mbas,87 :: 		viajero_usart= 5
0x01F3	0x3005      	MOVLW      5
0x01F4	0x00B3      	MOVWF      _viajero_usart
0x01F5	0x2A03      	GOTO       L_robot_distancia_interrupt18
L_robot_distancia_interrupt36:
;robot_distancia.mbas,88 :: 		case 5
0x01F6	0x0833      	MOVF       _viajero_usart, 0
0x01F7	0x3A05      	XORLW      5
0x01F8	0x1D03      	BTFSS      STATUS, 2
0x01F9	0x2A03      	GOTO       L_robot_distancia_interrupt39
;robot_distancia.mbas,89 :: 		if 0xDD = received_byte then
0x01FA	0x30DD      	MOVLW      221
0x01FB	0x0632      	XORWF      _received_byte, 0
0x01FC	0x1D03      	BTFSS      STATUS, 2
0x01FD	0x2A00      	GOTO       L_robot_distancia_interrupt41
;robot_distancia.mbas,90 :: 		termino=1
0x01FE	0x3001      	MOVLW      1
0x01FF	0x00AD      	MOVWF      _termino
L_robot_distancia_interrupt41:
;robot_distancia.mbas,92 :: 		viajero_usart = 1
0x0200	0x3001      	MOVLW      1
0x0201	0x00B3      	MOVWF      _viajero_usart
0x0202	0x2A03      	GOTO       L_robot_distancia_interrupt18
L_robot_distancia_interrupt39:
L_robot_distancia_interrupt18:
;robot_distancia.mbas,94 :: 		ClearBit(PIR1,RCIF)
0x0203	0x128C      	BCF        PIR1, 5
L_robot_distancia_interrupt15:
;robot_distancia.mbas,99 :: 		if INTCON.INTF = 1 then            ' External interupt (RB0 pin)
0x0204	0x1C8B      	BTFSS      INTCON, 1
0x0205	0x2A25      	GOTO       L_robot_distancia_interrupt44
;robot_distancia.mbas,100 :: 		if flanco=1 then
0x0206	0x0823      	MOVF       _flanco, 0
0x0207	0x3A01      	XORLW      1
0x0208	0x1D03      	BTFSS      STATUS, 2
0x0209	0x2A12      	GOTO       L_robot_distancia_interrupt47
;robot_distancia.mbas,101 :: 		TMR1L = 0x00
0x020A	0x018E      	CLRF       TMR1L
;robot_distancia.mbas,102 :: 		TMR1H = 0x00
0x020B	0x018F      	CLRF       TMR1H
;robot_distancia.mbas,103 :: 		T1CON.TMR1ON=1
0x020C	0x1410      	BSF        T1CON, 0
;robot_distancia.mbas,104 :: 		OPTION_REG.INTEDG=0
0x020D	0x1683      	BSF        STATUS, 5
0x020E	0x1301      	BCF        OPTION_REG, 6
;robot_distancia.mbas,105 :: 		flanco = 0
0x020F	0x1283      	BCF        STATUS, 5
0x0210	0x01A3      	CLRF       _flanco
0x0211	0x2A24      	GOTO       L_robot_distancia_interrupt48
;robot_distancia.mbas,106 :: 		else
L_robot_distancia_interrupt47:
;robot_distancia.mbas,107 :: 		T1CON.TMR1ON=0
0x0212	0x1010      	BCF        T1CON, 0
;robot_distancia.mbas,108 :: 		OPTION_REG.INTEDG=1
0x0213	0x1683      	BSF        STATUS, 5
0x0214	0x1701      	BSF        OPTION_REG, 6
;robot_distancia.mbas,109 :: 		Tiempo = TMR1L + TMR1H
0x0215	0x1283      	BCF        STATUS, 5
0x0216	0x080E      	MOVF       TMR1L, 0
0x0217	0x00F0      	MOVWF      R0
0x0218	0x01F1      	CLRF       R0+1
0x0219	0x080F      	MOVF       TMR1H, 0
0x021A	0x0770      	ADDWF      R0, 0
0x021B	0x00B7      	MOVWF      _Tiempo
0x021C	0x0871      	MOVF       R0+1, 0
0x021D	0x1803      	BTFSC      STATUS, 0
0x021E	0x3E01      	ADDLW      1
0x021F	0x00B8      	MOVWF      _Tiempo+1
;robot_distancia.mbas,110 :: 		TMR1L = 0x00
0x0220	0x018E      	CLRF       TMR1L
;robot_distancia.mbas,111 :: 		TMR1H = 0x00
0x0221	0x018F      	CLRF       TMR1H
;robot_distancia.mbas,112 :: 		flanco=1
0x0222	0x3001      	MOVLW      1
0x0223	0x00A3      	MOVWF      _flanco
;robot_distancia.mbas,113 :: 		end if
L_robot_distancia_interrupt48:
;robot_distancia.mbas,114 :: 		Clearbit(INTCON,INTF)
0x0224	0x108B      	BCF        INTCON, 1
L_robot_distancia_interrupt44:
;robot_distancia.mbas,115 :: 		end if
L_robot_distancia_interrupt82:
0x0225	0x0822      	MOVF       34, 0
0x0226	0x00F0      	MOVWF      R0
0x0227	0x0821      	MOVF       33, 0
0x0228	0x00F1      	MOVWF      R1
0x0229	0x0820      	MOVF       32, 0
0x022A	0x00F2      	MOVWF      R2
0x022B	0x082C      	MOVF       ___savePCLATH, 0
0x022C	0x008A      	MOVWF      PCLATH
0x022D	0x0E26      	SWAPF      ___saveSTATUS, 0
0x022E	0x0083      	MOVWF      STATUS
0x022F	0x0EFF      	SWAPF      R15, 1
0x0230	0x0E7F      	SWAPF      R15, 0
0x0231	0x0009      	RETFIE
; end of robot_distancia_interrupt
_main:
;robot_distancia.mbas,170 :: 		main:
;robot_distancia.mbas,172 :: 		OPTION_REG = %10000000
0x0232	0x3080      	MOVLW      128
0x0233	0x1683      	BSF        STATUS, 5
0x0234	0x1303      	BCF        STATUS, 6
0x0235	0x0081      	MOVWF      OPTION_REG
;robot_distancia.mbas,173 :: 		INTCON = %11000000
0x0236	0x30C0      	MOVLW      192
0x0237	0x008B      	MOVWF      INTCON
;robot_distancia.mbas,174 :: 		PIE1 = %00000000
0x0238	0x018C      	CLRF       PIE1
;robot_distancia.mbas,176 :: 		TRISA= %00000000
0x0239	0x0185      	CLRF       TRISA
;robot_distancia.mbas,177 :: 		TRISB= %00000001
0x023A	0x3001      	MOVLW      1
0x023B	0x0086      	MOVWF      TRISB
;robot_distancia.mbas,178 :: 		TRISC= %10000000
0x023C	0x3080      	MOVLW      128
0x023D	0x0087      	MOVWF      TRISC
;robot_distancia.mbas,180 :: 		ANSEL= %00000000
0x023E	0x1703      	BSF        STATUS, 6
0x023F	0x0188      	CLRF       ANSEL
;robot_distancia.mbas,181 :: 		ANSELH= %00000000
0x0240	0x0189      	CLRF       ANSELH
;robot_distancia.mbas,184 :: 		OPTION_REG = OPTION_REG or %00000011   ' prescalador 128
0x0241	0x3003      	MOVLW      3
0x0242	0x0481      	IORWF      OPTION_REG, 1
;robot_distancia.mbas,185 :: 		INTCON = INTCON or %00100000
0x0243	0x168B      	BSF        INTCON, 5
;robot_distancia.mbas,186 :: 		TMR0 = 0xda
0x0244	0x30DA      	MOVLW      218
0x0245	0x1283      	BCF        STATUS, 5
0x0246	0x1303      	BCF        STATUS, 6
0x0247	0x0081      	MOVWF      TMR0
;robot_distancia.mbas,187 :: 		paso = 0
0x0248	0x01B4      	CLRF       _Paso
;robot_distancia.mbas,188 :: 		Servo = 0x80
0x0249	0x3080      	MOVLW      128
0x024A	0x00A7      	MOVWF      _Servo
;robot_distancia.mbas,189 :: 		Salidas = 0xffff
0x024B	0x30FF      	MOVLW      255
0x024C	0x00A8      	MOVWF      _Salidas
0x024D	0x30FF      	MOVLW      255
0x024E	0x00A9      	MOVWF      _Salidas+1
;robot_distancia.mbas,190 :: 		n_servo = 0x0001
0x024F	0x3001      	MOVLW      1
0x0250	0x00AA      	MOVWF      _n_servo
0x0251	0x01AB      	CLRF       _n_servo+1
;robot_distancia.mbas,193 :: 		OPTION_REG = OPTION_REG or %01000000   ' interrupcion rb0
0x0252	0x1683      	BSF        STATUS, 5
0x0253	0x1701      	BSF        OPTION_REG, 6
;robot_distancia.mbas,194 :: 		INTCON = INTCON or %00010000
0x0254	0x160B      	BSF        INTCON, 4
;robot_distancia.mbas,195 :: 		T1CON= %00110001
0x0255	0x3031      	MOVLW      49
0x0256	0x1283      	BCF        STATUS, 5
0x0257	0x0090      	MOVWF      T1CON
;robot_distancia.mbas,196 :: 		PIE1 = %00000000
0x0258	0x1683      	BSF        STATUS, 5
0x0259	0x018C      	CLRF       PIE1
;robot_distancia.mbas,197 :: 		flanco = 1
0x025A	0x3001      	MOVLW      1
0x025B	0x1283      	BCF        STATUS, 5
0x025C	0x00A3      	MOVWF      _flanco
;robot_distancia.mbas,198 :: 		Tiempo = 0
0x025D	0x01B7      	CLRF       _Tiempo
0x025E	0x01B8      	CLRF       _Tiempo+1
;robot_distancia.mbas,199 :: 		TMR1L = 0X00
0x025F	0x018E      	CLRF       TMR1L
;robot_distancia.mbas,200 :: 		TMR1H = 0X00
0x0260	0x018F      	CLRF       TMR1H
;robot_distancia.mbas,204 :: 		UART1_Init(9600)
0x0261	0x3033      	MOVLW      51
0x0262	0x1683      	BSF        STATUS, 5
0x0263	0x0099      	MOVWF      SPBRG
0x0264	0x1518      	BSF        TXSTA, 2
0x0265	0x2157      	CALL       _UART1_Init
;robot_distancia.mbas,207 :: 		PORTA= %00000000
0x0266	0x0185      	CLRF       PORTA
;robot_distancia.mbas,208 :: 		PORTB= %00000000
0x0267	0x0186      	CLRF       PORTB
;robot_distancia.mbas,209 :: 		PORTC= %00000000
0x0268	0x0187      	CLRF       PORTC
;robot_distancia.mbas,211 :: 		PWM1_Init(5000)
0x0269	0x1012      	BCF        T2CON, 0
0x026A	0x1092      	BCF        T2CON, 1
0x026B	0x1412      	BSF        T2CON, 0
0x026C	0x1092      	BCF        T2CON, 1
0x026D	0x3063      	MOVLW      99
0x026E	0x1683      	BSF        STATUS, 5
0x026F	0x0092      	MOVWF      PR2
0x0270	0x20D5      	CALL       _PWM1_Init
;robot_distancia.mbas,212 :: 		PWM2_Init(5000)
0x0271	0x1012      	BCF        T2CON, 0
0x0272	0x1092      	BCF        T2CON, 1
0x0273	0x1412      	BSF        T2CON, 0
0x0274	0x1092      	BCF        T2CON, 1
0x0275	0x3063      	MOVLW      99
0x0276	0x1683      	BSF        STATUS, 5
0x0277	0x0092      	MOVWF      PR2
0x0278	0x2102      	CALL       _PWM2_Init
;robot_distancia.mbas,213 :: 		PWM1_Start()
0x0279	0x2091      	CALL       _PWM1_Start
;robot_distancia.mbas,214 :: 		PWM2_Start()
0x027A	0x2089      	CALL       _PWM2_Start
;robot_distancia.mbas,216 :: 		PWM1_Set_Duty(0XFF)
0x027B	0x30FF      	MOVLW      255
0x027C	0x00B9      	MOVWF      FARG_PWM1_Set_Duty_new_duty
0x027D	0x204D      	CALL       _PWM1_Set_Duty
;robot_distancia.mbas,217 :: 		PWM2_Set_Duty(0XFF)
0x027E	0x30FF      	MOVLW      255
0x027F	0x00B9      	MOVWF      FARG_PWM2_Set_Duty_new_duty
0x0280	0x2099      	CALL       _PWM2_Set_Duty
;robot_distancia.mbas,220 :: 		ClearBit(PORTB,1) ' adelante
0x0281	0x1086      	BCF        PORTB, 1
;robot_distancia.mbas,222 :: 		ClearBit(PORTB,2) ' adelante
0x0282	0x1106      	BCF        PORTB, 2
;robot_distancia.mbas,224 :: 		led()
0x0283	0x2115      	CALL       robot_distancia_led
;robot_distancia.mbas,225 :: 		Index = 0x0014
0x0284	0x3014      	MOVLW      20
0x0285	0x00A4      	MOVWF      _Index
0x0286	0x01A5      	CLRF       _Index+1
;robot_distancia.mbas,226 :: 		while true
L__main76:
;robot_distancia.mbas,228 :: 		srf05_pulso()
0x0287	0x20DB      	CALL       robot_distancia_srf05_pulso
;robot_distancia.mbas,229 :: 		delay_ms(50)
0x0288	0x3082      	MOVLW      130
0x0289	0x00FC      	MOVWF      R12
0x028A	0x30DD      	MOVLW      221
0x028B	0x00FD      	MOVWF      R13
L__main80:
0x028C	0x0BFD      	DECFSZ     R13, 1
0x028D	0x2A8C      	GOTO       L__main80
0x028E	0x0BFC      	DECFSZ     R12, 1
0x028F	0x2A8C      	GOTO       L__main80
0x0290	0x0000      	NOP
0x0291	0x0000      	NOP
;robot_distancia.mbas,230 :: 		PORTA = distancia
0x0292	0x0835      	MOVF       _distancia, 0
0x0293	0x0085      	MOVWF      PORTA
;robot_distancia.mbas,236 :: 		delay_ms(100)
0x0294	0x3002      	MOVLW      2
0x0295	0x00FB      	MOVWF      R11
0x0296	0x3004      	MOVLW      4
0x0297	0x00FC      	MOVWF      R12
0x0298	0x30BA      	MOVLW      186
0x0299	0x00FD      	MOVWF      R13
L__main81:
0x029A	0x0BFD      	DECFSZ     R13, 1
0x029B	0x2A9A      	GOTO       L__main81
0x029C	0x0BFC      	DECFSZ     R12, 1
0x029D	0x2A9A      	GOTO       L__main81
0x029E	0x0BFB      	DECFSZ     R11, 1
0x029F	0x2A9A      	GOTO       L__main81
0x02A0	0x0000      	NOP
0x02A1	0x2A87      	GOTO       L__main76
;robot_distancia.mbas,237 :: 		wend
0x02A2	0x2AA2      	GOTO       $+0
; end of _main
Symbol List:
//** Routines locations **
//ADDRESS    SIZE    PROCEDURE
//----------------------------------------------
0x0005      [43]    _Mul_16x16_U
0x0030      [29]    _Div_16x16_U
0x004D      [60]    _PWM1_Set_Duty
0x0089       [8]    _PWM2_Start
0x0091       [8]    _PWM1_Start
0x0099      [60]    _PWM2_Set_Duty
0x00D5       [6]    _PWM1_Init
0x00DB      [39]    robot_distancia_srf05_pulso
0x0102       [6]    _PWM2_Init
0x0108      [13]    _UART1_Read
0x0115      [66]    robot_distancia_led
0x0157      [16]    _UART1_Init
0x0167     [203]    robot_distancia_interrupt
0x0232     [113]    _main
//** Variables locations ** 
//ADDRESS    SIZE    VARIABLE
//----------------------------------------------
0x0000       [1]    INDF
0x0001       [1]    TMR0
0x0002       [1]    PCL
0x0003       [0]    RP1_bit
0x0003       [0]    NOT_PD_bit
0x0003       [0]    RP0_bit
0x0003       [1]    STATUS
0x0003       [0]    NOT_TO_bit
0x0003       [0]    IRP_bit
0x0003       [0]    DC_bit
0x0003       [0]    C_bit
0x0003       [0]    Z_bit
0x0004       [1]    FSRPTR
0x0004       [1]    FSR
0x0005       [0]    RA4_bit
0x0005       [0]    RA6_bit
0x0005       [0]    RA3_bit
0x0005       [0]    RA2_bit
0x0005       [0]    RA7_bit
0x0005       [1]    PORTA
0x0005       [0]    RA1_bit
0x0005       [0]    RA5_bit
0x0005       [0]    RA0_bit
0x0006       [0]    RB4_bit
0x0006       [0]    RB2_bit
0x0006       [0]    RB5_bit
0x0006       [0]    RB0_bit
0x0006       [0]    RB7_bit
0x0006       [0]    RB6_bit
0x0006       [1]    PORTB
0x0006       [0]    RB3_bit
0x0006       [0]    RB1_bit
0x0007       [0]    RC3_bit
0x0007       [0]    RC7_bit
0x0007       [0]    RC0_bit
0x0007       [0]    RC6_bit
0x0007       [0]    RC2_bit
0x0007       [0]    RC4_bit
0x0007       [0]    RC5_bit
0x0007       [1]    PORTC
0x0007       [0]    RC1_bit
0x0009       [0]    RE3_bit
0x0009       [1]    PORTE
0x000A       [1]    PCLATH
0x000B       [0]    PEIE_bit
0x000B       [0]    INTE_bit
0x000B       [0]    RBIE_bit
0x000B       [0]    TMR0IF_bit
0x000B       [0]    TMR0IE_bit
0x000B       [0]    T0IE_bit
0x000B       [1]    INTCON
0x000B       [0]    INTF_bit
0x000B       [0]    T0IF_bit
0x000B       [0]    RBIF_bit
0x000B       [0]    GIE_bit
0x000C       [0]    SSPIF_bit
0x000C       [0]    ADIF_bit
0x000C       [0]    TMR2IF_bit
0x000C       [0]    TMR1IF_bit
0x000C       [0]    RCIF_bit
0x000C       [0]    TXIF_bit
0x000C       [1]    PIR1
0x000C       [0]    CCP1IF_bit
0x000D       [0]    OSFIF_bit
0x000D       [0]    BCLIF_bit
0x000D       [0]    C2IF_bit
0x000D       [0]    C1IF_bit
0x000D       [0]    EEIF_bit
0x000D       [0]    CCP2IF_bit
0x000D       [1]    PIR2
0x000D       [0]    ULPWUIF_bit
0x000E       [1]    TMR1L
0x000F       [1]    TMR1H
0x0010       [0]    T1GIV_bit
0x0010       [0]    TMR1GE_bit
0x0010       [0]    T1CKPS1_bit
0x0010       [0]    TMR1ON_bit
0x0010       [1]    T1CON
0x0010       [0]    TMR1CS_bit
0x0010       [0]    T1SYNC_bit
0x0010       [0]    T1CKPS0_bit
0x0010       [0]    T1INSYNC_bit
0x0010       [0]    T1OSCEN_bit
0x0010       [0]    NOT_T1SYNC_bit
0x0011       [1]    TMR2
0x0012       [0]    TOUTPS3_bit
0x0012       [0]    TMR2ON_bit
0x0012       [0]    TOUTPS1_bit
0x0012       [0]    T2CKPS1_bit
0x0012       [0]    TOUTPS0_bit
0x0012       [1]    T2CON
0x0012       [0]    TOUTPS2_bit
0x0012       [0]    T2CKPS0_bit
0x0013       [1]    SSPBUF
0x0014       [1]    SSPCON
0x0014       [0]    SSPM0_bit
0x0014       [0]    WCOL_bit
0x0014       [0]    SSPM1_bit
0x0014       [0]    SSPM2_bit
0x0014       [0]    SSPOV_bit
0x0014       [0]    SSPM3_bit
0x0014       [0]    CKP_bit
0x0014       [0]    SSPEN_bit
0x0015       [1]    CCPR1L
0x0016       [1]    CCPR1H
0x0017       [0]    P1M1_bit
0x0017       [0]    DC1B0_bit
0x0017       [0]    DC1B1_bit
0x0017       [0]    CCP1X_bit
0x0017       [0]    P1M0_bit
0x0017       [0]    CCP1Y_bit
0x0017       [0]    CCP1M2_bit
0x0017       [1]    CCP1CON
0x0017       [0]    CCP1M3_bit
0x0017       [0]    CCP1M0_bit
0x0017       [0]    CCP1M1_bit
0x0018       [0]    ADDEN_bit
0x0018       [0]    FERR_bit
0x0018       [0]    RCD8_bit
0x0018       [0]    RX9D_bit
0x0018       [0]    OERR_bit
0x0018       [0]    RC9_bit
0x0018       [0]    NOT_RC8_bit
0x0018       [0]    SPEN_bit
0x0018       [0]    RX9_bit
0x0018       [0]    CREN_bit
0x0018       [1]    RCSTA
0x0018       [0]    RC8_9_bit
0x0018       [0]    SREN_bit
0x0019       [1]    TXREG
0x001A       [1]    RCREG
0x001B       [1]    CCPR2L
0x001C       [1]    CCPR2H
0x001D       [0]    CCP2M2_bit
0x001D       [0]    CCP2M3_bit
0x001D       [1]    CCP2CON
0x001D       [0]    CCP2M0_bit
0x001D       [0]    CCP2M1_bit
0x001D       [0]    CCP2Y_bit
0x001D       [0]    CCP2X_bit
0x001D       [0]    DC2B1_bit
0x001D       [0]    DC2B0_bit
0x001E       [1]    ADRESH
0x001F       [0]    GO_DONE_bit
0x001F       [0]    CHS2_bit
0x001F       [0]    ADCS0_bit
0x001F       [0]    CHS3_bit
0x001F       [0]    GO_bit
0x001F       [0]    NOT_DONE_bit
0x001F       [0]    CHS1_bit
0x001F       [0]    ADON_bit
0x001F       [0]    CHS0_bit
0x001F       [1]    ADCON0
0x001F       [0]    ADCS1_bit
0x0023       [1]    _flanco
0x0024       [2]    _Index
0x0026       [1]    ___saveSTATUS
0x0027       [1]    _Servo
0x0028       [2]    _Salidas
0x002A       [2]    _n_servo
0x002C       [1]    ___savePCLATH
0x002D       [1]    _termino
0x002E       [1]    _index_usart
0x002F       [1]    _pos_usart
0x0030       [2]    _MaskPort
0x0032       [1]    _received_byte
0x0033       [1]    _viajero_usart
0x0034       [1]    _Paso
0x0035       [2]    _distancia
0x0037       [2]    _Tiempo
0x0039       [4]    FARG_PWM2_Init_PWM_Freq
0x0039       [4]    FARG_PWM1_Init_PWM_Freq
0x0039       [1]    FARG_PWM2_Set_Duty_new_duty
0x0039       [1]    FARG_PWM1_Set_Duty_new_duty
0x0070       [1]    R0
0x0071       [1]    R1
0x0072       [1]    R2
0x0073       [1]    R3
0x0074       [1]    R4
0x0075       [1]    R5
0x0076       [1]    R6
0x0077       [1]    R7
0x0078       [1]    R8
0x0079       [1]    R9
0x007A       [1]    R10
0x007B       [1]    R11
0x007C       [1]    R12
0x007D       [1]    R13
0x007E       [1]    R14
0x007F       [1]    R15
0x0081       [0]    PSA_bit
0x0081       [0]    T0SE_bit
0x0081       [1]    OPTION_REG
0x0081       [0]    T0CS_bit
0x0081       [0]    PS0_bit
0x0081       [0]    NOT_RBPU_bit
0x0081       [0]    INTEDG_bit
0x0081       [0]    PS2_bit
0x0081       [0]    PS1_bit
0x0085       [0]    TRISA3_bit
0x0085       [0]    TRISA2_bit
0x0085       [0]    TRISA5_bit
0x0085       [0]    TRISA4_bit
0x0085       [0]    TRISA6_bit
0x0085       [0]    TRISA7_bit
0x0085       [1]    TRISA
0x0085       [0]    TRISA1_bit
0x0085       [0]    TRISA0_bit
0x0086       [0]    TRISB6_bit
0x0086       [0]    TRISB0_bit
0x0086       [1]    TRISB
0x0086       [0]    TRISB7_bit
0x0086       [0]    TRISB1_bit
0x0086       [0]    TRISB4_bit
0x0086       [0]    TRISB5_bit
0x0086       [0]    TRISB2_bit
0x0086       [0]    TRISB3_bit
0x0087       [0]    TRISC5_bit
0x0087       [0]    TRISC1_bit
0x0087       [0]    TRISC4_bit
0x0087       [0]    TRISC0_bit
0x0087       [0]    TRISC7_bit
0x0087       [0]    TRISC6_bit
0x0087       [1]    TRISC
0x0087       [0]    TRISC3_bit
0x0087       [0]    TRISC2_bit
0x0089       [0]    TRISE3_bit
0x0089       [1]    TRISE
0x008C       [0]    TMR1IE_bit
0x008C       [0]    TXIE_bit
0x008C       [0]    ADIE_bit
0x008C       [0]    RCIE_bit
0x008C       [1]    PIE1
0x008C       [0]    CCP1IE_bit
0x008C       [0]    SSPIE_bit
0x008C       [0]    TMR2IE_bit
0x008D       [1]    PIE2
0x008D       [0]    C1IE_bit
0x008D       [0]    C2IE_bit
0x008D       [0]    OSFIE_bit
0x008D       [0]    EEIE_bit
0x008D       [0]    CCP2IE_bit
0x008D       [0]    ULPWUIE_bit
0x008D       [0]    BCLIE_bit
0x008E       [0]    NOT_POR_bit
0x008E       [0]    NOT_BO_bit
0x008E       [0]    NOT_BOR_bit
0x008E       [0]    SBOREN_bit
0x008E       [1]    PCON
0x008E       [0]    ULPWUE_bit
0x008F       [0]    LTS_bit
0x008F       [0]    HTS_bit
0x008F       [1]    OSCCON
0x008F       [0]    SCS_bit
0x008F       [0]    OSTS_bit
0x008F       [0]    IRCF2_bit
0x008F       [0]    IRCF1_bit
0x008F       [0]    IRCF0_bit
0x0090       [0]    TUN1_bit
0x0090       [0]    TUN0_bit
0x0090       [1]    OSCTUNE
0x0090       [0]    TUN4_bit
0x0090       [0]    TUN3_bit
0x0090       [0]    TUN2_bit
0x0091       [0]    RSEN_bit
0x0091       [0]    PEN_bit
0x0091       [1]    SSPCON2
0x0091       [0]    SEN_bit
0x0091       [0]    ACKSTAT_bit
0x0091       [0]    GCEN_bit
0x0091       [0]    RCEN_bit
0x0091       [0]    ACKEN_bit
0x0091       [0]    ACKDT_bit
0x0092       [1]    PR2
0x0093       [1]    MSK
0x0093       [1]    SSPMSK
0x0093       [1]    SSPADD
0x0094       [0]    R_W_bit
0x0094       [0]    NOT_WRITE_bit
0x0094       [0]    NOT_W_bit
0x0094       [0]    READ_WRITE_bit
0x0094       [1]    SSPSTAT
0x0094       [0]    BF_bit
0x0094       [0]    UA_bit
0x0094       [0]    I2C_DATA_bit
0x0094       [0]    D_bit
0x0094       [0]    CKE_bit
0x0094       [0]    NOT_A_bit
0x0094       [0]    DATA_ADDRESS_bit
0x0094       [0]    D_A_bit
0x0094       [0]    NOT_ADDRESS_bit
0x0094       [0]    I2C_START__bit
0x0094       [0]    R_bit
0x0094       [0]    I2C_READ_bit
0x0094       [0]    S_bit
0x0094       [0]    SMP_bit
0x0094       [0]    P_bit
0x0094       [0]    I2C_STOP__bit
0x0095       [1]    WPUB
0x0095       [0]    WPUB5_bit
0x0095       [0]    WPUB4_bit
0x0095       [0]    WPUB7_bit
0x0095       [0]    WPUB6_bit
0x0095       [0]    WPUB1_bit
0x0095       [0]    WPUB0_bit
0x0095       [0]    WPUB3_bit
0x0095       [0]    WPUB2_bit
0x0096       [1]    IOCB
0x0096       [0]    IOCB7_bit
0x0096       [0]    IOCB6_bit
0x0096       [0]    IOCB0_bit
0x0096       [0]    IOCB1_bit
0x0096       [0]    IOCB3_bit
0x0096       [0]    IOCB2_bit
0x0096       [0]    IOCB5_bit
0x0096       [0]    IOCB4_bit
0x0097       [0]    VR2_bit
0x0097       [0]    VR3_bit
0x0097       [0]    VR0_bit
0x0097       [0]    VR1_bit
0x0097       [0]    VROE_bit
0x0097       [0]    VREN_bit
0x0097       [0]    VRSS_bit
0x0097       [0]    VRR_bit
0x0097       [1]    VRCON
0x0098       [0]    TXEN_bit
0x0098       [0]    SYNC_bit
0x0098       [0]    TX8_9_bit
0x0098       [0]    TX9_bit
0x0098       [0]    NOT_TX8_bit
0x0098       [0]    TX9D_bit
0x0098       [0]    TXD8_bit
0x0098       [0]    TRMT_bit
0x0098       [0]    SENDB_bit
0x0098       [0]    BRGH_bit
0x0098       [1]    TXSTA
0x0098       [0]    CSRC_bit
0x0099       [0]    BRG5_bit
0x0099       [0]    BRG6_bit
0x0099       [0]    BRG7_bit
0x0099       [0]    BRG4_bit
0x0099       [0]    BRG1_bit
0x0099       [0]    BRG0_bit
0x0099       [0]    BRG3_bit
0x0099       [0]    BRG2_bit
0x0099       [1]    SPBRG
0x009A       [0]    BRG12_bit
0x009A       [0]    BRG13_bit
0x009A       [0]    BRG14_bit
0x009A       [0]    BRG11_bit
0x009A       [0]    BRG8_bit
0x009A       [0]    BRG9_bit
0x009A       [0]    BRG10_bit
0x009A       [1]    SPBRGH
0x009A       [0]    BRG15_bit
0x009B       [0]    PDC0_bit
0x009B       [0]    PDC5_bit
0x009B       [0]    PDC1_bit
0x009B       [0]    PDC4_bit
0x009B       [0]    PDC3_bit
0x009B       [0]    PDC2_bit
0x009B       [0]    PDC6_bit
0x009B       [1]    PWM1CON
0x009B       [0]    PRSEN_bit
0x009C       [0]    ECCPAS0_bit
0x009C       [0]    ECCPAS1_bit
0x009C       [0]    PSSAC1_bit
0x009C       [0]    PSSBD0_bit
0x009C       [0]    PSSBD1_bit
0x009C       [0]    PSSAC0_bit
0x009C       [1]    ECCPAS
0x009C       [0]    ECCPASE_bit
0x009C       [0]    ECCPAS2_bit
0x009D       [0]    STRC_bit
0x009D       [0]    STRD_bit
0x009D       [0]    STRA_bit
0x009D       [0]    STRB_bit
0x009D       [1]    PSTRCON
0x009D       [0]    STRSYNC_bit
0x009E       [1]    ADRESL
0x009F       [0]    VCFG1_bit
0x009F       [0]    VCFG0_bit
0x009F       [1]    ADCON1
0x009F       [0]    ADFM_bit
0x0105       [0]    WDTPS2_bit
0x0105       [0]    WDTPS1_bit
0x0105       [0]    WDTPS3_bit
0x0105       [0]    WDTPS0_bit
0x0105       [1]    WDTCON
0x0105       [0]    SWDTEN_bit
0x0107       [0]    C1OE_bit
0x0107       [0]    C1CH1_bit
0x0107       [0]    C1CH0_bit
0x0107       [0]    C1POL_bit
0x0107       [0]    C1R_bit
0x0107       [0]    C1OUT_bit
0x0107       [1]    CM1CON0
0x0107       [0]    C1ON_bit
0x0108       [0]    C2POL_bit
0x0108       [0]    C2OE_bit
0x0108       [0]    C2R_bit
0x0108       [0]    C2CH1_bit
0x0108       [0]    C2CH0_bit
0x0108       [1]    CM2CON0
0x0108       [0]    C2OUT_bit
0x0108       [0]    C2ON_bit
0x0109       [0]    C2RSEL_bit
0x0109       [0]    T1GSS_bit
0x0109       [0]    C2SYNC_bit
0x0109       [0]    C1RSEL_bit
0x0109       [1]    CM2CON1
0x0109       [0]    MC1OUT_bit
0x0109       [0]    MC2OUT_bit
0x010C       [1]    EEDAT
0x010C       [1]    EEDATA
0x010D       [1]    EEADR
0x010E       [1]    EEDATH
0x010F       [1]    EEADRH
0x0185       [1]    SRCON
0x0185       [0]    C2REN_bit
0x0185       [0]    PULSR_bit
0x0185       [0]    PULSS_bit
0x0185       [0]    SR1_bit
0x0185       [0]    C1SEN_bit
0x0185       [0]    SR0_bit
0x0185       [0]    FVREN_bit
0x0187       [0]    SCKP_bit
0x0187       [0]    BRG16_bit
0x0187       [0]    ABDOVF_bit
0x0187       [0]    RCIDL_bit
0x0187       [1]    BAUDCTL
0x0187       [0]    ABDEN_bit
0x0187       [0]    WUE_bit
0x0188       [1]    ANSEL
0x0188       [0]    ANS3_bit
0x0188       [0]    ANS4_bit
0x0188       [0]    ANS2_bit
0x0188       [0]    ANS0_bit
0x0188       [0]    ANS1_bit
0x0189       [1]    ANSELH
0x0189       [0]    ANS10_bit
0x0189       [0]    ANS9_bit
0x0189       [0]    ANS8_bit
0x0189       [0]    ANS13_bit
0x0189       [0]    ANS12_bit
0x0189       [0]    ANS11_bit
0x018C       [0]    EEPGD_bit
0x018C       [1]    EECON1
0x018C       [0]    RD_bit
0x018C       [0]    WR_bit
0x018C       [0]    WRERR_bit
0x018C       [0]    WREN_bit
0x018D       [1]    EECON2
//** Label List: ** 
//----------------------------------------------
  L_end_robot_distancia_interrupt
  L_robot_distancia_interrupt1
  L_robot_distancia_interrupt2
  L_robot_distancia_interrupt3
  L_robot_distancia_interrupt4
  L_robot_distancia_interrupt5
  L_robot_distancia_interrupt6
  L_robot_distancia_interrupt7
  L_robot_distancia_interrupt8
  L_robot_distancia_interrupt9
  L_robot_distancia_interrupt10
  L_robot_distancia_interrupt11
  L_robot_distancia_interrupt12
  L_robot_distancia_interrupt13
  L_robot_distancia_interrupt14
  L_robot_distancia_interrupt15
  L_robot_distancia_interrupt16
  L_robot_distancia_interrupt17
  L_robot_distancia_interrupt18
  L_robot_distancia_interrupt19
  L_robot_distancia_interrupt20
  L_robot_distancia_interrupt21
  L_robot_distancia_interrupt22
  L_robot_distancia_interrupt23
  L_robot_distancia_interrupt24
  L_robot_distancia_interrupt25
  L_robot_distancia_interrupt26
  L_robot_distancia_interrupt27
  L_robot_distancia_interrupt28
  L_robot_distancia_interrupt29
  L_robot_distancia_interrupt30
  L_robot_distancia_interrupt31
  L_robot_distancia_interrupt32
  L_robot_distancia_interrupt33
  L_robot_distancia_interrupt34
  L_robot_distancia_interrupt35
  L_robot_distancia_interrupt36
  L_robot_distancia_interrupt37
  L_robot_distancia_interrupt38
  L_robot_distancia_interrupt39
  L_robot_distancia_interrupt40
  L_robot_distancia_interrupt41
  L_robot_distancia_interrupt42
  L_robot_distancia_interrupt43
  L_robot_distancia_interrupt44
  L_robot_distancia_interrupt45
  L_robot_distancia_interrupt46
  L_robot_distancia_interrupt47
  L_robot_distancia_interrupt48
  L_end_robot_distancia_srf05_pulso
  L_robot_distancia_srf05_pulso50
  L_robot_distancia_srf05_pulso51
  L_end_robot_distancia_led
  L_robot_distancia_led53
  L_robot_distancia_led54
  L_robot_distancia_led55
  L_robot_distancia_led56
  L_end_robot_distancia_rotar_servo
  L_robot_distancia_rotar_servo58
  L_robot_distancia_rotar_servo59
  L_robot_distancia_rotar_servo60
  L_robot_distancia_rotar_servo61
  L_robot_distancia_rotar_servo62
  L_robot_distancia_rotar_servo63
  L_robot_distancia_rotar_servo64
  L_robot_distancia_rotar_servo65
  L_robot_distancia_rotar_servo66
  L_robot_distancia_rotar_servo67
  L_robot_distancia_rotar_servo68
  L_robot_distancia_rotar_servo69
  L_robot_distancia_rotar_servo70
  L_robot_distancia_rotar_servo71
  L_robot_distancia_rotar_servo72
  L_robot_distancia_rotar_servo73
  L_end__main
  L__main75
  L__main76
  L__main77
  L__main78
  L__main79
  L__main80
  L__main81
  robot_distancia_interrupt
  L_robot_distancia_interrupt82
  L_robot_distancia_interrupt83
  L_robot_distancia_interrupt84
  L_robot_distancia_interrupt85
  robot_distancia_srf05_pulso
  robot_distancia_led
  robot_distancia_rotar_servo
  L_robot_distancia_rotar_servo86
  L_robot_distancia_rotar_servo87
  _main
  L_end__Mul_8x8_U
  L_end__Mul_16x16_U
  L_end__Div_8x8_U
  L_end__Div_16x16_U
  L_end__Mul_8x8_S
  L_end__Mul_16x16_S
  L_end__Div_16x16_S_L
  L_end__Div_16x16_S
  L_end__Div_8x8_S
  L_end__SDIV3232L
  LOOPS3232A
  SADD22LA
  SOK22LA
  SADD22L8
  SOK22L8
  LOOPS3232B
  SADD22LB
  SOK22LB
  SADD22L16
  SOK22L16
  LOOPS3232C
  SADD22LC
  SOK22LC
  SADD22L24
  SOK22L24
  LOOPS3232D
  SADD22LD
  SOK22LD
  SOK22L
  L_end__COMFREM
  L_end__Div_32x32_S
  FXD3232S
  END_ALL
  CA3232S
  C3232SX
  C3232SX1
  C3232S
  C3232S2
  C3232SX4
  C3232SOK
  C3232SX3
  C3232SX2
  avoid_comfrem
  L_end__Div_32x32_U
  LOOPU3232A
  UADD22LA
  UOK22LA
  UADD22L8
  UOK22L8
  LOOPU3232B
  UADD22LB
  UOK22LB
  UADD22L16
  UOK22L16
  LOOPU3232C
  UADD22LC
  UOK22LC
  UADD22L24
  UOK22L24
  LOOPU3232D
  UADD22LD
  UOK22LD
  UOK22L
  L_end__Mul_32x32_U
  _NEXT
  _EXIT2
  _LOOP
  _EXIT1
  L_end__Mul_32x32_S
  _IF_FIRST
  _IF_SECOND
  _INVERCE_FIRST
  _MULT
  _INBERSE_SECOND
  _EXIT
  _Mul_8x8_U
  _Mul_16x16_U
  _Div_8x8_U
  _Div_16x16_U
  _Mul_8x8_S
  _Mul_16x16_S
  _Div_16x16_S_L
  _Div_16x16_S
  _Div_8x8_S
  _SDIV3232L
  _COMFREM
  _Div_32x32_S
  _Div_32x32_U
  _Mul_32x32_U
  _Mul_32x32_S
  L_end__PWM1_Init
  L_end__PWM1_Set_Duty
  L_end__PWM1_Start
  L_end__PWM1_Stop
  L_end__PWM2_Init
  L_end__PWM2_Set_Duty
  L_end__PWM2_Start
  L_end__PWM2_Stop
  _PWM1_Init
  _PWM1_Set_Duty
  L__PWM1_Set_Duty8
  L__PWM1_Set_Duty9
  L__PWM1_Set_Duty10
  L__PWM1_Set_Duty11
  _PWM1_Start
  _PWM1_Stop
  _PWM2_Init
  _PWM2_Set_Duty
  L__PWM2_Set_Duty12
  L__PWM2_Set_Duty13
  L__PWM2_Set_Duty14
  L__PWM2_Set_Duty15
  _PWM2_Start
  _PWM2_Stop
  L_end__UART1_Init
  L__UART1_Init1
  L__UART1_Init2
  L__UART1_Init3
  L__UART1_Init4
  L__UART1_Init5
  L_end__UART1_Data_Ready
  L_end__UART1_Read
  L__UART1_Read8
  L__UART1_Read9
  L__UART1_Read10
  L_end__UART1_TX_Idle
  L_end__UART1_Write
  L__UART1_Write13
  L__UART1_Write14
  L__UART1_Write15
  L__UART1_Write16
  L__UART1_Write17
  L_end__UART1_Write_Text
  L__UART1_Write_Text19
  L__UART1_Write_Text20
  L__UART1_Write_Text21
  L__UART1_Write_Text22
  L__UART1_Write_Text23
  L_end__UART1_Read_Text
  L__UART1_Read_Text25
  L__UART1_Read_Text26
  L__UART1_Read_Text27
  L__UART1_Read_Text28
  L__UART1_Read_Text29
  L__UART1_Read_Text30
  L__UART1_Read_Text31
  L__UART1_Read_Text32
  L__UART1_Read_Text33
  L__UART1_Read_Text34
  L__UART1_Read_Text35
  L__UART1_Read_Text36
  L__UART1_Read_Text37
  L__UART1_Read_Text38
  L__UART1_Read_Text39
  L__UART1_Read_Text40
  L__UART1_Read_Text41
  L__UART1_Read_Text42
  L__UART1_Read_Text43
  _UART1_Init
  _UART1_Data_Ready
  _UART1_Read
  _UART1_TX_Idle
  _UART1_Write
  _UART1_Write_Text
  _UART1_Read_Text
  L_end_robot_distancia_interrupt
  L_robot_distancia_interrupt1
  L_robot_distancia_interrupt2
  L_robot_distancia_interrupt3
  L_robot_distancia_interrupt4
  L_robot_distancia_interrupt5
  L_robot_distancia_interrupt6
  L_robot_distancia_interrupt7
  L_robot_distancia_interrupt8
  L_robot_distancia_interrupt9
  L_robot_distancia_interrupt10
  L_robot_distancia_interrupt11
  L_robot_distancia_interrupt12
  L_robot_distancia_interrupt13
  L_robot_distancia_interrupt14
  L_robot_distancia_interrupt15
  L_robot_distancia_interrupt16
  L_robot_distancia_interrupt17
  L_robot_distancia_interrupt18
  L_robot_distancia_interrupt19
  L_robot_distancia_interrupt20
  L_robot_distancia_interrupt21
  L_robot_distancia_interrupt22
  L_robot_distancia_interrupt23
  L_robot_distancia_interrupt24
  L_robot_distancia_interrupt25
  L_robot_distancia_interrupt26
  L_robot_distancia_interrupt27
  L_robot_distancia_interrupt28
  L_robot_distancia_interrupt29
  L_robot_distancia_interrupt30
  L_robot_distancia_interrupt31
  L_robot_distancia_interrupt32
  L_robot_distancia_interrupt33
  L_robot_distancia_interrupt34
  L_robot_distancia_interrupt35
  L_robot_distancia_interrupt36
  L_robot_distancia_interrupt37
  L_robot_distancia_interrupt38
  L_robot_distancia_interrupt39
  L_robot_distancia_interrupt40
  L_robot_distancia_interrupt41
  L_robot_distancia_interrupt42
  L_robot_distancia_interrupt43
  L_robot_distancia_interrupt44
  L_robot_distancia_interrupt45
  L_robot_distancia_interrupt46
  L_robot_distancia_interrupt47
  L_robot_distancia_interrupt48
  L_end_robot_distancia_srf05_pulso
  L_robot_distancia_srf05_pulso50
  L_robot_distancia_srf05_pulso51
  L_end_robot_distancia_led
  L_robot_distancia_led53
  L_robot_distancia_led54
  L_robot_distancia_led55
  L_robot_distancia_led56
  L_end_robot_distancia_rotar_servo
  L_robot_distancia_rotar_servo58
  L_robot_distancia_rotar_servo59
  L_robot_distancia_rotar_servo60
  L_robot_distancia_rotar_servo61
  L_robot_distancia_rotar_servo62
  L_robot_distancia_rotar_servo63
  L_robot_distancia_rotar_servo64
  L_robot_distancia_rotar_servo65
  L_robot_distancia_rotar_servo66
  L_robot_distancia_rotar_servo67
  L_robot_distancia_rotar_servo68
  L_robot_distancia_rotar_servo69
  L_robot_distancia_rotar_servo70
  L_robot_distancia_rotar_servo71
  L_robot_distancia_rotar_servo72
  L_robot_distancia_rotar_servo73
  L_end__main
  L__main75
  L__main76
  L__main77
  L__main78
  L__main79
  L__main80
  L__main81
  robot_distancia_interrupt
  L_robot_distancia_interrupt82
  L_robot_distancia_interrupt83
  L_robot_distancia_interrupt84
  L_robot_distancia_interrupt85
  robot_distancia_srf05_pulso
  robot_distancia_led
  robot_distancia_rotar_servo
  L_robot_distancia_rotar_servo86
  L_robot_distancia_rotar_servo87
  _main
  L_end__UART1_Init
  L__UART1_Init1
  L__UART1_Init2
  L__UART1_Init3
  L__UART1_Init4
  L__UART1_Init5
  L_end__UART1_Data_Ready
  L_end__UART1_Read
  L__UART1_Read8
  L__UART1_Read9
  L__UART1_Read10
  L_end__UART1_TX_Idle
  L_end__UART1_Write
  L__UART1_Write13
  L__UART1_Write14
  L__UART1_Write15
  L__UART1_Write16
  L__UART1_Write17
  L_end__UART1_Write_Text
  L__UART1_Write_Text19
  L__UART1_Write_Text20
  L__UART1_Write_Text21
  L__UART1_Write_Text22
  L__UART1_Write_Text23
  L_end__UART1_Read_Text
  L__UART1_Read_Text25
  L__UART1_Read_Text26
  L__UART1_Read_Text27
  L__UART1_Read_Text28
  L__UART1_Read_Text29
  L__UART1_Read_Text30
  L__UART1_Read_Text31
  L__UART1_Read_Text32
  L__UART1_Read_Text33
  L__UART1_Read_Text34
  L__UART1_Read_Text35
  L__UART1_Read_Text36
  L__UART1_Read_Text37
  L__UART1_Read_Text38
  L__UART1_Read_Text39
  L__UART1_Read_Text40
  L__UART1_Read_Text41
  L__UART1_Read_Text42
  L__UART1_Read_Text43
  _UART1_Init
  _UART1_Data_Ready
  _UART1_Read
  _UART1_TX_Idle
  _UART1_Write
  _UART1_Write_Text
  _UART1_Read_Text
