;  LST file generated by mikroListExporter - v.2.0 
; Date/Time: 26/01/2011 10:43:14
;----------------------------------------------

;Address Opcode 	ASM
0x0000	0x2AAD      	GOTO       685
0x0001	0x0000      	NOP
0x0002	0x0000      	NOP
0x0003	0x0000      	NOP
0x0004	0x2B84      	GOTO       900
_RES032:
;__Lib_MathDouble.mpas,104 :: 		
;__Lib_MathDouble.mpas,109 :: 		
0x0005	0x01F2      	CLRF       R2
;__Lib_MathDouble.mpas,110 :: 		
0x0006	0x01F1      	CLRF       R1
;__Lib_MathDouble.mpas,111 :: 		
0x0007	0x01F0      	CLRF       R0
;__Lib_MathDouble.mpas,112 :: 		
0x0008	0x01F8      	CLRF       R8
;__Lib_MathDouble.mpas,113 :: 		
0x0009	0x01F3      	CLRF       R3
;__Lib_MathDouble.mpas,114 :: 		
0x000A	0x3000      	MOVLW      0
;__Lib_MathDouble.mpas,116 :: 		
0x000B	0x0008      	RETURN
; end of _RES032
_SETFUN32:
;__Lib_MathDouble.mpas,120 :: 		
;__Lib_MathDouble.mpas,127 :: 		
0x000C	0x157B      	BSF        R11, 2
;__Lib_MathDouble.mpas,128 :: 		
0x000D	0x1FFB      	BTFSS      R11, 7
;__Lib_MathDouble.mpas,129 :: 		
0x000E	0x2816      	GOTO       SETFUN32EEE
;__Lib_MathDouble.mpas,130 :: 		
0x000F	0x3001      	MOVLW      1
;__Lib_MathDouble.mpas,131 :: 		
0x0010	0x00F3      	MOVWF      R3
;__Lib_MathDouble.mpas,132 :: 		
0x0011	0x01F2      	CLRF       R2
;__Lib_MathDouble.mpas,133 :: 		
0x0012	0x01F1      	CLRF       R1
;__Lib_MathDouble.mpas,134 :: 		
0x0013	0x01F0      	CLRF       R0
;__Lib_MathDouble.mpas,135 :: 		
0x0014	0x0DFA      	RLF        R10, 1
;__Lib_MathDouble.mpas,136 :: 		
0x0015	0x0CF2      	RRF        R2, 1
;__Lib_MathDouble.mpas,137 :: 		
SETFUN32EEE:
;__Lib_MathDouble.mpas,138 :: 		
0x0016	0x30FF      	MOVLW      255
;__Lib_MathDouble.mpas,140 :: 		
0x0017	0x0008      	RETURN
; end of _SETFUN32
_FIXSIGN32:
;__Lib_MathDouble.mpas,92 :: 		
;__Lib_MathDouble.mpas,96 :: 		
0x0018	0x1FFA      	BTFSS      R10, 7
;__Lib_MathDouble.mpas,97 :: 		
0x0019	0x13F2      	BCF        R2, 7
;__Lib_MathDouble.mpas,98 :: 		
0x001A	0x3000      	MOVLW      0
;__Lib_MathDouble.mpas,100 :: 		
0x001B	0x0008      	RETURN
; end of _FIXSIGN32
_SETFOV32:
;__Lib_MathDouble.mpas,57 :: 		
;__Lib_MathDouble.mpas,64 :: 		
0x001C	0x14FB      	BSF        R11, 1
;__Lib_MathDouble.mpas,65 :: 		
0x001D	0x1FFB      	BTFSS      R11, 7
;__Lib_MathDouble.mpas,66 :: 		
0x001E	0x2826      	GOTO       SETFOV32EEE
;__Lib_MathDouble.mpas,67 :: 		
0x001F	0x30FF      	MOVLW      255
;__Lib_MathDouble.mpas,68 :: 		
0x0020	0x00F3      	MOVWF      R3
;__Lib_MathDouble.mpas,69 :: 		
0x0021	0x00F2      	MOVWF      R2
;__Lib_MathDouble.mpas,70 :: 		
0x0022	0x00F1      	MOVWF      R1
;__Lib_MathDouble.mpas,71 :: 		
0x0023	0x00F0      	MOVWF      R0
;__Lib_MathDouble.mpas,72 :: 		
0x0024	0x0DFA      	RLF        R10, 1
;__Lib_MathDouble.mpas,73 :: 		
0x0025	0x0CF2      	RRF        R2, 1
;__Lib_MathDouble.mpas,74 :: 		
SETFOV32EEE:
;__Lib_MathDouble.mpas,75 :: 		
0x0026	0x30FF      	MOVLW      255
;__Lib_MathDouble.mpas,77 :: 		
0x0027	0x0008      	RETURN
; end of _SETFOV32
_SETFDZ32:
;__Lib_MathDouble.mpas,81 :: 		
;__Lib_MathDouble.mpas,84 :: 		
0x0028	0x15FB      	BSF        R11, 3
;__Lib_MathDouble.mpas,85 :: 		
0x0029	0x30FF      	MOVLW      255
;__Lib_MathDouble.mpas,87 :: 		
0x002A	0x0008      	RETURN
; end of _SETFDZ32
_UART1_Write:
;__Lib_UART_c67.mpas,72 :: 		
;__Lib_UART_c67.mpas,73 :: 		
L__UART1_Write14:
0x002B	0x1683      	BSF        STATUS, 5
0x002C	0x1303      	BCF        STATUS, 6
0x002D	0x1898      	BTFSC      TXSTA, 1
0x002E	0x2831      	GOTO       L__UART1_Write15
0x002F	0x0000      	NOP
0x0030	0x282B      	GOTO       L__UART1_Write14
L__UART1_Write15:
;__Lib_UART_c67.mpas,74 :: 		
0x0031	0x1283      	BCF        STATUS, 5
0x0032	0x0856      	MOVF       FARG_UART1_Write_data_, 0
0x0033	0x0099      	MOVWF      TXREG
;__Lib_UART_c67.mpas,75 :: 		
0x0034	0x0008      	RETURN
; end of _UART1_Write
_SETIOV3224:
;__Lib_MathDouble.mpas,953 :: 		
;__Lib_MathDouble.mpas,959 :: 		
0x0035	0x147B      	BSF        R11, 0
;__Lib_MathDouble.mpas,960 :: 		
0x0036	0x1FFB      	BTFSS      R11, 7
;__Lib_MathDouble.mpas,961 :: 		
0x0037	0x2840      	GOTO       SETIOV3224EEE
;__Lib_MathDouble.mpas,963 :: 		
0x0038	0x01F2      	CLRF       R2
;__Lib_MathDouble.mpas,964 :: 		
0x0039	0x1FFA      	BTFSS      R10, 7
;__Lib_MathDouble.mpas,965 :: 		
0x003A	0x30FF      	MOVLW      255
;__Lib_MathDouble.mpas,966 :: 		
0x003B	0x00F2      	MOVWF      R2
;__Lib_MathDouble.mpas,967 :: 		
0x003C	0x00F1      	MOVWF      R1
;__Lib_MathDouble.mpas,968 :: 		
0x003D	0x00F0      	MOVWF      R0
;__Lib_MathDouble.mpas,969 :: 		
0x003E	0x0DFA      	RLF        R10, 1
;__Lib_MathDouble.mpas,970 :: 		
0x003F	0x0CF2      	RRF        R2, 1
;__Lib_MathDouble.mpas,971 :: 		
SETIOV3224EEE:
;__Lib_MathDouble.mpas,972 :: 		
0x0040	0x30FF      	MOVLW      255
;__Lib_MathDouble.mpas,974 :: 		
0x0041	0x0008      	RETURN
; end of _SETIOV3224
_Div_16x16_U:
;__Lib_Math.mpas,199 :: 		
;__Lib_Math.mpas,205 :: 		
0x0042	0x1283      	BCF        STATUS, 5
;__Lib_Math.mpas,206 :: 		
0x0043	0x1303      	BCF        STATUS, 6
;__Lib_Math.mpas,207 :: 		
0x0044	0x01F8      	CLRF       R8
;__Lib_Math.mpas,208 :: 		
0x0045	0x01F9      	CLRF       R9
;__Lib_Math.mpas,209 :: 		
0x0046	0x3010      	MOVLW      16
;__Lib_Math.mpas,210 :: 		
0x0047	0x00FC      	MOVWF      R12
;__Lib_Math.mpas,211 :: 		
0x0048	0x0D71      	RLF        R1, 0
;__Lib_Math.mpas,212 :: 		
0x0049	0x0DF8      	RLF        R8, 1
;__Lib_Math.mpas,213 :: 		
0x004A	0x0DF9      	RLF        R9, 1
;__Lib_Math.mpas,214 :: 		
0x004B	0x0874      	MOVF       R4, 0
;__Lib_Math.mpas,215 :: 		
0x004C	0x02F8      	SUBWF      R8, 1
;__Lib_Math.mpas,216 :: 		
0x004D	0x0875      	MOVF       R5, 0
;__Lib_Math.mpas,217 :: 		
0x004E	0x1C03      	BTFSS      STATUS, 0
;__Lib_Math.mpas,218 :: 		
0x004F	0x0F75      	INCFSZ     R5, 0
;__Lib_Math.mpas,219 :: 		
0x0050	0x02F9      	SUBWF      R9, 1
;__Lib_Math.mpas,220 :: 		
0x0051	0x1803      	BTFSC      STATUS, 0
;__Lib_Math.mpas,221 :: 		
0x0052	0x285A      	GOTO       $+8
;__Lib_Math.mpas,222 :: 		
0x0053	0x0874      	MOVF       R4, 0
;__Lib_Math.mpas,223 :: 		
0x0054	0x07F8      	ADDWF      R8, 1
;__Lib_Math.mpas,224 :: 		
0x0055	0x0875      	MOVF       R5, 0
;__Lib_Math.mpas,225 :: 		
0x0056	0x1803      	BTFSC      STATUS, 0
;__Lib_Math.mpas,226 :: 		
0x0057	0x0F75      	INCFSZ     R5, 0
;__Lib_Math.mpas,227 :: 		
0x0058	0x07F9      	ADDWF      R9, 1
;__Lib_Math.mpas,228 :: 		
0x0059	0x1003      	BCF        STATUS, 0
;__Lib_Math.mpas,229 :: 		
0x005A	0x0DF0      	RLF        R0, 1
;__Lib_Math.mpas,230 :: 		
0x005B	0x0DF1      	RLF        R1, 1
;__Lib_Math.mpas,231 :: 		
0x005C	0x0BFC      	DECFSZ     R12, 1
;__Lib_Math.mpas,232 :: 		
0x005D	0x2848      	GOTO       $-21
;__Lib_Math.mpas,234 :: 		
0x005E	0x0008      	RETURN
; end of _Div_16x16_U
_Delay_22us:
;__Lib_Delays.mbas,32 :: 		sub procedure Delay_22us()
;__Lib_Delays.mbas,33 :: 		Delay_us(22)
0x005F	0x300E      	MOVLW      14
0x0060	0x00FD      	MOVWF      R13
L__Delay_22us6:
0x0061	0x0BFD      	DECFSZ     R13, 1
0x0062	0x2861      	GOTO       L__Delay_22us6
0x0063	0x0000      	NOP
0x0064	0x0008      	RETURN
; end of _Delay_22us
_NRM3232:
;__Lib_MathDouble.mpas,151 :: 		
;__Lib_MathDouble.mpas,159 :: 		
0x0065	0x01A0      	CLRF       __math_tempbD
;__Lib_MathDouble.mpas,160 :: 		
0x0066	0x0872      	MOVF       R2, 0
;__Lib_MathDouble.mpas,161 :: 		
0x0067	0x1D03      	BTFSS      STATUS, 2
;__Lib_MathDouble.mpas,162 :: 		
0x0068	0x287A      	GOTO       NORM3232
;__Lib_MathDouble.mpas,163 :: 		
0x0069	0x0871      	MOVF       R1, 0
;__Lib_MathDouble.mpas,164 :: 		
0x006A	0x00F2      	MOVWF      R2
;__Lib_MathDouble.mpas,165 :: 		
0x006B	0x0870      	MOVF       R0, 0
;__Lib_MathDouble.mpas,166 :: 		
0x006C	0x00F1      	MOVWF      R1
;__Lib_MathDouble.mpas,167 :: 		
0x006D	0x01F0      	CLRF       R0
;__Lib_MathDouble.mpas,168 :: 		
0x006E	0x15A0      	BSF        __math_tempbD, 3
;__Lib_MathDouble.mpas,170 :: 		
0x006F	0x0872      	MOVF       R2, 0
;__Lib_MathDouble.mpas,171 :: 		
0x0070	0x1D03      	BTFSS      STATUS, 2
;__Lib_MathDouble.mpas,172 :: 		
0x0071	0x287A      	GOTO       NORM3232
;__Lib_MathDouble.mpas,173 :: 		
0x0072	0x0871      	MOVF       R1, 0
;__Lib_MathDouble.mpas,174 :: 		
0x0073	0x00F2      	MOVWF      R2
;__Lib_MathDouble.mpas,175 :: 		
0x0074	0x01F1      	CLRF       R1
;__Lib_MathDouble.mpas,176 :: 		
0x0075	0x11A0      	BCF        __math_tempbD, 3
;__Lib_MathDouble.mpas,177 :: 		
0x0076	0x1620      	BSF        __math_tempbD, 4
;__Lib_MathDouble.mpas,179 :: 		
0x0077	0x0872      	MOVF       R2, 0
;__Lib_MathDouble.mpas,180 :: 		
0x0078	0x1903      	BTFSC      STATUS, 2
;__Lib_MathDouble.mpas,181 :: 		
0x0079	0x2888      	GOTO       JPNRES032
;__Lib_MathDouble.mpas,182 :: 		
NORM3232:
;__Lib_MathDouble.mpas,183 :: 		
0x007A	0x0820      	MOVF       __math_tempbD, 0
;__Lib_MathDouble.mpas,184 :: 		
0x007B	0x02F3      	SUBWF      R3, 1
;__Lib_MathDouble.mpas,185 :: 		
0x007C	0x1D03      	BTFSS      STATUS, 2
;__Lib_MathDouble.mpas,186 :: 		
0x007D	0x1C03      	BTFSS      STATUS, 0
;__Lib_MathDouble.mpas,187 :: 		
0x007E	0x288C      	GOTO       JPNSETFUN32
;__Lib_MathDouble.mpas,188 :: 		
0x007F	0x1003      	BCF        STATUS, 0
;__Lib_MathDouble.mpas,189 :: 		
NORM3232A:
;__Lib_MathDouble.mpas,190 :: 		
0x0080	0x1BF2      	BTFSC      R2, 7
;__Lib_MathDouble.mpas,191 :: 		
0x0081	0x2890      	GOTO       JMPNFIXSIGN32
;__Lib_MathDouble.mpas,192 :: 		
0x0082	0x0DF0      	RLF        R0, 1
;__Lib_MathDouble.mpas,193 :: 		
0x0083	0x0DF1      	RLF        R1, 1
;__Lib_MathDouble.mpas,194 :: 		
0x0084	0x0DF2      	RLF        R2, 1
;__Lib_MathDouble.mpas,195 :: 		
0x0085	0x0BF3      	DECFSZ     R3, 1
;__Lib_MathDouble.mpas,196 :: 		
0x0086	0x2880      	GOTO       NORM3232A
;__Lib_MathDouble.mpas,197 :: 		
0x0087	0x288C      	GOTO       JPNSETFUN32
;__Lib_MathDouble.mpas,198 :: 		
JPNRES032:
;__Lib_MathDouble.mpas,199 :: 		
0x0088	0x3001      	MOVLW      1
;__Lib_MathDouble.mpas,200 :: 		
0x0089	0x00FC      	MOVWF      R12
;__Lib_MathDouble.mpas,202 :: 		
0x008A	0x2005      	CALL       _RES032
;__Lib_MathDouble.mpas,204 :: 		
0x008B	0x2893      	GOTO       NORM32EEE
;__Lib_MathDouble.mpas,205 :: 		
JPNSETFUN32:
;__Lib_MathDouble.mpas,206 :: 		
0x008C	0x3002      	MOVLW      2
;__Lib_MathDouble.mpas,207 :: 		
0x008D	0x00FC      	MOVWF      R12
;__Lib_MathDouble.mpas,209 :: 		
0x008E	0x200C      	CALL       _SETFUN32
;__Lib_MathDouble.mpas,211 :: 		
0x008F	0x2893      	GOTO       NORM32EEE
;__Lib_MathDouble.mpas,212 :: 		
JMPNFIXSIGN32:
;__Lib_MathDouble.mpas,213 :: 		
0x0090	0x3004      	MOVLW      4
;__Lib_MathDouble.mpas,214 :: 		
0x0091	0x00FC      	MOVWF      R12
;__Lib_MathDouble.mpas,216 :: 		
0x0092	0x2018      	CALL       _FIXSIGN32
;__Lib_MathDouble.mpas,218 :: 		
NORM32EEE:
;__Lib_MathDouble.mpas,220 :: 		
0x0093	0x0008      	RETURN
; end of _NRM3232
_Word2Double:
;__Lib_MathDouble.mpas,1820 :: 		
;__Lib_MathDouble.mpas,1826 :: 		
0x0094	0x1283      	BCF        STATUS, 5
;__Lib_MathDouble.mpas,1827 :: 		
0x0095	0x1303      	BCF        STATUS, 6
;__Lib_MathDouble.mpas,1828 :: 		
0x0096	0x0870      	MOVF       R0, 0
;__Lib_MathDouble.mpas,1829 :: 		
0x0097	0x00F8      	MOVWF      R8
;__Lib_MathDouble.mpas,1830 :: 		
0x0098	0x0871      	MOVF       R1, 0
;__Lib_MathDouble.mpas,1831 :: 		
0x0099	0x00F0      	MOVWF      R0
;__Lib_MathDouble.mpas,1832 :: 		
0x009A	0x01F1      	CLRF       R1
;__Lib_MathDouble.mpas,1833 :: 		
0x009B	0x01F2      	CLRF       R2
;__Lib_MathDouble.mpas,1834 :: 		
0x009C	0x01F3      	CLRF       R3
;__Lib_MathDouble.mpas,1837 :: 		
0x009D	0x01FB      	CLRF       R11
;__Lib_MathDouble.mpas,1838 :: 		
0x009E	0x01FC      	CLRF       R12
;__Lib_MathDouble.mpas,1840 :: 		
0x009F	0x3096      	MOVLW      150
;__Lib_MathDouble.mpas,1841 :: 		
0x00A0	0x00F3      	MOVWF      R3
;__Lib_MathDouble.mpas,1842 :: 		
0x00A1	0x01FA      	CLRF       R10
;__Lib_MathDouble.mpas,1844 :: 		
0x00A2	0x0870      	MOVF       R0, 0
;__Lib_MathDouble.mpas,1845 :: 		
0x00A3	0x00F1      	MOVWF      R1
;__Lib_MathDouble.mpas,1846 :: 		
0x00A4	0x0878      	MOVF       R8, 0
;__Lib_MathDouble.mpas,1847 :: 		
0x00A5	0x00F0      	MOVWF      R0
;__Lib_MathDouble.mpas,1848 :: 		
0x00A6	0x01F8      	CLRF       R8
;__Lib_MathDouble.mpas,1849 :: 		
0x00A7	0x01F2      	CLRF       R2
;__Lib_MathDouble.mpas,1851 :: 		
0x00A8	0x2065      	CALL       _NRM3232
;__Lib_MathDouble.mpas,1852 :: 		
0x00A9	0x0008      	RETURN
; end of _Word2Double
_Double2Word:
;__Lib_MathDouble.mpas,1484 :: 		
;__Lib_MathDouble.mpas,1491 :: 		
0x00AA	0x1283      	BCF        STATUS, 5
;__Lib_MathDouble.mpas,1492 :: 		
0x00AB	0x1303      	BCF        STATUS, 6
;__Lib_MathDouble.mpas,1494 :: 		
0x00AC	0x01FB      	CLRF       R11
;__Lib_MathDouble.mpas,1495 :: 		
0x00AD	0x01FC      	CLRF       R12
;__Lib_MathDouble.mpas,1496 :: 		
0x00AE	0x01FA      	CLRF       R10
;__Lib_MathDouble.mpas,1498 :: 		
0x00AF	0x0873      	MOVF       R3, 0
;__Lib_MathDouble.mpas,1499 :: 		
0x00B0	0x1903      	BTFSC      STATUS, 2
;__Lib_MathDouble.mpas,1500 :: 		
0x00B1	0x28E9      	GOTO       IRES016U
;__Lib_MathDouble.mpas,1502 :: 		
0x00B2	0x17F2      	BSF        R2, 7
;__Lib_MathDouble.mpas,1504 :: 		
0x00B3	0x308E      	MOVLW      142
;__Lib_MathDouble.mpas,1505 :: 		
0x00B4	0x02F3      	SUBWF      R3, 1
;__Lib_MathDouble.mpas,1506 :: 		
0x00B5	0x1BF3      	BTFSC      R3, 7
;__Lib_MathDouble.mpas,1507 :: 		
0x00B6	0x28BA      	GOTO       SETEXP16U
;__Lib_MathDouble.mpas,1508 :: 		
0x00B7	0x1903      	BTFSC      STATUS, 2
;__Lib_MathDouble.mpas,1509 :: 		
0x00B8	0x28BA      	GOTO       SETEXP16U
;__Lib_MathDouble.mpas,1510 :: 		
0x00B9	0x28EC      	GOTO       SETIOV16U
;__Lib_MathDouble.mpas,1511 :: 		
SETEXP16U:
;__Lib_MathDouble.mpas,1512 :: 		
0x00BA	0x09F3      	COMF       R3, 1
;__Lib_MathDouble.mpas,1513 :: 		
0x00BB	0x0AF3      	INCF       R3, 1
;__Lib_MathDouble.mpas,1515 :: 		
0x00BC	0x3008      	MOVLW      8
;__Lib_MathDouble.mpas,1516 :: 		
0x00BD	0x0273      	SUBWF      R3, 0
;__Lib_MathDouble.mpas,1517 :: 		
0x00BE	0x1C03      	BTFSS      STATUS, 0
;__Lib_MathDouble.mpas,1518 :: 		
0x00BF	0x28CF      	GOTO       TSHIFT3216U
;__Lib_MathDouble.mpas,1519 :: 		
0x00C0	0x00F3      	MOVWF      R3
;__Lib_MathDouble.mpas,1520 :: 		
0x00C1	0x0DF1      	RLF        R1, 1
;__Lib_MathDouble.mpas,1521 :: 		
0x00C2	0x0872      	MOVF       R2, 0
;__Lib_MathDouble.mpas,1522 :: 		
0x00C3	0x00F1      	MOVWF      R1
;__Lib_MathDouble.mpas,1523 :: 		
0x00C4	0x01F2      	CLRF       R2
;__Lib_MathDouble.mpas,1525 :: 		
0x00C5	0x3008      	MOVLW      8
;__Lib_MathDouble.mpas,1526 :: 		
0x00C6	0x0273      	SUBWF      R3, 0
;__Lib_MathDouble.mpas,1527 :: 		
0x00C7	0x1C03      	BTFSS      STATUS, 0
;__Lib_MathDouble.mpas,1528 :: 		
0x00C8	0x28CF      	GOTO       TSHIFT3216U
;__Lib_MathDouble.mpas,1529 :: 		
0x00C9	0x0DF1      	RLF        R1, 1
;__Lib_MathDouble.mpas,1530 :: 		
0x00CA	0x01F1      	CLRF       R1
;__Lib_MathDouble.mpas,1532 :: 		
0x00CB	0x0873      	MOVF       R3, 0
;__Lib_MathDouble.mpas,1533 :: 		
0x00CC	0x1D03      	BTFSS      STATUS, 2
;__Lib_MathDouble.mpas,1534 :: 		
0x00CD	0x1003      	BCF        STATUS, 0
;__Lib_MathDouble.mpas,1535 :: 		
0x00CE	0x28D7      	GOTO       SHIFT3216UOK
;__Lib_MathDouble.mpas,1536 :: 		
TSHIFT3216U:
;__Lib_MathDouble.mpas,1537 :: 		
0x00CF	0x0873      	MOVF       R3, 0
;__Lib_MathDouble.mpas,1538 :: 		
0x00D0	0x1903      	BTFSC      STATUS, 2
;__Lib_MathDouble.mpas,1539 :: 		
0x00D1	0x28D7      	GOTO       SHIFT3216UOK
;__Lib_MathDouble.mpas,1540 :: 		
SHIFT3216U:
;__Lib_MathDouble.mpas,1541 :: 		
0x00D2	0x1003      	BCF        STATUS, 0
;__Lib_MathDouble.mpas,1542 :: 		
0x00D3	0x0CF2      	RRF        R2, 1
;__Lib_MathDouble.mpas,1543 :: 		
0x00D4	0x0CF1      	RRF        R1, 1
;__Lib_MathDouble.mpas,1544 :: 		
0x00D5	0x0BF3      	DECFSZ     R3, 1
;__Lib_MathDouble.mpas,1545 :: 		
0x00D6	0x28D2      	GOTO       SHIFT3216U
;__Lib_MathDouble.mpas,1546 :: 		
SHIFT3216UOK:
;__Lib_MathDouble.mpas,1547 :: 		
0x00D7	0x1B7B      	BTFSC      R11, 6
;__Lib_MathDouble.mpas,1548 :: 		
0x00D8	0x1C71      	BTFSS      R1, 0
;__Lib_MathDouble.mpas,1549 :: 		
0x00D9	0x28E1      	GOTO       INT3216UOK
;__Lib_MathDouble.mpas,1550 :: 		
0x00DA	0x1C03      	BTFSS      STATUS, 0
;__Lib_MathDouble.mpas,1551 :: 		
0x00DB	0x28E1      	GOTO       INT3216UOK
;__Lib_MathDouble.mpas,1552 :: 		
0x00DC	0x0AF1      	INCF       R1, 1
;__Lib_MathDouble.mpas,1553 :: 		
0x00DD	0x1903      	BTFSC      STATUS, 2
;__Lib_MathDouble.mpas,1554 :: 		
0x00DE	0x0AF2      	INCF       R2, 1
;__Lib_MathDouble.mpas,1555 :: 		
0x00DF	0x1BF2      	BTFSC      R2, 7
;__Lib_MathDouble.mpas,1556 :: 		
0x00E0	0x28F8      	GOTO       JPKSETIOV3224
;__Lib_MathDouble.mpas,1557 :: 		
INT3216UOK:
;__Lib_MathDouble.mpas,1558 :: 		
0x00E1	0x1FFA      	BTFSS      R10, 7
;__Lib_MathDouble.mpas,1559 :: 		
0x00E2	0x28FB      	GOTO       INT3216UEOK
;__Lib_MathDouble.mpas,1561 :: 		
0x00E3	0x09F2      	COMF       R2, 1
;__Lib_MathDouble.mpas,1562 :: 		
0x00E4	0x09F1      	COMF       R1, 1
;__Lib_MathDouble.mpas,1563 :: 		
0x00E5	0x0AF1      	INCF       R1, 1
;__Lib_MathDouble.mpas,1564 :: 		
0x00E6	0x1903      	BTFSC      STATUS, 2
;__Lib_MathDouble.mpas,1565 :: 		
0x00E7	0x0AF2      	INCF       R2, 1
;__Lib_MathDouble.mpas,1566 :: 		
0x00E8	0x28FB      	GOTO       INT3216UEOK
;__Lib_MathDouble.mpas,1568 :: 		
IRES016U:
;__Lib_MathDouble.mpas,1569 :: 		
0x00E9	0x01F2      	CLRF       R2
;__Lib_MathDouble.mpas,1570 :: 		
0x00EA	0x01F1      	CLRF       R1
;__Lib_MathDouble.mpas,1571 :: 		
0x00EB	0x28FB      	GOTO       INT3216UEOK
;__Lib_MathDouble.mpas,1572 :: 		
SETIOV16U:
;__Lib_MathDouble.mpas,1573 :: 		
0x00EC	0x147B      	BSF        R11, 0
;__Lib_MathDouble.mpas,1574 :: 		
0x00ED	0x1FFB      	BTFSS      R11, 7
;__Lib_MathDouble.mpas,1575 :: 		
0x00EE	0x28FE      	GOTO       INT3216UEER
;__Lib_MathDouble.mpas,1577 :: 		
0x00EF	0x01F2      	CLRF       R2
;__Lib_MathDouble.mpas,1578 :: 		
0x00F0	0x1FFA      	BTFSS      R10, 7
;__Lib_MathDouble.mpas,1579 :: 		
0x00F1	0x28FE      	GOTO       INT3216UEER
;__Lib_MathDouble.mpas,1580 :: 		
0x00F2	0x30FF      	MOVLW      255
;__Lib_MathDouble.mpas,1581 :: 		
0x00F3	0x00F2      	MOVWF      R2
;__Lib_MathDouble.mpas,1582 :: 		
0x00F4	0x00F1      	MOVWF      R1
;__Lib_MathDouble.mpas,1583 :: 		
0x00F5	0x0DFA      	RLF        R10, 1
;__Lib_MathDouble.mpas,1584 :: 		
0x00F6	0x0CF2      	RRF        R2, 1
;__Lib_MathDouble.mpas,1585 :: 		
0x00F7	0x28FE      	GOTO       INT3216UEER
;__Lib_MathDouble.mpas,1587 :: 		
JPKSETIOV3224:
;__Lib_MathDouble.mpas,1588 :: 		
0x00F8	0x3001      	MOVLW      1
;__Lib_MathDouble.mpas,1589 :: 		
0x00F9	0x00FC      	MOVWF      R12
;__Lib_MathDouble.mpas,1590 :: 		
0x00FA	0x2900      	GOTO       INT3216UEEE
;__Lib_MathDouble.mpas,1591 :: 		
INT3216UEOK:
;__Lib_MathDouble.mpas,1592 :: 		
0x00FB	0x3000      	MOVLW      0
;__Lib_MathDouble.mpas,1593 :: 		
0x00FC	0x00FC      	MOVWF      R12
;__Lib_MathDouble.mpas,1594 :: 		
0x00FD	0x2900      	GOTO       INT3216UEEE
;__Lib_MathDouble.mpas,1595 :: 		
INT3216UEER:
;__Lib_MathDouble.mpas,1596 :: 		
0x00FE	0x30FF      	MOVLW      255
;__Lib_MathDouble.mpas,1597 :: 		
0x00FF	0x00FC      	MOVWF      R12
;__Lib_MathDouble.mpas,1598 :: 		
INT3216UEEE:
;__Lib_MathDouble.mpas,1601 :: 		
0x0100	0x08FC      	MOVF       R12, 1
;__Lib_MathDouble.mpas,1603 :: 		
0x0101	0x1903      	BTFSC      STATUS, 2
;__Lib_MathDouble.mpas,1604 :: 		
0x0102	0x2904      	GOTO       L_Double2Word_0
;__Lib_MathDouble.mpas,1606 :: 		
0x0103	0x2035      	CALL       _SETIOV3224
;__Lib_MathDouble.mpas,1608 :: 		
L_Double2Word_0:
;__Lib_MathDouble.mpas,1609 :: 		
0x0104	0x0871      	MOVF       R1, 0
;__Lib_MathDouble.mpas,1610 :: 		
0x0105	0x00F0      	MOVWF      R0
;__Lib_MathDouble.mpas,1611 :: 		
0x0106	0x0872      	MOVF       R2, 0
;__Lib_MathDouble.mpas,1612 :: 		
0x0107	0x00F1      	MOVWF      R1
;__Lib_MathDouble.mpas,1615 :: 		
0x0108	0x0008      	RETURN
; end of _Double2Word
_UART1_Init:
;__Lib_UART_c67.mpas,33 :: 		
;__Lib_UART_c67.mpas,34 :: 		
0x0109	0x1683      	BSF        STATUS, 5
0x010A	0x1303      	BCF        STATUS, 6
0x010B	0x1698      	BSF        TXSTA, 5
;__Lib_UART_c67.mpas,35 :: 		
0x010C	0x3090      	MOVLW      144
0x010D	0x1283      	BCF        STATUS, 5
0x010E	0x0098      	MOVWF      RCSTA
;__Lib_UART_c67.mpas,36 :: 		
0x010F	0x1683      	BSF        STATUS, 5
0x0110	0x1787      	BSF        TRISC7_bit, 7
;__Lib_UART_c67.mpas,37 :: 		
0x0111	0x1307      	BCF        TRISC6_bit, 6
;__Lib_UART_c67.mpas,38 :: 		
L__UART1_Init2:
0x0112	0x1283      	BCF        STATUS, 5
0x0113	0x1E8C      	BTFSS      PIR1, 5
0x0114	0x2918      	GOTO       L__UART1_Init3
;__Lib_UART_c67.mpas,39 :: 		
0x0115	0x081A      	MOVF       RCREG, 0
0x0116	0x00F0      	MOVWF      R0
0x0117	0x2912      	GOTO       L__UART1_Init2
L__UART1_Init3:
;__Lib_UART_c67.mpas,40 :: 		
0x0118	0x0008      	RETURN
; end of _UART1_Init
_WordToStr:
;__Lib_Conversions.mpas,49 :: 		
;__Lib_Conversions.mpas,50 :: 		
0x0119	0x3001      	MOVLW      1
0x011A	0x1283      	BCF        STATUS, 5
0x011B	0x1303      	BCF        STATUS, 6
0x011C	0x00D3      	MOVWF      WordToStr_len
;__Lib_Conversions.mpas,51 :: 		
0x011D	0x3004      	MOVLW      4
0x011E	0x00D4      	MOVWF      WordToStr_tmp
;__Lib_Conversions.mpas,52 :: 		
0x011F	0x0851      	MOVF       FARG_WordToStr_input+1, 0
0x0120	0x3C00      	SUBLW      0
0x0121	0x1D03      	BTFSS      STATUS, 2
0x0122	0x2925      	GOTO       L__WordToStr200
0x0123	0x0850      	MOVF       FARG_WordToStr_input, 0
0x0124	0x3C09      	SUBLW      9
L__WordToStr200:
0x0125	0x1803      	BTFSC      STATUS, 0
0x0126	0x2928      	GOTO       L__WordToStr11
;__Lib_Conversions.mpas,53 :: 		
0x0127	0x0AD3      	INCF       WordToStr_len, 1
L__WordToStr11:
;__Lib_Conversions.mpas,54 :: 		
0x0128	0x0851      	MOVF       FARG_WordToStr_input+1, 0
0x0129	0x3C00      	SUBLW      0
0x012A	0x1D03      	BTFSS      STATUS, 2
0x012B	0x292E      	GOTO       L__WordToStr201
0x012C	0x0850      	MOVF       FARG_WordToStr_input, 0
0x012D	0x3C63      	SUBLW      99
L__WordToStr201:
0x012E	0x1803      	BTFSC      STATUS, 0
0x012F	0x2931      	GOTO       L__WordToStr14
;__Lib_Conversions.mpas,55 :: 		
0x0130	0x0AD3      	INCF       WordToStr_len, 1
L__WordToStr14:
;__Lib_Conversions.mpas,56 :: 		
0x0131	0x0851      	MOVF       FARG_WordToStr_input+1, 0
0x0132	0x3C03      	SUBLW      3
0x0133	0x1D03      	BTFSS      STATUS, 2
0x0134	0x2937      	GOTO       L__WordToStr202
0x0135	0x0850      	MOVF       FARG_WordToStr_input, 0
0x0136	0x3CE7      	SUBLW      231
L__WordToStr202:
0x0137	0x1803      	BTFSC      STATUS, 0
0x0138	0x293A      	GOTO       L__WordToStr17
;__Lib_Conversions.mpas,57 :: 		
0x0139	0x0AD3      	INCF       WordToStr_len, 1
L__WordToStr17:
;__Lib_Conversions.mpas,58 :: 		
0x013A	0x0851      	MOVF       FARG_WordToStr_input+1, 0
0x013B	0x3C27      	SUBLW      39
0x013C	0x1D03      	BTFSS      STATUS, 2
0x013D	0x2940      	GOTO       L__WordToStr203
0x013E	0x0850      	MOVF       FARG_WordToStr_input, 0
0x013F	0x3C0F      	SUBLW      15
L__WordToStr203:
0x0140	0x1803      	BTFSC      STATUS, 0
0x0141	0x2943      	GOTO       L__WordToStr20
;__Lib_Conversions.mpas,59 :: 		
0x0142	0x0AD3      	INCF       WordToStr_len, 1
L__WordToStr20:
;__Lib_Conversions.mpas,61 :: 		
0x0143	0x0852      	MOVF       FARG_WordToStr_output, 0
0x0144	0x0084      	MOVWF      FSR
0x0145	0x3020      	MOVLW      32
0x0146	0x0080      	MOVWF      INDF
0x0147	0x0A84      	INCF       FSR, 1
0x0148	0x3020      	MOVLW      32
0x0149	0x0080      	MOVWF      INDF
0x014A	0x0A84      	INCF       FSR, 1
0x014B	0x3020      	MOVLW      32
0x014C	0x0080      	MOVWF      INDF
0x014D	0x0A84      	INCF       FSR, 1
0x014E	0x3020      	MOVLW      32
0x014F	0x0080      	MOVWF      INDF
0x0150	0x0A84      	INCF       FSR, 1
0x0151	0x3020      	MOVLW      32
0x0152	0x0080      	MOVWF      INDF
0x0153	0x0A84      	INCF       FSR, 1
0x0154	0x0180      	CLRF       INDF
0x0155	0x0A84      	INCF       FSR, 1
;__Lib_Conversions.mpas,62 :: 		
L__WordToStr23:
0x0156	0x0853      	MOVF       WordToStr_len, 0
0x0157	0x3C00      	SUBLW      0
0x0158	0x1803      	BTFSC      STATUS, 0
0x0159	0x2980      	GOTO       L__WordToStr24
;__Lib_Conversions.mpas,64 :: 		
0x015A	0x0854      	MOVF       WordToStr_tmp, 0
0x015B	0x0752      	ADDWF      FARG_WordToStr_output, 0
0x015C	0x00F0      	MOVWF      R0
0x015D	0x0870      	MOVF       R0, 0
0x015E	0x00D5      	MOVWF      FLOC__WordToStr
0x015F	0x300A      	MOVLW      10
0x0160	0x00F4      	MOVWF      R4
0x0161	0x01F5      	CLRF       R4+1
0x0162	0x0850      	MOVF       FARG_WordToStr_input, 0
0x0163	0x00F0      	MOVWF      R0
0x0164	0x0851      	MOVF       FARG_WordToStr_input+1, 0
0x0165	0x00F1      	MOVWF      R0+1
0x0166	0x2042      	CALL       _Div_16x16_U
0x0167	0x0878      	MOVF       R8, 0
0x0168	0x00F0      	MOVWF      R0
0x0169	0x0879      	MOVF       R8+1, 0
0x016A	0x00F1      	MOVWF      R0+1
0x016B	0x3030      	MOVLW      48
0x016C	0x07F0      	ADDWF      R0, 1
0x016D	0x0855      	MOVF       FLOC__WordToStr, 0
0x016E	0x0084      	MOVWF      FSR
0x016F	0x0870      	MOVF       R0, 0
0x0170	0x0080      	MOVWF      INDF
;__Lib_Conversions.mpas,65 :: 		
0x0171	0x03D4      	DECF       WordToStr_tmp, 1
;__Lib_Conversions.mpas,66 :: 		
0x0172	0x300A      	MOVLW      10
0x0173	0x00F4      	MOVWF      R4
0x0174	0x01F5      	CLRF       R4+1
0x0175	0x0850      	MOVF       FARG_WordToStr_input, 0
0x0176	0x00F0      	MOVWF      R0
0x0177	0x0851      	MOVF       FARG_WordToStr_input+1, 0
0x0178	0x00F1      	MOVWF      R0+1
0x0179	0x2042      	CALL       _Div_16x16_U
0x017A	0x0870      	MOVF       R0, 0
0x017B	0x00D0      	MOVWF      FARG_WordToStr_input
0x017C	0x0871      	MOVF       R0+1, 0
0x017D	0x00D1      	MOVWF      FARG_WordToStr_input+1
;__Lib_Conversions.mpas,67 :: 		
0x017E	0x03D3      	DECF       WordToStr_len, 1
;__Lib_Conversions.mpas,68 :: 		
0x017F	0x2956      	GOTO       L__WordToStr23
L__WordToStr24:
;__Lib_Conversions.mpas,69 :: 		
0x0180	0x0008      	RETURN
; end of _WordToStr
ultrasonico_timer1_led:
;ultrasonico_timer1.mbas,115 :: 		sub procedure led
;ultrasonico_timer1.mbas,116 :: 		porta = 0x00
0x0181	0x1283      	BCF        STATUS, 5
0x0182	0x1303      	BCF        STATUS, 6
0x0183	0x0185      	CLRF       PORTA
;ultrasonico_timer1.mbas,117 :: 		delay_ms(250)
0x0184	0x3003      	MOVLW      3
0x0185	0x00FB      	MOVWF      R11
0x0186	0x308A      	MOVLW      138
0x0187	0x00FC      	MOVWF      R12
0x0188	0x3055      	MOVLW      85
0x0189	0x00FD      	MOVWF      R13
L_ultrasonico_timer1_led31:
0x018A	0x0BFD      	DECFSZ     R13, 1
0x018B	0x298A      	GOTO       L_ultrasonico_timer1_led31
0x018C	0x0BFC      	DECFSZ     R12, 1
0x018D	0x298A      	GOTO       L_ultrasonico_timer1_led31
0x018E	0x0BFB      	DECFSZ     R11, 1
0x018F	0x298A      	GOTO       L_ultrasonico_timer1_led31
0x0190	0x0000      	NOP
0x0191	0x0000      	NOP
;ultrasonico_timer1.mbas,118 :: 		porta = 0xff
0x0192	0x30FF      	MOVLW      255
0x0193	0x0085      	MOVWF      PORTA
;ultrasonico_timer1.mbas,119 :: 		delay_ms(250)
0x0194	0x3003      	MOVLW      3
0x0195	0x00FB      	MOVWF      R11
0x0196	0x308A      	MOVLW      138
0x0197	0x00FC      	MOVWF      R12
0x0198	0x3055      	MOVLW      85
0x0199	0x00FD      	MOVWF      R13
L_ultrasonico_timer1_led32:
0x019A	0x0BFD      	DECFSZ     R13, 1
0x019B	0x299A      	GOTO       L_ultrasonico_timer1_led32
0x019C	0x0BFC      	DECFSZ     R12, 1
0x019D	0x299A      	GOTO       L_ultrasonico_timer1_led32
0x019E	0x0BFB      	DECFSZ     R11, 1
0x019F	0x299A      	GOTO       L_ultrasonico_timer1_led32
0x01A0	0x0000      	NOP
0x01A1	0x0000      	NOP
;ultrasonico_timer1.mbas,120 :: 		porta = 0x00
0x01A2	0x0185      	CLRF       PORTA
;ultrasonico_timer1.mbas,121 :: 		delay_ms(250)
0x01A3	0x3003      	MOVLW      3
0x01A4	0x00FB      	MOVWF      R11
0x01A5	0x308A      	MOVLW      138
0x01A6	0x00FC      	MOVWF      R12
0x01A7	0x3055      	MOVLW      85
0x01A8	0x00FD      	MOVWF      R13
L_ultrasonico_timer1_led33:
0x01A9	0x0BFD      	DECFSZ     R13, 1
0x01AA	0x29A9      	GOTO       L_ultrasonico_timer1_led33
0x01AB	0x0BFC      	DECFSZ     R12, 1
0x01AC	0x29A9      	GOTO       L_ultrasonico_timer1_led33
0x01AD	0x0BFB      	DECFSZ     R11, 1
0x01AE	0x29A9      	GOTO       L_ultrasonico_timer1_led33
0x01AF	0x0000      	NOP
0x01B0	0x0000      	NOP
;ultrasonico_timer1.mbas,122 :: 		porta = 0xff
0x01B1	0x30FF      	MOVLW      255
0x01B2	0x0085      	MOVWF      PORTA
;ultrasonico_timer1.mbas,123 :: 		delay_ms(250)
0x01B3	0x3003      	MOVLW      3
0x01B4	0x00FB      	MOVWF      R11
0x01B5	0x308A      	MOVLW      138
0x01B6	0x00FC      	MOVWF      R12
0x01B7	0x3055      	MOVLW      85
0x01B8	0x00FD      	MOVWF      R13
L_ultrasonico_timer1_led34:
0x01B9	0x0BFD      	DECFSZ     R13, 1
0x01BA	0x29B9      	GOTO       L_ultrasonico_timer1_led34
0x01BB	0x0BFC      	DECFSZ     R12, 1
0x01BC	0x29B9      	GOTO       L_ultrasonico_timer1_led34
0x01BD	0x0BFB      	DECFSZ     R11, 1
0x01BE	0x29B9      	GOTO       L_ultrasonico_timer1_led34
0x01BF	0x0000      	NOP
0x01C0	0x0000      	NOP
;ultrasonico_timer1.mbas,124 :: 		porta = 0x00
0x01C1	0x0185      	CLRF       PORTA
0x01C2	0x0008      	RETURN
; end of ultrasonico_timer1_led
_Adc_Read:
;__Lib_ADC_88X.mpas,13 :: 		
;__Lib_ADC_88X.mpas,14 :: 		
0x01C3	0x30C0      	MOVLW      192
0x01C4	0x1283      	BCF        STATUS, 5
0x01C5	0x1303      	BCF        STATUS, 6
0x01C6	0x009F      	MOVWF      ADCON0
;__Lib_ADC_88X.mpas,15 :: 		
0x01C7	0x0850      	MOVF       FARG_Adc_Read_channel, 0
0x01C8	0x00F0      	MOVWF      R0
0x01C9	0x0DF0      	RLF        R0, 1
0x01CA	0x1070      	BCF        R0, 0
0x01CB	0x0DF0      	RLF        R0, 1
0x01CC	0x1070      	BCF        R0, 0
0x01CD	0x0870      	MOVF       R0, 0
0x01CE	0x049F      	IORWF      ADCON0, 1
;__Lib_ADC_88X.mpas,16 :: 		
0x01CF	0x1683      	BSF        STATUS, 5
0x01D0	0x179F      	BSF        ADCON1, 7
;__Lib_ADC_88X.mpas,19 :: 		
0x01D1	0x1283      	BCF        STATUS, 5
0x01D2	0x141F      	BSF        ADCON0, 0
;__Lib_ADC_88X.mpas,22 :: 		
0x01D3	0x205F      	CALL       _Delay_22us
;__Lib_ADC_88X.mpas,25 :: 		
0x01D4	0x149F      	BSF        ADCON0, 1
;__Lib_ADC_88X.mpas,28 :: 		
L__Adc_Read2:
0x01D5	0x1C9F      	BTFSS      ADCON0, 1
0x01D6	0x29D9      	GOTO       L__Adc_Read3
0x01D7	0x0000      	NOP
0x01D8	0x29D5      	GOTO       L__Adc_Read2
L__Adc_Read3:
;__Lib_ADC_88X.mpas,31 :: 		
0x01D9	0x101F      	BCF        ADCON0, 0
;__Lib_ADC_88X.mpas,34 :: 		
0x01DA	0x081E      	MOVF       ADRESH, 0
0x01DB	0x00F3      	MOVWF      R3
0x01DC	0x01F4      	CLRF       R3+1
0x01DD	0x0873      	MOVF       R3, 0
0x01DE	0x00F1      	MOVWF      R0+1
0x01DF	0x01F0      	CLRF       R0
0x01E0	0x1683      	BSF        STATUS, 5
0x01E1	0x081E      	MOVF       ADRESL, 0
0x01E2	0x0470      	IORWF      R0, 0
0x01E3	0x1283      	BCF        STATUS, 5
0x01E4	0x00D1      	MOVWF      Adc_Read_local_result
0x01E5	0x0871      	MOVF       R0+1, 0
0x01E6	0x00D2      	MOVWF      Adc_Read_local_result+1
0x01E7	0x3000      	MOVLW      0
0x01E8	0x04D2      	IORWF      Adc_Read_local_result+1, 1
;__Lib_ADC_88X.mpas,36 :: 		
0x01E9	0x0851      	MOVF       Adc_Read_local_result, 0
0x01EA	0x00F0      	MOVWF      R0
0x01EB	0x0852      	MOVF       Adc_Read_local_result+1, 0
0x01EC	0x00F1      	MOVWF      R0+1
0x01ED	0x0008      	RETURN
; end of _Adc_Read
_Div_32x32_FP:
;__Lib_MathDouble.mpas,733 :: 		
;__Lib_MathDouble.mpas,747 :: 		
0x01EE	0x1283      	BCF        STATUS, 5
;__Lib_MathDouble.mpas,748 :: 		
0x01EF	0x1303      	BCF        STATUS, 6
;__Lib_MathDouble.mpas,750 :: 		
0x01F0	0x0877      	MOVF       R7, 0
;__Lib_MathDouble.mpas,751 :: 		
0x01F1	0x1903      	BTFSC      STATUS, 2
;__Lib_MathDouble.mpas,752 :: 		
0x01F2	0x2A7D      	GOTO       JPDSETFDZ32
;__Lib_MathDouble.mpas,754 :: 		
0x01F3	0x0873      	MOVF       R3, 0
;__Lib_MathDouble.mpas,755 :: 		
0x01F4	0x1903      	BTFSC      STATUS, 2
;__Lib_MathDouble.mpas,756 :: 		
0x01F5	0x2A80      	GOTO       JPDRES032
;__Lib_MathDouble.mpas,758 :: 		
0x01F6	0x0872      	MOVF       R2, 0
;__Lib_MathDouble.mpas,759 :: 		
0x01F7	0x0676      	XORWF      R6, 0
;__Lib_MathDouble.mpas,760 :: 		
0x01F8	0x3980      	ANDLW      128
;__Lib_MathDouble.mpas,761 :: 		
0x01F9	0x00FA      	MOVWF      R10
;__Lib_MathDouble.mpas,762 :: 		
0x01FA	0x17F2      	BSF        R2, 7
;__Lib_MathDouble.mpas,763 :: 		
0x01FB	0x17F6      	BSF        R6, 7
;__Lib_MathDouble.mpas,765 :: 		
0x01FC	0x01A0      	CLRF       __math_tempbD
;__Lib_MathDouble.mpas,766 :: 		
0x01FD	0x0872      	MOVF       R2, 0
;__Lib_MathDouble.mpas,767 :: 		
0x01FE	0x00F8      	MOVWF      R8
;__Lib_MathDouble.mpas,768 :: 		
0x01FF	0x0871      	MOVF       R1, 0
;__Lib_MathDouble.mpas,769 :: 		
0x0200	0x00FC      	MOVWF      R12
;__Lib_MathDouble.mpas,770 :: 		
0x0201	0x0870      	MOVF       R0, 0
;__Lib_MathDouble.mpas,771 :: 		
0x0202	0x00FD      	MOVWF      R13
;__Lib_MathDouble.mpas,773 :: 		
0x0203	0x0874      	MOVF       R4, 0
;__Lib_MathDouble.mpas,774 :: 		
0x0204	0x02FD      	SUBWF      R13, 1
;__Lib_MathDouble.mpas,775 :: 		
0x0205	0x0875      	MOVF       R5, 0
;__Lib_MathDouble.mpas,776 :: 		
0x0206	0x1C03      	BTFSS      STATUS, 0
;__Lib_MathDouble.mpas,777 :: 		
0x0207	0x0F75      	INCFSZ     R5, 0
;__Lib_MathDouble.mpas,779 :: 		
0x0208	0x02FC      	SUBWF      R12, 1
;__Lib_MathDouble.mpas,780 :: 		
0x0209	0x0876      	MOVF       R6, 0
;__Lib_MathDouble.mpas,781 :: 		
0x020A	0x1C03      	BTFSS      STATUS, 0
;__Lib_MathDouble.mpas,782 :: 		
0x020B	0x0F76      	INCFSZ     R6, 0
;__Lib_MathDouble.mpas,784 :: 		
0x020C	0x02F8      	SUBWF      R8, 1
;__Lib_MathDouble.mpas,785 :: 		
0x020D	0x01F8      	CLRF       R8
;__Lib_MathDouble.mpas,786 :: 		
0x020E	0x01FC      	CLRF       R12
;__Lib_MathDouble.mpas,787 :: 		
0x020F	0x01FD      	CLRF       R13
;__Lib_MathDouble.mpas,788 :: 		
0x0210	0x1C03      	BTFSS      STATUS, 0
;__Lib_MathDouble.mpas,789 :: 		
0x0211	0x2A19      	GOTO       DALIGN32OK
;__Lib_MathDouble.mpas,791 :: 		
0x0212	0x1003      	BCF        STATUS, 0
;__Lib_MathDouble.mpas,792 :: 		
0x0213	0x0CF2      	RRF        R2, 1
;__Lib_MathDouble.mpas,793 :: 		
0x0214	0x0CF1      	RRF        R1, 1
;__Lib_MathDouble.mpas,794 :: 		
0x0215	0x0CF0      	RRF        R0, 1
;__Lib_MathDouble.mpas,795 :: 		
0x0216	0x0CF8      	RRF        R8, 1
;__Lib_MathDouble.mpas,796 :: 		
0x0217	0x3001      	MOVLW      1
;__Lib_MathDouble.mpas,797 :: 		
0x0218	0x00A0      	MOVWF      __math_tempbD
;__Lib_MathDouble.mpas,798 :: 		
DALIGN32OK:
;__Lib_MathDouble.mpas,799 :: 		
0x0219	0x0877      	MOVF       R7, 0
;__Lib_MathDouble.mpas,800 :: 		
0x021A	0x02F3      	SUBWF      R3, 1
;__Lib_MathDouble.mpas,801 :: 		
0x021B	0x1C03      	BTFSS      STATUS, 0
;__Lib_MathDouble.mpas,802 :: 		
0x021C	0x2A23      	GOTO       ALTB32
;__Lib_MathDouble.mpas,804 :: 		
0x021D	0x307E      	MOVLW      126
;__Lib_MathDouble.mpas,805 :: 		
0x021E	0x0720      	ADDWF      __math_tempbD, 0
;__Lib_MathDouble.mpas,806 :: 		
0x021F	0x07F3      	ADDWF      R3, 1
;__Lib_MathDouble.mpas,807 :: 		
0x0220	0x1803      	BTFSC      STATUS, 0
;__Lib_MathDouble.mpas,808 :: 		
0x0221	0x2A83      	GOTO       JPDSETFOV32
;__Lib_MathDouble.mpas,809 :: 		
0x0222	0x2A28      	GOTO       DARGOK32
;__Lib_MathDouble.mpas,810 :: 		
ALTB32:
;__Lib_MathDouble.mpas,811 :: 		
0x0223	0x307E      	MOVLW      126
;__Lib_MathDouble.mpas,812 :: 		
0x0224	0x0720      	ADDWF      __math_tempbD, 0
;__Lib_MathDouble.mpas,813 :: 		
0x0225	0x07F3      	ADDWF      R3, 1
;__Lib_MathDouble.mpas,814 :: 		
0x0226	0x1C03      	BTFSS      STATUS, 0
;__Lib_MathDouble.mpas,815 :: 		
0x0227	0x2A86      	GOTO       JPDSETFUN32
;__Lib_MathDouble.mpas,816 :: 		
DARGOK32:
;__Lib_MathDouble.mpas,817 :: 		
0x0228	0x3018      	MOVLW      24
;__Lib_MathDouble.mpas,819 :: 		
0x0229	0x07FA      	ADDWF      R10, 1
;__Lib_MathDouble.mpas,820 :: 		
DLOOP32:
;__Lib_MathDouble.mpas,821 :: 		
0x022A	0x0DFD      	RLF        R13, 1
;__Lib_MathDouble.mpas,822 :: 		
0x022B	0x0DFC      	RLF        R12, 1
;__Lib_MathDouble.mpas,823 :: 		
0x022C	0x0DF8      	RLF        R8, 1
;__Lib_MathDouble.mpas,824 :: 		
0x022D	0x0DF0      	RLF        R0, 1
;__Lib_MathDouble.mpas,825 :: 		
0x022E	0x0DF1      	RLF        R1, 1
;__Lib_MathDouble.mpas,826 :: 		
0x022F	0x0DF2      	RLF        R2, 1
;__Lib_MathDouble.mpas,827 :: 		
0x0230	0x0DA0      	RLF        __math_tempbD, 1
;__Lib_MathDouble.mpas,829 :: 		
0x0231	0x0874      	MOVF       R4, 0
;__Lib_MathDouble.mpas,830 :: 		
0x0232	0x02F0      	SUBWF      R0, 1
;__Lib_MathDouble.mpas,831 :: 		
0x0233	0x0875      	MOVF       R5, 0
;__Lib_MathDouble.mpas,832 :: 		
0x0234	0x1C03      	BTFSS      STATUS, 0
;__Lib_MathDouble.mpas,833 :: 		
0x0235	0x0F75      	INCFSZ     R5, 0
;__Lib_MathDouble.mpas,835 :: 		
0x0236	0x02F1      	SUBWF      R1, 1
;__Lib_MathDouble.mpas,836 :: 		
0x0237	0x0876      	MOVF       R6, 0
;__Lib_MathDouble.mpas,837 :: 		
0x0238	0x1C03      	BTFSS      STATUS, 0
;__Lib_MathDouble.mpas,838 :: 		
0x0239	0x0F76      	INCFSZ     R6, 0
;__Lib_MathDouble.mpas,840 :: 		
0x023A	0x02F2      	SUBWF      R2, 1
;__Lib_MathDouble.mpas,841 :: 		
0x023B	0x0D76      	RLF        R6, 0
;__Lib_MathDouble.mpas,842 :: 		
0x023C	0x04A0      	IORWF      __math_tempbD, 1
;__Lib_MathDouble.mpas,843 :: 		
0x023D	0x1C20      	BTFSS      __math_tempbD, 0
;__Lib_MathDouble.mpas,844 :: 		
0x023E	0x2A41      	GOTO       DREST32
;__Lib_MathDouble.mpas,845 :: 		
0x023F	0x147D      	BSF        R13, 0
;__Lib_MathDouble.mpas,846 :: 		
0x0240	0x2A4C      	GOTO       DOK32
;__Lib_MathDouble.mpas,847 :: 		
DREST32:
;__Lib_MathDouble.mpas,848 :: 		
0x0241	0x0874      	MOVF       R4, 0
;__Lib_MathDouble.mpas,849 :: 		
0x0242	0x07F0      	ADDWF      R0, 1
;__Lib_MathDouble.mpas,850 :: 		
0x0243	0x0875      	MOVF       R5, 0
;__Lib_MathDouble.mpas,851 :: 		
0x0244	0x1803      	BTFSC      STATUS, 0
;__Lib_MathDouble.mpas,852 :: 		
0x0245	0x0F75      	INCFSZ     R5, 0
;__Lib_MathDouble.mpas,854 :: 		
0x0246	0x07F1      	ADDWF      R1, 1
;__Lib_MathDouble.mpas,855 :: 		
0x0247	0x0876      	MOVF       R6, 0
;__Lib_MathDouble.mpas,856 :: 		
0x0248	0x1803      	BTFSC      STATUS, 0
;__Lib_MathDouble.mpas,857 :: 		
0x0249	0x0A76      	INCF       R6, 0
;__Lib_MathDouble.mpas,858 :: 		
0x024A	0x07F2      	ADDWF      R2, 1
;__Lib_MathDouble.mpas,859 :: 		
0x024B	0x107D      	BCF        R13, 0
;__Lib_MathDouble.mpas,860 :: 		
DOK32:
;__Lib_MathDouble.mpas,862 :: 		
0x024C	0x03FA      	DECF       R10, 1
;__Lib_MathDouble.mpas,863 :: 		
0x024D	0x301F      	MOVLW      31
;__Lib_MathDouble.mpas,864 :: 		
0x024E	0x057A      	ANDWF      R10, 0
;__Lib_MathDouble.mpas,865 :: 		
0x024F	0x1D03      	BTFSS      STATUS, 2
;__Lib_MathDouble.mpas,866 :: 		
0x0250	0x2A2A      	GOTO       DLOOP32
;__Lib_MathDouble.mpas,868 :: 		
0x0251	0x1B7B      	BTFSC      R11, 6
;__Lib_MathDouble.mpas,869 :: 		
0x0252	0x1C7D      	BTFSS      R13, 0
;__Lib_MathDouble.mpas,870 :: 		
0x0253	0x2A73      	GOTO       DIV32OK
;__Lib_MathDouble.mpas,871 :: 		
0x0254	0x1003      	BCF        STATUS, 0
;__Lib_MathDouble.mpas,872 :: 		
0x0255	0x0DF0      	RLF        R0, 1
;__Lib_MathDouble.mpas,873 :: 		
0x0256	0x0DF1      	RLF        R1, 1
;__Lib_MathDouble.mpas,874 :: 		
0x0257	0x0DF2      	RLF        R2, 1
;__Lib_MathDouble.mpas,875 :: 		
0x0258	0x0DA0      	RLF        __math_tempbD, 1
;__Lib_MathDouble.mpas,877 :: 		
0x0259	0x0874      	MOVF       R4, 0
;__Lib_MathDouble.mpas,878 :: 		
0x025A	0x02F0      	SUBWF      R0, 1
;__Lib_MathDouble.mpas,879 :: 		
0x025B	0x0875      	MOVF       R5, 0
;__Lib_MathDouble.mpas,880 :: 		
0x025C	0x1C03      	BTFSS      STATUS, 0
;__Lib_MathDouble.mpas,881 :: 		
0x025D	0x0F75      	INCFSZ     R5, 0
;__Lib_MathDouble.mpas,882 :: 		
0x025E	0x02F1      	SUBWF      R1, 1
;__Lib_MathDouble.mpas,883 :: 		
0x025F	0x0876      	MOVF       R6, 0
;__Lib_MathDouble.mpas,884 :: 		
0x0260	0x1C03      	BTFSS      STATUS, 0
;__Lib_MathDouble.mpas,885 :: 		
0x0261	0x0F76      	INCFSZ     R6, 0
;__Lib_MathDouble.mpas,886 :: 		
0x0262	0x02F2      	SUBWF      R2, 1
;__Lib_MathDouble.mpas,887 :: 		
0x0263	0x0D76      	RLF        R6, 0
;__Lib_MathDouble.mpas,888 :: 		
0x0264	0x0420      	IORWF      __math_tempbD, 0
;__Lib_MathDouble.mpas,889 :: 		
0x0265	0x3901      	ANDLW      1
;__Lib_MathDouble.mpas,890 :: 		
0x0266	0x07FD      	ADDWF      R13, 1
;__Lib_MathDouble.mpas,891 :: 		
0x0267	0x1803      	BTFSC      STATUS, 0
;__Lib_MathDouble.mpas,892 :: 		
0x0268	0x0AFC      	INCF       R12, 1
;__Lib_MathDouble.mpas,893 :: 		
0x0269	0x1903      	BTFSC      STATUS, 2
;__Lib_MathDouble.mpas,894 :: 		
0x026A	0x0AF8      	INCF       R8, 1
;__Lib_MathDouble.mpas,895 :: 		
0x026B	0x1D03      	BTFSS      STATUS, 2
;__Lib_MathDouble.mpas,896 :: 		
0x026C	0x2A73      	GOTO       DIV32OK
;__Lib_MathDouble.mpas,897 :: 		
0x026D	0x0CF8      	RRF        R8, 1
;__Lib_MathDouble.mpas,898 :: 		
0x026E	0x0CFC      	RRF        R12, 1
;__Lib_MathDouble.mpas,899 :: 		
0x026F	0x0CFD      	RRF        R13, 1
;__Lib_MathDouble.mpas,900 :: 		
0x0270	0x0AF3      	INCF       R3, 1
;__Lib_MathDouble.mpas,901 :: 		
0x0271	0x1903      	BTFSC      STATUS, 2
;__Lib_MathDouble.mpas,902 :: 		
0x0272	0x2A83      	GOTO       JPDSETFOV32
;__Lib_MathDouble.mpas,903 :: 		
DIV32OK:
;__Lib_MathDouble.mpas,904 :: 		
0x0273	0x1FFA      	BTFSS      R10, 7
;__Lib_MathDouble.mpas,905 :: 		
0x0274	0x13F8      	BCF        R8, 7
;__Lib_MathDouble.mpas,906 :: 		
0x0275	0x0878      	MOVF       R8, 0
;__Lib_MathDouble.mpas,907 :: 		
0x0276	0x00F2      	MOVWF      R2
;__Lib_MathDouble.mpas,908 :: 		
0x0277	0x087C      	MOVF       R12, 0
;__Lib_MathDouble.mpas,909 :: 		
0x0278	0x00F1      	MOVWF      R1
;__Lib_MathDouble.mpas,910 :: 		
0x0279	0x087D      	MOVF       R13, 0
;__Lib_MathDouble.mpas,911 :: 		
0x027A	0x00F0      	MOVWF      R0
;__Lib_MathDouble.mpas,913 :: 		
0x027B	0x3000      	MOVLW      0
;__Lib_MathDouble.mpas,915 :: 		
0x027C	0x2A88      	GOTO       DIV32EEE
;__Lib_MathDouble.mpas,916 :: 		
JPDSETFDZ32:
;__Lib_MathDouble.mpas,917 :: 		
0x027D	0x3001      	MOVLW      1
;__Lib_MathDouble.mpas,920 :: 		
0x027E	0x2028      	CALL       _SETFDZ32
;__Lib_MathDouble.mpas,922 :: 		
0x027F	0x2A88      	GOTO       DIV32EEE
;__Lib_MathDouble.mpas,923 :: 		
JPDRES032:
;__Lib_MathDouble.mpas,924 :: 		
0x0280	0x3002      	MOVLW      2
;__Lib_MathDouble.mpas,927 :: 		
0x0281	0x2005      	CALL       _RES032
;__Lib_MathDouble.mpas,929 :: 		
0x0282	0x2A88      	GOTO       DIV32EEE
;__Lib_MathDouble.mpas,930 :: 		
JPDSETFOV32:
;__Lib_MathDouble.mpas,931 :: 		
0x0283	0x3004      	MOVLW      4
;__Lib_MathDouble.mpas,934 :: 		
0x0284	0x201C      	CALL       _SETFOV32
;__Lib_MathDouble.mpas,936 :: 		
0x0285	0x2A88      	GOTO       DIV32EEE
;__Lib_MathDouble.mpas,937 :: 		
JPDSETFUN32:
;__Lib_MathDouble.mpas,938 :: 		
0x0286	0x3008      	MOVLW      8
;__Lib_MathDouble.mpas,941 :: 		
0x0287	0x200C      	CALL       _SETFUN32
;__Lib_MathDouble.mpas,943 :: 		
DIV32EEE:
;__Lib_MathDouble.mpas,944 :: 		
0x0288	0x0000      	NOP
;__Lib_MathDouble.mpas,946 :: 		
0x0289	0x0008      	RETURN
; end of _Div_32x32_FP
_UART1_Write_Text:
;__Lib_UART_c67.mpas,80 :: 		
;__Lib_UART_c67.mpas,81 :: 		
0x028A	0x1283      	BCF        STATUS, 5
0x028B	0x1303      	BCF        STATUS, 6
0x028C	0x01D1      	CLRF       UART1_Write_Text_counter
;__Lib_UART_c67.mpas,82 :: 		
0x028D	0x0850      	MOVF       FARG_UART1_Write_Text_uart_text, 0
0x028E	0x0084      	MOVWF      FSR
0x028F	0x0800      	MOVF       INDF, 0
0x0290	0x00D2      	MOVWF      UART1_Write_Text_data_
;__Lib_UART_c67.mpas,83 :: 		
L__UART1_Write_Text20:
0x0291	0x0852      	MOVF       UART1_Write_Text_data_, 0
0x0292	0x3A00      	XORLW      0
0x0293	0x1903      	BTFSC      STATUS, 2
0x0294	0x2A9F      	GOTO       L__UART1_Write_Text21
;__Lib_UART_c67.mpas,85 :: 		
0x0295	0x0852      	MOVF       UART1_Write_Text_data_, 0
0x0296	0x00D6      	MOVWF      FARG_UART1_Write_data_
0x0297	0x202B      	CALL       _UART1_Write
;__Lib_UART_c67.mpas,86 :: 		
0x0298	0x0AD1      	INCF       UART1_Write_Text_counter, 1
;__Lib_UART_c67.mpas,87 :: 		
0x0299	0x0851      	MOVF       UART1_Write_Text_counter, 0
0x029A	0x0750      	ADDWF      FARG_UART1_Write_Text_uart_text, 0
0x029B	0x0084      	MOVWF      FSR
0x029C	0x0800      	MOVF       INDF, 0
0x029D	0x00D2      	MOVWF      UART1_Write_Text_data_
;__Lib_UART_c67.mpas,88 :: 		
0x029E	0x2A91      	GOTO       L__UART1_Write_Text20
L__UART1_Write_Text21:
;__Lib_UART_c67.mpas,89 :: 		
0x029F	0x0008      	RETURN
; end of _UART1_Write_Text
_UART1_Read:
;__Lib_UART_c67.mpas,54 :: 		
;__Lib_UART_c67.mpas,55 :: 		
0x02A0	0x1283      	BCF        STATUS, 5
0x02A1	0x1303      	BCF        STATUS, 6
0x02A2	0x081A      	MOVF       RCREG, 0
0x02A3	0x00F2      	MOVWF      R2
;__Lib_UART_c67.mpas,56 :: 		
0x02A4	0x1C98      	BTFSS      RCSTA, 1
0x02A5	0x2AA8      	GOTO       L__UART1_Read9
;__Lib_UART_c67.mpas,58 :: 		
0x02A6	0x1218      	BCF        RCSTA, 4
;__Lib_UART_c67.mpas,59 :: 		
0x02A7	0x1618      	BSF        RCSTA, 4
;__Lib_UART_c67.mpas,60 :: 		
L__UART1_Read9:
;__Lib_UART_c67.mpas,61 :: 		
0x02A8	0x0872      	MOVF       R2, 0
0x02A9	0x00F1      	MOVWF      R1
;__Lib_UART_c67.mpas,62 :: 		
0x02AA	0x0871      	MOVF       R1, 0
0x02AB	0x00F0      	MOVWF      R0
0x02AC	0x0008      	RETURN
; end of _UART1_Read
_main:
;ultrasonico_timer1.mbas,127 :: 		main:
;ultrasonico_timer1.mbas,128 :: 		OSCCON = %01110101
0x02AD	0x3075      	MOVLW      117
0x02AE	0x1683      	BSF        STATUS, 5
0x02AF	0x1303      	BCF        STATUS, 6
0x02B0	0x008F      	MOVWF      OSCCON
;ultrasonico_timer1.mbas,129 :: 		OPTION_REG=%01000101
0x02B1	0x3045      	MOVLW      69
0x02B2	0x0081      	MOVWF      OPTION_REG
;ultrasonico_timer1.mbas,130 :: 		INTCON = %11000000
0x02B3	0x30C0      	MOVLW      192
0x02B4	0x008B      	MOVWF      INTCON
;ultrasonico_timer1.mbas,131 :: 		PIE1 = %00000000
0x02B5	0x018C      	CLRF       PIE1
;ultrasonico_timer1.mbas,133 :: 		TRISA= %00000001
0x02B6	0x3001      	MOVLW      1
0x02B7	0x0085      	MOVWF      TRISA
;ultrasonico_timer1.mbas,134 :: 		TRISB= %00011000
0x02B8	0x3018      	MOVLW      24
0x02B9	0x0086      	MOVWF      TRISB
;ultrasonico_timer1.mbas,135 :: 		TRISC= %10000000
0x02BA	0x3080      	MOVLW      128
0x02BB	0x0087      	MOVWF      TRISC
;ultrasonico_timer1.mbas,137 :: 		ANSEL= %00000001
0x02BC	0x3001      	MOVLW      1
0x02BD	0x1703      	BSF        STATUS, 6
0x02BE	0x0088      	MOVWF      ANSEL
;ultrasonico_timer1.mbas,138 :: 		ANSELH= %00001010
0x02BF	0x300A      	MOVLW      10
0x02C0	0x0089      	MOVWF      ANSELH
;ultrasonico_timer1.mbas,141 :: 		Servo[0] = 0x80
0x02C1	0x3080      	MOVLW      128
0x02C2	0x1283      	BCF        STATUS, 5
0x02C3	0x1303      	BCF        STATUS, 6
0x02C4	0x00C6      	MOVWF      _Servo
;ultrasonico_timer1.mbas,142 :: 		Servo[1] = 0x80
0x02C5	0x3080      	MOVLW      128
0x02C6	0x00C7      	MOVWF      _Servo+1
;ultrasonico_timer1.mbas,143 :: 		T1CON = %00110001
0x02C7	0x3031      	MOVLW      49
0x02C8	0x0090      	MOVWF      T1CON
;ultrasonico_timer1.mbas,144 :: 		PIE1 = PIE1 OR %00000001
0x02C9	0x1683      	BSF        STATUS, 5
0x02CA	0x140C      	BSF        PIE1, 0
;ultrasonico_timer1.mbas,145 :: 		TMR1L = 0xFF
0x02CB	0x30FF      	MOVLW      255
0x02CC	0x1283      	BCF        STATUS, 5
0x02CD	0x008E      	MOVWF      TMR1L
;ultrasonico_timer1.mbas,146 :: 		TMR1H = 0xFF
0x02CE	0x30FF      	MOVLW      255
0x02CF	0x008F      	MOVWF      TMR1H
;ultrasonico_timer1.mbas,147 :: 		paso = 0
0x02D0	0x01C5      	CLRF       _Paso
;ultrasonico_timer1.mbas,148 :: 		Salidas = 0xffff
0x02D1	0x30FF      	MOVLW      255
0x02D2	0x00C3      	MOVWF      _Salidas
0x02D3	0x30FF      	MOVLW      255
0x02D4	0x00C4      	MOVWF      _Salidas+1
;ultrasonico_timer1.mbas,149 :: 		n_servo = 0x0001
0x02D5	0x3001      	MOVLW      1
0x02D6	0x00C1      	MOVWF      _n_servo
0x02D7	0x01C2      	CLRF       _n_servo+1
;ultrasonico_timer1.mbas,154 :: 		PIE1 = PIE1 or %00100000
0x02D8	0x1683      	BSF        STATUS, 5
0x02D9	0x168C      	BSF        PIE1, 5
;ultrasonico_timer1.mbas,155 :: 		PIR1 = %00000000
0x02DA	0x1283      	BCF        STATUS, 5
0x02DB	0x018C      	CLRF       PIR1
;ultrasonico_timer1.mbas,156 :: 		UART1_Init(9600)
0x02DC	0x3033      	MOVLW      51
0x02DD	0x1683      	BSF        STATUS, 5
0x02DE	0x0099      	MOVWF      SPBRG
0x02DF	0x1518      	BSF        TXSTA, 2
0x02E0	0x2109      	CALL       _UART1_Init
;ultrasonico_timer1.mbas,159 :: 		PORTA= %00000000
0x02E1	0x0185      	CLRF       PORTA
;ultrasonico_timer1.mbas,160 :: 		PORTB= %00000000
0x02E2	0x0186      	CLRF       PORTB
;ultrasonico_timer1.mbas,161 :: 		PORTC= %00000000
0x02E3	0x0187      	CLRF       PORTC
;ultrasonico_timer1.mbas,163 :: 		TMR0 = 0X00
0x02E4	0x0181      	CLRF       TMR0
;ultrasonico_timer1.mbas,164 :: 		intensidad=5
0x02E5	0x3005      	MOVLW      5
0x02E6	0x00AC      	MOVWF      _intensidad
;ultrasonico_timer1.mbas,165 :: 		muestras=0
0x02E7	0x01AB      	CLRF       _muestras
;ultrasonico_timer1.mbas,166 :: 		temp_ac=0
0x02E8	0x01AF      	CLRF       _temp_ac
0x02E9	0x01B0      	CLRF       _temp_ac+1
;ultrasonico_timer1.mbas,167 :: 		temp_prom=0
0x02EA	0x01AD      	CLRF       _temp_prom
0x02EB	0x01AE      	CLRF       _temp_prom+1
;ultrasonico_timer1.mbas,168 :: 		viajero_uart = 1
0x02EC	0x3001      	MOVLW      1
0x02ED	0x00A6      	MOVWF      _viajero_uart
;ultrasonico_timer1.mbas,170 :: 		led()
0x02EE	0x2181      	CALL       ultrasonico_timer1_led
;ultrasonico_timer1.mbas,172 :: 		while true
L__main37:
;ultrasonico_timer1.mbas,173 :: 		temp_ac = 0
0x02EF	0x01AF      	CLRF       _temp_ac
0x02F0	0x01B0      	CLRF       _temp_ac+1
;ultrasonico_timer1.mbas,174 :: 		temp_prom = 0
0x02F1	0x01AD      	CLRF       _temp_prom
0x02F2	0x01AE      	CLRF       _temp_prom+1
;ultrasonico_timer1.mbas,175 :: 		temperatura_2 = 0
0x02F3	0x01A4      	CLRF       _temperatura_2
0x02F4	0x01A5      	CLRF       _temperatura_2+1
;ultrasonico_timer1.mbas,176 :: 		temperatura_3 = 0
0x02F5	0x01A9      	CLRF       _temperatura_3
0x02F6	0x01AA      	CLRF       _temperatura_3+1
;ultrasonico_timer1.mbas,177 :: 		for muestras=1 to 64
0x02F7	0x3001      	MOVLW      1
0x02F8	0x00AB      	MOVWF      _muestras
L__main41:
0x02F9	0x082B      	MOVF       _muestras, 0
0x02FA	0x3C40      	SUBLW      64
0x02FB	0x1C03      	BTFSS      STATUS, 0
0x02FC	0x2B1D      	GOTO       L__main44
;ultrasonico_timer1.mbas,178 :: 		analogico = Adc_Read(11)
0x02FD	0x300B      	MOVLW      11
0x02FE	0x00D0      	MOVWF      FARG_Adc_Read_channel
0x02FF	0x21C3      	CALL       _Adc_Read
0x0300	0x0870      	MOVF       R0, 0
0x0301	0x00A7      	MOVWF      _analogico
0x0302	0x0871      	MOVF       R0+1, 0
0x0303	0x00A8      	MOVWF      _analogico+1
;ultrasonico_timer1.mbas,179 :: 		temperatura_1 = Adc_Read(9)
0x0304	0x3009      	MOVLW      9
0x0305	0x00D0      	MOVWF      FARG_Adc_Read_channel
0x0306	0x21C3      	CALL       _Adc_Read
0x0307	0x0870      	MOVF       R0, 0
0x0308	0x00BD      	MOVWF      _temperatura_1
0x0309	0x0871      	MOVF       R0+1, 0
0x030A	0x00BE      	MOVWF      _temperatura_1+1
;ultrasonico_timer1.mbas,180 :: 		temperatura_2 = temperatura_2 + temperatura_1
0x030B	0x0870      	MOVF       R0, 0
0x030C	0x07A4      	ADDWF      _temperatura_2, 1
0x030D	0x0871      	MOVF       R0+1, 0
0x030E	0x1803      	BTFSC      STATUS, 0
0x030F	0x3E01      	ADDLW      1
0x0310	0x07A5      	ADDWF      _temperatura_2+1, 1
;ultrasonico_timer1.mbas,181 :: 		temp_ac = temp_ac + analogico
0x0311	0x0827      	MOVF       _analogico, 0
0x0312	0x07AF      	ADDWF      _temp_ac, 1
0x0313	0x0828      	MOVF       _analogico+1, 0
0x0314	0x1803      	BTFSC      STATUS, 0
0x0315	0x3E01      	ADDLW      1
0x0316	0x07B0      	ADDWF      _temp_ac+1, 1
;ultrasonico_timer1.mbas,182 :: 		next muestras
0x0317	0x082B      	MOVF       _muestras, 0
0x0318	0x3A40      	XORLW      64
0x0319	0x1903      	BTFSC      STATUS, 2
0x031A	0x2B1D      	GOTO       L__main44
0x031B	0x0AAB      	INCF       _muestras, 1
0x031C	0x2AF9      	GOTO       L__main41
L__main44:
;ultrasonico_timer1.mbas,183 :: 		temperatura_3 = (temperatura_2/64)
0x031D	0x3006      	MOVLW      6
0x031E	0x00F0      	MOVWF      R0
0x031F	0x0824      	MOVF       _temperatura_2, 0
0x0320	0x00F4      	MOVWF      R4
0x0321	0x0825      	MOVF       _temperatura_2+1, 0
0x0322	0x00F5      	MOVWF      R4+1
0x0323	0x0870      	MOVF       R0, 0
L__main52:
0x0324	0x1903      	BTFSC      STATUS, 2
0x0325	0x2B2B      	GOTO       L__main53
0x0326	0x0CF5      	RRF        R4+1, 1
0x0327	0x0CF4      	RRF        R4, 1
0x0328	0x13F5      	BCF        R4+1, 7
0x0329	0x3EFF      	ADDLW      255
0x032A	0x2B24      	GOTO       L__main52
L__main53:
0x032B	0x0874      	MOVF       R4, 0
0x032C	0x00A9      	MOVWF      _temperatura_3
0x032D	0x0875      	MOVF       R4+1, 0
0x032E	0x00AA      	MOVWF      _temperatura_3+1
;ultrasonico_timer1.mbas,184 :: 		temp_prom = (temp_ac/64)
0x032F	0x3006      	MOVLW      6
0x0330	0x00F0      	MOVWF      R0
0x0331	0x082F      	MOVF       _temp_ac, 0
0x0332	0x00AD      	MOVWF      _temp_prom
0x0333	0x0830      	MOVF       _temp_ac+1, 0
0x0334	0x00AE      	MOVWF      _temp_prom+1
0x0335	0x0870      	MOVF       R0, 0
L__main54:
0x0336	0x1903      	BTFSC      STATUS, 2
0x0337	0x2B3D      	GOTO       L__main55
0x0338	0x0CAE      	RRF        _temp_prom+1, 1
0x0339	0x0CAD      	RRF        _temp_prom, 1
0x033A	0x13AE      	BCF        _temp_prom+1, 7
0x033B	0x3EFF      	ADDLW      255
0x033C	0x2B36      	GOTO       L__main54
L__main55:
;ultrasonico_timer1.mbas,185 :: 		temperatura_3 = (temperatura_3)/2.3
0x033D	0x0874      	MOVF       R4, 0
0x033E	0x00F0      	MOVWF      R0
0x033F	0x0875      	MOVF       R4+1, 0
0x0340	0x00F1      	MOVWF      R0+1
0x0341	0x2094      	CALL       _Word2Double
0x0342	0x3033      	MOVLW      51
0x0343	0x00F4      	MOVWF      R4
0x0344	0x3033      	MOVLW      51
0x0345	0x00F5      	MOVWF      R4+1
0x0346	0x3013      	MOVLW      19
0x0347	0x00F6      	MOVWF      R4+2
0x0348	0x3080      	MOVLW      128
0x0349	0x00F7      	MOVWF      R4+3
0x034A	0x21EE      	CALL       _Div_32x32_FP
0x034B	0x20AA      	CALL       _Double2Word
0x034C	0x0870      	MOVF       R0, 0
0x034D	0x00A9      	MOVWF      _temperatura_3
0x034E	0x0871      	MOVF       R0+1, 0
0x034F	0x00AA      	MOVWF      _temperatura_3+1
;ultrasonico_timer1.mbas,187 :: 		UART1_Write_text("p")
0x0350	0x3070      	MOVLW      112
0x0351	0x00CE      	MOVWF      _main_Local_Text
0x0352	0x01CF      	CLRF       _main_Local_Text+1
0x0353	0x304E      	MOVLW      _main_Local_Text
0x0354	0x00D0      	MOVWF      FARG_UART1_Write_Text_uart_text
0x0355	0x228A      	CALL       _UART1_Write_Text
;ultrasonico_timer1.mbas,188 :: 		WordToStr(temp_prom>>2,txt)
0x0356	0x082D      	MOVF       _temp_prom, 0
0x0357	0x00D0      	MOVWF      FARG_WordToStr_input
0x0358	0x082E      	MOVF       _temp_prom+1, 0
0x0359	0x00D1      	MOVWF      FARG_WordToStr_input+1
0x035A	0x0CD1      	RRF        FARG_WordToStr_input+1, 1
0x035B	0x0CD0      	RRF        FARG_WordToStr_input, 1
0x035C	0x13D1      	BCF        FARG_WordToStr_input+1, 7
0x035D	0x0CD1      	RRF        FARG_WordToStr_input+1, 1
0x035E	0x0CD0      	RRF        FARG_WordToStr_input, 1
0x035F	0x13D1      	BCF        FARG_WordToStr_input+1, 7
0x0360	0x3038      	MOVLW      _txt
0x0361	0x00D2      	MOVWF      FARG_WordToStr_output
0x0362	0x2119      	CALL       _WordToStr
;ultrasonico_timer1.mbas,189 :: 		UART1_Write_text(txt)
0x0363	0x3038      	MOVLW      _txt
0x0364	0x00D0      	MOVWF      FARG_UART1_Write_Text_uart_text
0x0365	0x228A      	CALL       _UART1_Write_Text
;ultrasonico_timer1.mbas,191 :: 		UART1_Write_text("t")
0x0366	0x3074      	MOVLW      116
0x0367	0x00CE      	MOVWF      _main_Local_Text
0x0368	0x01CF      	CLRF       _main_Local_Text+1
0x0369	0x304E      	MOVLW      _main_Local_Text
0x036A	0x00D0      	MOVWF      FARG_UART1_Write_Text_uart_text
0x036B	0x228A      	CALL       _UART1_Write_Text
;ultrasonico_timer1.mbas,192 :: 		WordToStr(temperatura_3,txt)
0x036C	0x0829      	MOVF       _temperatura_3, 0
0x036D	0x00D0      	MOVWF      FARG_WordToStr_input
0x036E	0x082A      	MOVF       _temperatura_3+1, 0
0x036F	0x00D1      	MOVWF      FARG_WordToStr_input+1
0x0370	0x3038      	MOVLW      _txt
0x0371	0x00D2      	MOVWF      FARG_WordToStr_output
0x0372	0x2119      	CALL       _WordToStr
;ultrasonico_timer1.mbas,193 :: 		UART1_Write_text(txt)
0x0373	0x3038      	MOVLW      _txt
0x0374	0x00D0      	MOVWF      FARG_UART1_Write_Text_uart_text
0x0375	0x228A      	CALL       _UART1_Write_Text
;ultrasonico_timer1.mbas,194 :: 		Delay_ms(200)
0x0376	0x3003      	MOVLW      3
0x0377	0x00FB      	MOVWF      R11
0x0378	0x3008      	MOVLW      8
0x0379	0x00FC      	MOVWF      R12
0x037A	0x3077      	MOVLW      119
0x037B	0x00FD      	MOVWF      R13
L__main45:
0x037C	0x0BFD      	DECFSZ     R13, 1
0x037D	0x2B7C      	GOTO       L__main45
0x037E	0x0BFC      	DECFSZ     R12, 1
0x037F	0x2B7C      	GOTO       L__main45
0x0380	0x0BFB      	DECFSZ     R11, 1
0x0381	0x2B7C      	GOTO       L__main45
0x0382	0x2AEF      	GOTO       L__main37
;ultrasonico_timer1.mbas,195 :: 		wend
0x0383	0x2B83      	GOTO       $+0
; end of _main
ultrasonico_timer1_interrupt:
0x0384	0x00FF      	MOVWF      R15
0x0385	0x0E03      	SWAPF      STATUS, 0
0x0386	0x0183      	CLRF       STATUS
0x0387	0x00C0      	MOVWF      ___saveSTATUS
0x0388	0x080A      	MOVF       PCLATH, 0
0x0389	0x00BF      	MOVWF      ___savePCLATH
0x038A	0x018A      	CLRF       PCLATH
0x038B	0x0870      	MOVF       R0, 0
0x038C	0x00A3      	MOVWF      35
0x038D	0x0871      	MOVF       R1, 0
0x038E	0x00A2      	MOVWF      34
0x038F	0x0872      	MOVF       R2, 0
0x0390	0x00A1      	MOVWF      33
;ultrasonico_timer1.mbas,52 :: 		sub procedure interrupt
;ultrasonico_timer1.mbas,54 :: 		if TestBit(PIR1,TMR1IF)=1 then
0x0391	0x01F1      	CLRF       R1
0x0392	0x1C0C      	BTFSS      PIR1, 0
0x0393	0x2B96      	GOTO       L_ultrasonico_timer1_interrupt4
0x0394	0x3001      	MOVLW      1
0x0395	0x00F1      	MOVWF      R1
L_ultrasonico_timer1_interrupt4:
0x0396	0x0871      	MOVF       R1, 0
0x0397	0x3A01      	XORLW      1
0x0398	0x1D03      	BTFSS      STATUS, 2
0x0399	0x2BF8      	GOTO       L_ultrasonico_timer1_interrupt2
;ultrasonico_timer1.mbas,55 :: 		if Paso=0 then
0x039A	0x0845      	MOVF       _Paso, 0
0x039B	0x3A00      	XORLW      0
0x039C	0x1D03      	BTFSS      STATUS, 2
0x039D	0x2BB5      	GOTO       L_ultrasonico_timer1_interrupt6
;ultrasonico_timer1.mbas,56 :: 		MaskPort= (salidas and n_servo)
0x039E	0x0841      	MOVF       _n_servo, 0
0x039F	0x0543      	ANDWF      _Salidas, 0
0x03A0	0x00B3      	MOVWF      _MaskPort
0x03A1	0x0844      	MOVF       _Salidas+1, 0
0x03A2	0x0542      	ANDWF      _n_servo+1, 0
0x03A3	0x00B4      	MOVWF      _MaskPort+1
;ultrasonico_timer1.mbas,57 :: 		PORTB.5 = MaskPort.0
0x03A4	0x1833      	BTFSC      _MaskPort, 0
0x03A5	0x2BA8      	GOTO       L_ultrasonico_timer1_interrupt47
0x03A6	0x1286      	BCF        PORTB, 5
0x03A7	0x2BA9      	GOTO       L_ultrasonico_timer1_interrupt48
L_ultrasonico_timer1_interrupt47:
0x03A8	0x1686      	BSF        PORTB, 5
L_ultrasonico_timer1_interrupt48:
;ultrasonico_timer1.mbas,58 :: 		PORTB.0 = MaskPort.1
0x03A9	0x18B3      	BTFSC      _MaskPort, 1
0x03AA	0x2BAD      	GOTO       L_ultrasonico_timer1_interrupt49
0x03AB	0x1006      	BCF        PORTB, 0
0x03AC	0x2BAE      	GOTO       L_ultrasonico_timer1_interrupt50
L_ultrasonico_timer1_interrupt49:
0x03AD	0x1406      	BSF        PORTB, 0
L_ultrasonico_timer1_interrupt50:
;ultrasonico_timer1.mbas,59 :: 		Paso=1
0x03AE	0x3001      	MOVLW      1
0x03AF	0x00C5      	MOVWF      _Paso
;ultrasonico_timer1.mbas,63 :: 		TMR1L=0x1F
0x03B0	0x301F      	MOVLW      31
0x03B1	0x008E      	MOVWF      TMR1L
;ultrasonico_timer1.mbas,64 :: 		TMR1H=0XFF
0x03B2	0x30FF      	MOVLW      255
0x03B3	0x008F      	MOVWF      TMR1H
0x03B4	0x2BF7      	GOTO       L_ultrasonico_timer1_interrupt7
;ultrasonico_timer1.mbas,66 :: 		else    '65086 1.8ms
L_ultrasonico_timer1_interrupt6:
;ultrasonico_timer1.mbas,68 :: 		if Paso=1 then
0x03B5	0x0845      	MOVF       _Paso, 0
0x03B6	0x3A01      	XORLW      1
0x03B7	0x1D03      	BTFSS      STATUS, 2
0x03B8	0x2BCA      	GOTO       L_ultrasonico_timer1_interrupt9
;ultrasonico_timer1.mbas,70 :: 		temp_var= 65276 + Servo[index]
0x03B9	0x0836      	MOVF       _Index, 0
0x03BA	0x3E46      	ADDLW      _Servo
0x03BB	0x0084      	MOVWF      FSR
0x03BC	0x0800      	MOVF       INDF, 0
0x03BD	0x3EFC      	ADDLW      252
0x03BE	0x00B1      	MOVWF      _temp_var
0x03BF	0x30FE      	MOVLW      254
0x03C0	0x1803      	BTFSC      STATUS, 0
0x03C1	0x3E01      	ADDLW      1
0x03C2	0x00B2      	MOVWF      _temp_var+1
;ultrasonico_timer1.mbas,71 :: 		TMR1L= lo(temp_var)
0x03C3	0x0831      	MOVF       _temp_var, 0
0x03C4	0x008E      	MOVWF      TMR1L
;ultrasonico_timer1.mbas,72 :: 		TMR1H= hi(temp_var)
0x03C5	0x0832      	MOVF       _temp_var+1, 0
0x03C6	0x008F      	MOVWF      TMR1H
;ultrasonico_timer1.mbas,73 :: 		Paso=2
0x03C7	0x3002      	MOVLW      2
0x03C8	0x00C5      	MOVWF      _Paso
0x03C9	0x2BF7      	GOTO       L_ultrasonico_timer1_interrupt10
;ultrasonico_timer1.mbas,74 :: 		else
L_ultrasonico_timer1_interrupt9:
;ultrasonico_timer1.mbas,75 :: 		PORTB.5=0
0x03CA	0x1286      	BCF        PORTB, 5
;ultrasonico_timer1.mbas,76 :: 		PORTB.0=0
0x03CB	0x1006      	BCF        PORTB, 0
;ultrasonico_timer1.mbas,78 :: 		temp_var= 65530 - Servo[index]
0x03CC	0x0836      	MOVF       _Index, 0
0x03CD	0x3E46      	ADDLW      _Servo
0x03CE	0x0084      	MOVWF      FSR
0x03CF	0x0800      	MOVF       INDF, 0
0x03D0	0x3CFA      	SUBLW      250
0x03D1	0x00B1      	MOVWF      _temp_var
0x03D2	0x3000      	MOVLW      0
0x03D3	0x1C03      	BTFSS      STATUS, 0
0x03D4	0x3E01      	ADDLW      1
0x03D5	0x3CFF      	SUBLW      255
0x03D6	0x00B2      	MOVWF      _temp_var+1
;ultrasonico_timer1.mbas,79 :: 		TMR1L= lo(temp_var)
0x03D7	0x0831      	MOVF       _temp_var, 0
0x03D8	0x008E      	MOVWF      TMR1L
;ultrasonico_timer1.mbas,80 :: 		TMR1H= hi(temp_var)
0x03D9	0x0832      	MOVF       _temp_var+1, 0
0x03DA	0x008F      	MOVWF      TMR1H
;ultrasonico_timer1.mbas,81 :: 		inc(index)
0x03DB	0x0AB6      	INCF       _Index, 1
0x03DC	0x1903      	BTFSC      STATUS, 2
0x03DD	0x0AB7      	INCF       _Index+1, 1
;ultrasonico_timer1.mbas,82 :: 		n_servo=n_servo<<1
0x03DE	0x0841      	MOVF       _n_servo, 0
0x03DF	0x00F1      	MOVWF      R1
0x03E0	0x0842      	MOVF       _n_servo+1, 0
0x03E1	0x00F2      	MOVWF      R1+1
0x03E2	0x0DF1      	RLF        R1, 1
0x03E3	0x0DF2      	RLF        R1+1, 1
0x03E4	0x1071      	BCF        R1, 0
0x03E5	0x0871      	MOVF       R1, 0
0x03E6	0x00C1      	MOVWF      _n_servo
0x03E7	0x0872      	MOVF       R1+1, 0
0x03E8	0x00C2      	MOVWF      _n_servo+1
;ultrasonico_timer1.mbas,83 :: 		if n_servo=0x0400 then
0x03E9	0x0872      	MOVF       R1+1, 0
0x03EA	0x3A04      	XORLW      4
0x03EB	0x1D03      	BTFSS      STATUS, 2
0x03EC	0x2BEF      	GOTO       L_ultrasonico_timer1_interrupt51
0x03ED	0x3000      	MOVLW      0
0x03EE	0x0671      	XORWF      R1, 0
L_ultrasonico_timer1_interrupt51:
0x03EF	0x1D03      	BTFSS      STATUS, 2
0x03F0	0x2BF6      	GOTO       L_ultrasonico_timer1_interrupt12
;ultrasonico_timer1.mbas,84 :: 		n_servo=1
0x03F1	0x3001      	MOVLW      1
0x03F2	0x00C1      	MOVWF      _n_servo
0x03F3	0x01C2      	CLRF       _n_servo+1
;ultrasonico_timer1.mbas,85 :: 		Index=0
0x03F4	0x01B6      	CLRF       _Index
0x03F5	0x01B7      	CLRF       _Index+1
L_ultrasonico_timer1_interrupt12:
;ultrasonico_timer1.mbas,87 :: 		paso=0
0x03F6	0x01C5      	CLRF       _Paso
;ultrasonico_timer1.mbas,88 :: 		end if
L_ultrasonico_timer1_interrupt10:
;ultrasonico_timer1.mbas,89 :: 		end if
L_ultrasonico_timer1_interrupt7:
;ultrasonico_timer1.mbas,90 :: 		ClearBit(PIR1,TMR1IF)
0x03F7	0x100C      	BCF        PIR1, 0
L_ultrasonico_timer1_interrupt2:
;ultrasonico_timer1.mbas,93 :: 		if( PIR1.RCIF = 1 )then
0x03F8	0x1E8C      	BTFSS      PIR1, 5
0x03F9	0x2C20      	GOTO       L_ultrasonico_timer1_interrupt15
;ultrasonico_timer1.mbas,94 :: 		usart_receive = UART1_Read()
0x03FA	0x22A0      	CALL       _UART1_Read
0x03FB	0x0870      	MOVF       R0, 0
0x03FC	0x00B5      	MOVWF      _usart_receive
;ultrasonico_timer1.mbas,96 :: 		case 1
0x03FD	0x0826      	MOVF       _viajero_uart, 0
0x03FE	0x3A01      	XORLW      1
0x03FF	0x1D03      	BTFSS      STATUS, 2
0x0400	0x2C0B      	GOTO       L_ultrasonico_timer1_interrupt20
;ultrasonico_timer1.mbas,97 :: 		if 0xb7 = usart_receive then
0x0401	0x30B7      	MOVLW      183
0x0402	0x0635      	XORWF      _usart_receive, 0
0x0403	0x1D03      	BTFSS      STATUS, 2
0x0404	0x2C08      	GOTO       L_ultrasonico_timer1_interrupt22
;ultrasonico_timer1.mbas,98 :: 		viajero_uart = 2
0x0405	0x3002      	MOVLW      2
0x0406	0x00A6      	MOVWF      _viajero_uart
0x0407	0x2C0A      	GOTO       L_ultrasonico_timer1_interrupt23
;ultrasonico_timer1.mbas,100 :: 		else
L_ultrasonico_timer1_interrupt22:
;ultrasonico_timer1.mbas,101 :: 		viajero_uart = 1
0x0408	0x3001      	MOVLW      1
0x0409	0x00A6      	MOVWF      _viajero_uart
;ultrasonico_timer1.mbas,102 :: 		end if
L_ultrasonico_timer1_interrupt23:
0x040A	0x2C1D      	GOTO       L_ultrasonico_timer1_interrupt17
L_ultrasonico_timer1_interrupt20:
;ultrasonico_timer1.mbas,103 :: 		case 2
0x040B	0x0826      	MOVF       _viajero_uart, 0
0x040C	0x3A02      	XORLW      2
0x040D	0x1D03      	BTFSS      STATUS, 2
0x040E	0x2C14      	GOTO       L_ultrasonico_timer1_interrupt26
;ultrasonico_timer1.mbas,104 :: 		Servo[0] = usart_receive
0x040F	0x0835      	MOVF       _usart_receive, 0
0x0410	0x00C6      	MOVWF      _Servo
;ultrasonico_timer1.mbas,105 :: 		viajero_uart = 3
0x0411	0x3003      	MOVLW      3
0x0412	0x00A6      	MOVWF      _viajero_uart
0x0413	0x2C1D      	GOTO       L_ultrasonico_timer1_interrupt17
L_ultrasonico_timer1_interrupt26:
;ultrasonico_timer1.mbas,106 :: 		case 3
0x0414	0x0826      	MOVF       _viajero_uart, 0
0x0415	0x3A03      	XORLW      3
0x0416	0x1D03      	BTFSS      STATUS, 2
0x0417	0x2C1D      	GOTO       L_ultrasonico_timer1_interrupt29
;ultrasonico_timer1.mbas,107 :: 		Servo[1] = usart_receive
0x0418	0x0835      	MOVF       _usart_receive, 0
0x0419	0x00C7      	MOVWF      _Servo+1
;ultrasonico_timer1.mbas,108 :: 		viajero_uart = 1
0x041A	0x3001      	MOVLW      1
0x041B	0x00A6      	MOVWF      _viajero_uart
0x041C	0x2C1D      	GOTO       L_ultrasonico_timer1_interrupt17
L_ultrasonico_timer1_interrupt29:
L_ultrasonico_timer1_interrupt17:
;ultrasonico_timer1.mbas,110 :: 		ClearBit(PIR1,RCIF)   ' Si el dato a llegado limpio la bandera de recepcion
0x041D	0x128C      	BCF        PIR1, 5
;ultrasonico_timer1.mbas,111 :: 		SetBit(PIE1,RCIE)     ' Habilitar nuevamente la interrupcion por USART
0x041E	0x1683      	BSF        STATUS, 5
0x041F	0x168C      	BSF        PIE1, 5
L_ultrasonico_timer1_interrupt15:
;ultrasonico_timer1.mbas,112 :: 		end if
L_ultrasonico_timer1_interrupt46:
0x0420	0x1283      	BCF        STATUS, 5
0x0421	0x0823      	MOVF       35, 0
0x0422	0x00F0      	MOVWF      R0
0x0423	0x0822      	MOVF       34, 0
0x0424	0x00F1      	MOVWF      R1
0x0425	0x0821      	MOVF       33, 0
0x0426	0x00F2      	MOVWF      R2
0x0427	0x083F      	MOVF       ___savePCLATH, 0
0x0428	0x008A      	MOVWF      PCLATH
0x0429	0x0E40      	SWAPF      ___saveSTATUS, 0
0x042A	0x0083      	MOVWF      STATUS
0x042B	0x0EFF      	SWAPF      R15, 1
0x042C	0x0E7F      	SWAPF      R15, 0
0x042D	0x0009      	RETFIE
; end of ultrasonico_timer1_interrupt
Symbol List:
//** Routines locations **
//ADDRESS    SIZE    PROCEDURE
//----------------------------------------------
0x0005       [7]    _RES032
0x000C      [12]    _SETFUN32
0x0018       [4]    _FIXSIGN32
0x001C      [12]    _SETFOV32
0x0028       [3]    _SETFDZ32
0x002B      [10]    _UART1_Write
0x0035      [13]    _SETIOV3224
0x0042      [29]    _Div_16x16_U
0x005F       [6]    _Delay_22us
0x0065      [47]    _NRM3232
0x0094      [22]    _Word2Double
0x00AA      [95]    _Double2Word
0x0109      [16]    _UART1_Init
0x0119     [104]    _WordToStr
0x0181      [66]    ultrasonico_timer1_led
0x01C3      [43]    _Adc_Read
0x01EE     [156]    _Div_32x32_FP
0x028A      [22]    _UART1_Write_Text
0x02A0      [13]    _UART1_Read
0x02AD     [215]    _main
0x0384     [170]    ultrasonico_timer1_interrupt
//** Variables locations ** 
//ADDRESS    SIZE    VARIABLE
//----------------------------------------------
0x0000       [1]    INDF
0x0001       [1]    TMR0
0x0002       [1]    PCL
0x0003       [0]    NOT_TO_bit
0x0003       [1]    STATUS
0x0003       [0]    RP0_bit
0x0003       [0]    IRP_bit
0x0003       [0]    Z_bit
0x0003       [0]    C_bit
0x0003       [0]    DC_bit
0x0003       [0]    NOT_PD_bit
0x0003       [0]    RP1_bit
0x0004       [1]    FSRPTR
0x0004       [1]    FSR
0x0005       [0]    RA0_bit
0x0005       [0]    RA6_bit
0x0005       [0]    RA5_bit
0x0005       [1]    PORTA
0x0005       [0]    RA7_bit
0x0005       [0]    RA4_bit
0x0005       [0]    RA3_bit
0x0005       [0]    RA2_bit
0x0005       [0]    RA1_bit
0x0006       [0]    RB0_bit
0x0006       [1]    PORTB
0x0006       [0]    RB1_bit
0x0006       [0]    RB2_bit
0x0006       [0]    RB5_bit
0x0006       [0]    RB7_bit
0x0006       [0]    RB6_bit
0x0006       [0]    RB3_bit
0x0006       [0]    RB4_bit
0x0007       [1]    PORTC
0x0007       [0]    RC4_bit
0x0007       [0]    RC5_bit
0x0007       [0]    RC6_bit
0x0007       [0]    RC3_bit
0x0007       [0]    RC0_bit
0x0007       [0]    RC1_bit
0x0007       [0]    RC2_bit
0x0007       [0]    RC7_bit
0x0009       [0]    RE3_bit
0x0009       [1]    PORTE
0x000A       [1]    PCLATH
0x000B       [0]    RBIE_bit
0x000B       [0]    INTE_bit
0x000B       [0]    TMR0IE_bit
0x000B       [0]    T0IF_bit
0x000B       [0]    RBIF_bit
0x000B       [0]    TMR0IF_bit
0x000B       [0]    INTF_bit
0x000B       [0]    T0IE_bit
0x000B       [1]    INTCON
0x000B       [0]    GIE_bit
0x000B       [0]    PEIE_bit
0x000C       [0]    SSPIF_bit
0x000C       [0]    TXIF_bit
0x000C       [0]    CCP1IF_bit
0x000C       [0]    TMR1IF_bit
0x000C       [0]    TMR2IF_bit
0x000C       [0]    RCIF_bit
0x000C       [1]    PIR1
0x000C       [0]    ADIF_bit
0x000D       [0]    BCLIF_bit
0x000D       [0]    EEIF_bit
0x000D       [0]    CCP2IF_bit
0x000D       [0]    ULPWUIF_bit
0x000D       [0]    C1IF_bit
0x000D       [1]    PIR2
0x000D       [0]    OSFIF_bit
0x000D       [0]    C2IF_bit
0x000E       [1]    TMR1L
0x000F       [1]    TMR1H
0x0010       [0]    T1SYNC_bit
0x0010       [0]    T1INSYNC_bit
0x0010       [0]    TMR1ON_bit
0x0010       [0]    TMR1CS_bit
0x0010       [0]    NOT_T1SYNC_bit
0x0010       [0]    TMR1GE_bit
0x0010       [0]    T1GIV_bit
0x0010       [1]    T1CON
0x0010       [0]    T1CKPS0_bit
0x0010       [0]    T1OSCEN_bit
0x0010       [0]    T1CKPS1_bit
0x0011       [1]    TMR2
0x0012       [0]    T2CKPS0_bit
0x0012       [1]    T2CON
0x0012       [0]    T2CKPS1_bit
0x0012       [0]    TOUTPS2_bit
0x0012       [0]    TOUTPS3_bit
0x0012       [0]    TOUTPS1_bit
0x0012       [0]    TMR2ON_bit
0x0012       [0]    TOUTPS0_bit
0x0013       [1]    SSPBUF
0x0014       [1]    SSPCON
0x0014       [0]    SSPM2_bit
0x0014       [0]    SSPM0_bit
0x0014       [0]    SSPM1_bit
0x0014       [0]    SSPEN_bit
0x0014       [0]    SSPOV_bit
0x0014       [0]    WCOL_bit
0x0014       [0]    CKP_bit
0x0014       [0]    SSPM3_bit
0x0015       [1]    CCPR1L
0x0016       [1]    CCPR1H
0x0017       [0]    CCP1M3_bit
0x0017       [0]    CCP1Y_bit
0x0017       [0]    CCP1M1_bit
0x0017       [0]    CCP1M0_bit
0x0017       [0]    CCP1M2_bit
0x0017       [0]    DC1B0_bit
0x0017       [0]    P1M1_bit
0x0017       [1]    CCP1CON
0x0017       [0]    P1M0_bit
0x0017       [0]    CCP1X_bit
0x0017       [0]    DC1B1_bit
0x0018       [0]    OERR_bit
0x0018       [0]    FERR_bit
0x0018       [0]    ADDEN_bit
0x0018       [0]    RX9D_bit
0x0018       [1]    RCSTA
0x0018       [0]    RCD8_bit
0x0018       [0]    RC9_bit
0x0018       [0]    SPEN_bit
0x0018       [0]    RX9_bit
0x0018       [0]    NOT_RC8_bit
0x0018       [0]    CREN_bit
0x0018       [0]    SREN_bit
0x0018       [0]    RC8_9_bit
0x0019       [1]    TXREG
0x001A       [1]    RCREG
0x001B       [1]    CCPR2L
0x001C       [1]    CCPR2H
0x001D       [0]    CCP2M0_bit
0x001D       [1]    CCP2CON
0x001D       [0]    DC2B0_bit
0x001D       [0]    CCP2M3_bit
0x001D       [0]    CCP2M2_bit
0x001D       [0]    CCP2Y_bit
0x001D       [0]    CCP2M1_bit
0x001D       [0]    CCP2X_bit
0x001D       [0]    DC2B1_bit
0x001E       [1]    ADRESH
0x001F       [0]    ADON_bit
0x001F       [1]    ADCON0
0x001F       [0]    CHS3_bit
0x001F       [0]    CHS2_bit
0x001F       [0]    ADCS1_bit
0x001F       [0]    ADCS0_bit
0x001F       [0]    CHS1_bit
0x001F       [0]    NOT_DONE_bit
0x001F       [0]    GO_DONE_bit
0x001F       [0]    CHS0_bit
0x001F       [0]    GO_bit
0x0020       [1]    __math_tempbD
0x0024       [2]    _temperatura_2
0x0026       [1]    _viajero_uart
0x0027       [2]    _analogico
0x0029       [2]    _temperatura_3
0x002B       [1]    _muestras
0x002C       [1]    _intensidad
0x002D       [2]    _temp_prom
0x002F       [2]    _temp_ac
0x0031       [2]    _temp_var
0x0033       [2]    _MaskPort
0x0035       [1]    _usart_receive
0x0036       [2]    _Index
0x0038       [5]    _txt
0x003D       [2]    _temperatura_1
0x003F       [1]    ___savePCLATH
0x0040       [1]    ___saveSTATUS
0x0041       [2]    _n_servo
0x0043       [2]    _Salidas
0x0045       [1]    _Paso
0x0046       [8]    _Servo
0x004E       [2]    _main_Local_Text
0x0050       [1]    FARG_Adc_Read_channel
0x0050       [1]    FARG_UART1_Write_Text_uart_text
0x0050       [2]    FARG_WordToStr_input
0x0051       [2]    Adc_Read_local_result
0x0051       [1]    UART1_Write_Text_counter
0x0052       [1]    FARG_WordToStr_output
0x0052       [1]    UART1_Write_Text_data_
0x0053       [1]    WordToStr_len
0x0054       [1]    WordToStr_tmp
0x0055       [1]    FLOC__WordToStr
0x0056       [1]    FARG_UART1_Write_data_
0x0070       [1]    R0
0x0071       [1]    R1
0x0072       [1]    R2
0x0073       [1]    R3
0x0074       [1]    R4
0x0075       [1]    R5
0x0076       [1]    R6
0x0077       [1]    R7
0x0078       [1]    R8
0x0079       [1]    R9
0x007A       [1]    R10
0x007B       [1]    R11
0x007C       [1]    R12
0x007D       [1]    R13
0x007E       [1]    R14
0x007F       [1]    R15
0x0081       [0]    T0CS_bit
0x0081       [0]    T0SE_bit
0x0081       [0]    NOT_RBPU_bit
0x0081       [0]    INTEDG_bit
0x0081       [0]    PSA_bit
0x0081       [0]    PS0_bit
0x0081       [1]    OPTION_REG
0x0081       [0]    PS2_bit
0x0081       [0]    PS1_bit
0x0085       [0]    TRISA6_bit
0x0085       [0]    TRISA4_bit
0x0085       [0]    TRISA3_bit
0x0085       [0]    TRISA2_bit
0x0085       [0]    TRISA0_bit
0x0085       [0]    TRISA7_bit
0x0085       [0]    TRISA1_bit
0x0085       [1]    TRISA
0x0085       [0]    TRISA5_bit
0x0086       [0]    TRISB1_bit
0x0086       [0]    TRISB4_bit
0x0086       [0]    TRISB5_bit
0x0086       [1]    TRISB
0x0086       [0]    TRISB2_bit
0x0086       [0]    TRISB0_bit
0x0086       [0]    TRISB6_bit
0x0086       [0]    TRISB7_bit
0x0086       [0]    TRISB3_bit
0x0087       [0]    TRISC6_bit
0x0087       [0]    TRISC0_bit
0x0087       [0]    TRISC1_bit
0x0087       [0]    TRISC5_bit
0x0087       [0]    TRISC2_bit
0x0087       [0]    TRISC7_bit
0x0087       [0]    TRISC4_bit
0x0087       [0]    TRISC3_bit
0x0087       [1]    TRISC
0x0089       [0]    TRISE3_bit
0x0089       [1]    TRISE
0x008C       [0]    RCIE_bit
0x008C       [0]    SSPIE_bit
0x008C       [0]    TXIE_bit
0x008C       [0]    TMR1IE_bit
0x008C       [0]    TMR2IE_bit
0x008C       [0]    CCP1IE_bit
0x008C       [0]    ADIE_bit
0x008C       [1]    PIE1
0x008D       [0]    BCLIE_bit
0x008D       [0]    C2IE_bit
0x008D       [0]    C1IE_bit
0x008D       [0]    OSFIE_bit
0x008D       [0]    EEIE_bit
0x008D       [0]    CCP2IE_bit
0x008D       [1]    PIE2
0x008D       [0]    ULPWUIE_bit
0x008E       [0]    SBOREN_bit
0x008E       [1]    PCON
0x008E       [0]    NOT_BO_bit
0x008E       [0]    ULPWUE_bit
0x008E       [0]    NOT_BOR_bit
0x008E       [0]    NOT_POR_bit
0x008F       [0]    HTS_bit
0x008F       [0]    OSTS_bit
0x008F       [0]    SCS_bit
0x008F       [0]    LTS_bit
0x008F       [0]    IRCF0_bit
0x008F       [1]    OSCCON
0x008F       [0]    IRCF2_bit
0x008F       [0]    IRCF1_bit
0x0090       [0]    TUN3_bit
0x0090       [0]    TUN4_bit
0x0090       [1]    OSCTUNE
0x0090       [0]    TUN2_bit
0x0090       [0]    TUN0_bit
0x0090       [0]    TUN1_bit
0x0091       [1]    SSPCON2
0x0091       [0]    RSEN_bit
0x0091       [0]    RCEN_bit
0x0091       [0]    PEN_bit
0x0091       [0]    ACKEN_bit
0x0091       [0]    ACKSTAT_bit
0x0091       [0]    ACKDT_bit
0x0091       [0]    SEN_bit
0x0091       [0]    GCEN_bit
0x0092       [1]    PR2
0x0093       [1]    MSK
0x0093       [1]    SSPMSK
0x0093       [1]    SSPADD
0x0094       [0]    S_bit
0x0094       [0]    I2C_START__bit
0x0094       [0]    UA_bit
0x0094       [0]    READ_WRITE_bit
0x0094       [0]    BF_bit
0x0094       [1]    SSPSTAT
0x0094       [0]    I2C_READ_bit
0x0094       [0]    R_bit
0x0094       [0]    NOT_W_bit
0x0094       [0]    R_W_bit
0x0094       [0]    NOT_WRITE_bit
0x0094       [0]    NOT_A_bit
0x0094       [0]    NOT_ADDRESS_bit
0x0094       [0]    D_A_bit
0x0094       [0]    I2C_DATA_bit
0x0094       [0]    SMP_bit
0x0094       [0]    CKE_bit
0x0094       [0]    D_bit
0x0094       [0]    I2C_STOP__bit
0x0094       [0]    DATA_ADDRESS_bit
0x0094       [0]    P_bit
0x0095       [0]    WPUB0_bit
0x0095       [0]    WPUB5_bit
0x0095       [0]    WPUB7_bit
0x0095       [0]    WPUB6_bit
0x0095       [1]    WPUB
0x0095       [0]    WPUB4_bit
0x0095       [0]    WPUB3_bit
0x0095       [0]    WPUB1_bit
0x0095       [0]    WPUB2_bit
0x0096       [0]    IOCB5_bit
0x0096       [0]    IOCB2_bit
0x0096       [0]    IOCB4_bit
0x0096       [0]    IOCB7_bit
0x0096       [0]    IOCB6_bit
0x0096       [0]    IOCB1_bit
0x0096       [0]    IOCB0_bit
0x0096       [0]    IOCB3_bit
0x0096       [1]    IOCB
0x0097       [0]    VREN_bit
0x0097       [1]    VRCON
0x0097       [0]    VR3_bit
0x0097       [0]    VR2_bit
0x0097       [0]    VROE_bit
0x0097       [0]    VR0_bit
0x0097       [0]    VR1_bit
0x0097       [0]    VRR_bit
0x0097       [0]    VRSS_bit
0x0098       [1]    TXSTA
0x0098       [0]    CSRC_bit
0x0098       [0]    BRGH_bit
0x0098       [0]    TX8_9_bit
0x0098       [0]    TRMT_bit
0x0098       [0]    TXEN_bit
0x0098       [0]    SYNC_bit
0x0098       [0]    TX9D_bit
0x0098       [0]    TXD8_bit
0x0098       [0]    TX9_bit
0x0098       [0]    NOT_TX8_bit
0x0098       [0]    SENDB_bit
0x0099       [1]    SPBRG
0x0099       [0]    BRG3_bit
0x0099       [0]    BRG6_bit
0x0099       [0]    BRG7_bit
0x0099       [0]    BRG4_bit
0x0099       [0]    BRG5_bit
0x0099       [0]    BRG2_bit
0x0099       [0]    BRG0_bit
0x0099       [0]    BRG1_bit
0x009A       [0]    BRG10_bit
0x009A       [0]    BRG11_bit
0x009A       [0]    BRG8_bit
0x009A       [0]    BRG9_bit
0x009A       [0]    BRG12_bit
0x009A       [0]    BRG15_bit
0x009A       [1]    SPBRGH
0x009A       [0]    BRG13_bit
0x009A       [0]    BRG14_bit
0x009B       [0]    PDC3_bit
0x009B       [0]    PDC5_bit
0x009B       [0]    PDC6_bit
0x009B       [0]    PRSEN_bit
0x009B       [0]    PDC4_bit
0x009B       [0]    PDC0_bit
0x009B       [1]    PWM1CON
0x009B       [0]    PDC2_bit
0x009B       [0]    PDC1_bit
0x009C       [1]    ECCPAS
0x009C       [0]    ECCPAS1_bit
0x009C       [0]    ECCPAS2_bit
0x009C       [0]    PSSBD0_bit
0x009C       [0]    ECCPAS0_bit
0x009C       [0]    PSSBD1_bit
0x009C       [0]    PSSAC0_bit
0x009C       [0]    PSSAC1_bit
0x009C       [0]    ECCPASE_bit
0x009D       [0]    STRC_bit
0x009D       [0]    STRB_bit
0x009D       [0]    STRA_bit
0x009D       [1]    PSTRCON
0x009D       [0]    STRSYNC_bit
0x009D       [0]    STRD_bit
0x009E       [1]    ADRESL
0x009F       [1]    ADCON1
0x009F       [0]    ADFM_bit
0x009F       [0]    VCFG1_bit
0x009F       [0]    VCFG0_bit
0x0105       [1]    WDTCON
0x0105       [0]    WDTPS0_bit
0x0105       [0]    SWDTEN_bit
0x0105       [0]    WDTPS1_bit
0x0105       [0]    WDTPS3_bit
0x0105       [0]    WDTPS2_bit
0x0107       [0]    C1R_bit
0x0107       [1]    CM1CON0
0x0107       [0]    C1CH0_bit
0x0107       [0]    C1CH1_bit
0x0107       [0]    C1OUT_bit
0x0107       [0]    C1ON_bit
0x0107       [0]    C1POL_bit
0x0107       [0]    C1OE_bit
0x0108       [0]    C2OUT_bit
0x0108       [0]    C2ON_bit
0x0108       [0]    C2CH1_bit
0x0108       [0]    C2CH0_bit
0x0108       [1]    CM2CON0
0x0108       [0]    C2OE_bit
0x0108       [0]    C2POL_bit
0x0108       [0]    C2R_bit
0x0109       [0]    T1GSS_bit
0x0109       [0]    C2SYNC_bit
0x0109       [0]    C2RSEL_bit
0x0109       [0]    C1RSEL_bit
0x0109       [0]    MC2OUT_bit
0x0109       [0]    MC1OUT_bit
0x0109       [1]    CM2CON1
0x010C       [1]    EEDAT
0x010C       [1]    EEDATA
0x010D       [1]    EEADR
0x010E       [1]    EEDATH
0x010F       [1]    EEADRH
0x0185       [0]    C2REN_bit
0x0185       [0]    PULSS_bit
0x0185       [0]    FVREN_bit
0x0185       [0]    PULSR_bit
0x0185       [0]    C1SEN_bit
0x0185       [1]    SRCON
0x0185       [0]    SR1_bit
0x0185       [0]    SR0_bit
0x0187       [1]    BAUDCTL
0x0187       [0]    BRG16_bit
0x0187       [0]    ABDEN_bit
0x0187       [0]    WUE_bit
0x0187       [0]    ABDOVF_bit
0x0187       [0]    RCIDL_bit
0x0187       [0]    SCKP_bit
0x0188       [0]    ANS2_bit
0x0188       [0]    ANS1_bit
0x0188       [0]    ANS0_bit
0x0188       [1]    ANSEL
0x0188       [0]    ANS4_bit
0x0188       [0]    ANS3_bit
0x0189       [0]    ANS9_bit
0x0189       [0]    ANS8_bit
0x0189       [1]    ANSELH
0x0189       [0]    ANS10_bit
0x0189       [0]    ANS13_bit
0x0189       [0]    ANS12_bit
0x0189       [0]    ANS11_bit
0x018C       [0]    WR_bit
0x018C       [0]    RD_bit
0x018C       [0]    WREN_bit
0x018C       [0]    EEPGD_bit
0x018C       [0]    WRERR_bit
0x018C       [1]    EECON1
0x018D       [1]    EECON2
//** Label List: ** 
//----------------------------------------------
  L_end_ultrasonico_timer1_interrupt
  L_ultrasonico_timer1_interrupt1
  L_ultrasonico_timer1_interrupt2
  L_ultrasonico_timer1_interrupt3
  L_ultrasonico_timer1_interrupt4
  L_ultrasonico_timer1_interrupt5
  L_ultrasonico_timer1_interrupt6
  L_ultrasonico_timer1_interrupt7
  L_ultrasonico_timer1_interrupt8
  L_ultrasonico_timer1_interrupt9
  L_ultrasonico_timer1_interrupt10
  L_ultrasonico_timer1_interrupt11
  L_ultrasonico_timer1_interrupt12
  L_ultrasonico_timer1_interrupt13
  L_ultrasonico_timer1_interrupt14
  L_ultrasonico_timer1_interrupt15
  L_ultrasonico_timer1_interrupt16
  L_ultrasonico_timer1_interrupt17
  L_ultrasonico_timer1_interrupt18
  L_ultrasonico_timer1_interrupt19
  L_ultrasonico_timer1_interrupt20
  L_ultrasonico_timer1_interrupt21
  L_ultrasonico_timer1_interrupt22
  L_ultrasonico_timer1_interrupt23
  L_ultrasonico_timer1_interrupt24
  L_ultrasonico_timer1_interrupt25
  L_ultrasonico_timer1_interrupt26
  L_ultrasonico_timer1_interrupt27
  L_ultrasonico_timer1_interrupt28
  L_ultrasonico_timer1_interrupt29
  L_end_ultrasonico_timer1_led
  L_ultrasonico_timer1_led31
  L_ultrasonico_timer1_led32
  L_ultrasonico_timer1_led33
  L_ultrasonico_timer1_led34
  L_end__main
  L__main36
  L__main37
  L__main38
  L__main39
  L__main40
  L__main41
  L__main42
  L__main43
  L__main44
  L__main45
  ultrasonico_timer1_interrupt
  L_ultrasonico_timer1_interrupt46
  L_ultrasonico_timer1_interrupt47
  L_ultrasonico_timer1_interrupt48
  L_ultrasonico_timer1_interrupt49
  L_ultrasonico_timer1_interrupt50
  L_ultrasonico_timer1_interrupt51
  ultrasonico_timer1_led
  _main
  L__main52
  L__main53
  L__main54
  L__main55
  L_end__Adc_Read
  L__Adc_Read1
  L__Adc_Read2
  L__Adc_Read3
  L__Adc_Read4
  L__Adc_Read5
  _Adc_Read
  L_end__ByteToStr
  L__ByteToStr1
  L__ByteToStr2
  L__ByteToStr3
  L__ByteToStr4
  L__ByteToStr5
  L__ByteToStr6
  L__ByteToStr7
  L__ByteToStr8
  L_end__WordToStr
  L__WordToStr10
  L__WordToStr11
  L__WordToStr12
  L__WordToStr13
  L__WordToStr14
  L__WordToStr15
  L__WordToStr16
  L__WordToStr17
  L__WordToStr18
  L__WordToStr19
  L__WordToStr20
  L__WordToStr21
  L__WordToStr22
  L__WordToStr23
  L__WordToStr24
  L__WordToStr25
  L__WordToStr26
  L_end__ShortToStr
  L__ShortToStr28
  L__ShortToStr29
  L__ShortToStr30
  L__ShortToStr31
  L__ShortToStr32
  L__ShortToStr33
  L__ShortToStr34
  L__ShortToStr35
  L__ShortToStr36
  L__ShortToStr37
  L__ShortToStr38
  L__ShortToStr39
  L__ShortToStr40
  L__ShortToStr41
  L__ShortToStr42
  L__ShortToStr43
  L__ShortToStr44
  L__ShortToStr45
  L__ShortToStr46
  L__ShortToStr47
  L_end__IntToStr
  L__IntToStr49
  L__IntToStr50
  L__IntToStr51
  L__IntToStr52
  L__IntToStr53
  L__IntToStr54
  L__IntToStr55
  L__IntToStr56
  L__IntToStr57
  L__IntToStr58
  L__IntToStr59
  L__IntToStr60
  L__IntToStr61
  L__IntToStr62
  L__IntToStr63
  L__IntToStr64
  L__IntToStr65
  L__IntToStr66
  L__IntToStr67
  L__IntToStr68
  L__IntToStr69
  L__IntToStr70
  L__IntToStr71
  L__IntToStr72
  L__IntToStr73
  L__IntToStr74
  L_end__WordToStrWithZeros
  L__WordToStrWithZeros76
  L__WordToStrWithZeros77
  L__WordToStrWithZeros78
  L__WordToStrWithZeros79
  L__WordToStrWithZeros80
  L__WordToStrWithZeros81
  L__WordToStrWithZeros82
  L__WordToStrWithZeros83
  L__WordToStrWithZeros84
  L__WordToStrWithZeros85
  L__WordToStrWithZeros86
  L__WordToStrWithZeros87
  L__WordToStrWithZeros88
  L__WordToStrWithZeros89
  L__WordToStrWithZeros90
  L__WordToStrWithZeros91
  L__WordToStrWithZeros92
  L_end__LongWordToStr
  L__LongWordToStr94
  L__LongWordToStr95
  L__LongWordToStr96
  L__LongWordToStr97
  L__LongWordToStr98
  L__LongWordToStr99
  L__LongWordToStr100
  L__LongWordToStr101
  L_end__LongIntToStr
  L__LongIntToStr103
  L__LongIntToStr104
  L__LongIntToStr105
  L__LongIntToStr106
  L__LongIntToStr107
  L__LongIntToStr108
  L__LongIntToStr109
  L__LongIntToStr110
  L__LongIntToStr111
  L__LongIntToStr112
  L__LongIntToStr113
  L__LongIntToStr114
  L__LongIntToStr115
  L__LongIntToStr116
  L__LongIntToStr117
  L__LongIntToStr118
  L__LongIntToStr119
  L__LongIntToStr120
  L__LongIntToStr121
  L_end__Bcd2Dec
  L_end__StrToWord
  L__StrToWord124
  L__StrToWord125
  L__StrToWord126
  L__StrToWord127
  L__StrToWord128
  L__StrToWord129
  L__StrToWord130
  L__StrToWord131
  L__StrToWord132
  L__StrToWord133
  L__StrToWord134
  L__StrToWord135
  L__StrToWord136
  L_end__StrToInt
  L__StrToInt138
  L__StrToInt139
  L__StrToInt140
  L__StrToInt141
  L__StrToInt142
  L__StrToInt143
  L__StrToInt144
  L__StrToInt145
  L__StrToInt146
  L__StrToInt147
  L__StrToInt148
  L__StrToInt149
  L__StrToInt150
  L__StrToInt151
  L__StrToInt152
  L__StrToInt153
  L__StrToInt154
  L__StrToInt155
  L__StrToInt156
  L__StrToInt157
  L__StrToInt158
  L__StrToInt159
  L_end__Dec2Bcd
  L__Dec2Bcd161
  L__Dec2Bcd162
  L__Dec2Bcd163
  L_end__Bcd2Dec16
  L_end__Dec2Bcd16
  L_end__FloatToStr
  L__FloatToStr167
  L__FloatToStr168
  L__FloatToStr169
  L__FloatToStr170
  L__FloatToStr171
  L__FloatToStr172
  L__FloatToStr173
  L__FloatToStr174
  L__FloatToStr175
  L__FloatToStr176
  L__FloatToStr177
  L__FloatToStr178
  L__FloatToStr179
  L__FloatToStr180
  L__FloatToStr181
  L__FloatToStr182
  L__FloatToStr183
  L__FloatToStr184
  L__FloatToStr185
  L__FloatToStr186
  L__FloatToStr187
  L__FloatToStr188
  L__FloatToStr189
  L__FloatToStr190
  L__FloatToStr191
  L__FloatToStr192
  L__FloatToStr193
  L__FloatToStr194
  L__FloatToStr195
  L__FloatToStr196
  L__FloatToStr197
  L__FloatToStr198
  L__FloatToStr199
  _ByteToStr
  _WordToStr
  L__WordToStr200
  L__WordToStr201
  L__WordToStr202
  L__WordToStr203
  _ShortToStr
  _IntToStr
  L__IntToStr204
  L__IntToStr205
  L__IntToStr206
  L__IntToStr207
  L__IntToStr208
  L__IntToStr209
  _WordToStrWithZeros
  L__WordToStrWithZeros210
  L__WordToStrWithZeros211
  L__WordToStrWithZeros212
  L__WordToStrWithZeros213
  _LongWordToStr
  L__LongWordToStr214
  _LongIntToStr
  L__LongIntToStr215
  L__LongIntToStr216
  L__LongIntToStr217
  _Bcd2Dec
  _StrToWord
  L__StrToWord218
  _StrToInt
  L__StrToInt219
  L__StrToInt220
  _Dec2Bcd
  _Bcd2Dec16
  L__Bcd2Dec16221
  L__Bcd2Dec16222
  _Dec2Bcd16
  L__Dec2Bcd16223
  L__Dec2Bcd16224
  _FloatToStr
  L__FloatToStr225
  L__FloatToStr226
  L__FloatToStr227
  L_end__Get_Fosc_kHz
  L_end__Delay_1us
  L__Delay_1us2
  L_end__Delay_10us
  L__Delay_10us4
  L_end__Delay_22us
  L__Delay_22us6
  L_end__Delay_50us
  L__Delay_50us8
  L_end__Delay_80us
  L__Delay_80us10
  L_end__Delay_500us
  L__Delay_500us12
  L_end__Delay_5500us
  L__Delay_5500us14
  L_end__Delay_5ms
  L__Delay_5ms16
  L_end__Delay_8ms
  L__Delay_8ms18
  L_end__Delay_100ms
  L__Delay_100ms20
  L_end__Delay_1sec
  L__Delay_1sec22
  L_end__Delay_Cyc
  L__Delay_Cyc24
  L__Delay_Cyc25
  L__Delay_Cyc26
  L__Delay_Cyc27
  L__Delay_Cyc28
  L_end__VDelay_ms
  L__VDelay_ms30
  L__VDelay_ms31
  L__VDelay_ms32
  L__VDelay_ms33
  L__VDelay_ms34
  L__VDelay_ms35
  L__VDelay_ms36
  L__VDelay_ms37
  _Get_Fosc_kHz
  _Delay_1us
  _Delay_10us
  _Delay_22us
  _Delay_50us
  _Delay_80us
  _Delay_500us
  _Delay_5500us
  _Delay_5ms
  _Delay_8ms
  _Delay_100ms
  _Delay_1sec
  _Delay_Cyc
  _VDelay_ms
  L__VDelay_ms38
  L__VDelay_ms39
  L__VDelay_ms40
  L__VDelay_ms41
  L_end__Mul_8x8_U
  L_end__Mul_16x16_U
  L_end__Div_8x8_U
  L_end__Div_16x16_U
  L_end__Mul_8x8_S
  L_end__Mul_16x16_S
  L_end__Div_16x16_S_L
  L_end__Div_16x16_S
  L_end__Div_8x8_S
  L_end__SDIV3232L
  LOOPS3232A
  SADD22LA
  SOK22LA
  SADD22L8
  SOK22L8
  LOOPS3232B
  SADD22LB
  SOK22LB
  SADD22L16
  SOK22L16
  LOOPS3232C
  SADD22LC
  SOK22LC
  SADD22L24
  SOK22L24
  LOOPS3232D
  SADD22LD
  SOK22LD
  SOK22L
  L_end__COMFREM
  L_end__Div_32x32_S
  FXD3232S
  END_ALL
  CA3232S
  C3232SX
  C3232SX1
  C3232S
  C3232S2
  C3232SX4
  C3232SOK
  C3232SX3
  C3232SX2
  avoid_comfrem
  L_end__Div_32x32_U
  LOOPU3232A
  UADD22LA
  UOK22LA
  UADD22L8
  UOK22L8
  LOOPU3232B
  UADD22LB
  UOK22LB
  UADD22L16
  UOK22L16
  LOOPU3232C
  UADD22LC
  UOK22LC
  UADD22L24
  UOK22L24
  LOOPU3232D
  UADD22LD
  UOK22LD
  UOK22L
  L_end__Mul_32x32_U
  _NEXT
  _EXIT2
  _LOOP
  _EXIT1
  L_end__Mul_32x32_S
  _IF_FIRST
  _IF_SECOND
  _INVERCE_FIRST
  _MULT
  _INBERSE_SECOND
  _EXIT
  _Mul_8x8_U
  _Mul_16x16_U
  _Div_8x8_U
  _Div_16x16_U
  _Mul_8x8_S
  _Mul_16x16_S
  _Div_16x16_S_L
  _Div_16x16_S
  _Div_8x8_S
  _SDIV3232L
  _COMFREM
  _Div_32x32_S
  _Div_32x32_U
  _Mul_32x32_U
  _Mul_32x32_S
  L_end__SETFOV32
  SETFOV32EEE
  L_end__SETFDZ32
  L_end__FIXSIGN32
  L_end__RES032
  L_end__SETFUN32
  SETFUN32EEE
  L_end__NRM3232
  NORM3232
  JPNRES032
  JPNSETFUN32
  NORM3232A
  JMPNFIXSIGN32
  NORM32EEE
  L_end__NRM4032
  NRMRND4032
  NRM4032
  JMPSETFOV32
  NORM4032
  JMPRES032
  JMPSETFUN32
  NORM4032A
  JMPFIXSIGN32
  NRM4032EEE
  L_end__Add_32x32_FP
  USEA32
  JMPEEE
  ALIGNED32
  ALIGNB32
  ALOOPB32
  AOK32
  ACOMP32
  JMPNRMRND4032
  ADD_JMPSETFOV32
  JMPNRM4032
  JMPNRM32
  ADD32EEE
  L_end__Sub_32x32_FP
  L_end__Mul_32x32_FP
  FPM32
  JPMRES032
  M32BNE0
  MTUN32
  JPMSETFOV32
  MOK32
  JPMSETFUN32
  MLOOP32
  MNOADD32
  MADD32
  MROUND32
  MUL32OK
  MUL32EEE
  L_end__Div_32x32_FP
  FPD32
  JPDSETFDZ32
  JPDRES032
  D32BNE0
  TALIGN32
  TS1ALIGN32
  TS2ALIGN32
  DALIGN32OK
  ALTB32
  AGEB32
  JPDSETFOV32
  DARGOK32
  JPDSETFUN32
  DLOOP32
  DS132
  DS232
  DREST32
  DOK32
  DAREST32
  DROUND32
  DIV32OK
  DIV32EEE
  L_end__SETIOV3224
  SETIOV3224EEE
  L_end__Double2Longword
  INT3232U
  INT3232UEOK
  SETEXP32U
  SETIOV32U
  TSHIFT3232U
  SHIFT3232UOK
  SHIFT3232U
  INT3232UOK
  JPLSETIOV3224
  IRES032U
  INT3232UEER
  INT3232UEEE
  L_Double2Longword_0
  L_end__Double2Longint
  INT3232
  INT3232EOK
  SETIOV32
  TSHIFT3232
  SHIFT3232OK
  SHIFT3232
  INT3232OK
  JPISETIOV3224
  IRES032
  INT3232EER
  INT3232EEE
  L_Double2Longint_0
  L_end__Double2Int
  INT3216
  IRES016
  SETIOV16
  TSHIFT3216
  SHIFT3216OK
  SHIFT3216
  INT3216OK
  JPJSETIOV3224
  INT3216EOK
  INT3216EER
  INT3216EEE
  L_Double2Int_0
  L_end__Double2Word
  INT3216U
  IRES016U
  SETEXP16U
  SETIOV16U
  TSHIFT3216U
  SHIFT3216UOK
  SHIFT3216U
  INT3216UOK
  JPKSETIOV3224
  INT3216UEOK
  INT3216UEER
  INT3216UEEE
  L_Double2Word_0
  L_end__Double2Byte
  INT32U08
  IRES008
  SETEXP08
  SETIOV08
  TSHIFT3208
  SHIFT3208OK
  SHIFT3208
  INT3208OK
  D2B_JPKSETIOV3224
  INT3208EOK
  INT3208EER
  INT3208EEE
  L_Double2Byte_0
  L_end__Byte2Double
  FLO08U32
  L_end__Int2Double
  FLO1632
  FLO1632EEE
  L_end__Word2Double
  FLO16U32
  L_end__Longint2Double
  FLO3232
  FLO3232EEE
  L_end__Longword2Double
  FLO32U32
  L_end__Equals_Double
  EQU_FALSE
  L_end__Compare_Double
  COMPARE_EQU
  COMPARE_NOTZERO
  COMPARE_XNOTZERO
  COMPARE_YNOTZERO
  COMPARE_LT
  COMPARE_GT
  COMPARE_TESTALL
  COMPARE_C1
  GT_FALSE
  GT_TRUE
  COMPARE_C2
  COMPARE_C3
  _SETFOV32
  _SETFDZ32
  _FIXSIGN32
  _RES032
  _SETFUN32
  _NRM3232
  _NRM4032
  _Add_32x32_FP
  _Sub_32x32_FP
  _Mul_32x32_FP
  _Div_32x32_FP
  _SETIOV3224
  _Double2Longword
  _Double2Longint
  _Double2Int
  _Double2Word
  _Double2Byte
  _Byte2Double
  _Int2Double
  _Word2Double
  _Longint2Double
  _Longword2Double
  _Equals_Double
  _Compare_Double
  L_end__UART1_Init
  L__UART1_Init1
  L__UART1_Init2
  L__UART1_Init3
  L__UART1_Init4
  L__UART1_Init5
  L_end__UART1_Data_Ready
  L_end__UART1_Read
  L__UART1_Read8
  L__UART1_Read9
  L__UART1_Read10
  L_end__UART1_TX_Idle
  L_end__UART1_Write
  L__UART1_Write13
  L__UART1_Write14
  L__UART1_Write15
  L__UART1_Write16
  L__UART1_Write17
  L_end__UART1_Write_Text
  L__UART1_Write_Text19
  L__UART1_Write_Text20
  L__UART1_Write_Text21
  L__UART1_Write_Text22
  L__UART1_Write_Text23
  L_end__UART1_Read_Text
  L__UART1_Read_Text25
  L__UART1_Read_Text26
  L__UART1_Read_Text27
  L__UART1_Read_Text28
  L__UART1_Read_Text29
  L__UART1_Read_Text30
  L__UART1_Read_Text31
  L__UART1_Read_Text32
  L__UART1_Read_Text33
  L__UART1_Read_Text34
  L__UART1_Read_Text35
  L__UART1_Read_Text36
  L__UART1_Read_Text37
  L__UART1_Read_Text38
  L__UART1_Read_Text39
  L__UART1_Read_Text40
  L__UART1_Read_Text41
  L__UART1_Read_Text42
  L__UART1_Read_Text43
  _UART1_Init
  _UART1_Data_Ready
  _UART1_Read
  _UART1_TX_Idle
  _UART1_Write
  _UART1_Write_Text
  _UART1_Read_Text
  L_end_ultrasonico_timer1_interrupt
  L_ultrasonico_timer1_interrupt1
  L_ultrasonico_timer1_interrupt2
  L_ultrasonico_timer1_interrupt3
  L_ultrasonico_timer1_interrupt4
  L_ultrasonico_timer1_interrupt5
  L_ultrasonico_timer1_interrupt6
  L_ultrasonico_timer1_interrupt7
  L_ultrasonico_timer1_interrupt8
  L_ultrasonico_timer1_interrupt9
  L_ultrasonico_timer1_interrupt10
  L_ultrasonico_timer1_interrupt11
  L_ultrasonico_timer1_interrupt12
  L_ultrasonico_timer1_interrupt13
  L_ultrasonico_timer1_interrupt14
  L_ultrasonico_timer1_interrupt15
  L_ultrasonico_timer1_interrupt16
  L_ultrasonico_timer1_interrupt17
  L_ultrasonico_timer1_interrupt18
  L_ultrasonico_timer1_interrupt19
  L_ultrasonico_timer1_interrupt20
  L_ultrasonico_timer1_interrupt21
  L_ultrasonico_timer1_interrupt22
  L_ultrasonico_timer1_interrupt23
  L_ultrasonico_timer1_interrupt24
  L_ultrasonico_timer1_interrupt25
  L_ultrasonico_timer1_interrupt26
  L_ultrasonico_timer1_interrupt27
  L_ultrasonico_timer1_interrupt28
  L_ultrasonico_timer1_interrupt29
  L_end_ultrasonico_timer1_led
  L_ultrasonico_timer1_led31
  L_ultrasonico_timer1_led32
  L_ultrasonico_timer1_led33
  L_ultrasonico_timer1_led34
  L_end__main
  L__main36
  L__main37
  L__main38
  L__main39
  L__main40
  L__main41
  L__main42
  L__main43
  L__main44
  L__main45
  ultrasonico_timer1_interrupt
  L_ultrasonico_timer1_interrupt46
  L_ultrasonico_timer1_interrupt47
  L_ultrasonico_timer1_interrupt48
  L_ultrasonico_timer1_interrupt49
  L_ultrasonico_timer1_interrupt50
  L_ultrasonico_timer1_interrupt51
  ultrasonico_timer1_led
  _main
  L__main52
  L__main53
  L__main54
  L__main55
  L_end__UART1_Init
  L__UART1_Init1
  L__UART1_Init2
  L__UART1_Init3
  L__UART1_Init4
  L__UART1_Init5
  L_end__UART1_Data_Ready
  L_end__UART1_Read
  L__UART1_Read8
  L__UART1_Read9
  L__UART1_Read10
  L_end__UART1_TX_Idle
  L_end__UART1_Write
  L__UART1_Write13
  L__UART1_Write14
  L__UART1_Write15
  L__UART1_Write16
  L__UART1_Write17
  L_end__UART1_Write_Text
  L__UART1_Write_Text19
  L__UART1_Write_Text20
  L__UART1_Write_Text21
  L__UART1_Write_Text22
  L__UART1_Write_Text23
  L_end__UART1_Read_Text
  L__UART1_Read_Text25
  L__UART1_Read_Text26
  L__UART1_Read_Text27
  L__UART1_Read_Text28
  L__UART1_Read_Text29
  L__UART1_Read_Text30
  L__UART1_Read_Text31
  L__UART1_Read_Text32
  L__UART1_Read_Text33
  L__UART1_Read_Text34
  L__UART1_Read_Text35
  L__UART1_Read_Text36
  L__UART1_Read_Text37
  L__UART1_Read_Text38
  L__UART1_Read_Text39
  L__UART1_Read_Text40
  L__UART1_Read_Text41
  L__UART1_Read_Text42
  L__UART1_Read_Text43
  _UART1_Init
  _UART1_Data_Ready
  _UART1_Read
  _UART1_TX_Idle
  _UART1_Write
  _UART1_Write_Text
  _UART1_Read_Text
