;  LST file generated by mikroListExporter - v.2.0 
; Date/Time: 02/12/2010 3:53:18
;----------------------------------------------

;Address Opcode 	ASM
0x0000	0x2A87      	GOTO       647
0x0001	0x0000      	NOP
0x0002	0x0000      	NOP
0x0003	0x0000      	NOP
0x0004	0x2B28      	GOTO       808
_RES032:
;__Lib_MathDouble.mpas,104 :: 		
;__Lib_MathDouble.mpas,109 :: 		
0x0005	0x01F2      	CLRF       R2
;__Lib_MathDouble.mpas,110 :: 		
0x0006	0x01F1      	CLRF       R1
;__Lib_MathDouble.mpas,111 :: 		
0x0007	0x01F0      	CLRF       R0
;__Lib_MathDouble.mpas,112 :: 		
0x0008	0x01F8      	CLRF       R8
;__Lib_MathDouble.mpas,113 :: 		
0x0009	0x01F3      	CLRF       R3
;__Lib_MathDouble.mpas,114 :: 		
0x000A	0x3000      	MOVLW      0
;__Lib_MathDouble.mpas,116 :: 		
0x000B	0x0008      	RETURN
; end of _RES032
_SETFOV32:
;__Lib_MathDouble.mpas,57 :: 		
;__Lib_MathDouble.mpas,64 :: 		
0x000C	0x14FB      	BSF        R11, 1
;__Lib_MathDouble.mpas,65 :: 		
0x000D	0x1FFB      	BTFSS      R11, 7
;__Lib_MathDouble.mpas,66 :: 		
0x000E	0x2816      	GOTO       SETFOV32EEE
;__Lib_MathDouble.mpas,67 :: 		
0x000F	0x30FF      	MOVLW      255
;__Lib_MathDouble.mpas,68 :: 		
0x0010	0x00F3      	MOVWF      R3
;__Lib_MathDouble.mpas,69 :: 		
0x0011	0x00F2      	MOVWF      R2
;__Lib_MathDouble.mpas,70 :: 		
0x0012	0x00F1      	MOVWF      R1
;__Lib_MathDouble.mpas,71 :: 		
0x0013	0x00F0      	MOVWF      R0
;__Lib_MathDouble.mpas,72 :: 		
0x0014	0x0DFA      	RLF        R10, 1
;__Lib_MathDouble.mpas,73 :: 		
0x0015	0x0CF2      	RRF        R2, 1
;__Lib_MathDouble.mpas,74 :: 		
SETFOV32EEE:
;__Lib_MathDouble.mpas,75 :: 		
0x0016	0x30FF      	MOVLW      255
;__Lib_MathDouble.mpas,77 :: 		
0x0017	0x0008      	RETURN
; end of _SETFOV32
_FIXSIGN32:
;__Lib_MathDouble.mpas,92 :: 		
;__Lib_MathDouble.mpas,96 :: 		
0x0018	0x1FFA      	BTFSS      R10, 7
;__Lib_MathDouble.mpas,97 :: 		
0x0019	0x13F2      	BCF        R2, 7
;__Lib_MathDouble.mpas,98 :: 		
0x001A	0x3000      	MOVLW      0
;__Lib_MathDouble.mpas,100 :: 		
0x001B	0x0008      	RETURN
; end of _FIXSIGN32
_SETFUN32:
;__Lib_MathDouble.mpas,120 :: 		
;__Lib_MathDouble.mpas,127 :: 		
0x001C	0x157B      	BSF        R11, 2
;__Lib_MathDouble.mpas,128 :: 		
0x001D	0x1FFB      	BTFSS      R11, 7
;__Lib_MathDouble.mpas,129 :: 		
0x001E	0x2826      	GOTO       SETFUN32EEE
;__Lib_MathDouble.mpas,130 :: 		
0x001F	0x3001      	MOVLW      1
;__Lib_MathDouble.mpas,131 :: 		
0x0020	0x00F3      	MOVWF      R3
;__Lib_MathDouble.mpas,132 :: 		
0x0021	0x01F2      	CLRF       R2
;__Lib_MathDouble.mpas,133 :: 		
0x0022	0x01F1      	CLRF       R1
;__Lib_MathDouble.mpas,134 :: 		
0x0023	0x01F0      	CLRF       R0
;__Lib_MathDouble.mpas,135 :: 		
0x0024	0x0DFA      	RLF        R10, 1
;__Lib_MathDouble.mpas,136 :: 		
0x0025	0x0CF2      	RRF        R2, 1
;__Lib_MathDouble.mpas,137 :: 		
SETFUN32EEE:
;__Lib_MathDouble.mpas,138 :: 		
0x0026	0x30FF      	MOVLW      255
;__Lib_MathDouble.mpas,140 :: 		
0x0027	0x0008      	RETURN
; end of _SETFUN32
_NRM4032:
;__Lib_MathDouble.mpas,230 :: 		
;__Lib_MathDouble.mpas,239 :: 		
0x0028	0x187C      	BTFSC      R12, 0
;__Lib_MathDouble.mpas,240 :: 		
0x0029	0x285E      	GOTO       NRMRND4032
;__Lib_MathDouble.mpas,241 :: 		
0x002A	0x18FC      	BTFSC      R12, 1
;__Lib_MathDouble.mpas,242 :: 		
0x002B	0x282F      	GOTO       NRM4032
;__Lib_MathDouble.mpas,243 :: 		
0x002C	0x197C      	BTFSC      R12, 2
;__Lib_MathDouble.mpas,244 :: 		
0x002D	0x287D      	GOTO       JMPSETFOV32
;__Lib_MathDouble.mpas,245 :: 		
0x002E	0x2828      	GOTO       $-6
;__Lib_MathDouble.mpas,246 :: 		
NRM4032:
;__Lib_MathDouble.mpas,247 :: 		
0x002F	0x01A0      	CLRF       __math_tempbD
;__Lib_MathDouble.mpas,248 :: 		
0x0030	0x0872      	MOVF       R2, 0
;__Lib_MathDouble.mpas,249 :: 		
0x0031	0x1D03      	BTFSS      STATUS, 2
;__Lib_MathDouble.mpas,250 :: 		
0x0032	0x284F      	GOTO       NORM4032
;__Lib_MathDouble.mpas,251 :: 		
0x0033	0x0871      	MOVF       R1, 0
;__Lib_MathDouble.mpas,252 :: 		
0x0034	0x00F2      	MOVWF      R2
;__Lib_MathDouble.mpas,253 :: 		
0x0035	0x0870      	MOVF       R0, 0
;__Lib_MathDouble.mpas,254 :: 		
0x0036	0x00F1      	MOVWF      R1
;__Lib_MathDouble.mpas,255 :: 		
0x0037	0x0878      	MOVF       R8, 0
;__Lib_MathDouble.mpas,256 :: 		
0x0038	0x00F0      	MOVWF      R0
;__Lib_MathDouble.mpas,257 :: 		
0x0039	0x01F8      	CLRF       R8
;__Lib_MathDouble.mpas,258 :: 		
0x003A	0x15A0      	BSF        __math_tempbD, 3
;__Lib_MathDouble.mpas,260 :: 		
0x003B	0x0872      	MOVF       R2, 0
;__Lib_MathDouble.mpas,261 :: 		
0x003C	0x1D03      	BTFSS      STATUS, 2
;__Lib_MathDouble.mpas,262 :: 		
0x003D	0x284F      	GOTO       NORM4032
;__Lib_MathDouble.mpas,263 :: 		
0x003E	0x0871      	MOVF       R1, 0
;__Lib_MathDouble.mpas,264 :: 		
0x003F	0x00F2      	MOVWF      R2
;__Lib_MathDouble.mpas,265 :: 		
0x0040	0x0870      	MOVF       R0, 0
;__Lib_MathDouble.mpas,266 :: 		
0x0041	0x00F1      	MOVWF      R1
;__Lib_MathDouble.mpas,267 :: 		
0x0042	0x01F0      	CLRF       R0
;__Lib_MathDouble.mpas,268 :: 		
0x0043	0x11A0      	BCF        __math_tempbD, 3
;__Lib_MathDouble.mpas,269 :: 		
0x0044	0x1620      	BSF        __math_tempbD, 4
;__Lib_MathDouble.mpas,271 :: 		
0x0045	0x0872      	MOVF       R2, 0
;__Lib_MathDouble.mpas,272 :: 		
0x0046	0x1D03      	BTFSS      STATUS, 2
;__Lib_MathDouble.mpas,273 :: 		
0x0047	0x284F      	GOTO       NORM4032
;__Lib_MathDouble.mpas,274 :: 		
0x0048	0x0871      	MOVF       R1, 0
;__Lib_MathDouble.mpas,275 :: 		
0x0049	0x00F2      	MOVWF      R2
;__Lib_MathDouble.mpas,276 :: 		
0x004A	0x01F1      	CLRF       R1
;__Lib_MathDouble.mpas,277 :: 		
0x004B	0x15A0      	BSF        __math_tempbD, 3
;__Lib_MathDouble.mpas,279 :: 		
0x004C	0x0872      	MOVF       R2, 0
;__Lib_MathDouble.mpas,280 :: 		
0x004D	0x1903      	BTFSC      STATUS, 2
;__Lib_MathDouble.mpas,281 :: 		
0x004E	0x2871      	GOTO       JMPRES032
;__Lib_MathDouble.mpas,282 :: 		
NORM4032:
;__Lib_MathDouble.mpas,283 :: 		
0x004F	0x0820      	MOVF       __math_tempbD, 0
;__Lib_MathDouble.mpas,284 :: 		
0x0050	0x02F3      	SUBWF      R3, 1
;__Lib_MathDouble.mpas,285 :: 		
0x0051	0x1D03      	BTFSS      STATUS, 2
;__Lib_MathDouble.mpas,286 :: 		
0x0052	0x1C03      	BTFSS      STATUS, 0
;__Lib_MathDouble.mpas,287 :: 		
0x0053	0x2875      	GOTO       JMPSETFUN32
;__Lib_MathDouble.mpas,288 :: 		
0x0054	0x1003      	BCF        STATUS, 0
;__Lib_MathDouble.mpas,289 :: 		
NORM4032A:
;__Lib_MathDouble.mpas,290 :: 		
0x0055	0x1BF2      	BTFSC      R2, 7
;__Lib_MathDouble.mpas,291 :: 		
0x0056	0x285E      	GOTO       NRMRND4032
;__Lib_MathDouble.mpas,292 :: 		
0x0057	0x0DF8      	RLF        R8, 1
;__Lib_MathDouble.mpas,293 :: 		
0x0058	0x0DF0      	RLF        R0, 1
;__Lib_MathDouble.mpas,294 :: 		
0x0059	0x0DF1      	RLF        R1, 1
;__Lib_MathDouble.mpas,295 :: 		
0x005A	0x0DF2      	RLF        R2, 1
;__Lib_MathDouble.mpas,296 :: 		
0x005B	0x0BF3      	DECFSZ     R3, 1
;__Lib_MathDouble.mpas,297 :: 		
0x005C	0x2855      	GOTO       NORM4032A
;__Lib_MathDouble.mpas,298 :: 		
0x005D	0x2875      	GOTO       JMPSETFUN32
;__Lib_MathDouble.mpas,299 :: 		
NRMRND4032:
;__Lib_MathDouble.mpas,300 :: 		
0x005E	0x1B7B      	BTFSC      R11, 6
;__Lib_MathDouble.mpas,301 :: 		
0x005F	0x1C70      	BTFSS      R0, 0
;__Lib_MathDouble.mpas,302 :: 		
0x0060	0x2879      	GOTO       JMPFIXSIGN32
;__Lib_MathDouble.mpas,303 :: 		
0x0061	0x1FF8      	BTFSS      R8, 7
;__Lib_MathDouble.mpas,304 :: 		
0x0062	0x2879      	GOTO       JMPFIXSIGN32
;__Lib_MathDouble.mpas,305 :: 		
0x0063	0x0AF0      	INCF       R0, 1
;__Lib_MathDouble.mpas,306 :: 		
0x0064	0x1903      	BTFSC      STATUS, 2
;__Lib_MathDouble.mpas,307 :: 		
0x0065	0x0AF1      	INCF       R1, 1
;__Lib_MathDouble.mpas,308 :: 		
0x0066	0x1903      	BTFSC      STATUS, 2
;__Lib_MathDouble.mpas,309 :: 		
0x0067	0x0AF2      	INCF       R2, 1
;__Lib_MathDouble.mpas,310 :: 		
0x0068	0x1D03      	BTFSS      STATUS, 2
;__Lib_MathDouble.mpas,311 :: 		
0x0069	0x2879      	GOTO       JMPFIXSIGN32
;__Lib_MathDouble.mpas,312 :: 		
0x006A	0x0CF2      	RRF        R2, 1
;__Lib_MathDouble.mpas,313 :: 		
0x006B	0x0CF1      	RRF        R1, 1
;__Lib_MathDouble.mpas,314 :: 		
0x006C	0x0CF0      	RRF        R0, 1
;__Lib_MathDouble.mpas,315 :: 		
0x006D	0x0AF3      	INCF       R3, 1
;__Lib_MathDouble.mpas,316 :: 		
0x006E	0x1903      	BTFSC      STATUS, 2
;__Lib_MathDouble.mpas,317 :: 		
0x006F	0x287D      	GOTO       JMPSETFOV32
;__Lib_MathDouble.mpas,318 :: 		
0x0070	0x2879      	GOTO       JMPFIXSIGN32
;__Lib_MathDouble.mpas,319 :: 		
JMPRES032:
;__Lib_MathDouble.mpas,320 :: 		
0x0071	0x3001      	MOVLW      1
;__Lib_MathDouble.mpas,321 :: 		
0x0072	0x00FC      	MOVWF      R12
;__Lib_MathDouble.mpas,323 :: 		
0x0073	0x2005      	CALL       _RES032
;__Lib_MathDouble.mpas,325 :: 		
0x0074	0x2880      	GOTO       NRM4032EEE
;__Lib_MathDouble.mpas,326 :: 		
JMPSETFUN32:
;__Lib_MathDouble.mpas,327 :: 		
0x0075	0x3002      	MOVLW      2
;__Lib_MathDouble.mpas,328 :: 		
0x0076	0x00FC      	MOVWF      R12
;__Lib_MathDouble.mpas,330 :: 		
0x0077	0x201C      	CALL       _SETFUN32
;__Lib_MathDouble.mpas,332 :: 		
0x0078	0x2880      	GOTO       NRM4032EEE
;__Lib_MathDouble.mpas,333 :: 		
JMPFIXSIGN32:
;__Lib_MathDouble.mpas,334 :: 		
0x0079	0x3004      	MOVLW      4
;__Lib_MathDouble.mpas,335 :: 		
0x007A	0x00FC      	MOVWF      R12
;__Lib_MathDouble.mpas,337 :: 		
0x007B	0x2018      	CALL       _FIXSIGN32
;__Lib_MathDouble.mpas,339 :: 		
0x007C	0x2880      	GOTO       NRM4032EEE
;__Lib_MathDouble.mpas,340 :: 		
JMPSETFOV32:
;__Lib_MathDouble.mpas,341 :: 		
0x007D	0x3008      	MOVLW      8
;__Lib_MathDouble.mpas,342 :: 		
0x007E	0x00FC      	MOVWF      R12
;__Lib_MathDouble.mpas,344 :: 		
0x007F	0x200C      	CALL       _SETFOV32
;__Lib_MathDouble.mpas,346 :: 		
NRM4032EEE:
;__Lib_MathDouble.mpas,347 :: 		
0x0080	0x0000      	NOP
;__Lib_MathDouble.mpas,349 :: 		
0x0081	0x0008      	RETURN
; end of _NRM4032
_Mul_16x16_U:
;__Lib_Math.mpas,121 :: 		
;__Lib_Math.mpas,127 :: 		
0x0082	0x1283      	BCF        STATUS, 5
;__Lib_Math.mpas,128 :: 		
0x0083	0x1303      	BCF        STATUS, 6
;__Lib_Math.mpas,129 :: 		
0x0084	0x01FB      	CLRF       R11
;__Lib_Math.mpas,130 :: 		
0x0085	0x01FA      	CLRF       R10
;__Lib_Math.mpas,131 :: 		
0x0086	0x01F9      	CLRF       R9
;__Lib_Math.mpas,132 :: 		
0x0087	0x3080      	MOVLW      128
;__Lib_Math.mpas,133 :: 		
0x0088	0x00F8      	MOVWF      R8
;__Lib_Math.mpas,134 :: 		
0x0089	0x0CF1      	RRF        R1, 1
;__Lib_Math.mpas,135 :: 		
0x008A	0x0CF0      	RRF        R0, 1
;__Lib_Math.mpas,136 :: 		
0x008B	0x1C03      	BTFSS      STATUS, 0
;__Lib_Math.mpas,137 :: 		
0x008C	0x2896      	GOTO       $+10
;__Lib_Math.mpas,138 :: 		
0x008D	0x0874      	MOVF       R4, 0
;__Lib_Math.mpas,139 :: 		
0x008E	0x07F9      	ADDWF      R9, 1
;__Lib_Math.mpas,140 :: 		
0x008F	0x0875      	MOVF       R5, 0
;__Lib_Math.mpas,141 :: 		
0x0090	0x1803      	BTFSC      STATUS, 0
;__Lib_Math.mpas,142 :: 		
0x0091	0x0F75      	INCFSZ     R5, 0
;__Lib_Math.mpas,143 :: 		
0x0092	0x07FA      	ADDWF      R10, 1
;__Lib_Math.mpas,144 :: 		
0x0093	0x1803      	BTFSC      STATUS, 0
;__Lib_Math.mpas,145 :: 		
0x0094	0x0AFB      	INCF       R11, 1
;__Lib_Math.mpas,146 :: 		
0x0095	0x1003      	BCF        STATUS, 0
;__Lib_Math.mpas,147 :: 		
0x0096	0x1FF0      	BTFSS      R0, 7
;__Lib_Math.mpas,148 :: 		
0x0097	0x289E      	GOTO       $+7
;__Lib_Math.mpas,149 :: 		
0x0098	0x0874      	MOVF       R4, 0
;__Lib_Math.mpas,150 :: 		
0x0099	0x07FA      	ADDWF      R10, 1
;__Lib_Math.mpas,151 :: 		
0x009A	0x0875      	MOVF       R5, 0
;__Lib_Math.mpas,152 :: 		
0x009B	0x1803      	BTFSC      STATUS, 0
;__Lib_Math.mpas,153 :: 		
0x009C	0x0F75      	INCFSZ     R5, 0
;__Lib_Math.mpas,154 :: 		
0x009D	0x07FB      	ADDWF      R11, 1
;__Lib_Math.mpas,155 :: 		
0x009E	0x0CFB      	RRF        R11, 1
;__Lib_Math.mpas,156 :: 		
0x009F	0x0CFA      	RRF        R10, 1
;__Lib_Math.mpas,157 :: 		
0x00A0	0x0CF9      	RRF        R9, 1
;__Lib_Math.mpas,158 :: 		
0x00A1	0x0CF8      	RRF        R8, 1
;__Lib_Math.mpas,159 :: 		
0x00A2	0x1C03      	BTFSS      STATUS, 0
;__Lib_Math.mpas,160 :: 		
0x00A3	0x2889      	GOTO       $-26
;__Lib_Math.mpas,161 :: 		
0x00A4	0x087B      	MOVF       R11, 0
;__Lib_Math.mpas,162 :: 		
0x00A5	0x00F3      	MOVWF      R3
;__Lib_Math.mpas,163 :: 		
0x00A6	0x087A      	MOVF       R10, 0
;__Lib_Math.mpas,164 :: 		
0x00A7	0x00F2      	MOVWF      R2
;__Lib_Math.mpas,165 :: 		
0x00A8	0x0879      	MOVF       R9, 0
;__Lib_Math.mpas,166 :: 		
0x00A9	0x00F1      	MOVWF      R1
;__Lib_Math.mpas,167 :: 		
0x00AA	0x0878      	MOVF       R8, 0
;__Lib_Math.mpas,168 :: 		
0x00AB	0x00F0      	MOVWF      R0
;__Lib_Math.mpas,170 :: 		
0x00AC	0x0008      	RETURN
; end of _Mul_16x16_U
_SETIOV3224:
;__Lib_MathDouble.mpas,953 :: 		
;__Lib_MathDouble.mpas,959 :: 		
0x00AD	0x147B      	BSF        R11, 0
;__Lib_MathDouble.mpas,960 :: 		
0x00AE	0x1FFB      	BTFSS      R11, 7
;__Lib_MathDouble.mpas,961 :: 		
0x00AF	0x28B8      	GOTO       SETIOV3224EEE
;__Lib_MathDouble.mpas,963 :: 		
0x00B0	0x01F2      	CLRF       R2
;__Lib_MathDouble.mpas,964 :: 		
0x00B1	0x1FFA      	BTFSS      R10, 7
;__Lib_MathDouble.mpas,965 :: 		
0x00B2	0x30FF      	MOVLW      255
;__Lib_MathDouble.mpas,966 :: 		
0x00B3	0x00F2      	MOVWF      R2
;__Lib_MathDouble.mpas,967 :: 		
0x00B4	0x00F1      	MOVWF      R1
;__Lib_MathDouble.mpas,968 :: 		
0x00B5	0x00F0      	MOVWF      R0
;__Lib_MathDouble.mpas,969 :: 		
0x00B6	0x0DFA      	RLF        R10, 1
;__Lib_MathDouble.mpas,970 :: 		
0x00B7	0x0CF2      	RRF        R2, 1
;__Lib_MathDouble.mpas,971 :: 		
SETIOV3224EEE:
;__Lib_MathDouble.mpas,972 :: 		
0x00B8	0x30FF      	MOVLW      255
;__Lib_MathDouble.mpas,974 :: 		
0x00B9	0x0008      	RETURN
; end of _SETIOV3224
_Div_8x8_U:
;__Lib_Math.mpas,173 :: 		
;__Lib_Math.mpas,179 :: 		
0x00BA	0x1283      	BCF        STATUS, 5
;__Lib_Math.mpas,180 :: 		
0x00BB	0x1303      	BCF        STATUS, 6
;__Lib_Math.mpas,181 :: 		
0x00BC	0x01F8      	CLRF       R8
;__Lib_Math.mpas,182 :: 		
0x00BD	0x3008      	MOVLW      8
;__Lib_Math.mpas,183 :: 		
0x00BE	0x00FC      	MOVWF      R12
;__Lib_Math.mpas,184 :: 		
0x00BF	0x0D70      	RLF        R0, 0
;__Lib_Math.mpas,185 :: 		
0x00C0	0x0DF8      	RLF        R8, 1
;__Lib_Math.mpas,186 :: 		
0x00C1	0x0874      	MOVF       R4, 0
;__Lib_Math.mpas,187 :: 		
0x00C2	0x02F8      	SUBWF      R8, 1
;__Lib_Math.mpas,188 :: 		
0x00C3	0x1803      	BTFSC      STATUS, 0
;__Lib_Math.mpas,189 :: 		
0x00C4	0x28C7      	GOTO       $+3
;__Lib_Math.mpas,190 :: 		
0x00C5	0x07F8      	ADDWF      R8, 1
;__Lib_Math.mpas,191 :: 		
0x00C6	0x1003      	BCF        STATUS, 0
;__Lib_Math.mpas,192 :: 		
0x00C7	0x0DF0      	RLF        R0, 1
;__Lib_Math.mpas,193 :: 		
0x00C8	0x0BFC      	DECFSZ     R12, 1
;__Lib_Math.mpas,194 :: 		
0x00C9	0x28BF      	GOTO       $-10
;__Lib_Math.mpas,196 :: 		
0x00CA	0x0008      	RETURN
; end of _Div_8x8_U
_UART1_Write:
;__Lib_UART_c67.mpas,72 :: 		
;__Lib_UART_c67.mpas,73 :: 		
L__UART1_Write14:
0x00CB	0x1683      	BSF        STATUS, 5
0x00CC	0x1303      	BCF        STATUS, 6
0x00CD	0x1898      	BTFSC      TXSTA, 1
0x00CE	0x28D1      	GOTO       L__UART1_Write15
0x00CF	0x0000      	NOP
0x00D0	0x28CB      	GOTO       L__UART1_Write14
L__UART1_Write15:
;__Lib_UART_c67.mpas,74 :: 		
0x00D1	0x1283      	BCF        STATUS, 5
0x00D2	0x083D      	MOVF       FARG_UART1_Write_data_, 0
0x00D3	0x0099      	MOVWF      TXREG
;__Lib_UART_c67.mpas,75 :: 		
0x00D4	0x0008      	RETURN
; end of _UART1_Write
_Delay_22us:
;__Lib_Delays.mbas,32 :: 		sub procedure Delay_22us()
;__Lib_Delays.mbas,33 :: 		Delay_us(22)
0x00D5	0x3007      	MOVLW      7
0x00D6	0x00FD      	MOVWF      R13
L__Delay_22us6:
0x00D7	0x0BFD      	DECFSZ     R13, 1
0x00D8	0x28D7      	GOTO       L__Delay_22us6
0x00D9	0x0008      	RETURN
; end of _Delay_22us
_UART1_Init:
;__Lib_UART_c67.mpas,33 :: 		
;__Lib_UART_c67.mpas,34 :: 		
0x00DA	0x1683      	BSF        STATUS, 5
0x00DB	0x1303      	BCF        STATUS, 6
0x00DC	0x1698      	BSF        TXSTA, 5
;__Lib_UART_c67.mpas,35 :: 		
0x00DD	0x3090      	MOVLW      144
0x00DE	0x1283      	BCF        STATUS, 5
0x00DF	0x0098      	MOVWF      RCSTA
;__Lib_UART_c67.mpas,36 :: 		
0x00E0	0x1683      	BSF        STATUS, 5
0x00E1	0x1787      	BSF        TRISC7_bit, 7
;__Lib_UART_c67.mpas,37 :: 		
0x00E2	0x1307      	BCF        TRISC6_bit, 6
;__Lib_UART_c67.mpas,38 :: 		
L__UART1_Init2:
0x00E3	0x1283      	BCF        STATUS, 5
0x00E4	0x1E8C      	BTFSS      PIR1, 5
0x00E5	0x28E9      	GOTO       L__UART1_Init3
;__Lib_UART_c67.mpas,39 :: 		
0x00E6	0x081A      	MOVF       RCREG, 0
0x00E7	0x00F0      	MOVWF      R0
0x00E8	0x28E3      	GOTO       L__UART1_Init2
L__UART1_Init3:
;__Lib_UART_c67.mpas,40 :: 		
0x00E9	0x0008      	RETURN
; end of _UART1_Init
_PWM1_Init:
;__Lib_PWM_c21.mpas,15 :: 		
;__Lib_PWM_c21.mpas,17 :: 		
0x00EA	0x1283      	BCF        STATUS, 5
0x00EB	0x1303      	BCF        STATUS, 6
0x00EC	0x0195      	CLRF       CCPR1L
;__Lib_PWM_c21.mpas,18 :: 		
0x00ED	0x1217      	BCF        CCP1Y_bit, 4
;__Lib_PWM_c21.mpas,19 :: 		
0x00EE	0x1297      	BCF        CCP1X_bit, 5
;__Lib_PWM_c21.mpas,20 :: 		
0x00EF	0x0008      	RETURN
; end of _PWM1_Init
_UART1_Read:
;__Lib_UART_c67.mpas,54 :: 		
;__Lib_UART_c67.mpas,55 :: 		
0x00F0	0x1283      	BCF        STATUS, 5
0x00F1	0x1303      	BCF        STATUS, 6
0x00F2	0x081A      	MOVF       RCREG, 0
0x00F3	0x00F2      	MOVWF      R2
;__Lib_UART_c67.mpas,56 :: 		
0x00F4	0x1C98      	BTFSS      RCSTA, 1
0x00F5	0x28F8      	GOTO       L__UART1_Read9
;__Lib_UART_c67.mpas,58 :: 		
0x00F6	0x1218      	BCF        RCSTA, 4
;__Lib_UART_c67.mpas,59 :: 		
0x00F7	0x1618      	BSF        RCSTA, 4
;__Lib_UART_c67.mpas,60 :: 		
L__UART1_Read9:
;__Lib_UART_c67.mpas,61 :: 		
0x00F8	0x0872      	MOVF       R2, 0
0x00F9	0x00F1      	MOVWF      R1
;__Lib_UART_c67.mpas,62 :: 		
0x00FA	0x0871      	MOVF       R1, 0
0x00FB	0x00F0      	MOVWF      R0
0x00FC	0x0008      	RETURN
; end of _UART1_Read
_UART1_Write_Text:
;__Lib_UART_c67.mpas,80 :: 		
;__Lib_UART_c67.mpas,81 :: 		
0x00FD	0x1283      	BCF        STATUS, 5
0x00FE	0x1303      	BCF        STATUS, 6
0x00FF	0x01BA      	CLRF       UART1_Write_Text_counter
;__Lib_UART_c67.mpas,82 :: 		
0x0100	0x0839      	MOVF       FARG_UART1_Write_Text_uart_text, 0
0x0101	0x0084      	MOVWF      FSR
0x0102	0x0800      	MOVF       INDF, 0
0x0103	0x00BB      	MOVWF      UART1_Write_Text_data_
;__Lib_UART_c67.mpas,83 :: 		
L__UART1_Write_Text20:
0x0104	0x083B      	MOVF       UART1_Write_Text_data_, 0
0x0105	0x3A00      	XORLW      0
0x0106	0x1903      	BTFSC      STATUS, 2
0x0107	0x2912      	GOTO       L__UART1_Write_Text21
;__Lib_UART_c67.mpas,85 :: 		
0x0108	0x083B      	MOVF       UART1_Write_Text_data_, 0
0x0109	0x00BD      	MOVWF      FARG_UART1_Write_data_
0x010A	0x20CB      	CALL       _UART1_Write
;__Lib_UART_c67.mpas,86 :: 		
0x010B	0x0ABA      	INCF       UART1_Write_Text_counter, 1
;__Lib_UART_c67.mpas,87 :: 		
0x010C	0x083A      	MOVF       UART1_Write_Text_counter, 0
0x010D	0x0739      	ADDWF      FARG_UART1_Write_Text_uart_text, 0
0x010E	0x0084      	MOVWF      FSR
0x010F	0x0800      	MOVF       INDF, 0
0x0110	0x00BB      	MOVWF      UART1_Write_Text_data_
;__Lib_UART_c67.mpas,88 :: 		
0x0111	0x2904      	GOTO       L__UART1_Write_Text20
L__UART1_Write_Text21:
;__Lib_UART_c67.mpas,89 :: 		
0x0112	0x0008      	RETURN
; end of _UART1_Write_Text
_ByteToStr:
;__Lib_Conversions.mpas,24 :: 		
;__Lib_Conversions.mpas,33 :: 		
0x0113	0x1283      	BCF        STATUS, 5
0x0114	0x1303      	BCF        STATUS, 6
0x0115	0x083A      	MOVF       FARG_ByteToStr_output, 0
0x0116	0x0084      	MOVWF      FSR
0x0117	0x3020      	MOVLW      32
0x0118	0x0080      	MOVWF      INDF
0x0119	0x0A84      	INCF       FSR, 1
0x011A	0x3020      	MOVLW      32
0x011B	0x0080      	MOVWF      INDF
0x011C	0x0A84      	INCF       FSR, 1
0x011D	0x3020      	MOVLW      32
0x011E	0x0080      	MOVWF      INDF
0x011F	0x0A84      	INCF       FSR, 1
0x0120	0x0180      	CLRF       INDF
0x0121	0x0A84      	INCF       FSR, 1
;__Lib_Conversions.mpas,34 :: 		
0x0122	0x3002      	MOVLW      2
0x0123	0x00BB      	MOVWF      ByteToStr_len
;__Lib_Conversions.mpas,35 :: 		
L__ByteToStr2:
;__Lib_Conversions.mpas,37 :: 		
0x0124	0x083B      	MOVF       ByteToStr_len, 0
0x0125	0x073A      	ADDWF      FARG_ByteToStr_output, 0
0x0126	0x00F0      	MOVWF      R0
0x0127	0x0870      	MOVF       R0, 0
0x0128	0x00BC      	MOVWF      FLOC__ByteToStr
0x0129	0x300A      	MOVLW      10
0x012A	0x00F4      	MOVWF      R4
0x012B	0x0839      	MOVF       FARG_ByteToStr_input, 0
0x012C	0x00F0      	MOVWF      R0
0x012D	0x20BA      	CALL       _Div_8x8_U
0x012E	0x0878      	MOVF       R8, 0
0x012F	0x00F0      	MOVWF      R0
0x0130	0x3030      	MOVLW      48
0x0131	0x07F0      	ADDWF      R0, 1
0x0132	0x083C      	MOVF       FLOC__ByteToStr, 0
0x0133	0x0084      	MOVWF      FSR
0x0134	0x0870      	MOVF       R0, 0
0x0135	0x0080      	MOVWF      INDF
;__Lib_Conversions.mpas,38 :: 		
0x0136	0x300A      	MOVLW      10
0x0137	0x00F4      	MOVWF      R4
0x0138	0x0839      	MOVF       FARG_ByteToStr_input, 0
0x0139	0x00F0      	MOVWF      R0
0x013A	0x20BA      	CALL       _Div_8x8_U
0x013B	0x0870      	MOVF       R0, 0
0x013C	0x00B9      	MOVWF      FARG_ByteToStr_input
;__Lib_Conversions.mpas,39 :: 		
0x013D	0x0870      	MOVF       R0, 0
0x013E	0x3A00      	XORLW      0
0x013F	0x1D03      	BTFSS      STATUS, 2
0x0140	0x2942      	GOTO       L__ByteToStr7
;__Lib_Conversions.mpas,40 :: 		
0x0141	0x2944      	GOTO       L__ByteToStr3
L__ByteToStr7:
;__Lib_Conversions.mpas,41 :: 		
0x0142	0x03BB      	DECF       ByteToStr_len, 1
;__Lib_Conversions.mpas,42 :: 		
0x0143	0x2924      	GOTO       L__ByteToStr2
L__ByteToStr3:
;__Lib_Conversions.mpas,43 :: 		
0x0144	0x0008      	RETURN
; end of _ByteToStr
_Byte2Double:
;__Lib_MathDouble.mpas,1734 :: 		
;__Lib_MathDouble.mpas,1741 :: 		
0x0145	0x1283      	BCF        STATUS, 5
;__Lib_MathDouble.mpas,1742 :: 		
0x0146	0x1303      	BCF        STATUS, 6
;__Lib_MathDouble.mpas,1744 :: 		
0x0147	0x0870      	MOVF       R0, 0
;__Lib_MathDouble.mpas,1745 :: 		
0x0148	0x00F8      	MOVWF      R8
;__Lib_MathDouble.mpas,1747 :: 		
0x0149	0x01FB      	CLRF       R11
;__Lib_MathDouble.mpas,1748 :: 		
0x014A	0x01FC      	CLRF       R12
;__Lib_MathDouble.mpas,1750 :: 		
0x014B	0x309E      	MOVLW      158
;__Lib_MathDouble.mpas,1751 :: 		
0x014C	0x00F3      	MOVWF      R3
;__Lib_MathDouble.mpas,1752 :: 		
0x014D	0x01FA      	CLRF       R10
;__Lib_MathDouble.mpas,1753 :: 		
0x014E	0x01F2      	CLRF       R2
;__Lib_MathDouble.mpas,1754 :: 		
0x014F	0x01F1      	CLRF       R1
;__Lib_MathDouble.mpas,1755 :: 		
0x0150	0x01F0      	CLRF       R0
;__Lib_MathDouble.mpas,1756 :: 		
0x0151	0x3002      	MOVLW      2
;__Lib_MathDouble.mpas,1757 :: 		
0x0152	0x00FC      	MOVWF      R12
;__Lib_MathDouble.mpas,1759 :: 		
0x0153	0x2028      	CALL       _NRM4032
;__Lib_MathDouble.mpas,1760 :: 		
0x0154	0x0008      	RETURN
; end of _Byte2Double
_PWM2_Start:
;__Lib_PWM_c21.mpas,69 :: 		
;__Lib_PWM_c21.mpas,70 :: 		
0x0155	0x1683      	BSF        STATUS, 5
0x0156	0x1303      	BCF        STATUS, 6
0x0157	0x1087      	BCF        TRISC1_bit, 1
;__Lib_PWM_c21.mpas,71 :: 		
0x0158	0x1283      	BCF        STATUS, 5
0x0159	0x1512      	BSF        TMR2ON_bit, 2
;__Lib_PWM_c21.mpas,72 :: 		
0x015A	0x300C      	MOVLW      12
0x015B	0x049D      	IORWF      CCP2CON, 1
;__Lib_PWM_c21.mpas,73 :: 		
0x015C	0x0008      	RETURN
; end of _PWM2_Start
_Adc_Read:
;__Lib_ADC_88X.mpas,13 :: 		
;__Lib_ADC_88X.mpas,14 :: 		
0x015D	0x30C0      	MOVLW      192
0x015E	0x1283      	BCF        STATUS, 5
0x015F	0x1303      	BCF        STATUS, 6
0x0160	0x009F      	MOVWF      ADCON0
;__Lib_ADC_88X.mpas,15 :: 		
0x0161	0x0839      	MOVF       FARG_Adc_Read_channel, 0
0x0162	0x00F0      	MOVWF      R0
0x0163	0x0DF0      	RLF        R0, 1
0x0164	0x1070      	BCF        R0, 0
0x0165	0x0DF0      	RLF        R0, 1
0x0166	0x1070      	BCF        R0, 0
0x0167	0x0870      	MOVF       R0, 0
0x0168	0x049F      	IORWF      ADCON0, 1
;__Lib_ADC_88X.mpas,16 :: 		
0x0169	0x1683      	BSF        STATUS, 5
0x016A	0x179F      	BSF        ADCON1, 7
;__Lib_ADC_88X.mpas,19 :: 		
0x016B	0x1283      	BCF        STATUS, 5
0x016C	0x141F      	BSF        ADCON0, 0
;__Lib_ADC_88X.mpas,22 :: 		
0x016D	0x20D5      	CALL       _Delay_22us
;__Lib_ADC_88X.mpas,25 :: 		
0x016E	0x149F      	BSF        ADCON0, 1
;__Lib_ADC_88X.mpas,28 :: 		
L__Adc_Read2:
0x016F	0x1C9F      	BTFSS      ADCON0, 1
0x0170	0x2973      	GOTO       L__Adc_Read3
0x0171	0x0000      	NOP
0x0172	0x296F      	GOTO       L__Adc_Read2
L__Adc_Read3:
;__Lib_ADC_88X.mpas,31 :: 		
0x0173	0x101F      	BCF        ADCON0, 0
;__Lib_ADC_88X.mpas,34 :: 		
0x0174	0x081E      	MOVF       ADRESH, 0
0x0175	0x00F3      	MOVWF      R3
0x0176	0x01F4      	CLRF       R3+1
0x0177	0x0873      	MOVF       R3, 0
0x0178	0x00F1      	MOVWF      R0+1
0x0179	0x01F0      	CLRF       R0
0x017A	0x1683      	BSF        STATUS, 5
0x017B	0x081E      	MOVF       ADRESL, 0
0x017C	0x0470      	IORWF      R0, 0
0x017D	0x1283      	BCF        STATUS, 5
0x017E	0x00BA      	MOVWF      Adc_Read_local_result
0x017F	0x0871      	MOVF       R0+1, 0
0x0180	0x00BB      	MOVWF      Adc_Read_local_result+1
0x0181	0x3000      	MOVLW      0
0x0182	0x04BB      	IORWF      Adc_Read_local_result+1, 1
;__Lib_ADC_88X.mpas,36 :: 		
0x0183	0x083A      	MOVF       Adc_Read_local_result, 0
0x0184	0x00F0      	MOVWF      R0
0x0185	0x083B      	MOVF       Adc_Read_local_result+1, 0
0x0186	0x00F1      	MOVWF      R0+1
0x0187	0x0008      	RETURN
; end of _Adc_Read
_Mul_32x32_FP:
;__Lib_MathDouble.mpas,586 :: 		
;__Lib_MathDouble.mpas,600 :: 		
0x0188	0x1283      	BCF        STATUS, 5
;__Lib_MathDouble.mpas,601 :: 		
0x0189	0x1303      	BCF        STATUS, 6
;__Lib_MathDouble.mpas,603 :: 		
0x018A	0x01FB      	CLRF       R11
;__Lib_MathDouble.mpas,604 :: 		
0x018B	0x0873      	MOVF       R3, 0
;__Lib_MathDouble.mpas,605 :: 		
0x018C	0x1D03      	BTFSS      STATUS, 2
;__Lib_MathDouble.mpas,606 :: 		
0x018D	0x0877      	MOVF       R7, 0
;__Lib_MathDouble.mpas,607 :: 		
0x018E	0x1903      	BTFSC      STATUS, 2
;__Lib_MathDouble.mpas,608 :: 		
0x018F	0x29DF      	GOTO       JPMRES032
;__Lib_MathDouble.mpas,610 :: 		
0x0190	0x0872      	MOVF       R2, 0
;__Lib_MathDouble.mpas,611 :: 		
0x0191	0x0676      	XORWF      R6, 0
;__Lib_MathDouble.mpas,612 :: 		
0x0192	0x00FA      	MOVWF      R10
;__Lib_MathDouble.mpas,613 :: 		
0x0193	0x0877      	MOVF       R7, 0
;__Lib_MathDouble.mpas,614 :: 		
0x0194	0x07F3      	ADDWF      R3, 1
;__Lib_MathDouble.mpas,615 :: 		
0x0195	0x307E      	MOVLW      126
;__Lib_MathDouble.mpas,616 :: 		
0x0196	0x1C03      	BTFSS      STATUS, 0
;__Lib_MathDouble.mpas,617 :: 		
0x0197	0x299C      	GOTO       MTUN32
;__Lib_MathDouble.mpas,618 :: 		
0x0198	0x02F3      	SUBWF      R3, 1
;__Lib_MathDouble.mpas,619 :: 		
0x0199	0x1803      	BTFSC      STATUS, 0
;__Lib_MathDouble.mpas,620 :: 		
0x019A	0x29E2      	GOTO       JPMSETFOV32
;__Lib_MathDouble.mpas,621 :: 		
0x019B	0x299F      	GOTO       MOK32
;__Lib_MathDouble.mpas,622 :: 		
MTUN32:
;__Lib_MathDouble.mpas,623 :: 		
0x019C	0x02F3      	SUBWF      R3, 1
;__Lib_MathDouble.mpas,624 :: 		
0x019D	0x1C03      	BTFSS      STATUS, 0
;__Lib_MathDouble.mpas,625 :: 		
0x019E	0x29E5      	GOTO       JPMSETFUN32
;__Lib_MathDouble.mpas,626 :: 		
MOK32:
;__Lib_MathDouble.mpas,627 :: 		
0x019F	0x0872      	MOVF       R2, 0
;__Lib_MathDouble.mpas,628 :: 		
0x01A0	0x00F8      	MOVWF      R8
;__Lib_MathDouble.mpas,629 :: 		
0x01A1	0x0871      	MOVF       R1, 0
;__Lib_MathDouble.mpas,630 :: 		
0x01A2	0x00FC      	MOVWF      R12
;__Lib_MathDouble.mpas,631 :: 		
0x01A3	0x0870      	MOVF       R0, 0
;__Lib_MathDouble.mpas,632 :: 		
0x01A4	0x00FD      	MOVWF      R13
;__Lib_MathDouble.mpas,633 :: 		
0x01A5	0x17F8      	BSF        R8, 7
;__Lib_MathDouble.mpas,634 :: 		
0x01A6	0x17F6      	BSF        R6, 7
;__Lib_MathDouble.mpas,635 :: 		
0x01A7	0x1003      	BCF        STATUS, 0
;__Lib_MathDouble.mpas,636 :: 		
0x01A8	0x01F2      	CLRF       R2
;__Lib_MathDouble.mpas,637 :: 		
0x01A9	0x01F1      	CLRF       R1
;__Lib_MathDouble.mpas,638 :: 		
0x01AA	0x01F0      	CLRF       R0
;__Lib_MathDouble.mpas,639 :: 		
0x01AB	0x3018      	MOVLW      24
;__Lib_MathDouble.mpas,640 :: 		
0x01AC	0x00A0      	MOVWF      __math_tempbD
;__Lib_MathDouble.mpas,641 :: 		
MLOOP32:
;__Lib_MathDouble.mpas,642 :: 		
0x01AD	0x1C7D      	BTFSS      R13, 0
;__Lib_MathDouble.mpas,643 :: 		
0x01AE	0x29B9      	GOTO       MNOADD32
;__Lib_MathDouble.mpas,645 :: 		
0x01AF	0x0874      	MOVF       R4, 0
;__Lib_MathDouble.mpas,646 :: 		
0x01B0	0x07F0      	ADDWF      R0, 1
;__Lib_MathDouble.mpas,647 :: 		
0x01B1	0x0875      	MOVF       R5, 0
;__Lib_MathDouble.mpas,648 :: 		
0x01B2	0x1803      	BTFSC      STATUS, 0
;__Lib_MathDouble.mpas,649 :: 		
0x01B3	0x0F75      	INCFSZ     R5, 0
;__Lib_MathDouble.mpas,650 :: 		
0x01B4	0x07F1      	ADDWF      R1, 1
;__Lib_MathDouble.mpas,651 :: 		
0x01B5	0x0876      	MOVF       R6, 0
;__Lib_MathDouble.mpas,652 :: 		
0x01B6	0x1803      	BTFSC      STATUS, 0
;__Lib_MathDouble.mpas,653 :: 		
0x01B7	0x0F76      	INCFSZ     R6, 0
;__Lib_MathDouble.mpas,654 :: 		
0x01B8	0x07F2      	ADDWF      R2, 1
;__Lib_MathDouble.mpas,655 :: 		
MNOADD32:
;__Lib_MathDouble.mpas,656 :: 		
0x01B9	0x0CF2      	RRF        R2, 1
;__Lib_MathDouble.mpas,657 :: 		
0x01BA	0x0CF1      	RRF        R1, 1
;__Lib_MathDouble.mpas,658 :: 		
0x01BB	0x0CF0      	RRF        R0, 1
;__Lib_MathDouble.mpas,659 :: 		
0x01BC	0x0CF8      	RRF        R8, 1
;__Lib_MathDouble.mpas,660 :: 		
0x01BD	0x0CFC      	RRF        R12, 1
;__Lib_MathDouble.mpas,661 :: 		
0x01BE	0x0CFD      	RRF        R13, 1
;__Lib_MathDouble.mpas,662 :: 		
0x01BF	0x1003      	BCF        STATUS, 0
;__Lib_MathDouble.mpas,663 :: 		
0x01C0	0x0BA0      	DECFSZ     __math_tempbD, 1
;__Lib_MathDouble.mpas,664 :: 		
0x01C1	0x29AD      	GOTO       MLOOP32
;__Lib_MathDouble.mpas,665 :: 		
0x01C2	0x1BF2      	BTFSC      R2, 7
;__Lib_MathDouble.mpas,666 :: 		
0x01C3	0x29C9      	GOTO       MROUND32
;__Lib_MathDouble.mpas,667 :: 		
0x01C4	0x0DF8      	RLF        R8, 1
;__Lib_MathDouble.mpas,668 :: 		
0x01C5	0x0DF0      	RLF        R0, 1
;__Lib_MathDouble.mpas,669 :: 		
0x01C6	0x0DF1      	RLF        R1, 1
;__Lib_MathDouble.mpas,670 :: 		
0x01C7	0x0DF2      	RLF        R2, 1
;__Lib_MathDouble.mpas,671 :: 		
0x01C8	0x03F3      	DECF       R3, 1
;__Lib_MathDouble.mpas,672 :: 		
MROUND32:
;__Lib_MathDouble.mpas,673 :: 		
0x01C9	0x1B7B      	BTFSC      R11, 6
;__Lib_MathDouble.mpas,674 :: 		
0x01CA	0x1C70      	BTFSS      R0, 0
;__Lib_MathDouble.mpas,675 :: 		
0x01CB	0x29DB      	GOTO       MUL32OK
;__Lib_MathDouble.mpas,676 :: 		
0x01CC	0x1FF8      	BTFSS      R8, 7
;__Lib_MathDouble.mpas,677 :: 		
0x01CD	0x29DB      	GOTO       MUL32OK
;__Lib_MathDouble.mpas,678 :: 		
0x01CE	0x0AF0      	INCF       R0, 1
;__Lib_MathDouble.mpas,679 :: 		
0x01CF	0x1903      	BTFSC      STATUS, 2
;__Lib_MathDouble.mpas,680 :: 		
0x01D0	0x0AF1      	INCF       R1, 1
;__Lib_MathDouble.mpas,681 :: 		
0x01D1	0x1903      	BTFSC      STATUS, 2
;__Lib_MathDouble.mpas,682 :: 		
0x01D2	0x0AF2      	INCF       R2, 1
;__Lib_MathDouble.mpas,683 :: 		
0x01D3	0x1D03      	BTFSS      STATUS, 2
;__Lib_MathDouble.mpas,684 :: 		
0x01D4	0x29DB      	GOTO       MUL32OK
;__Lib_MathDouble.mpas,685 :: 		
0x01D5	0x0CF2      	RRF        R2, 1
;__Lib_MathDouble.mpas,686 :: 		
0x01D6	0x0CF1      	RRF        R1, 1
;__Lib_MathDouble.mpas,687 :: 		
0x01D7	0x0CF0      	RRF        R0, 1
;__Lib_MathDouble.mpas,688 :: 		
0x01D8	0x0AF3      	INCF       R3, 1
;__Lib_MathDouble.mpas,689 :: 		
0x01D9	0x1903      	BTFSC      STATUS, 2
;__Lib_MathDouble.mpas,690 :: 		
0x01DA	0x29E2      	GOTO       JPMSETFOV32
;__Lib_MathDouble.mpas,691 :: 		
MUL32OK:
;__Lib_MathDouble.mpas,692 :: 		
0x01DB	0x1FFA      	BTFSS      R10, 7
;__Lib_MathDouble.mpas,693 :: 		
0x01DC	0x13F2      	BCF        R2, 7
;__Lib_MathDouble.mpas,694 :: 		
0x01DD	0x3000      	MOVLW      0
;__Lib_MathDouble.mpas,696 :: 		
0x01DE	0x29E7      	GOTO       MUL32EEE
;__Lib_MathDouble.mpas,697 :: 		
JPMRES032:
;__Lib_MathDouble.mpas,698 :: 		
0x01DF	0x3001      	MOVLW      1
;__Lib_MathDouble.mpas,701 :: 		
0x01E0	0x2005      	CALL       _RES032
;__Lib_MathDouble.mpas,703 :: 		
0x01E1	0x29E7      	GOTO       MUL32EEE
;__Lib_MathDouble.mpas,704 :: 		
JPMSETFOV32:
;__Lib_MathDouble.mpas,705 :: 		
0x01E2	0x3002      	MOVLW      2
;__Lib_MathDouble.mpas,708 :: 		
0x01E3	0x200C      	CALL       _SETFOV32
;__Lib_MathDouble.mpas,710 :: 		
0x01E4	0x29E7      	GOTO       MUL32EEE
;__Lib_MathDouble.mpas,711 :: 		
JPMSETFUN32:
;__Lib_MathDouble.mpas,712 :: 		
0x01E5	0x3004      	MOVLW      4
;__Lib_MathDouble.mpas,715 :: 		
0x01E6	0x201C      	CALL       _SETFUN32
;__Lib_MathDouble.mpas,717 :: 		
MUL32EEE:
;__Lib_MathDouble.mpas,718 :: 		
0x01E7	0x0000      	NOP
;__Lib_MathDouble.mpas,720 :: 		
0x01E8	0x0008      	RETURN
; end of _Mul_32x32_FP
_Double2Byte:
;__Lib_MathDouble.mpas,1626 :: 		
;__Lib_MathDouble.mpas,1633 :: 		
0x01E9	0x1283      	BCF        STATUS, 5
;__Lib_MathDouble.mpas,1634 :: 		
0x01EA	0x1303      	BCF        STATUS, 6
;__Lib_MathDouble.mpas,1636 :: 		
0x01EB	0x01FB      	CLRF       R11
;__Lib_MathDouble.mpas,1637 :: 		
0x01EC	0x01FC      	CLRF       R12
;__Lib_MathDouble.mpas,1638 :: 		
0x01ED	0x01FA      	CLRF       R10
;__Lib_MathDouble.mpas,1640 :: 		
0x01EE	0x0873      	MOVF       R3, 0
;__Lib_MathDouble.mpas,1641 :: 		
0x01EF	0x1903      	BTFSC      STATUS, 2
;__Lib_MathDouble.mpas,1642 :: 		
0x01F0	0x2A16      	GOTO       IRES008
;__Lib_MathDouble.mpas,1644 :: 		
0x01F1	0x13FA      	BCF        R10, 7
;__Lib_MathDouble.mpas,1645 :: 		
0x01F2	0x17F2      	BSF        R2, 7
;__Lib_MathDouble.mpas,1647 :: 		
0x01F3	0x3086      	MOVLW      134
;__Lib_MathDouble.mpas,1648 :: 		
0x01F4	0x02F3      	SUBWF      R3, 1
;__Lib_MathDouble.mpas,1649 :: 		
0x01F5	0x1BF3      	BTFSC      R3, 7
;__Lib_MathDouble.mpas,1650 :: 		
0x01F6	0x29FA      	GOTO       SETEXP08
;__Lib_MathDouble.mpas,1651 :: 		
0x01F7	0x1903      	BTFSC      STATUS, 2
;__Lib_MathDouble.mpas,1652 :: 		
0x01F8	0x29FA      	GOTO       SETEXP08
;__Lib_MathDouble.mpas,1653 :: 		
0x01F9	0x2A18      	GOTO       SETIOV08
;__Lib_MathDouble.mpas,1654 :: 		
SETEXP08:
;__Lib_MathDouble.mpas,1655 :: 		
0x01FA	0x09F3      	COMF       R3, 1
;__Lib_MathDouble.mpas,1656 :: 		
0x01FB	0x0AF3      	INCF       R3, 1
;__Lib_MathDouble.mpas,1658 :: 		
0x01FC	0x3008      	MOVLW      8
;__Lib_MathDouble.mpas,1659 :: 		
0x01FD	0x0273      	SUBWF      R3, 0
;__Lib_MathDouble.mpas,1660 :: 		
0x01FE	0x1C03      	BTFSS      STATUS, 0
;__Lib_MathDouble.mpas,1661 :: 		
0x01FF	0x2A07      	GOTO       TSHIFT3208
;__Lib_MathDouble.mpas,1662 :: 		
0x0200	0x00F3      	MOVWF      R3
;__Lib_MathDouble.mpas,1663 :: 		
0x0201	0x0DF2      	RLF        R2, 1
;__Lib_MathDouble.mpas,1664 :: 		
0x0202	0x01F2      	CLRF       R2
;__Lib_MathDouble.mpas,1666 :: 		
0x0203	0x0873      	MOVF       R3, 0
;__Lib_MathDouble.mpas,1667 :: 		
0x0204	0x1D03      	BTFSS      STATUS, 2
;__Lib_MathDouble.mpas,1668 :: 		
0x0205	0x1003      	BCF        STATUS, 0
;__Lib_MathDouble.mpas,1669 :: 		
0x0206	0x2A0E      	GOTO       SHIFT3208OK
;__Lib_MathDouble.mpas,1670 :: 		
TSHIFT3208:
;__Lib_MathDouble.mpas,1671 :: 		
0x0207	0x0873      	MOVF       R3, 0
;__Lib_MathDouble.mpas,1672 :: 		
0x0208	0x1903      	BTFSC      STATUS, 2
;__Lib_MathDouble.mpas,1673 :: 		
0x0209	0x2A0E      	GOTO       SHIFT3208OK
;__Lib_MathDouble.mpas,1674 :: 		
SHIFT3208:
;__Lib_MathDouble.mpas,1675 :: 		
0x020A	0x1003      	BCF        STATUS, 0
;__Lib_MathDouble.mpas,1676 :: 		
0x020B	0x0CF2      	RRF        R2, 1
;__Lib_MathDouble.mpas,1677 :: 		
0x020C	0x0BF3      	DECFSZ     R3, 1
;__Lib_MathDouble.mpas,1678 :: 		
0x020D	0x2A0A      	GOTO       SHIFT3208
;__Lib_MathDouble.mpas,1679 :: 		
SHIFT3208OK:
;__Lib_MathDouble.mpas,1680 :: 		
0x020E	0x1B7B      	BTFSC      R11, 6
;__Lib_MathDouble.mpas,1681 :: 		
0x020F	0x1C72      	BTFSS      R2, 0
;__Lib_MathDouble.mpas,1682 :: 		
0x0210	0x2A16      	GOTO       INT3208OK
;__Lib_MathDouble.mpas,1683 :: 		
0x0211	0x1C03      	BTFSS      STATUS, 0
;__Lib_MathDouble.mpas,1684 :: 		
0x0212	0x2A16      	GOTO       INT3208OK
;__Lib_MathDouble.mpas,1685 :: 		
0x0213	0x0AF2      	INCF       R2, 1
;__Lib_MathDouble.mpas,1686 :: 		
0x0214	0x1903      	BTFSC      STATUS, 2
;__Lib_MathDouble.mpas,1687 :: 		
0x0215	0x2A1D      	GOTO       D2B_JPKSETIOV3224
;__Lib_MathDouble.mpas,1688 :: 		
INT3208OK:
;__Lib_MathDouble.mpas,1689 :: 		
IRES008:
;__Lib_MathDouble.mpas,1690 :: 		
0x0216	0x01F1      	CLRF       R1
;__Lib_MathDouble.mpas,1691 :: 		
0x0217	0x2A20      	GOTO       INT3208EOK
;__Lib_MathDouble.mpas,1692 :: 		
SETIOV08:
;__Lib_MathDouble.mpas,1693 :: 		
0x0218	0x147B      	BSF        R11, 0
;__Lib_MathDouble.mpas,1694 :: 		
0x0219	0x1FFB      	BTFSS      R11, 7
;__Lib_MathDouble.mpas,1695 :: 		
0x021A	0x2A23      	GOTO       INT3208EER
;__Lib_MathDouble.mpas,1697 :: 		
0x021B	0x01F1      	CLRF       R1
;__Lib_MathDouble.mpas,1698 :: 		
0x021C	0x2A23      	GOTO       INT3208EER
;__Lib_MathDouble.mpas,1699 :: 		
D2B_JPKSETIOV3224:
;__Lib_MathDouble.mpas,1700 :: 		
0x021D	0x3001      	MOVLW      1
;__Lib_MathDouble.mpas,1701 :: 		
0x021E	0x00FC      	MOVWF      R12
;__Lib_MathDouble.mpas,1702 :: 		
0x021F	0x2A25      	GOTO       INT3208EEE
;__Lib_MathDouble.mpas,1703 :: 		
INT3208EOK:
;__Lib_MathDouble.mpas,1704 :: 		
0x0220	0x3000      	MOVLW      0
;__Lib_MathDouble.mpas,1705 :: 		
0x0221	0x00FC      	MOVWF      R12
;__Lib_MathDouble.mpas,1706 :: 		
0x0222	0x2A25      	GOTO       INT3208EEE
;__Lib_MathDouble.mpas,1707 :: 		
INT3208EER:
;__Lib_MathDouble.mpas,1708 :: 		
0x0223	0x30FF      	MOVLW      255
;__Lib_MathDouble.mpas,1709 :: 		
0x0224	0x00FC      	MOVWF      R12
;__Lib_MathDouble.mpas,1710 :: 		
INT3208EEE:
;__Lib_MathDouble.mpas,1713 :: 		
0x0225	0x08FC      	MOVF       R12, 1
;__Lib_MathDouble.mpas,1715 :: 		
0x0226	0x1903      	BTFSC      STATUS, 2
;__Lib_MathDouble.mpas,1716 :: 		
0x0227	0x2A29      	GOTO       L_Double2Byte_0
;__Lib_MathDouble.mpas,1718 :: 		
0x0228	0x20AD      	CALL       _SETIOV3224
;__Lib_MathDouble.mpas,1720 :: 		
L_Double2Byte_0:
;__Lib_MathDouble.mpas,1721 :: 		
0x0229	0x0872      	MOVF       R2, 0
;__Lib_MathDouble.mpas,1722 :: 		
0x022A	0x00F0      	MOVWF      R0
;__Lib_MathDouble.mpas,1725 :: 		
0x022B	0x0008      	RETURN
; end of _Double2Byte
_PWM2_Init:
;__Lib_PWM_c21.mpas,50 :: 		
;__Lib_PWM_c21.mpas,52 :: 		
0x022C	0x1283      	BCF        STATUS, 5
0x022D	0x1303      	BCF        STATUS, 6
0x022E	0x019B      	CLRF       CCPR2L
;__Lib_PWM_c21.mpas,53 :: 		
0x022F	0x121D      	BCF        CCP2Y_bit, 4
;__Lib_PWM_c21.mpas,54 :: 		
0x0230	0x129D      	BCF        CCP2X_bit, 5
;__Lib_PWM_c21.mpas,55 :: 		
0x0231	0x0008      	RETURN
; end of _PWM2_Init
_PWM1_Start:
;__Lib_PWM_c21.mpas,34 :: 		
;__Lib_PWM_c21.mpas,35 :: 		
0x0232	0x1683      	BSF        STATUS, 5
0x0233	0x1303      	BCF        STATUS, 6
0x0234	0x1107      	BCF        TRISC2_bit, 2
;__Lib_PWM_c21.mpas,36 :: 		
0x0235	0x1283      	BCF        STATUS, 5
0x0236	0x1512      	BSF        TMR2ON_bit, 2
;__Lib_PWM_c21.mpas,37 :: 		
0x0237	0x300C      	MOVLW      12
0x0238	0x0497      	IORWF      CCP1CON, 1
;__Lib_PWM_c21.mpas,38 :: 		
0x0239	0x0008      	RETURN
; end of _PWM1_Start
_UART1_Data_Ready:
;__Lib_UART_c67.mpas,46 :: 		
;__Lib_UART_c67.mpas,47 :: 		
0x023A	0x3000      	MOVLW      0
0x023B	0x1283      	BCF        STATUS, 5
0x023C	0x1303      	BCF        STATUS, 6
0x023D	0x1A8C      	BTFSC      PIR1, 5
0x023E	0x3001      	MOVLW      1
0x023F	0x00F1      	MOVWF      R1
;__Lib_UART_c67.mpas,48 :: 		
0x0240	0x0871      	MOVF       R1, 0
0x0241	0x00F0      	MOVWF      R0
0x0242	0x0008      	RETURN
; end of _UART1_Data_Ready
_PWM1_Stop:
;__Lib_PWM_c21.mpas,41 :: 		
;__Lib_PWM_c21.mpas,42 :: 		
0x0243	0x1683      	BSF        STATUS, 5
0x0244	0x1303      	BCF        STATUS, 6
0x0245	0x1507      	BSF        TRISC2_bit, 2
;__Lib_PWM_c21.mpas,43 :: 		
0x0246	0x1283      	BCF        STATUS, 5
0x0247	0x1112      	BCF        TMR2ON_bit, 2
;__Lib_PWM_c21.mpas,44 :: 		
0x0248	0x30F0      	MOVLW      240
0x0249	0x0597      	ANDWF      CCP1CON, 1
;__Lib_PWM_c21.mpas,45 :: 		
0x024A	0x0008      	RETURN
; end of _PWM1_Stop
_PWM1_Set_Duty:
;__Lib_PWM_c21.mpas,25 :: 		
;__Lib_PWM_c21.mpas,26 :: 		
0x024B	0x1683      	BSF        STATUS, 5
0x024C	0x1303      	BCF        STATUS, 6
0x024D	0x0812      	MOVF       PR2, 0
0x024E	0x00F0      	MOVWF      R0
0x024F	0x01F1      	CLRF       R0+1
0x0250	0x0AF0      	INCF       R0, 1
0x0251	0x1903      	BTFSC      STATUS, 2
0x0252	0x0AF1      	INCF       R0+1, 1
0x0253	0x1283      	BCF        STATUS, 5
0x0254	0x0839      	MOVF       FARG_PWM1_Set_Duty_new_duty, 0
0x0255	0x00F4      	MOVWF      R4
0x0256	0x01F5      	CLRF       R4+1
0x0257	0x2082      	CALL       _Mul_16x16_U
0x0258	0x3006      	MOVLW      6
0x0259	0x00F2      	MOVWF      R2
0x025A	0x0870      	MOVF       R0, 0
0x025B	0x00F4      	MOVWF      R4
0x025C	0x0871      	MOVF       R0+1, 0
0x025D	0x00F5      	MOVWF      R4+1
0x025E	0x0872      	MOVF       R2, 0
L__PWM1_Set_Duty8:
0x025F	0x1903      	BTFSC      STATUS, 2
0x0260	0x2A66      	GOTO       L__PWM1_Set_Duty9
0x0261	0x0CF5      	RRF        R4+1, 1
0x0262	0x0CF4      	RRF        R4, 1
0x0263	0x13F5      	BCF        R4+1, 7
0x0264	0x3EFF      	ADDLW      255
0x0265	0x2A5F      	GOTO       L__PWM1_Set_Duty8
L__PWM1_Set_Duty9:
;__Lib_PWM_c21.mpas,27 :: 		
0x0266	0x3004      	MOVLW      4
0x0267	0x00F1      	MOVWF      R1
0x0268	0x0874      	MOVF       R4, 0
0x0269	0x00F0      	MOVWF      R0
0x026A	0x0871      	MOVF       R1, 0
L__PWM1_Set_Duty10:
0x026B	0x1903      	BTFSC      STATUS, 2
0x026C	0x2A71      	GOTO       L__PWM1_Set_Duty11
0x026D	0x0DF0      	RLF        R0, 1
0x026E	0x1070      	BCF        R0, 0
0x026F	0x3EFF      	ADDLW      255
0x0270	0x2A6B      	GOTO       L__PWM1_Set_Duty10
L__PWM1_Set_Duty11:
0x0271	0x1283      	BCF        STATUS, 5
0x0272	0x1303      	BCF        STATUS, 6
0x0273	0x3030      	MOVLW      48
0x0274	0x0570      	ANDWF      R0, 0
0x0275	0x00F3      	MOVWF      R3
;__Lib_PWM_c21.mpas,28 :: 		
0x0276	0x0874      	MOVF       R4, 0
0x0277	0x00F0      	MOVWF      R0
0x0278	0x0875      	MOVF       R4+1, 0
0x0279	0x00F1      	MOVWF      R0+1
0x027A	0x0CF1      	RRF        R0+1, 1
0x027B	0x0CF0      	RRF        R0, 1
0x027C	0x13F1      	BCF        R0+1, 7
0x027D	0x0CF1      	RRF        R0+1, 1
0x027E	0x0CF0      	RRF        R0, 1
0x027F	0x13F1      	BCF        R0+1, 7
0x0280	0x0870      	MOVF       R0, 0
0x0281	0x0095      	MOVWF      CCPR1L
;__Lib_PWM_c21.mpas,29 :: 		
0x0282	0x300F      	MOVLW      15
0x0283	0x0597      	ANDWF      CCP1CON, 1
;__Lib_PWM_c21.mpas,30 :: 		
0x0284	0x0873      	MOVF       R3, 0
0x0285	0x0497      	IORWF      CCP1CON, 1
;__Lib_PWM_c21.mpas,31 :: 		
0x0286	0x0008      	RETURN
; end of _PWM1_Set_Duty
_main:
;Adquisicion.mbas,55 :: 		main:
;Adquisicion.mbas,56 :: 		OPTION_REG=%11000000
0x0287	0x30C0      	MOVLW      192
0x0288	0x1683      	BSF        STATUS, 5
0x0289	0x1303      	BCF        STATUS, 6
0x028A	0x0081      	MOVWF      OPTION_REG
;Adquisicion.mbas,57 :: 		INTCON = %11010000       ' Enable external interrupts bit(7) and bit(6) de permiso q no se controlan con INTCON
0x028B	0x30D0      	MOVLW      208
0x028C	0x008B      	MOVWF      INTCON
;Adquisicion.mbas,58 :: 		T1CON = $30
0x028D	0x3030      	MOVLW      48
0x028E	0x1283      	BCF        STATUS, 5
0x028F	0x0090      	MOVWF      T1CON
;Adquisicion.mbas,59 :: 		PIR1.TMR1IF = 0            ' clear TMR1IF
0x0290	0x100C      	BCF        PIR1, 0
;Adquisicion.mbas,60 :: 		TMR1H = $0B                ' initialize Timer1 register
0x0291	0x300B      	MOVLW      11
0x0292	0x008F      	MOVWF      TMR1H
;Adquisicion.mbas,61 :: 		TMR1L = $DB
0x0293	0x30DB      	MOVLW      219
0x0294	0x008E      	MOVWF      TMR1L
;Adquisicion.mbas,62 :: 		PIE1.TMR1IE  = 1         ' enable Timer1 interrupt
0x0295	0x1683      	BSF        STATUS, 5
0x0296	0x140C      	BSF        PIE1, 0
;Adquisicion.mbas,65 :: 		ANSEL =  %00000001           'REGISTRO CONFIG. O DIGITAL, 1 ANALOGICO
0x0297	0x3001      	MOVLW      1
0x0298	0x1703      	BSF        STATUS, 6
0x0299	0x0088      	MOVWF      ANSEL
;Adquisicion.mbas,66 :: 		ANSELH = %00000000           'REGISTRO CONFIG. O DIGITAL, 1 ANALOGICO
0x029A	0x0189      	CLRF       ANSELH
;Adquisicion.mbas,69 :: 		trisa  = %00000001           ' Configuracion IN/OUT PORTA
0x029B	0x3001      	MOVLW      1
0x029C	0x1303      	BCF        STATUS, 6
0x029D	0x0085      	MOVWF      TRISA
;Adquisicion.mbas,70 :: 		trisb  = %00000001           ' Configuracion IN/OUT PORTB
0x029E	0x3001      	MOVLW      1
0x029F	0x0086      	MOVWF      TRISB
;Adquisicion.mbas,71 :: 		trisc  = %10000000           ' Configuracion IN/OUT PORTC
0x02A0	0x3080      	MOVLW      128
0x02A1	0x0087      	MOVWF      TRISC
;Adquisicion.mbas,74 :: 		PORTA  = %00000000           ' Inicializacion PORTA
0x02A2	0x1283      	BCF        STATUS, 5
0x02A3	0x0185      	CLRF       PORTA
;Adquisicion.mbas,75 :: 		PORTC  = %00000000           ' Inicializacion PORTC
0x02A4	0x0187      	CLRF       PORTC
;Adquisicion.mbas,78 :: 		Uart1_Init(9600)                 ' Initialize USART module
0x02A5	0x3019      	MOVLW      25
0x02A6	0x1683      	BSF        STATUS, 5
0x02A7	0x0099      	MOVWF      SPBRG
0x02A8	0x1518      	BSF        TXSTA, 2
0x02A9	0x20DA      	CALL       _UART1_Init
;Adquisicion.mbas,80 :: 		PWM1_Init(5000)                    ' Initialize PWM1 module at 5KHz
0x02AA	0x1012      	BCF        T2CON, 0
0x02AB	0x1092      	BCF        T2CON, 1
0x02AC	0x1012      	BCF        T2CON, 0
0x02AD	0x1092      	BCF        T2CON, 1
0x02AE	0x30C7      	MOVLW      199
0x02AF	0x1683      	BSF        STATUS, 5
0x02B0	0x0092      	MOVWF      PR2
0x02B1	0x20EA      	CALL       _PWM1_Init
;Adquisicion.mbas,81 :: 		PWM2_Init(5000)                    ' Initialize PWM2 module at 5KHz
0x02B2	0x1012      	BCF        T2CON, 0
0x02B3	0x1092      	BCF        T2CON, 1
0x02B4	0x1012      	BCF        T2CON, 0
0x02B5	0x1092      	BCF        T2CON, 1
0x02B6	0x30C7      	MOVLW      199
0x02B7	0x1683      	BSF        STATUS, 5
0x02B8	0x0092      	MOVWF      PR2
0x02B9	0x222C      	CALL       _PWM2_Init
;Adquisicion.mbas,83 :: 		PWM1_Start()                       ' start PWM1
0x02BA	0x2232      	CALL       _PWM1_Start
;Adquisicion.mbas,84 :: 		PWM2_Start()                       ' start PWM2
0x02BB	0x2155      	CALL       _PWM2_Start
;Adquisicion.mbas,85 :: 		inicio=1
0x02BC	0x3001      	MOVLW      1
0x02BD	0x00A6      	MOVWF      _inicio
;Adquisicion.mbas,86 :: 		modo=2 ''modo manual
0x02BE	0x3002      	MOVLW      2
0x02BF	0x00A7      	MOVWF      _modo
;Adquisicion.mbas,88 :: 		while true
L__main12:
;Adquisicion.mbas,89 :: 		if (UART1_Data_Ready() = 1) then
0x02C0	0x223A      	CALL       _UART1_Data_Ready
0x02C1	0x0870      	MOVF       R0, 0
0x02C2	0x3A01      	XORLW      1
0x02C3	0x1D03      	BTFSS      STATUS, 2
0x02C4	0x2AF3      	GOTO       L__main17
;Adquisicion.mbas,90 :: 		receive = UART1_Read()
0x02C5	0x20F0      	CALL       _UART1_Read
0x02C6	0x0870      	MOVF       R0, 0
0x02C7	0x00A5      	MOVWF      _receive
;Adquisicion.mbas,95 :: 		if receive= 109 then '' m - me envian modo manual
0x02C8	0x0870      	MOVF       R0, 0
0x02C9	0x3A6D      	XORLW      109
0x02CA	0x1D03      	BTFSS      STATUS, 2
0x02CB	0x2AE3      	GOTO       L__main20
;Adquisicion.mbas,96 :: 		analogico = Adc_Read(0)>>2
0x02CC	0x01B9      	CLRF       FARG_Adc_Read_channel
0x02CD	0x215D      	CALL       _Adc_Read
0x02CE	0x0870      	MOVF       R0, 0
0x02CF	0x00A2      	MOVWF      _analogico
0x02D0	0x0871      	MOVF       R0+1, 0
0x02D1	0x00A3      	MOVWF      _analogico+1
0x02D2	0x0CA3      	RRF        _analogico+1, 1
0x02D3	0x0CA2      	RRF        _analogico, 1
0x02D4	0x13A3      	BCF        _analogico+1, 7
0x02D5	0x0CA3      	RRF        _analogico+1, 1
0x02D6	0x0CA2      	RRF        _analogico, 1
0x02D7	0x13A3      	BCF        _analogico+1, 7
;Adquisicion.mbas,97 :: 		delay_ms(5)
0x02D8	0x3007      	MOVLW      7
0x02D9	0x00FC      	MOVWF      R12
0x02DA	0x307D      	MOVLW      125
0x02DB	0x00FD      	MOVWF      R13
L__main22:
0x02DC	0x0BFD      	DECFSZ     R13, 1
0x02DD	0x2ADC      	GOTO       L__main22
0x02DE	0x0BFC      	DECFSZ     R12, 1
0x02DF	0x2ADC      	GOTO       L__main22
;Adquisicion.mbas,98 :: 		Velocidad=analogico
0x02E0	0x0822      	MOVF       _analogico, 0
0x02E1	0x00A4      	MOVWF      _Velocidad
0x02E2	0x2AF3      	GOTO       L__main21
;Adquisicion.mbas,100 :: 		else
L__main20:
;Adquisicion.mbas,101 :: 		Velocidad=(receive - 48)*28.33
0x02E3	0x3030      	MOVLW      48
0x02E4	0x0225      	SUBWF      _receive, 0
0x02E5	0x00F0      	MOVWF      R0
0x02E6	0x2145      	CALL       _Byte2Double
0x02E7	0x30D7      	MOVLW      215
0x02E8	0x00F4      	MOVWF      R4
0x02E9	0x30A3      	MOVLW      163
0x02EA	0x00F5      	MOVWF      R4+1
0x02EB	0x3062      	MOVLW      98
0x02EC	0x00F6      	MOVWF      R4+2
0x02ED	0x3083      	MOVLW      131
0x02EE	0x00F7      	MOVWF      R4+3
0x02EF	0x2188      	CALL       _Mul_32x32_FP
0x02F0	0x21E9      	CALL       _Double2Byte
0x02F1	0x0870      	MOVF       R0, 0
0x02F2	0x00A4      	MOVWF      _Velocidad
;Adquisicion.mbas,102 :: 		end if
L__main21:
L__main17:
;Adquisicion.mbas,114 :: 		if Velocidad >=250 then
0x02F3	0x30FA      	MOVLW      250
0x02F4	0x0224      	SUBWF      _Velocidad, 0
0x02F5	0x1C03      	BTFSS      STATUS, 0
0x02F6	0x2AF9      	GOTO       L__main24
;Adquisicion.mbas,115 :: 		PWM1_Stop()
0x02F7	0x2243      	CALL       _PWM1_Stop
0x02F8	0x2AFA      	GOTO       L__main25
;Adquisicion.mbas,116 :: 		else
L__main24:
;Adquisicion.mbas,117 :: 		PWM1_Start()
0x02F9	0x2232      	CALL       _PWM1_Start
;Adquisicion.mbas,118 :: 		end if
L__main25:
;Adquisicion.mbas,119 :: 		PWM1_Set_Duty(Velocidad)
0x02FA	0x0824      	MOVF       _Velocidad, 0
0x02FB	0x00B9      	MOVWF      FARG_PWM1_Set_Duty_new_duty
0x02FC	0x224B      	CALL       _PWM1_Set_Duty
;Adquisicion.mbas,120 :: 		PORTA=255-Velocidad
0x02FD	0x0824      	MOVF       _Velocidad, 0
0x02FE	0x3CFF      	SUBLW      255
0x02FF	0x0085      	MOVWF      PORTA
;Adquisicion.mbas,121 :: 		ByteToStr(Frecuencia,tx_f)
0x0300	0x082F      	MOVF       _Frecuencia, 0
0x0301	0x00B9      	MOVWF      FARG_ByteToStr_input
0x0302	0x3031      	MOVLW      _tx_f
0x0303	0x00BA      	MOVWF      FARG_ByteToStr_output
0x0304	0x2113      	CALL       _ByteToStr
;Adquisicion.mbas,122 :: 		ByteToStr(255-Velocidad,tx_v)
0x0305	0x0824      	MOVF       _Velocidad, 0
0x0306	0x3CFF      	SUBLW      255
0x0307	0x00B9      	MOVWF      FARG_ByteToStr_input
0x0308	0x302A      	MOVLW      _tx_v
0x0309	0x00BA      	MOVWF      FARG_ByteToStr_output
0x030A	0x2113      	CALL       _ByteToStr
;Adquisicion.mbas,123 :: 		UART1_Write(116)''t
0x030B	0x3074      	MOVLW      116
0x030C	0x00BD      	MOVWF      FARG_UART1_Write_data_
0x030D	0x20CB      	CALL       _UART1_Write
;Adquisicion.mbas,124 :: 		UART1_Write_Text(tx_v)
0x030E	0x302A      	MOVLW      _tx_v
0x030F	0x00B9      	MOVWF      FARG_UART1_Write_Text_uart_text
0x0310	0x20FD      	CALL       _UART1_Write_Text
;Adquisicion.mbas,125 :: 		UART1_Write(102)''f
0x0311	0x3066      	MOVLW      102
0x0312	0x00BD      	MOVWF      FARG_UART1_Write_data_
0x0313	0x20CB      	CALL       _UART1_Write
;Adquisicion.mbas,126 :: 		UART1_Write_Text(tx_f)
0x0314	0x3031      	MOVLW      _tx_f
0x0315	0x00B9      	MOVWF      FARG_UART1_Write_Text_uart_text
0x0316	0x20FD      	CALL       _UART1_Write_Text
;Adquisicion.mbas,127 :: 		UART1_Write(10)
0x0317	0x300A      	MOVLW      10
0x0318	0x00BD      	MOVWF      FARG_UART1_Write_data_
0x0319	0x20CB      	CALL       _UART1_Write
;Adquisicion.mbas,128 :: 		UART1_Write(13)
0x031A	0x300D      	MOVLW      13
0x031B	0x00BD      	MOVWF      FARG_UART1_Write_data_
0x031C	0x20CB      	CALL       _UART1_Write
;Adquisicion.mbas,129 :: 		delay_ms(50)
0x031D	0x3041      	MOVLW      65
0x031E	0x00FC      	MOVWF      R12
0x031F	0x30EE      	MOVLW      238
0x0320	0x00FD      	MOVWF      R13
L__main26:
0x0321	0x0BFD      	DECFSZ     R13, 1
0x0322	0x2B21      	GOTO       L__main26
0x0323	0x0BFC      	DECFSZ     R12, 1
0x0324	0x2B21      	GOTO       L__main26
0x0325	0x0000      	NOP
0x0326	0x2AC0      	GOTO       L__main12
;Adquisicion.mbas,132 :: 		wend
0x0327	0x2B27      	GOTO       $+0
; end of _main
Adquisicion_interrupt:
0x0328	0x00FF      	MOVWF      R15
0x0329	0x0E03      	SWAPF      STATUS, 0
0x032A	0x0183      	CLRF       STATUS
0x032B	0x00A8      	MOVWF      ___saveSTATUS
0x032C	0x080A      	MOVF       PCLATH, 0
0x032D	0x00A9      	MOVWF      ___savePCLATH
0x032E	0x018A      	CLRF       PCLATH
0x032F	0x0870      	MOVF       R0, 0
0x0330	0x00A1      	MOVWF      33
;Adquisicion.mbas,31 :: 		sub procedure interrupt                   ' Interrupt service routine
;Adquisicion.mbas,35 :: 		if INTCON.INTF = 1 then            ' External interupt (RB0 pin) ?
0x0331	0x1C8B      	BTFSS      INTCON, 1
0x0332	0x2B3E      	GOTO       L_Adquisicion_interrupt2
;Adquisicion.mbas,36 :: 		count = count+1
0x0333	0x0AB6      	INCF       _count, 1
0x0334	0x1903      	BTFSC      STATUS, 2
0x0335	0x0AB7      	INCF       _count+1, 1
;Adquisicion.mbas,37 :: 		if inicio=1 then
0x0336	0x0826      	MOVF       _inicio, 0
0x0337	0x3A01      	XORLW      1
0x0338	0x1D03      	BTFSS      STATUS, 2
0x0339	0x2B3D      	GOTO       L_Adquisicion_interrupt5
;Adquisicion.mbas,38 :: 		T1CON = $31
0x033A	0x3031      	MOVLW      49
0x033B	0x0090      	MOVWF      T1CON
;Adquisicion.mbas,39 :: 		inicio=0
0x033C	0x01A6      	CLRF       _inicio
L_Adquisicion_interrupt5:
;Adquisicion.mbas,41 :: 		INTCON.INTF = 0
0x033D	0x108B      	BCF        INTCON, 1
L_Adquisicion_interrupt2:
;Adquisicion.mbas,43 :: 		if  PIR1.TMR1IF = 1 then
0x033E	0x1C0C      	BTFSS      PIR1, 0
0x033F	0x2B50      	GOTO       L_Adquisicion_interrupt8
;Adquisicion.mbas,44 :: 		TMR1H = $0B
0x0340	0x300B      	MOVLW      11
0x0341	0x008F      	MOVWF      TMR1H
;Adquisicion.mbas,45 :: 		TMR1L = $DB
0x0342	0x30DB      	MOVLW      219
0x0343	0x008E      	MOVWF      TMR1L
;Adquisicion.mbas,46 :: 		Frecuencia = count*2
0x0344	0x0836      	MOVF       _count, 0
0x0345	0x00AF      	MOVWF      _Frecuencia
0x0346	0x0837      	MOVF       _count+1, 0
0x0347	0x00B0      	MOVWF      _Frecuencia+1
0x0348	0x0DAF      	RLF        _Frecuencia, 1
0x0349	0x0DB0      	RLF        _Frecuencia+1, 1
0x034A	0x102F      	BCF        _Frecuencia, 0
;Adquisicion.mbas,47 :: 		count =0
0x034B	0x01B6      	CLRF       _count
0x034C	0x01B7      	CLRF       _count+1
;Adquisicion.mbas,48 :: 		flanco=1
0x034D	0x3001      	MOVLW      1
0x034E	0x00B8      	MOVWF      _flanco
;Adquisicion.mbas,49 :: 		PIR1.TMR1IF = 0            ' clear TMR1IF
0x034F	0x100C      	BCF        PIR1, 0
L_Adquisicion_interrupt8:
;Adquisicion.mbas,51 :: 		end if
L_Adquisicion_interrupt27:
0x0350	0x0821      	MOVF       33, 0
0x0351	0x00F0      	MOVWF      R0
0x0352	0x0829      	MOVF       ___savePCLATH, 0
0x0353	0x008A      	MOVWF      PCLATH
0x0354	0x0E28      	SWAPF      ___saveSTATUS, 0
0x0355	0x0083      	MOVWF      STATUS
0x0356	0x0EFF      	SWAPF      R15, 1
0x0357	0x0E7F      	SWAPF      R15, 0
0x0358	0x0009      	RETFIE
; end of Adquisicion_interrupt
Symbol List:
//** Routines locations **
//ADDRESS    SIZE    PROCEDURE
//----------------------------------------------
0x0005       [7]    _RES032
0x000C      [12]    _SETFOV32
0x0018       [4]    _FIXSIGN32
0x001C      [12]    _SETFUN32
0x0028      [90]    _NRM4032
0x0082      [43]    _Mul_16x16_U
0x00AD      [13]    _SETIOV3224
0x00BA      [17]    _Div_8x8_U
0x00CB      [10]    _UART1_Write
0x00D5       [5]    _Delay_22us
0x00DA      [16]    _UART1_Init
0x00EA       [6]    _PWM1_Init
0x00F0      [13]    _UART1_Read
0x00FD      [22]    _UART1_Write_Text
0x0113      [50]    _ByteToStr
0x0145      [16]    _Byte2Double
0x0155       [8]    _PWM2_Start
0x015D      [43]    _Adc_Read
0x0188      [97]    _Mul_32x32_FP
0x01E9      [67]    _Double2Byte
0x022C       [6]    _PWM2_Init
0x0232       [8]    _PWM1_Start
0x023A       [9]    _UART1_Data_Ready
0x0243       [8]    _PWM1_Stop
0x024B      [60]    _PWM1_Set_Duty
0x0287     [161]    _main
0x0328      [49]    Adquisicion_interrupt
//** Variables locations ** 
//ADDRESS    SIZE    VARIABLE
//----------------------------------------------
0x0000       [1]    INDF
0x0001       [1]    TMR0
0x0002       [1]    PCL
0x0003       [0]    NOT_PD_bit
0x0003       [0]    NOT_TO_bit
0x0003       [0]    Z_bit
0x0003       [0]    DC_bit
0x0003       [0]    RP1_bit
0x0003       [0]    IRP_bit
0x0003       [0]    RP0_bit
0x0003       [0]    C_bit
0x0003       [1]    STATUS
0x0004       [1]    FSRPTR
0x0004       [1]    FSR
0x0005       [0]    RA5_bit
0x0005       [0]    RA1_bit
0x0005       [0]    RA2_bit
0x0005       [0]    RA3_bit
0x0005       [0]    RA4_bit
0x0005       [0]    RA0_bit
0x0005       [1]    PORTA
0x0005       [0]    RA7_bit
0x0005       [0]    RA6_bit
0x0006       [0]    RB4_bit
0x0006       [0]    RB1_bit
0x0006       [0]    RB3_bit
0x0006       [0]    RB0_bit
0x0006       [0]    RB6_bit
0x0006       [0]    RB7_bit
0x0006       [0]    RB5_bit
0x0006       [1]    PORTB
0x0006       [0]    RB2_bit
0x0007       [0]    RC5_bit
0x0007       [0]    RC2_bit
0x0007       [1]    PORTC
0x0007       [0]    RC7_bit
0x0007       [0]    RC0_bit
0x0007       [0]    RC1_bit
0x0007       [0]    RC6_bit
0x0007       [0]    RC3_bit
0x0007       [0]    RC4_bit
0x0009       [0]    RE3_bit
0x0009       [1]    PORTE
0x000A       [1]    PCLATH
0x000B       [0]    T0IE_bit
0x000B       [0]    GIE_bit
0x000B       [1]    INTCON
0x000B       [0]    PEIE_bit
0x000B       [0]    INTF_bit
0x000B       [0]    T0IF_bit
0x000B       [0]    TMR0IF_bit
0x000B       [0]    RBIE_bit
0x000B       [0]    TMR0IE_bit
0x000B       [0]    RBIF_bit
0x000B       [0]    INTE_bit
0x000C       [0]    CCP1IF_bit
0x000C       [0]    TMR2IF_bit
0x000C       [0]    TMR1IF_bit
0x000C       [0]    SSPIF_bit
0x000C       [0]    RCIF_bit
0x000C       [0]    ADIF_bit
0x000C       [1]    PIR1
0x000C       [0]    TXIF_bit
0x000D       [0]    C2IF_bit
0x000D       [0]    CCP2IF_bit
0x000D       [0]    EEIF_bit
0x000D       [0]    C1IF_bit
0x000D       [0]    BCLIF_bit
0x000D       [0]    ULPWUIF_bit
0x000D       [1]    PIR2
0x000D       [0]    OSFIF_bit
0x000E       [1]    TMR1L
0x000F       [1]    TMR1H
0x0010       [0]    T1GIV_bit
0x0010       [1]    T1CON
0x0010       [0]    T1CKPS1_bit
0x0010       [0]    TMR1GE_bit
0x0010       [0]    T1OSCEN_bit
0x0010       [0]    NOT_T1SYNC_bit
0x0010       [0]    T1SYNC_bit
0x0010       [0]    T1CKPS0_bit
0x0010       [0]    TMR1CS_bit
0x0010       [0]    TMR1ON_bit
0x0010       [0]    T1INSYNC_bit
0x0011       [1]    TMR2
0x0012       [1]    T2CON
0x0012       [0]    TOUTPS0_bit
0x0012       [0]    TOUTPS1_bit
0x0012       [0]    TOUTPS2_bit
0x0012       [0]    T2CKPS0_bit
0x0012       [0]    TMR2ON_bit
0x0012       [0]    T2CKPS1_bit
0x0012       [0]    TOUTPS3_bit
0x0013       [1]    SSPBUF
0x0014       [1]    SSPCON
0x0014       [0]    SSPEN_bit
0x0014       [0]    CKP_bit
0x0014       [0]    WCOL_bit
0x0014       [0]    SSPOV_bit
0x0014       [0]    SSPM1_bit
0x0014       [0]    SSPM0_bit
0x0014       [0]    SSPM3_bit
0x0014       [0]    SSPM2_bit
0x0015       [1]    CCPR1L
0x0016       [1]    CCPR1H
0x0017       [0]    CCP1M2_bit
0x0017       [0]    CCP1M3_bit
0x0017       [0]    CCP1M0_bit
0x0017       [0]    CCP1M1_bit
0x0017       [1]    CCP1CON
0x0017       [0]    DC1B1_bit
0x0017       [0]    P1M0_bit
0x0017       [0]    P1M1_bit
0x0017       [0]    CCP1Y_bit
0x0017       [0]    DC1B0_bit
0x0017       [0]    CCP1X_bit
0x0018       [0]    NOT_RC8_bit
0x0018       [0]    RC8_9_bit
0x0018       [0]    SREN_bit
0x0018       [0]    SPEN_bit
0x0018       [0]    RX9_bit
0x0018       [0]    RC9_bit
0x0018       [0]    OERR_bit
0x0018       [0]    RX9D_bit
0x0018       [0]    RCD8_bit
0x0018       [0]    CREN_bit
0x0018       [0]    ADDEN_bit
0x0018       [0]    FERR_bit
0x0018       [1]    RCSTA
0x0019       [1]    TXREG
0x001A       [1]    RCREG
0x001B       [1]    CCPR2L
0x001C       [1]    CCPR2H
0x001D       [1]    CCP2CON
0x001D       [0]    CCP2M2_bit
0x001D       [0]    CCP2M3_bit
0x001D       [0]    CCP2M0_bit
0x001D       [0]    CCP2M1_bit
0x001D       [0]    DC2B1_bit
0x001D       [0]    CCP2X_bit
0x001D       [0]    DC2B0_bit
0x001D       [0]    CCP2Y_bit
0x001E       [1]    ADRESH
0x001F       [0]    ADCS1_bit
0x001F       [0]    ADCS0_bit
0x001F       [0]    GO_DONE_bit
0x001F       [0]    NOT_DONE_bit
0x001F       [0]    CHS3_bit
0x001F       [0]    CHS0_bit
0x001F       [0]    GO_bit
0x001F       [0]    CHS2_bit
0x001F       [0]    CHS1_bit
0x001F       [1]    ADCON0
0x001F       [0]    ADON_bit
0x0020       [1]    __math_tempbD
0x0022       [2]    _analogico
0x0024       [1]    _Velocidad
0x0025       [1]    _receive
0x0026       [1]    _inicio
0x0027       [1]    _modo
0x0028       [1]    ___saveSTATUS
0x0029       [1]    ___savePCLATH
0x002A       [5]    _tx_v
0x002F       [2]    _Frecuencia
0x0031       [5]    _tx_f
0x0036       [2]    _count
0x0038       [1]    _flanco
0x0039       [4]    FARG_PWM1_Init_PWM_Freq
0x0039       [1]    FARG_PWM1_Set_Duty_new_duty
0x0039       [4]    FARG_PWM2_Init_PWM_Freq
0x0039       [1]    FARG_Adc_Read_channel
0x0039       [1]    FARG_ByteToStr_input
0x0039       [1]    FARG_UART1_Write_Text_uart_text
0x003A       [2]    Adc_Read_local_result
0x003A       [1]    FARG_ByteToStr_output
0x003A       [1]    UART1_Write_Text_counter
0x003B       [1]    ByteToStr_len
0x003B       [1]    UART1_Write_Text_data_
0x003C       [1]    FLOC__ByteToStr
0x003D       [1]    FARG_UART1_Write_data_
0x0070       [1]    R0
0x0071       [1]    R1
0x0072       [1]    R2
0x0073       [1]    R3
0x0074       [1]    R4
0x0075       [1]    R5
0x0076       [1]    R6
0x0077       [1]    R7
0x0078       [1]    R8
0x0079       [1]    R9
0x007A       [1]    R10
0x007B       [1]    R11
0x007C       [1]    R12
0x007D       [1]    R13
0x007E       [1]    R14
0x007F       [1]    R15
0x0081       [0]    T0CS_bit
0x0081       [0]    T0SE_bit
0x0081       [0]    NOT_RBPU_bit
0x0081       [0]    INTEDG_bit
0x0081       [0]    PS1_bit
0x0081       [0]    PS0_bit
0x0081       [0]    PSA_bit
0x0081       [0]    PS2_bit
0x0081       [1]    OPTION_REG
0x0085       [0]    TRISA2_bit
0x0085       [0]    TRISA3_bit
0x0085       [0]    TRISA0_bit
0x0085       [0]    TRISA1_bit
0x0085       [0]    TRISA4_bit
0x0085       [0]    TRISA7_bit
0x0085       [1]    TRISA
0x0085       [0]    TRISA5_bit
0x0085       [0]    TRISA6_bit
0x0086       [0]    TRISB1_bit
0x0086       [0]    TRISB2_bit
0x0086       [1]    TRISB
0x0086       [0]    TRISB0_bit
0x0086       [0]    TRISB3_bit
0x0086       [0]    TRISB5_bit
0x0086       [0]    TRISB4_bit
0x0086       [0]    TRISB7_bit
0x0086       [0]    TRISB6_bit
0x0087       [0]    TRISC0_bit
0x0087       [0]    TRISC2_bit
0x0087       [0]    TRISC1_bit
0x0087       [1]    TRISC
0x0087       [0]    TRISC3_bit
0x0087       [0]    TRISC5_bit
0x0087       [0]    TRISC4_bit
0x0087       [0]    TRISC7_bit
0x0087       [0]    TRISC6_bit
0x0089       [1]    TRISE
0x0089       [0]    TRISE3_bit
0x008C       [1]    PIE1
0x008C       [0]    ADIE_bit
0x008C       [0]    TMR1IE_bit
0x008C       [0]    TXIE_bit
0x008C       [0]    RCIE_bit
0x008C       [0]    SSPIE_bit
0x008C       [0]    TMR2IE_bit
0x008C       [0]    CCP1IE_bit
0x008D       [1]    PIE2
0x008D       [0]    OSFIE_bit
0x008D       [0]    EEIE_bit
0x008D       [0]    C1IE_bit
0x008D       [0]    C2IE_bit
0x008D       [0]    CCP2IE_bit
0x008D       [0]    ULPWUIE_bit
0x008D       [0]    BCLIE_bit
0x008E       [0]    NOT_BO_bit
0x008E       [0]    NOT_BOR_bit
0x008E       [0]    NOT_POR_bit
0x008E       [0]    ULPWUE_bit
0x008E       [0]    SBOREN_bit
0x008E       [1]    PCON
0x008F       [0]    IRCF0_bit
0x008F       [0]    IRCF1_bit
0x008F       [0]    IRCF2_bit
0x008F       [0]    OSTS_bit
0x008F       [0]    SCS_bit
0x008F       [0]    LTS_bit
0x008F       [0]    HTS_bit
0x008F       [1]    OSCCON
0x0090       [0]    TUN3_bit
0x0090       [0]    TUN4_bit
0x0090       [0]    TUN0_bit
0x0090       [0]    TUN1_bit
0x0090       [0]    TUN2_bit
0x0090       [1]    OSCTUNE
0x0091       [0]    ACKDT_bit
0x0091       [0]    GCEN_bit
0x0091       [0]    ACKSTAT_bit
0x0091       [0]    ACKEN_bit
0x0091       [0]    RSEN_bit
0x0091       [0]    SEN_bit
0x0091       [0]    RCEN_bit
0x0091       [0]    PEN_bit
0x0091       [1]    SSPCON2
0x0092       [1]    PR2
0x0093       [1]    MSK
0x0093       [1]    SSPADD
0x0093       [1]    SSPMSK
0x0094       [0]    I2C_START__bit
0x0094       [0]    R_bit
0x0094       [0]    I2C_READ_bit
0x0094       [0]    P_bit
0x0094       [0]    I2C_STOP__bit
0x0094       [0]    S_bit
0x0094       [0]    READ_WRITE_bit
0x0094       [0]    UA_bit
0x0094       [0]    BF_bit
0x0094       [0]    NOT_W_bit
0x0094       [0]    NOT_WRITE_bit
0x0094       [0]    R_W_bit
0x0094       [0]    DATA_ADDRESS_bit
0x0094       [0]    CKE_bit
0x0094       [0]    D_bit
0x0094       [1]    SSPSTAT
0x0094       [0]    SMP_bit
0x0094       [0]    NOT_ADDRESS_bit
0x0094       [0]    D_A_bit
0x0094       [0]    I2C_DATA_bit
0x0094       [0]    NOT_A_bit
0x0095       [0]    WPUB3_bit
0x0095       [0]    WPUB4_bit
0x0095       [0]    WPUB5_bit
0x0095       [0]    WPUB0_bit
0x0095       [0]    WPUB1_bit
0x0095       [0]    WPUB2_bit
0x0095       [1]    WPUB
0x0095       [0]    WPUB7_bit
0x0095       [0]    WPUB6_bit
0x0096       [0]    IOCB3_bit
0x0096       [0]    IOCB4_bit
0x0096       [0]    IOCB0_bit
0x0096       [0]    IOCB1_bit
0x0096       [0]    IOCB2_bit
0x0096       [0]    IOCB5_bit
0x0096       [1]    IOCB
0x0096       [0]    IOCB7_bit
0x0096       [0]    IOCB6_bit
0x0097       [0]    VR3_bit
0x0097       [0]    VRSS_bit
0x0097       [0]    VR2_bit
0x0097       [0]    VR0_bit
0x0097       [0]    VR1_bit
0x0097       [0]    VREN_bit
0x0097       [1]    VRCON
0x0097       [0]    VRR_bit
0x0097       [0]    VROE_bit
0x0098       [1]    TXSTA
0x0098       [0]    BRGH_bit
0x0098       [0]    SENDB_bit
0x0098       [0]    TRMT_bit
0x0098       [0]    TXD8_bit
0x0098       [0]    TX9D_bit
0x0098       [0]    SYNC_bit
0x0098       [0]    TX9_bit
0x0098       [0]    CSRC_bit
0x0098       [0]    NOT_TX8_bit
0x0098       [0]    TXEN_bit
0x0098       [0]    TX8_9_bit
0x0099       [0]    BRG1_bit
0x0099       [0]    BRG2_bit
0x0099       [1]    SPBRG
0x0099       [0]    BRG0_bit
0x0099       [0]    BRG3_bit
0x0099       [0]    BRG6_bit
0x0099       [0]    BRG7_bit
0x0099       [0]    BRG4_bit
0x0099       [0]    BRG5_bit
0x009A       [0]    BRG9_bit
0x009A       [0]    BRG10_bit
0x009A       [1]    SPBRGH
0x009A       [0]    BRG8_bit
0x009A       [0]    BRG14_bit
0x009A       [0]    BRG15_bit
0x009A       [0]    BRG13_bit
0x009A       [0]    BRG11_bit
0x009A       [0]    BRG12_bit
0x009B       [0]    PDC1_bit
0x009B       [0]    PDC0_bit
0x009B       [1]    PWM1CON
0x009B       [0]    PDC2_bit
0x009B       [0]    PDC6_bit
0x009B       [0]    PRSEN_bit
0x009B       [0]    PDC5_bit
0x009B       [0]    PDC3_bit
0x009B       [0]    PDC4_bit
0x009C       [0]    PSSBD1_bit
0x009C       [0]    PSSBD0_bit
0x009C       [1]    ECCPAS
0x009C       [0]    ECCPAS1_bit
0x009C       [0]    ECCPAS2_bit
0x009C       [0]    ECCPASE_bit
0x009C       [0]    ECCPAS0_bit
0x009C       [0]    PSSAC0_bit
0x009C       [0]    PSSAC1_bit
0x009D       [1]    PSTRCON
0x009D       [0]    STRD_bit
0x009D       [0]    STRSYNC_bit
0x009D       [0]    STRC_bit
0x009D       [0]    STRA_bit
0x009D       [0]    STRB_bit
0x009E       [1]    ADRESL
0x009F       [0]    VCFG1_bit
0x009F       [0]    ADFM_bit
0x009F       [0]    VCFG0_bit
0x009F       [1]    ADCON1
0x0105       [0]    WDTPS2_bit
0x0105       [0]    WDTPS3_bit
0x0105       [1]    WDTCON
0x0105       [0]    SWDTEN_bit
0x0105       [0]    WDTPS1_bit
0x0105       [0]    WDTPS0_bit
0x0107       [0]    C1OE_bit
0x0107       [0]    C1POL_bit
0x0107       [0]    C1ON_bit
0x0107       [0]    C1OUT_bit
0x0107       [0]    C1R_bit
0x0107       [1]    CM1CON0
0x0107       [0]    C1CH0_bit
0x0107       [0]    C1CH1_bit
0x0108       [1]    CM2CON0
0x0108       [0]    C2OE_bit
0x0108       [0]    C2OUT_bit
0x0108       [0]    C2ON_bit
0x0108       [0]    C2POL_bit
0x0108       [0]    C2CH0_bit
0x0108       [0]    C2CH1_bit
0x0108       [0]    C2R_bit
0x0109       [1]    CM2CON1
0x0109       [0]    MC2OUT_bit
0x0109       [0]    MC1OUT_bit
0x0109       [0]    T1GSS_bit
0x0109       [0]    C1RSEL_bit
0x0109       [0]    C2SYNC_bit
0x0109       [0]    C2RSEL_bit
0x010C       [1]    EEDATA
0x010C       [1]    EEDAT
0x010D       [1]    EEADR
0x010E       [1]    EEDATH
0x010F       [1]    EEADRH
0x0185       [0]    PULSS_bit
0x0185       [0]    C2REN_bit
0x0185       [0]    FVREN_bit
0x0185       [0]    PULSR_bit
0x0185       [1]    SRCON
0x0185       [0]    SR1_bit
0x0185       [0]    C1SEN_bit
0x0185       [0]    SR0_bit
0x0187       [0]    WUE_bit
0x0187       [0]    ABDEN_bit
0x0187       [1]    BAUDCTL
0x0187       [0]    BRG16_bit
0x0187       [0]    ABDOVF_bit
0x0187       [0]    RCIDL_bit
0x0187       [0]    SCKP_bit
0x0188       [0]    ANS3_bit
0x0188       [0]    ANS4_bit
0x0188       [0]    ANS2_bit
0x0188       [1]    ANSEL
0x0188       [0]    ANS0_bit
0x0188       [0]    ANS1_bit
0x0189       [0]    ANS10_bit
0x0189       [0]    ANS9_bit
0x0189       [0]    ANS8_bit
0x0189       [0]    ANS11_bit
0x0189       [1]    ANSELH
0x0189       [0]    ANS13_bit
0x0189       [0]    ANS12_bit
0x018C       [0]    WREN_bit
0x018C       [0]    WR_bit
0x018C       [1]    EECON1
0x018C       [0]    EEPGD_bit
0x018C       [0]    RD_bit
0x018C       [0]    WRERR_bit
0x018D       [1]    EECON2
//** Label List: ** 
//----------------------------------------------
  L_end_Adquisicion_interrupt
  L_Adquisicion_interrupt1
  L_Adquisicion_interrupt2
  L_Adquisicion_interrupt3
  L_Adquisicion_interrupt4
  L_Adquisicion_interrupt5
  L_Adquisicion_interrupt6
  L_Adquisicion_interrupt7
  L_Adquisicion_interrupt8
  L_Adquisicion_interrupt9
  L_end__main
  L__main11
  L__main12
  L__main13
  L__main14
  L__main15
  L__main16
  L__main17
  L__main18
  L__main19
  L__main20
  L__main21
  L__main22
  L__main23
  L__main24
  L__main25
  L__main26
  Adquisicion_interrupt
  L_Adquisicion_interrupt27
  _main
  L_end__Adc_Read
  L__Adc_Read1
  L__Adc_Read2
  L__Adc_Read3
  L__Adc_Read4
  L__Adc_Read5
  _Adc_Read
  L_end__ByteToStr
  L__ByteToStr1
  L__ByteToStr2
  L__ByteToStr3
  L__ByteToStr4
  L__ByteToStr5
  L__ByteToStr6
  L__ByteToStr7
  L__ByteToStr8
  L_end__WordToStr
  L__WordToStr10
  L__WordToStr11
  L__WordToStr12
  L__WordToStr13
  L__WordToStr14
  L__WordToStr15
  L__WordToStr16
  L__WordToStr17
  L__WordToStr18
  L__WordToStr19
  L__WordToStr20
  L__WordToStr21
  L__WordToStr22
  L__WordToStr23
  L__WordToStr24
  L__WordToStr25
  L__WordToStr26
  L_end__ShortToStr
  L__ShortToStr28
  L__ShortToStr29
  L__ShortToStr30
  L__ShortToStr31
  L__ShortToStr32
  L__ShortToStr33
  L__ShortToStr34
  L__ShortToStr35
  L__ShortToStr36
  L__ShortToStr37
  L__ShortToStr38
  L__ShortToStr39
  L__ShortToStr40
  L__ShortToStr41
  L__ShortToStr42
  L__ShortToStr43
  L__ShortToStr44
  L__ShortToStr45
  L__ShortToStr46
  L__ShortToStr47
  L_end__IntToStr
  L__IntToStr49
  L__IntToStr50
  L__IntToStr51
  L__IntToStr52
  L__IntToStr53
  L__IntToStr54
  L__IntToStr55
  L__IntToStr56
  L__IntToStr57
  L__IntToStr58
  L__IntToStr59
  L__IntToStr60
  L__IntToStr61
  L__IntToStr62
  L__IntToStr63
  L__IntToStr64
  L__IntToStr65
  L__IntToStr66
  L__IntToStr67
  L__IntToStr68
  L__IntToStr69
  L__IntToStr70
  L__IntToStr71
  L__IntToStr72
  L__IntToStr73
  L__IntToStr74
  L_end__WordToStrWithZeros
  L__WordToStrWithZeros76
  L__WordToStrWithZeros77
  L__WordToStrWithZeros78
  L__WordToStrWithZeros79
  L__WordToStrWithZeros80
  L__WordToStrWithZeros81
  L__WordToStrWithZeros82
  L__WordToStrWithZeros83
  L__WordToStrWithZeros84
  L__WordToStrWithZeros85
  L__WordToStrWithZeros86
  L__WordToStrWithZeros87
  L__WordToStrWithZeros88
  L__WordToStrWithZeros89
  L__WordToStrWithZeros90
  L__WordToStrWithZeros91
  L__WordToStrWithZeros92
  L_end__LongWordToStr
  L__LongWordToStr94
  L__LongWordToStr95
  L__LongWordToStr96
  L__LongWordToStr97
  L__LongWordToStr98
  L__LongWordToStr99
  L__LongWordToStr100
  L__LongWordToStr101
  L_end__LongIntToStr
  L__LongIntToStr103
  L__LongIntToStr104
  L__LongIntToStr105
  L__LongIntToStr106
  L__LongIntToStr107
  L__LongIntToStr108
  L__LongIntToStr109
  L__LongIntToStr110
  L__LongIntToStr111
  L__LongIntToStr112
  L__LongIntToStr113
  L__LongIntToStr114
  L__LongIntToStr115
  L__LongIntToStr116
  L__LongIntToStr117
  L__LongIntToStr118
  L__LongIntToStr119
  L__LongIntToStr120
  L__LongIntToStr121
  L_end__Bcd2Dec
  L_end__StrToWord
  L__StrToWord124
  L__StrToWord125
  L__StrToWord126
  L__StrToWord127
  L__StrToWord128
  L__StrToWord129
  L__StrToWord130
  L__StrToWord131
  L__StrToWord132
  L__StrToWord133
  L__StrToWord134
  L__StrToWord135
  L__StrToWord136
  L_end__StrToInt
  L__StrToInt138
  L__StrToInt139
  L__StrToInt140
  L__StrToInt141
  L__StrToInt142
  L__StrToInt143
  L__StrToInt144
  L__StrToInt145
  L__StrToInt146
  L__StrToInt147
  L__StrToInt148
  L__StrToInt149
  L__StrToInt150
  L__StrToInt151
  L__StrToInt152
  L__StrToInt153
  L__StrToInt154
  L__StrToInt155
  L__StrToInt156
  L__StrToInt157
  L__StrToInt158
  L__StrToInt159
  L_end__Dec2Bcd
  L__Dec2Bcd161
  L__Dec2Bcd162
  L__Dec2Bcd163
  L_end__Bcd2Dec16
  L_end__Dec2Bcd16
  L_end__FloatToStr
  L__FloatToStr167
  L__FloatToStr168
  L__FloatToStr169
  L__FloatToStr170
  L__FloatToStr171
  L__FloatToStr172
  L__FloatToStr173
  L__FloatToStr174
  L__FloatToStr175
  L__FloatToStr176
  L__FloatToStr177
  L__FloatToStr178
  L__FloatToStr179
  L__FloatToStr180
  L__FloatToStr181
  L__FloatToStr182
  L__FloatToStr183
  L__FloatToStr184
  L__FloatToStr185
  L__FloatToStr186
  L__FloatToStr187
  L__FloatToStr188
  L__FloatToStr189
  L__FloatToStr190
  L__FloatToStr191
  L__FloatToStr192
  L__FloatToStr193
  L__FloatToStr194
  L__FloatToStr195
  L__FloatToStr196
  L__FloatToStr197
  L__FloatToStr198
  L__FloatToStr199
  _ByteToStr
  _WordToStr
  L__WordToStr200
  L__WordToStr201
  L__WordToStr202
  L__WordToStr203
  _ShortToStr
  _IntToStr
  L__IntToStr204
  L__IntToStr205
  L__IntToStr206
  L__IntToStr207
  L__IntToStr208
  L__IntToStr209
  _WordToStrWithZeros
  L__WordToStrWithZeros210
  L__WordToStrWithZeros211
  L__WordToStrWithZeros212
  L__WordToStrWithZeros213
  _LongWordToStr
  L__LongWordToStr214
  _LongIntToStr
  L__LongIntToStr215
  L__LongIntToStr216
  L__LongIntToStr217
  _Bcd2Dec
  _StrToWord
  L__StrToWord218
  _StrToInt
  L__StrToInt219
  L__StrToInt220
  _Dec2Bcd
  _Bcd2Dec16
  L__Bcd2Dec16221
  L__Bcd2Dec16222
  _Dec2Bcd16
  L__Dec2Bcd16223
  L__Dec2Bcd16224
  _FloatToStr
  L__FloatToStr225
  L__FloatToStr226
  L__FloatToStr227
  L_end__Get_Fosc_kHz
  L_end__Delay_1us
  L__Delay_1us2
  L_end__Delay_10us
  L__Delay_10us4
  L_end__Delay_22us
  L__Delay_22us6
  L_end__Delay_50us
  L__Delay_50us8
  L_end__Delay_80us
  L__Delay_80us10
  L_end__Delay_500us
  L__Delay_500us12
  L_end__Delay_5500us
  L__Delay_5500us14
  L_end__Delay_5ms
  L__Delay_5ms16
  L_end__Delay_8ms
  L__Delay_8ms18
  L_end__Delay_100ms
  L__Delay_100ms20
  L_end__Delay_1sec
  L__Delay_1sec22
  L_end__Delay_Cyc
  L__Delay_Cyc24
  L__Delay_Cyc25
  L__Delay_Cyc26
  L__Delay_Cyc27
  L__Delay_Cyc28
  L_end__VDelay_ms
  L__VDelay_ms30
  L__VDelay_ms31
  L__VDelay_ms32
  L__VDelay_ms33
  L__VDelay_ms34
  L__VDelay_ms35
  L__VDelay_ms36
  L__VDelay_ms37
  _Get_Fosc_kHz
  _Delay_1us
  _Delay_10us
  _Delay_22us
  _Delay_50us
  _Delay_80us
  _Delay_500us
  _Delay_5500us
  _Delay_5ms
  _Delay_8ms
  _Delay_100ms
  _Delay_1sec
  _Delay_Cyc
  _VDelay_ms
  L__VDelay_ms38
  L__VDelay_ms39
  L__VDelay_ms40
  L__VDelay_ms41
  L_end__Mul_8x8_U
  L_end__Mul_16x16_U
  L_end__Div_8x8_U
  L_end__Div_16x16_U
  L_end__Mul_8x8_S
  L_end__Mul_16x16_S
  L_end__Div_16x16_S_L
  L_end__Div_16x16_S
  L_end__Div_8x8_S
  L_end__SDIV3232L
  LOOPS3232A
  SADD22LA
  SOK22LA
  SADD22L8
  SOK22L8
  LOOPS3232B
  SADD22LB
  SOK22LB
  SADD22L16
  SOK22L16
  LOOPS3232C
  SADD22LC
  SOK22LC
  SADD22L24
  SOK22L24
  LOOPS3232D
  SADD22LD
  SOK22LD
  SOK22L
  L_end__COMFREM
  L_end__Div_32x32_S
  FXD3232S
  END_ALL
  CA3232S
  C3232SX
  C3232SX1
  C3232S
  C3232S2
  C3232SX4
  C3232SOK
  C3232SX3
  C3232SX2
  avoid_comfrem
  L_end__Div_32x32_U
  LOOPU3232A
  UADD22LA
  UOK22LA
  UADD22L8
  UOK22L8
  LOOPU3232B
  UADD22LB
  UOK22LB
  UADD22L16
  UOK22L16
  LOOPU3232C
  UADD22LC
  UOK22LC
  UADD22L24
  UOK22L24
  LOOPU3232D
  UADD22LD
  UOK22LD
  UOK22L
  L_end__Mul_32x32_U
  _NEXT
  _EXIT2
  _LOOP
  _EXIT1
  L_end__Mul_32x32_S
  _IF_FIRST
  _IF_SECOND
  _INVERCE_FIRST
  _MULT
  _INBERSE_SECOND
  _EXIT
  _Mul_8x8_U
  _Mul_16x16_U
  _Div_8x8_U
  _Div_16x16_U
  _Mul_8x8_S
  _Mul_16x16_S
  _Div_16x16_S_L
  _Div_16x16_S
  _Div_8x8_S
  _SDIV3232L
  _COMFREM
  _Div_32x32_S
  _Div_32x32_U
  _Mul_32x32_U
  _Mul_32x32_S
  L_end__SETFOV32
  SETFOV32EEE
  L_end__SETFDZ32
  L_end__FIXSIGN32
  L_end__RES032
  L_end__SETFUN32
  SETFUN32EEE
  L_end__NRM3232
  NORM3232
  JPNRES032
  JPNSETFUN32
  NORM3232A
  JMPNFIXSIGN32
  NORM32EEE
  L_end__NRM4032
  NRMRND4032
  NRM4032
  JMPSETFOV32
  NORM4032
  JMPRES032
  JMPSETFUN32
  NORM4032A
  JMPFIXSIGN32
  NRM4032EEE
  L_end__Add_32x32_FP
  USEA32
  JMPEEE
  ALIGNED32
  ALIGNB32
  ALOOPB32
  AOK32
  ACOMP32
  JMPNRMRND4032
  ADD_JMPSETFOV32
  JMPNRM4032
  JMPNRM32
  ADD32EEE
  L_end__Sub_32x32_FP
  L_end__Mul_32x32_FP
  FPM32
  JPMRES032
  M32BNE0
  MTUN32
  JPMSETFOV32
  MOK32
  JPMSETFUN32
  MLOOP32
  MNOADD32
  MADD32
  MROUND32
  MUL32OK
  MUL32EEE
  L_end__Div_32x32_FP
  FPD32
  JPDSETFDZ32
  JPDRES032
  D32BNE0
  TALIGN32
  TS1ALIGN32
  TS2ALIGN32
  DALIGN32OK
  ALTB32
  AGEB32
  JPDSETFOV32
  DARGOK32
  JPDSETFUN32
  DLOOP32
  DS132
  DS232
  DREST32
  DOK32
  DAREST32
  DROUND32
  DIV32OK
  DIV32EEE
  L_end__SETIOV3224
  SETIOV3224EEE
  L_end__Double2Longword
  INT3232U
  INT3232UEOK
  SETEXP32U
  SETIOV32U
  TSHIFT3232U
  SHIFT3232UOK
  SHIFT3232U
  INT3232UOK
  JPLSETIOV3224
  IRES032U
  INT3232UEER
  INT3232UEEE
  L_Double2Longword_0
  L_end__Double2Longint
  INT3232
  INT3232EOK
  SETIOV32
  TSHIFT3232
  SHIFT3232OK
  SHIFT3232
  INT3232OK
  JPISETIOV3224
  IRES032
  INT3232EER
  INT3232EEE
  L_Double2Longint_0
  L_end__Double2Int
  INT3216
  IRES016
  SETIOV16
  TSHIFT3216
  SHIFT3216OK
  SHIFT3216
  INT3216OK
  JPJSETIOV3224
  INT3216EOK
  INT3216EER
  INT3216EEE
  L_Double2Int_0
  L_end__Double2Word
  INT3216U
  IRES016U
  SETEXP16U
  SETIOV16U
  TSHIFT3216U
  SHIFT3216UOK
  SHIFT3216U
  INT3216UOK
  JPKSETIOV3224
  INT3216UEOK
  INT3216UEER
  INT3216UEEE
  L_Double2Word_0
  L_end__Double2Byte
  INT32U08
  IRES008
  SETEXP08
  SETIOV08
  TSHIFT3208
  SHIFT3208OK
  SHIFT3208
  INT3208OK
  D2B_JPKSETIOV3224
  INT3208EOK
  INT3208EER
  INT3208EEE
  L_Double2Byte_0
  L_end__Byte2Double
  FLO08U32
  L_end__Int2Double
  FLO1632
  FLO1632EEE
  L_end__Word2Double
  FLO16U32
  L_end__Longint2Double
  FLO3232
  FLO3232EEE
  L_end__Longword2Double
  FLO32U32
  L_end__Equals_Double
  EQU_FALSE
  L_end__Compare_Double
  COMPARE_EQU
  COMPARE_NOTZERO
  COMPARE_XNOTZERO
  COMPARE_YNOTZERO
  COMPARE_LT
  COMPARE_GT
  COMPARE_TESTALL
  COMPARE_C1
  GT_FALSE
  GT_TRUE
  COMPARE_C2
  COMPARE_C3
  _SETFOV32
  _SETFDZ32
  _FIXSIGN32
  _RES032
  _SETFUN32
  _NRM3232
  _NRM4032
  _Add_32x32_FP
  _Sub_32x32_FP
  _Mul_32x32_FP
  _Div_32x32_FP
  _SETIOV3224
  _Double2Longword
  _Double2Longint
  _Double2Int
  _Double2Word
  _Double2Byte
  _Byte2Double
  _Int2Double
  _Word2Double
  _Longint2Double
  _Longword2Double
  _Equals_Double
  _Compare_Double
  L_end__PWM1_Init
  L_end__PWM1_Set_Duty
  L_end__PWM1_Start
  L_end__PWM1_Stop
  L_end__PWM2_Init
  L_end__PWM2_Set_Duty
  L_end__PWM2_Start
  L_end__PWM2_Stop
  _PWM1_Init
  _PWM1_Set_Duty
  L__PWM1_Set_Duty8
  L__PWM1_Set_Duty9
  L__PWM1_Set_Duty10
  L__PWM1_Set_Duty11
  _PWM1_Start
  _PWM1_Stop
  _PWM2_Init
  _PWM2_Set_Duty
  L__PWM2_Set_Duty12
  L__PWM2_Set_Duty13
  L__PWM2_Set_Duty14
  L__PWM2_Set_Duty15
  _PWM2_Start
  _PWM2_Stop
  L_end__UART1_Init
  L__UART1_Init1
  L__UART1_Init2
  L__UART1_Init3
  L__UART1_Init4
  L__UART1_Init5
  L_end__UART1_Data_Ready
  L_end__UART1_Read
  L__UART1_Read8
  L__UART1_Read9
  L__UART1_Read10
  L_end__UART1_TX_Idle
  L_end__UART1_Write
  L__UART1_Write13
  L__UART1_Write14
  L__UART1_Write15
  L__UART1_Write16
  L__UART1_Write17
  L_end__UART1_Write_Text
  L__UART1_Write_Text19
  L__UART1_Write_Text20
  L__UART1_Write_Text21
  L__UART1_Write_Text22
  L__UART1_Write_Text23
  L_end__UART1_Read_Text
  L__UART1_Read_Text25
  L__UART1_Read_Text26
  L__UART1_Read_Text27
  L__UART1_Read_Text28
  L__UART1_Read_Text29
  L__UART1_Read_Text30
  L__UART1_Read_Text31
  L__UART1_Read_Text32
  L__UART1_Read_Text33
  L__UART1_Read_Text34
  L__UART1_Read_Text35
  L__UART1_Read_Text36
  L__UART1_Read_Text37
  L__UART1_Read_Text38
  L__UART1_Read_Text39
  L__UART1_Read_Text40
  L__UART1_Read_Text41
  L__UART1_Read_Text42
  L__UART1_Read_Text43
  _UART1_Init
  _UART1_Data_Ready
  _UART1_Read
  _UART1_TX_Idle
  _UART1_Write
  _UART1_Write_Text
  _UART1_Read_Text
  L_end_Adquisicion_interrupt
  L_Adquisicion_interrupt1
  L_Adquisicion_interrupt2
  L_Adquisicion_interrupt3
  L_Adquisicion_interrupt4
  L_Adquisicion_interrupt5
  L_Adquisicion_interrupt6
  L_Adquisicion_interrupt7
  L_Adquisicion_interrupt8
  L_Adquisicion_interrupt9
  L_end__main
  L__main11
  L__main12
  L__main13
  L__main14
  L__main15
  L__main16
  L__main17
  L__main18
  L__main19
  L__main20
  L__main21
  L__main22
  L__main23
  L__main24
  L__main25
  L__main26
  Adquisicion_interrupt
  L_Adquisicion_interrupt27
  _main
