;  LST file generated by mikroListExporter - v.2.0 
; Date/Time: 08/01/2011 03:50:49 a.m.
;----------------------------------------------

;Address Opcode 	ASM
0x0000	0x2A74      	GOTO       628
ultrasonico_timer1_interrupt:
0x0004	0x00FF      	MOVWF      R15
0x0005	0x0E03      	SWAPF      STATUS, 0
0x0006	0x0183      	CLRF       STATUS
0x0007	0x00A6      	MOVWF      ___saveSTATUS
0x0008	0x080A      	MOVF       PCLATH, 0
0x0009	0x00A5      	MOVWF      ___savePCLATH
0x000A	0x018A      	CLRF       PCLATH
0x000B	0x0870      	MOVF       R0, 0
0x000C	0x00A4      	MOVWF      36
0x000D	0x0871      	MOVF       R1, 0
0x000E	0x00A3      	MOVWF      35
0x000F	0x0872      	MOVF       R2, 0
0x0010	0x00A2      	MOVWF      34
0x0011	0x0873      	MOVF       R3, 0
0x0012	0x00A1      	MOVWF      33
0x0013	0x0874      	MOVF       R4, 0
0x0014	0x00A0      	MOVWF      32
;ultrasonico_timer1.mbas,34 :: 		sub procedure interrupt
;ultrasonico_timer1.mbas,36 :: 		if TestBit(PIR1,TMR1IF)=1 then
0x0015	0x01F1      	CLRF       R1
0x0016	0x1C0C      	BTFSS      PIR1, 0
0x0017	0x281A      	GOTO       L_ultrasonico_timer1_interrupt4
0x0018	0x3001      	MOVLW      1
0x0019	0x00F1      	MOVWF      R1
L_ultrasonico_timer1_interrupt4:
0x001A	0x0871      	MOVF       R1, 0
0x001B	0x3A01      	XORLW      1
0x001C	0x1D03      	BTFSS      STATUS, 2
0x001D	0x288B      	GOTO       L_ultrasonico_timer1_interrupt2
;ultrasonico_timer1.mbas,37 :: 		if Paso=0 then
0x001E	0x0839      	MOVF       _Paso, 0
0x001F	0x3A00      	XORLW      0
0x0020	0x1D03      	BTFSS      STATUS, 2
0x0021	0x2834      	GOTO       L_ultrasonico_timer1_interrupt6
;ultrasonico_timer1.mbas,38 :: 		MaskPort= (salidas and n_servo)
0x0022	0x083D      	MOVF       _n_servo, 0
0x0023	0x053A      	ANDWF      _Salidas, 0
0x0024	0x00B4      	MOVWF      _MaskPort
0x0025	0x083B      	MOVF       _Salidas+1, 0
0x0026	0x053E      	ANDWF      _n_servo+1, 0
0x0027	0x00B5      	MOVWF      _MaskPort+1
;ultrasonico_timer1.mbas,39 :: 		PORTB.4 = MaskPort.0
0x0028	0x1834      	BTFSC      _MaskPort, 0
0x0029	0x282C      	GOTO       L_ultrasonico_timer1_interrupt84
0x002A	0x1206      	BCF        PORTB, 4
0x002B	0x282D      	GOTO       L_ultrasonico_timer1_interrupt85
L_ultrasonico_timer1_interrupt84:
0x002C	0x1606      	BSF        PORTB, 4
L_ultrasonico_timer1_interrupt85:
;ultrasonico_timer1.mbas,41 :: 		Paso=1
0x002D	0x3001      	MOVLW      1
0x002E	0x00B9      	MOVWF      _Paso
;ultrasonico_timer1.mbas,42 :: 		TMR1L=0x6A
0x002F	0x306A      	MOVLW      106
0x0030	0x008E      	MOVWF      TMR1L
;ultrasonico_timer1.mbas,43 :: 		TMR1H=0XFF
0x0031	0x30FF      	MOVLW      255
0x0032	0x008F      	MOVWF      TMR1H
0x0033	0x288A      	GOTO       L_ultrasonico_timer1_interrupt7
;ultrasonico_timer1.mbas,44 :: 		else    '65086 1.8ms
L_ultrasonico_timer1_interrupt6:
;ultrasonico_timer1.mbas,46 :: 		if Paso=1 then  '65276
0x0034	0x0839      	MOVF       _Paso, 0
0x0035	0x3A01      	XORLW      1
0x0036	0x1D03      	BTFSS      STATUS, 2
0x0037	0x2856      	GOTO       L_ultrasonico_timer1_interrupt9
;ultrasonico_timer1.mbas,47 :: 		temp_var= 65148 + Servo + (Servo/2)
0x0038	0x083C      	MOVF       _Servo, 0
0x0039	0x3E7C      	ADDLW      124
0x003A	0x00B2      	MOVWF      _temp_var
0x003B	0x30FE      	MOVLW      254
0x003C	0x1803      	BTFSC      STATUS, 0
0x003D	0x3E01      	ADDLW      1
0x003E	0x00B3      	MOVWF      _temp_var+1
0x003F	0x083C      	MOVF       _Servo, 0
0x0040	0x00F3      	MOVWF      R3
0x0041	0x01F4      	CLRF       R3+1
0x0042	0x0873      	MOVF       R3, 0
0x0043	0x00F0      	MOVWF      R0
0x0044	0x0874      	MOVF       R3+1, 0
0x0045	0x00F1      	MOVWF      R0+1
0x0046	0x0CF1      	RRF        R0+1, 1
0x0047	0x0CF0      	RRF        R0, 1
0x0048	0x13F1      	BCF        R0+1, 7
0x0049	0x0870      	MOVF       R0, 0
0x004A	0x07B2      	ADDWF      _temp_var, 1
0x004B	0x0871      	MOVF       R0+1, 0
0x004C	0x1803      	BTFSC      STATUS, 0
0x004D	0x3E01      	ADDLW      1
0x004E	0x07B3      	ADDWF      _temp_var+1, 1
;ultrasonico_timer1.mbas,48 :: 		TMR1L= lo(temp_var)
0x004F	0x0832      	MOVF       _temp_var, 0
0x0050	0x008E      	MOVWF      TMR1L
;ultrasonico_timer1.mbas,49 :: 		TMR1H= hi(temp_var)
0x0051	0x0833      	MOVF       _temp_var+1, 0
0x0052	0x008F      	MOVWF      TMR1H
;ultrasonico_timer1.mbas,50 :: 		Paso=2
0x0053	0x3002      	MOVLW      2
0x0054	0x00B9      	MOVWF      _Paso
0x0055	0x288A      	GOTO       L_ultrasonico_timer1_interrupt10
;ultrasonico_timer1.mbas,51 :: 		else
L_ultrasonico_timer1_interrupt9:
;ultrasonico_timer1.mbas,52 :: 		PORTB.4=0     '65276
0x0056	0x1206      	BCF        PORTB, 4
;ultrasonico_timer1.mbas,53 :: 		temp_var= 65530 - Servo - (Servo/2)
0x0057	0x083C      	MOVF       _Servo, 0
0x0058	0x3CFA      	SUBLW      250
0x0059	0x00B2      	MOVWF      _temp_var
0x005A	0x3000      	MOVLW      0
0x005B	0x1C03      	BTFSS      STATUS, 0
0x005C	0x3E01      	ADDLW      1
0x005D	0x3CFF      	SUBLW      255
0x005E	0x00B3      	MOVWF      _temp_var+1
0x005F	0x083C      	MOVF       _Servo, 0
0x0060	0x00F3      	MOVWF      R3
0x0061	0x01F4      	CLRF       R3+1
0x0062	0x0873      	MOVF       R3, 0
0x0063	0x00F0      	MOVWF      R0
0x0064	0x0874      	MOVF       R3+1, 0
0x0065	0x00F1      	MOVWF      R0+1
0x0066	0x0CF1      	RRF        R0+1, 1
0x0067	0x0CF0      	RRF        R0, 1
0x0068	0x13F1      	BCF        R0+1, 7
0x0069	0x0870      	MOVF       R0, 0
0x006A	0x02B2      	SUBWF      _temp_var, 1
0x006B	0x1C03      	BTFSS      STATUS, 0
0x006C	0x03B3      	DECF       _temp_var+1, 1
0x006D	0x0871      	MOVF       R0+1, 0
0x006E	0x02B3      	SUBWF      _temp_var+1, 1
;ultrasonico_timer1.mbas,54 :: 		TMR1L= lo(temp_var)
0x006F	0x0832      	MOVF       _temp_var, 0
0x0070	0x008E      	MOVWF      TMR1L
;ultrasonico_timer1.mbas,55 :: 		TMR1H= hi(temp_var)
0x0071	0x0833      	MOVF       _temp_var+1, 0
0x0072	0x008F      	MOVWF      TMR1H
;ultrasonico_timer1.mbas,56 :: 		n_servo=n_servo<<1
0x0073	0x083D      	MOVF       _n_servo, 0
0x0074	0x00F1      	MOVWF      R1
0x0075	0x083E      	MOVF       _n_servo+1, 0
0x0076	0x00F2      	MOVWF      R1+1
0x0077	0x0DF1      	RLF        R1, 1
0x0078	0x0DF2      	RLF        R1+1, 1
0x0079	0x1071      	BCF        R1, 0
0x007A	0x0871      	MOVF       R1, 0
0x007B	0x00BD      	MOVWF      _n_servo
0x007C	0x0872      	MOVF       R1+1, 0
0x007D	0x00BE      	MOVWF      _n_servo+1
;ultrasonico_timer1.mbas,57 :: 		if n_servo=0x0200 then
0x007E	0x0872      	MOVF       R1+1, 0
0x007F	0x3A02      	XORLW      2
0x0080	0x1D03      	BTFSS      STATUS, 2
0x0081	0x2884      	GOTO       L_ultrasonico_timer1_interrupt86
0x0082	0x3000      	MOVLW      0
0x0083	0x0671      	XORWF      R1, 0
L_ultrasonico_timer1_interrupt86:
0x0084	0x1D03      	BTFSS      STATUS, 2
0x0085	0x2889      	GOTO       L_ultrasonico_timer1_interrupt12
;ultrasonico_timer1.mbas,58 :: 		n_servo=1
0x0086	0x3001      	MOVLW      1
0x0087	0x00BD      	MOVWF      _n_servo
0x0088	0x01BE      	CLRF       _n_servo+1
L_ultrasonico_timer1_interrupt12:
;ultrasonico_timer1.mbas,60 :: 		paso=0
0x0089	0x01B9      	CLRF       _Paso
;ultrasonico_timer1.mbas,61 :: 		end if
L_ultrasonico_timer1_interrupt10:
;ultrasonico_timer1.mbas,62 :: 		end if
L_ultrasonico_timer1_interrupt7:
;ultrasonico_timer1.mbas,63 :: 		ClearBit(PIR1,TMR1IF)
0x008A	0x100C      	BCF        PIR1, 0
L_ultrasonico_timer1_interrupt2:
;ultrasonico_timer1.mbas,69 :: 		if TestBit(PIR1,RCIF) = 1 then
0x008B	0x01F1      	CLRF       R1
0x008C	0x1E8C      	BTFSS      PIR1, 5
0x008D	0x2890      	GOTO       L_ultrasonico_timer1_interrupt17
0x008E	0x3001      	MOVLW      1
0x008F	0x00F1      	MOVWF      R1
L_ultrasonico_timer1_interrupt17:
0x0090	0x0871      	MOVF       R1, 0
0x0091	0x3A01      	XORLW      1
0x0092	0x1D03      	BTFSS      STATUS, 2
0x0093	0x28D6      	GOTO       L_ultrasonico_timer1_interrupt15
;ultrasonico_timer1.mbas,70 :: 		received_byte = Uart1_Read
0x0094	0x2267      	CALL       _UART1_Read
0x0095	0x0870      	MOVF       R0, 0
0x0096	0x00B1      	MOVWF      _received_byte
;ultrasonico_timer1.mbas,72 :: 		case 1
0x0097	0x0836      	MOVF       _viajero_usart, 0
0x0098	0x3A01      	XORLW      1
0x0099	0x1D03      	BTFSS      STATUS, 2
0x009A	0x28A6      	GOTO       L_ultrasonico_timer1_interrupt21
;ultrasonico_timer1.mbas,73 :: 		if 0xB7 = received_byte then
0x009B	0x30B7      	MOVLW      183
0x009C	0x0631      	XORWF      _received_byte, 0
0x009D	0x1D03      	BTFSS      STATUS, 2
0x009E	0x28A2      	GOTO       L_ultrasonico_timer1_interrupt23
;ultrasonico_timer1.mbas,74 :: 		viajero_usart = 2
0x009F	0x3002      	MOVLW      2
0x00A0	0x00B6      	MOVWF      _viajero_usart
0x00A1	0x28A5      	GOTO       L_ultrasonico_timer1_interrupt24
;ultrasonico_timer1.mbas,75 :: 		else
L_ultrasonico_timer1_interrupt23:
;ultrasonico_timer1.mbas,76 :: 		viajero_usart = 1
0x00A2	0x3001      	MOVLW      1
0x00A3	0x00B6      	MOVWF      _viajero_usart
;ultrasonico_timer1.mbas,77 :: 		termino=0
0x00A4	0x01AD      	CLRF       _termino
;ultrasonico_timer1.mbas,78 :: 		end if
L_ultrasonico_timer1_interrupt24:
0x00A5	0x28D5      	GOTO       L_ultrasonico_timer1_interrupt18
L_ultrasonico_timer1_interrupt21:
;ultrasonico_timer1.mbas,79 :: 		case 2
0x00A6	0x0836      	MOVF       _viajero_usart, 0
0x00A7	0x3A02      	XORLW      2
0x00A8	0x1D03      	BTFSS      STATUS, 2
0x00A9	0x28AF      	GOTO       L_ultrasonico_timer1_interrupt27
;ultrasonico_timer1.mbas,80 :: 		angulo= received_byte
0x00AA	0x0831      	MOVF       _received_byte, 0
0x00AB	0x00AC      	MOVWF      _angulo
;ultrasonico_timer1.mbas,81 :: 		viajero_usart= 3
0x00AC	0x3003      	MOVLW      3
0x00AD	0x00B6      	MOVWF      _viajero_usart
0x00AE	0x28D5      	GOTO       L_ultrasonico_timer1_interrupt18
L_ultrasonico_timer1_interrupt27:
;ultrasonico_timer1.mbas,82 :: 		case 3
0x00AF	0x0836      	MOVF       _viajero_usart, 0
0x00B0	0x3A03      	XORLW      3
0x00B1	0x1D03      	BTFSS      STATUS, 2
0x00B2	0x28B8      	GOTO       L_ultrasonico_timer1_interrupt30
;ultrasonico_timer1.mbas,83 :: 		velocidad_1= received_byte
0x00B3	0x0831      	MOVF       _received_byte, 0
0x00B4	0x00AA      	MOVWF      _velocidad_1
;ultrasonico_timer1.mbas,84 :: 		viajero_usart= 4
0x00B5	0x3004      	MOVLW      4
0x00B6	0x00B6      	MOVWF      _viajero_usart
0x00B7	0x28D5      	GOTO       L_ultrasonico_timer1_interrupt18
L_ultrasonico_timer1_interrupt30:
;ultrasonico_timer1.mbas,85 :: 		case 4
0x00B8	0x0836      	MOVF       _viajero_usart, 0
0x00B9	0x3A04      	XORLW      4
0x00BA	0x1D03      	BTFSS      STATUS, 2
0x00BB	0x28C1      	GOTO       L_ultrasonico_timer1_interrupt33
;ultrasonico_timer1.mbas,86 :: 		direccion_1= received_byte
0x00BC	0x0831      	MOVF       _received_byte, 0
0x00BD	0x00A8      	MOVWF      _direccion_1
;ultrasonico_timer1.mbas,87 :: 		viajero_usart= 5
0x00BE	0x3005      	MOVLW      5
0x00BF	0x00B6      	MOVWF      _viajero_usart
0x00C0	0x28D5      	GOTO       L_ultrasonico_timer1_interrupt18
L_ultrasonico_timer1_interrupt33:
;ultrasonico_timer1.mbas,88 :: 		case 5
0x00C1	0x0836      	MOVF       _viajero_usart, 0
0x00C2	0x3A05      	XORLW      5
0x00C3	0x1D03      	BTFSS      STATUS, 2
0x00C4	0x28CA      	GOTO       L_ultrasonico_timer1_interrupt36
;ultrasonico_timer1.mbas,89 :: 		velocidad_2= received_byte
0x00C5	0x0831      	MOVF       _received_byte, 0
0x00C6	0x00AB      	MOVWF      _velocidad_2
;ultrasonico_timer1.mbas,90 :: 		viajero_usart= 6
0x00C7	0x3006      	MOVLW      6
0x00C8	0x00B6      	MOVWF      _viajero_usart
0x00C9	0x28D5      	GOTO       L_ultrasonico_timer1_interrupt18
L_ultrasonico_timer1_interrupt36:
;ultrasonico_timer1.mbas,91 :: 		case 6
0x00CA	0x0836      	MOVF       _viajero_usart, 0
0x00CB	0x3A06      	XORLW      6
0x00CC	0x1D03      	BTFSS      STATUS, 2
0x00CD	0x28D5      	GOTO       L_ultrasonico_timer1_interrupt39
;ultrasonico_timer1.mbas,92 :: 		direccion_2= received_byte
0x00CE	0x0831      	MOVF       _received_byte, 0
0x00CF	0x00A7      	MOVWF      _direccion_2
;ultrasonico_timer1.mbas,93 :: 		termino = 1
0x00D0	0x3001      	MOVLW      1
0x00D1	0x00AD      	MOVWF      _termino
;ultrasonico_timer1.mbas,94 :: 		viajero_usart= 1
0x00D2	0x3001      	MOVLW      1
0x00D3	0x00B6      	MOVWF      _viajero_usart
0x00D4	0x28D5      	GOTO       L_ultrasonico_timer1_interrupt18
L_ultrasonico_timer1_interrupt39:
L_ultrasonico_timer1_interrupt18:
;ultrasonico_timer1.mbas,96 :: 		ClearBit(PIR1,RCIF)
0x00D5	0x128C      	BCF        PIR1, 5
L_ultrasonico_timer1_interrupt15:
;ultrasonico_timer1.mbas,99 :: 		if INTCON.INTF = 1 then            ' External interupt (RB0 pin)
0x00D6	0x1C8B      	BTFSS      INTCON, 1
0x00D7	0x28EC      	GOTO       L_ultrasonico_timer1_interrupt41
;ultrasonico_timer1.mbas,100 :: 		if flanco=1 then
0x00D8	0x0841      	MOVF       _flanco, 0
0x00D9	0x3A01      	XORLW      1
0x00DA	0x1D03      	BTFSS      STATUS, 2
0x00DB	0x28E2      	GOTO       L_ultrasonico_timer1_interrupt44
;ultrasonico_timer1.mbas,101 :: 		TMR0 = 0x00
0x00DC	0x0181      	CLRF       TMR0
;ultrasonico_timer1.mbas,102 :: 		OPTION_REG.INTEDG=0
0x00DD	0x1683      	BSF        STATUS, 5
0x00DE	0x1301      	BCF        OPTION_REG, 6
;ultrasonico_timer1.mbas,103 :: 		flanco = 0
0x00DF	0x1283      	BCF        STATUS, 5
0x00E0	0x01C1      	CLRF       _flanco
0x00E1	0x28EB      	GOTO       L_ultrasonico_timer1_interrupt45
;ultrasonico_timer1.mbas,104 :: 		else
L_ultrasonico_timer1_interrupt44:
;ultrasonico_timer1.mbas,105 :: 		OPTION_REG.INTEDG=1
0x00E2	0x1683      	BSF        STATUS, 5
0x00E3	0x1701      	BSF        OPTION_REG, 6
;ultrasonico_timer1.mbas,106 :: 		Tiempo = TMR0
0x00E4	0x1283      	BCF        STATUS, 5
0x00E5	0x0801      	MOVF       TMR0, 0
0x00E6	0x00B7      	MOVWF      _Tiempo
0x00E7	0x01B8      	CLRF       _Tiempo+1
;ultrasonico_timer1.mbas,107 :: 		TMR0 = 0x00
0x00E8	0x0181      	CLRF       TMR0
;ultrasonico_timer1.mbas,108 :: 		flanco=1
0x00E9	0x3001      	MOVLW      1
0x00EA	0x00C1      	MOVWF      _flanco
;ultrasonico_timer1.mbas,109 :: 		end if
L_ultrasonico_timer1_interrupt45:
;ultrasonico_timer1.mbas,110 :: 		Clearbit(INTCON,INTF)
0x00EB	0x108B      	BCF        INTCON, 1
L_ultrasonico_timer1_interrupt41:
;ultrasonico_timer1.mbas,111 :: 		end if
L_ultrasonico_timer1_interrupt83:
0x00EC	0x0824      	MOVF       36, 0
0x00ED	0x00F0      	MOVWF      R0
0x00EE	0x0823      	MOVF       35, 0
0x00EF	0x00F1      	MOVWF      R1
0x00F0	0x0822      	MOVF       34, 0
0x00F1	0x00F2      	MOVWF      R2
0x00F2	0x0821      	MOVF       33, 0
0x00F3	0x00F3      	MOVWF      R3
0x00F4	0x0820      	MOVF       32, 0
0x00F5	0x00F4      	MOVWF      R4
0x00F6	0x0825      	MOVF       ___savePCLATH, 0
0x00F7	0x008A      	MOVWF      PCLATH
0x00F8	0x0E26      	SWAPF      ___saveSTATUS, 0
0x00F9	0x0083      	MOVWF      STATUS
0x00FA	0x0EFF      	SWAPF      R15, 1
0x00FB	0x0E7F      	SWAPF      R15, 0
0x00FC	0x0009      	RETFIE
; end of ultrasonico_timer1_interrupt
_Div_16x16_U:
;__Lib_Math.mpas,207 :: 		
;__Lib_Math.mpas,213 :: 		
0x00FD	0x1283      	BCF        STATUS, 5
;__Lib_Math.mpas,214 :: 		
0x00FE	0x1303      	BCF        STATUS, 6
;__Lib_Math.mpas,215 :: 		
0x00FF	0x01F8      	CLRF       R8
;__Lib_Math.mpas,216 :: 		
0x0100	0x01F9      	CLRF       R9
;__Lib_Math.mpas,217 :: 		
0x0101	0x3010      	MOVLW      16
;__Lib_Math.mpas,218 :: 		
0x0102	0x00FC      	MOVWF      R12
;__Lib_Math.mpas,219 :: 		
0x0103	0x0D71      	RLF        R1, 0
;__Lib_Math.mpas,220 :: 		
0x0104	0x0DF8      	RLF        R8, 1
;__Lib_Math.mpas,221 :: 		
0x0105	0x0DF9      	RLF        R9, 1
;__Lib_Math.mpas,222 :: 		
0x0106	0x0874      	MOVF       R4, 0
;__Lib_Math.mpas,223 :: 		
0x0107	0x02F8      	SUBWF      R8, 1
;__Lib_Math.mpas,224 :: 		
0x0108	0x0875      	MOVF       R5, 0
;__Lib_Math.mpas,225 :: 		
0x0109	0x1C03      	BTFSS      STATUS, 0
;__Lib_Math.mpas,226 :: 		
0x010A	0x0F75      	INCFSZ     R5, 0
;__Lib_Math.mpas,227 :: 		
0x010B	0x02F9      	SUBWF      R9, 1
;__Lib_Math.mpas,228 :: 		
0x010C	0x1803      	BTFSC      STATUS, 0
;__Lib_Math.mpas,229 :: 		
0x010D	0x2915      	GOTO       $+8
;__Lib_Math.mpas,230 :: 		
0x010E	0x0874      	MOVF       R4, 0
;__Lib_Math.mpas,231 :: 		
0x010F	0x07F8      	ADDWF      R8, 1
;__Lib_Math.mpas,232 :: 		
0x0110	0x0875      	MOVF       R5, 0
;__Lib_Math.mpas,233 :: 		
0x0111	0x1803      	BTFSC      STATUS, 0
;__Lib_Math.mpas,234 :: 		
0x0112	0x0F75      	INCFSZ     R5, 0
;__Lib_Math.mpas,235 :: 		
0x0113	0x07F9      	ADDWF      R9, 1
;__Lib_Math.mpas,236 :: 		
0x0114	0x1003      	BCF        STATUS, 0
;__Lib_Math.mpas,237 :: 		
0x0115	0x0DF0      	RLF        R0, 1
;__Lib_Math.mpas,238 :: 		
0x0116	0x0DF1      	RLF        R1, 1
;__Lib_Math.mpas,239 :: 		
0x0117	0x0BFC      	DECFSZ     R12, 1
;__Lib_Math.mpas,240 :: 		
0x0118	0x2903      	GOTO       $-21
;__Lib_Math.mpas,242 :: 		
0x0119	0x0008      	RETURN
; end of _Div_16x16_U
_Mul_16x16_U:
;__Lib_Math.mpas,121 :: 		
;__Lib_Math.mpas,127 :: 		
0x011A	0x1283      	BCF        STATUS, 5
;__Lib_Math.mpas,128 :: 		
0x011B	0x1303      	BCF        STATUS, 6
;__Lib_Math.mpas,129 :: 		
0x011C	0x01FB      	CLRF       R11
;__Lib_Math.mpas,130 :: 		
0x011D	0x01FA      	CLRF       R10
;__Lib_Math.mpas,131 :: 		
0x011E	0x01F9      	CLRF       R9
;__Lib_Math.mpas,132 :: 		
0x011F	0x3080      	MOVLW      128
;__Lib_Math.mpas,133 :: 		
0x0120	0x00F8      	MOVWF      R8
;__Lib_Math.mpas,134 :: 		
0x0121	0x0CF1      	RRF        R1, 1
;__Lib_Math.mpas,135 :: 		
0x0122	0x0CF0      	RRF        R0, 1
;__Lib_Math.mpas,136 :: 		
0x0123	0x1C03      	BTFSS      STATUS, 0
;__Lib_Math.mpas,137 :: 		
0x0124	0x292E      	GOTO       $+10
;__Lib_Math.mpas,138 :: 		
0x0125	0x0874      	MOVF       R4, 0
;__Lib_Math.mpas,139 :: 		
0x0126	0x07F9      	ADDWF      R9, 1
;__Lib_Math.mpas,140 :: 		
0x0127	0x0875      	MOVF       R5, 0
;__Lib_Math.mpas,141 :: 		
0x0128	0x1803      	BTFSC      STATUS, 0
;__Lib_Math.mpas,142 :: 		
0x0129	0x0F75      	INCFSZ     R5, 0
;__Lib_Math.mpas,143 :: 		
0x012A	0x07FA      	ADDWF      R10, 1
;__Lib_Math.mpas,144 :: 		
0x012B	0x1803      	BTFSC      STATUS, 0
;__Lib_Math.mpas,145 :: 		
0x012C	0x0AFB      	INCF       R11, 1
;__Lib_Math.mpas,146 :: 		
0x012D	0x1003      	BCF        STATUS, 0
;__Lib_Math.mpas,147 :: 		
0x012E	0x1FF0      	BTFSS      R0, 7
;__Lib_Math.mpas,148 :: 		
0x012F	0x2936      	GOTO       $+7
;__Lib_Math.mpas,149 :: 		
0x0130	0x0874      	MOVF       R4, 0
;__Lib_Math.mpas,150 :: 		
0x0131	0x07FA      	ADDWF      R10, 1
;__Lib_Math.mpas,151 :: 		
0x0132	0x0875      	MOVF       R5, 0
;__Lib_Math.mpas,152 :: 		
0x0133	0x1803      	BTFSC      STATUS, 0
;__Lib_Math.mpas,153 :: 		
0x0134	0x0F75      	INCFSZ     R5, 0
;__Lib_Math.mpas,154 :: 		
0x0135	0x07FB      	ADDWF      R11, 1
;__Lib_Math.mpas,155 :: 		
0x0136	0x0CFB      	RRF        R11, 1
;__Lib_Math.mpas,156 :: 		
0x0137	0x0CFA      	RRF        R10, 1
;__Lib_Math.mpas,157 :: 		
0x0138	0x0CF9      	RRF        R9, 1
;__Lib_Math.mpas,158 :: 		
0x0139	0x0CF8      	RRF        R8, 1
;__Lib_Math.mpas,159 :: 		
0x013A	0x1C03      	BTFSS      STATUS, 0
;__Lib_Math.mpas,160 :: 		
0x013B	0x2921      	GOTO       $-26
;__Lib_Math.mpas,161 :: 		
0x013C	0x087B      	MOVF       R11, 0
;__Lib_Math.mpas,162 :: 		
0x013D	0x00F3      	MOVWF      R3
;__Lib_Math.mpas,163 :: 		
0x013E	0x087A      	MOVF       R10, 0
;__Lib_Math.mpas,164 :: 		
0x013F	0x00F2      	MOVWF      R2
;__Lib_Math.mpas,165 :: 		
0x0140	0x0879      	MOVF       R9, 0
;__Lib_Math.mpas,166 :: 		
0x0141	0x00F1      	MOVWF      R1
;__Lib_Math.mpas,167 :: 		
0x0142	0x0878      	MOVF       R8, 0
;__Lib_Math.mpas,168 :: 		
0x0143	0x00F0      	MOVWF      R0
;__Lib_Math.mpas,170 :: 		
0x0144	0x0008      	RETURN
; end of _Mul_16x16_U
_PWM1_Init:
;__Lib_PWM_c21.mpas,15 :: 		
;__Lib_PWM_c21.mpas,17 :: 		
0x0145	0x1283      	BCF        STATUS, 5
0x0146	0x1303      	BCF        STATUS, 6
0x0147	0x0195      	CLRF       CCPR1L
;__Lib_PWM_c21.mpas,18 :: 		
0x0148	0x1217      	BCF        CCP1CON, 4
;__Lib_PWM_c21.mpas,19 :: 		
0x0149	0x1297      	BCF        CCP1CON, 5
;__Lib_PWM_c21.mpas,20 :: 		
0x014A	0x0008      	RETURN
; end of _PWM1_Init
_PWM2_Init:
;__Lib_PWM_c21.mpas,50 :: 		
;__Lib_PWM_c21.mpas,52 :: 		
0x014B	0x1283      	BCF        STATUS, 5
0x014C	0x1303      	BCF        STATUS, 6
0x014D	0x019B      	CLRF       CCPR2L
;__Lib_PWM_c21.mpas,53 :: 		
0x014E	0x121D      	BCF        CCP2CON, 4
;__Lib_PWM_c21.mpas,54 :: 		
0x014F	0x129D      	BCF        CCP2CON, 5
;__Lib_PWM_c21.mpas,55 :: 		
0x0150	0x0008      	RETURN
; end of _PWM2_Init
_PWM1_Set_Duty:
;__Lib_PWM_c21.mpas,25 :: 		
;__Lib_PWM_c21.mpas,26 :: 		
0x0151	0x1683      	BSF        STATUS, 5
0x0152	0x1303      	BCF        STATUS, 6
0x0153	0x0812      	MOVF       PR2, 0
0x0154	0x00F0      	MOVWF      R0
0x0155	0x01F1      	CLRF       R0+1
0x0156	0x0AF0      	INCF       R0, 1
0x0157	0x1903      	BTFSC      STATUS, 2
0x0158	0x0AF1      	INCF       R0+1, 1
0x0159	0x1283      	BCF        STATUS, 5
0x015A	0x0842      	MOVF       FARG_PWM1_Set_Duty_new_duty, 0
0x015B	0x00F4      	MOVWF      R4
0x015C	0x01F5      	CLRF       R4+1
0x015D	0x211A      	CALL       _Mul_16x16_U
0x015E	0x3006      	MOVLW      6
0x015F	0x00F2      	MOVWF      R2
0x0160	0x0870      	MOVF       R0, 0
0x0161	0x00F4      	MOVWF      R4
0x0162	0x0871      	MOVF       R0+1, 0
0x0163	0x00F5      	MOVWF      R4+1
0x0164	0x0872      	MOVF       R2, 0
L__PWM1_Set_Duty8:
0x0165	0x1903      	BTFSC      STATUS, 2
0x0166	0x296C      	GOTO       L__PWM1_Set_Duty9
0x0167	0x0CF5      	RRF        R4+1, 1
0x0168	0x0CF4      	RRF        R4, 1
0x0169	0x13F5      	BCF        R4+1, 7
0x016A	0x3EFF      	ADDLW      255
0x016B	0x2965      	GOTO       L__PWM1_Set_Duty8
L__PWM1_Set_Duty9:
;__Lib_PWM_c21.mpas,27 :: 		
0x016C	0x0874      	MOVF       R4, 0
0x016D	0x00F0      	MOVWF      R0
0x016E	0x0875      	MOVF       R4+1, 0
0x016F	0x00F1      	MOVWF      R0+1
0x0170	0x0DF0      	RLF        R0, 1
0x0171	0x0DF1      	RLF        R0+1, 1
0x0172	0x1070      	BCF        R0, 0
0x0173	0x0DF0      	RLF        R0, 1
0x0174	0x0DF1      	RLF        R0+1, 1
0x0175	0x1070      	BCF        R0, 0
0x0176	0x0DF0      	RLF        R0, 1
0x0177	0x0DF1      	RLF        R0+1, 1
0x0178	0x1070      	BCF        R0, 0
0x0179	0x0DF0      	RLF        R0, 1
0x017A	0x0DF1      	RLF        R0+1, 1
0x017B	0x1070      	BCF        R0, 0
0x017C	0x3030      	MOVLW      48
0x017D	0x0570      	ANDWF      R0, 0
0x017E	0x00F3      	MOVWF      R3
;__Lib_PWM_c21.mpas,28 :: 		
0x017F	0x0874      	MOVF       R4, 0
0x0180	0x00F0      	MOVWF      R0
0x0181	0x0875      	MOVF       R4+1, 0
0x0182	0x00F1      	MOVWF      R0+1
0x0183	0x0CF1      	RRF        R0+1, 1
0x0184	0x0CF0      	RRF        R0, 1
0x0185	0x13F1      	BCF        R0+1, 7
0x0186	0x0CF1      	RRF        R0+1, 1
0x0187	0x0CF0      	RRF        R0, 1
0x0188	0x13F1      	BCF        R0+1, 7
0x0189	0x0870      	MOVF       R0, 0
0x018A	0x0095      	MOVWF      CCPR1L
;__Lib_PWM_c21.mpas,29 :: 		
0x018B	0x300F      	MOVLW      15
0x018C	0x0597      	ANDWF      CCP1CON, 1
;__Lib_PWM_c21.mpas,30 :: 		
0x018D	0x0873      	MOVF       R3, 0
0x018E	0x0497      	IORWF      CCP1CON, 1
;__Lib_PWM_c21.mpas,31 :: 		
0x018F	0x0008      	RETURN
; end of _PWM1_Set_Duty
_PWM1_Start:
;__Lib_PWM_c21.mpas,34 :: 		
;__Lib_PWM_c21.mpas,35 :: 		
0x0190	0x1683      	BSF        STATUS, 5
0x0191	0x1303      	BCF        STATUS, 6
0x0192	0x1107      	BCF        TRISC2_bit, 2
;__Lib_PWM_c21.mpas,36 :: 		
0x0193	0x1283      	BCF        STATUS, 5
0x0194	0x1512      	BSF        T2CON, 2
;__Lib_PWM_c21.mpas,37 :: 		
0x0195	0x300C      	MOVLW      12
0x0196	0x0497      	IORWF      CCP1CON, 1
;__Lib_PWM_c21.mpas,38 :: 		
0x0197	0x0008      	RETURN
; end of _PWM1_Start
_PWM2_Start:
;__Lib_PWM_c21.mpas,69 :: 		
;__Lib_PWM_c21.mpas,70 :: 		
0x0198	0x1683      	BSF        STATUS, 5
0x0199	0x1303      	BCF        STATUS, 6
0x019A	0x1087      	BCF        TRISC1_bit, 1
;__Lib_PWM_c21.mpas,71 :: 		
0x019B	0x1283      	BCF        STATUS, 5
0x019C	0x1512      	BSF        T2CON, 2
;__Lib_PWM_c21.mpas,72 :: 		
0x019D	0x300C      	MOVLW      12
0x019E	0x049D      	IORWF      CCP2CON, 1
;__Lib_PWM_c21.mpas,73 :: 		
0x019F	0x0008      	RETURN
; end of _PWM2_Start
_UART1_Init:
;__Lib_UART_c67.mpas,33 :: 		
;__Lib_UART_c67.mpas,34 :: 		
0x01A0	0x1683      	BSF        STATUS, 5
0x01A1	0x1303      	BCF        STATUS, 6
0x01A2	0x1698      	BSF        TXSTA, 5
;__Lib_UART_c67.mpas,35 :: 		
0x01A3	0x3090      	MOVLW      144
0x01A4	0x1283      	BCF        STATUS, 5
0x01A5	0x0098      	MOVWF      RCSTA
;__Lib_UART_c67.mpas,36 :: 		
0x01A6	0x1683      	BSF        STATUS, 5
0x01A7	0x1787      	BSF        TRISC7_bit, 7
;__Lib_UART_c67.mpas,37 :: 		
0x01A8	0x1307      	BCF        TRISC6_bit, 6
;__Lib_UART_c67.mpas,38 :: 		
L__UART1_Init2:
0x01A9	0x1283      	BCF        STATUS, 5
0x01AA	0x1E8C      	BTFSS      PIR1, 5
0x01AB	0x29AF      	GOTO       L__UART1_Init3
;__Lib_UART_c67.mpas,39 :: 		
0x01AC	0x081A      	MOVF       RCREG, 0
0x01AD	0x00F0      	MOVWF      R0
0x01AE	0x29A9      	GOTO       L__UART1_Init2
L__UART1_Init3:
;__Lib_UART_c67.mpas,40 :: 		
0x01AF	0x0008      	RETURN
; end of _UART1_Init
_PWM2_Set_Duty:
;__Lib_PWM_c21.mpas,60 :: 		
;__Lib_PWM_c21.mpas,61 :: 		
0x01B0	0x1683      	BSF        STATUS, 5
0x01B1	0x1303      	BCF        STATUS, 6
0x01B2	0x0812      	MOVF       PR2, 0
0x01B3	0x00F0      	MOVWF      R0
0x01B4	0x01F1      	CLRF       R0+1
0x01B5	0x0AF0      	INCF       R0, 1
0x01B6	0x1903      	BTFSC      STATUS, 2
0x01B7	0x0AF1      	INCF       R0+1, 1
0x01B8	0x1283      	BCF        STATUS, 5
0x01B9	0x0842      	MOVF       FARG_PWM2_Set_Duty_new_duty, 0
0x01BA	0x00F4      	MOVWF      R4
0x01BB	0x01F5      	CLRF       R4+1
0x01BC	0x211A      	CALL       _Mul_16x16_U
0x01BD	0x3006      	MOVLW      6
0x01BE	0x00F2      	MOVWF      R2
0x01BF	0x0870      	MOVF       R0, 0
0x01C0	0x00F4      	MOVWF      R4
0x01C1	0x0871      	MOVF       R0+1, 0
0x01C2	0x00F5      	MOVWF      R4+1
0x01C3	0x0872      	MOVF       R2, 0
L__PWM2_Set_Duty10:
0x01C4	0x1903      	BTFSC      STATUS, 2
0x01C5	0x29CB      	GOTO       L__PWM2_Set_Duty11
0x01C6	0x0CF5      	RRF        R4+1, 1
0x01C7	0x0CF4      	RRF        R4, 1
0x01C8	0x13F5      	BCF        R4+1, 7
0x01C9	0x3EFF      	ADDLW      255
0x01CA	0x29C4      	GOTO       L__PWM2_Set_Duty10
L__PWM2_Set_Duty11:
;__Lib_PWM_c21.mpas,62 :: 		
0x01CB	0x0874      	MOVF       R4, 0
0x01CC	0x00F0      	MOVWF      R0
0x01CD	0x0875      	MOVF       R4+1, 0
0x01CE	0x00F1      	MOVWF      R0+1
0x01CF	0x0DF0      	RLF        R0, 1
0x01D0	0x0DF1      	RLF        R0+1, 1
0x01D1	0x1070      	BCF        R0, 0
0x01D2	0x0DF0      	RLF        R0, 1
0x01D3	0x0DF1      	RLF        R0+1, 1
0x01D4	0x1070      	BCF        R0, 0
0x01D5	0x0DF0      	RLF        R0, 1
0x01D6	0x0DF1      	RLF        R0+1, 1
0x01D7	0x1070      	BCF        R0, 0
0x01D8	0x0DF0      	RLF        R0, 1
0x01D9	0x0DF1      	RLF        R0+1, 1
0x01DA	0x1070      	BCF        R0, 0
0x01DB	0x3030      	MOVLW      48
0x01DC	0x0570      	ANDWF      R0, 0
0x01DD	0x00F3      	MOVWF      R3
;__Lib_PWM_c21.mpas,63 :: 		
0x01DE	0x0874      	MOVF       R4, 0
0x01DF	0x00F0      	MOVWF      R0
0x01E0	0x0875      	MOVF       R4+1, 0
0x01E1	0x00F1      	MOVWF      R0+1
0x01E2	0x0CF1      	RRF        R0+1, 1
0x01E3	0x0CF0      	RRF        R0, 1
0x01E4	0x13F1      	BCF        R0+1, 7
0x01E5	0x0CF1      	RRF        R0+1, 1
0x01E6	0x0CF0      	RRF        R0, 1
0x01E7	0x13F1      	BCF        R0+1, 7
0x01E8	0x0870      	MOVF       R0, 0
0x01E9	0x009B      	MOVWF      CCPR2L
;__Lib_PWM_c21.mpas,64 :: 		
0x01EA	0x300F      	MOVLW      15
0x01EB	0x059D      	ANDWF      CCP2CON, 1
;__Lib_PWM_c21.mpas,65 :: 		
0x01EC	0x0873      	MOVF       R3, 0
0x01ED	0x049D      	IORWF      CCP2CON, 1
;__Lib_PWM_c21.mpas,66 :: 		
0x01EE	0x0008      	RETURN
; end of _PWM2_Set_Duty
ultrasonico_timer1_led:
;ultrasonico_timer1.mbas,123 :: 		sub procedure led
;ultrasonico_timer1.mbas,124 :: 		porta = 0x00
0x01EF	0x1283      	BCF        STATUS, 5
0x01F0	0x1303      	BCF        STATUS, 6
0x01F1	0x0185      	CLRF       PORTA
;ultrasonico_timer1.mbas,125 :: 		delay_ms(250)
0x01F2	0x3003      	MOVLW      3
0x01F3	0x00FB      	MOVWF      R11
0x01F4	0x308A      	MOVLW      138
0x01F5	0x00FC      	MOVWF      R12
0x01F6	0x3055      	MOVLW      85
0x01F7	0x00FD      	MOVWF      R13
L_ultrasonico_timer1_led50:
0x01F8	0x0BFD      	DECFSZ     R13, 1
0x01F9	0x29F8      	GOTO       L_ultrasonico_timer1_led50
0x01FA	0x0BFC      	DECFSZ     R12, 1
0x01FB	0x29F8      	GOTO       L_ultrasonico_timer1_led50
0x01FC	0x0BFB      	DECFSZ     R11, 1
0x01FD	0x29F8      	GOTO       L_ultrasonico_timer1_led50
0x01FE	0x0000      	NOP
0x01FF	0x0000      	NOP
;ultrasonico_timer1.mbas,126 :: 		porta = 0xff
0x0200	0x30FF      	MOVLW      255
0x0201	0x0085      	MOVWF      PORTA
;ultrasonico_timer1.mbas,127 :: 		delay_ms(250)
0x0202	0x3003      	MOVLW      3
0x0203	0x00FB      	MOVWF      R11
0x0204	0x308A      	MOVLW      138
0x0205	0x00FC      	MOVWF      R12
0x0206	0x3055      	MOVLW      85
0x0207	0x00FD      	MOVWF      R13
L_ultrasonico_timer1_led51:
0x0208	0x0BFD      	DECFSZ     R13, 1
0x0209	0x2A08      	GOTO       L_ultrasonico_timer1_led51
0x020A	0x0BFC      	DECFSZ     R12, 1
0x020B	0x2A08      	GOTO       L_ultrasonico_timer1_led51
0x020C	0x0BFB      	DECFSZ     R11, 1
0x020D	0x2A08      	GOTO       L_ultrasonico_timer1_led51
0x020E	0x0000      	NOP
0x020F	0x0000      	NOP
;ultrasonico_timer1.mbas,128 :: 		porta = 0x00
0x0210	0x0185      	CLRF       PORTA
;ultrasonico_timer1.mbas,129 :: 		delay_ms(250)
0x0211	0x3003      	MOVLW      3
0x0212	0x00FB      	MOVWF      R11
0x0213	0x308A      	MOVLW      138
0x0214	0x00FC      	MOVWF      R12
0x0215	0x3055      	MOVLW      85
0x0216	0x00FD      	MOVWF      R13
L_ultrasonico_timer1_led52:
0x0217	0x0BFD      	DECFSZ     R13, 1
0x0218	0x2A17      	GOTO       L_ultrasonico_timer1_led52
0x0219	0x0BFC      	DECFSZ     R12, 1
0x021A	0x2A17      	GOTO       L_ultrasonico_timer1_led52
0x021B	0x0BFB      	DECFSZ     R11, 1
0x021C	0x2A17      	GOTO       L_ultrasonico_timer1_led52
0x021D	0x0000      	NOP
0x021E	0x0000      	NOP
;ultrasonico_timer1.mbas,130 :: 		porta = 0xff
0x021F	0x30FF      	MOVLW      255
0x0220	0x0085      	MOVWF      PORTA
;ultrasonico_timer1.mbas,131 :: 		delay_ms(250)
0x0221	0x3003      	MOVLW      3
0x0222	0x00FB      	MOVWF      R11
0x0223	0x308A      	MOVLW      138
0x0224	0x00FC      	MOVWF      R12
0x0225	0x3055      	MOVLW      85
0x0226	0x00FD      	MOVWF      R13
L_ultrasonico_timer1_led53:
0x0227	0x0BFD      	DECFSZ     R13, 1
0x0228	0x2A27      	GOTO       L_ultrasonico_timer1_led53
0x0229	0x0BFC      	DECFSZ     R12, 1
0x022A	0x2A27      	GOTO       L_ultrasonico_timer1_led53
0x022B	0x0BFB      	DECFSZ     R11, 1
0x022C	0x2A27      	GOTO       L_ultrasonico_timer1_led53
0x022D	0x0000      	NOP
0x022E	0x0000      	NOP
;ultrasonico_timer1.mbas,132 :: 		porta = 0x00
0x022F	0x0185      	CLRF       PORTA
0x0230	0x0008      	RETURN
; end of ultrasonico_timer1_led
ultrasonico_timer1_srf05_pulso:
;ultrasonico_timer1.mbas,114 :: 		sub procedure srf05_pulso
;ultrasonico_timer1.mbas,115 :: 		portc.5=1
0x0231	0x1283      	BCF        STATUS, 5
0x0232	0x1303      	BCF        STATUS, 6
0x0233	0x1687      	BSF        PORTC, 5
;ultrasonico_timer1.mbas,116 :: 		delay_us(50)
0x0234	0x3021      	MOVLW      33
0x0235	0x00FD      	MOVWF      R13
L_ultrasonico_timer1_srf05_pulso47:
0x0236	0x0BFD      	DECFSZ     R13, 1
0x0237	0x2A36      	GOTO       L_ultrasonico_timer1_srf05_pulso47
;ultrasonico_timer1.mbas,117 :: 		portc.5=0
0x0238	0x1287      	BCF        PORTC, 5
;ultrasonico_timer1.mbas,118 :: 		delay_ms(40)
0x0239	0x3068      	MOVLW      104
0x023A	0x00FC      	MOVWF      R12
0x023B	0x30E4      	MOVLW      228
0x023C	0x00FD      	MOVWF      R13
L_ultrasonico_timer1_srf05_pulso48:
0x023D	0x0BFD      	DECFSZ     R13, 1
0x023E	0x2A3D      	GOTO       L_ultrasonico_timer1_srf05_pulso48
0x023F	0x0BFC      	DECFSZ     R12, 1
0x0240	0x2A3D      	GOTO       L_ultrasonico_timer1_srf05_pulso48
0x0241	0x0000      	NOP
;ultrasonico_timer1.mbas,119 :: 		distancia = Tiempo*128
0x0242	0x3007      	MOVLW      7
0x0243	0x00F2      	MOVWF      R2
0x0244	0x0837      	MOVF       _Tiempo, 0
0x0245	0x00F0      	MOVWF      R0
0x0246	0x0838      	MOVF       _Tiempo+1, 0
0x0247	0x00F1      	MOVWF      R0+1
0x0248	0x0872      	MOVF       R2, 0
L_ultrasonico_timer1_srf05_pulso87:
0x0249	0x1903      	BTFSC      STATUS, 2
0x024A	0x2A50      	GOTO       L_ultrasonico_timer1_srf05_pulso88
0x024B	0x0DF0      	RLF        R0, 1
0x024C	0x0DF1      	RLF        R0+1, 1
0x024D	0x1070      	BCF        R0, 0
0x024E	0x3EFF      	ADDLW      255
0x024F	0x2A49      	GOTO       L_ultrasonico_timer1_srf05_pulso87
L_ultrasonico_timer1_srf05_pulso88:
0x0250	0x0870      	MOVF       R0, 0
0x0251	0x00BF      	MOVWF      _distancia
0x0252	0x0871      	MOVF       R0+1, 0
0x0253	0x00C0      	MOVWF      _distancia+1
;ultrasonico_timer1.mbas,120 :: 		distancia = distancia/116
0x0254	0x3074      	MOVLW      116
0x0255	0x00F4      	MOVWF      R4
0x0256	0x01F5      	CLRF       R4+1
0x0257	0x20FD      	CALL       _Div_16x16_U
0x0258	0x0870      	MOVF       R0, 0
0x0259	0x00BF      	MOVWF      _distancia
0x025A	0x0871      	MOVF       R0+1, 0
0x025B	0x00C0      	MOVWF      _distancia+1
0x025C	0x0008      	RETURN
; end of ultrasonico_timer1_srf05_pulso
_UART1_Write:
;__Lib_UART_c67.mpas,72 :: 		
;__Lib_UART_c67.mpas,73 :: 		
L__UART1_Write14:
0x025D	0x1683      	BSF        STATUS, 5
0x025E	0x1303      	BCF        STATUS, 6
0x025F	0x1898      	BTFSC      TXSTA, 1
0x0260	0x2A63      	GOTO       L__UART1_Write15
0x0261	0x0000      	NOP
0x0262	0x2A5D      	GOTO       L__UART1_Write14
L__UART1_Write15:
;__Lib_UART_c67.mpas,74 :: 		
0x0263	0x1283      	BCF        STATUS, 5
0x0264	0x0842      	MOVF       FARG_UART1_Write_data_, 0
0x0265	0x0099      	MOVWF      TXREG
;__Lib_UART_c67.mpas,75 :: 		
0x0266	0x0008      	RETURN
; end of _UART1_Write
_UART1_Read:
;__Lib_UART_c67.mpas,54 :: 		
;__Lib_UART_c67.mpas,55 :: 		
0x0267	0x1283      	BCF        STATUS, 5
0x0268	0x1303      	BCF        STATUS, 6
0x0269	0x081A      	MOVF       RCREG, 0
0x026A	0x00F2      	MOVWF      R2
;__Lib_UART_c67.mpas,56 :: 		
0x026B	0x1C98      	BTFSS      RCSTA, 1
0x026C	0x2A6F      	GOTO       L__UART1_Read9
;__Lib_UART_c67.mpas,58 :: 		
0x026D	0x1218      	BCF        RCSTA, 4
;__Lib_UART_c67.mpas,59 :: 		
0x026E	0x1618      	BSF        RCSTA, 4
;__Lib_UART_c67.mpas,60 :: 		
L__UART1_Read9:
;__Lib_UART_c67.mpas,61 :: 		
0x026F	0x0872      	MOVF       R2, 0
0x0270	0x00F1      	MOVWF      R1
;__Lib_UART_c67.mpas,62 :: 		
0x0271	0x0871      	MOVF       R1, 0
0x0272	0x00F0      	MOVWF      R0
0x0273	0x0008      	RETURN
; end of _UART1_Read
_main:
;ultrasonico_timer1.mbas,162 :: 		main:
;ultrasonico_timer1.mbas,163 :: 		OSCCON = %01110101
0x0274	0x3075      	MOVLW      117
0x0275	0x1683      	BSF        STATUS, 5
0x0276	0x1303      	BCF        STATUS, 6
0x0277	0x008F      	MOVWF      OSCCON
;ultrasonico_timer1.mbas,164 :: 		OPTION_REG=%10000000      ' Desabilito resistores pull up y  asigno prescaler to TMR0 (128)
0x0278	0x3080      	MOVLW      128
0x0279	0x0081      	MOVWF      OPTION_REG
;ultrasonico_timer1.mbas,165 :: 		INTCON = %11000000        ' Enable external interrupts bit(7) and bit(6) de permiso q no se controlan con INTCON
0x027A	0x30C0      	MOVLW      192
0x027B	0x008B      	MOVWF      INTCON
;ultrasonico_timer1.mbas,166 :: 		PIE1 = %00000000
0x027C	0x018C      	CLRF       PIE1
;ultrasonico_timer1.mbas,168 :: 		TRISA= %00000000
0x027D	0x0185      	CLRF       TRISA
;ultrasonico_timer1.mbas,169 :: 		TRISB= %00000001
0x027E	0x3001      	MOVLW      1
0x027F	0x0086      	MOVWF      TRISB
;ultrasonico_timer1.mbas,170 :: 		TRISC= %10000000
0x0280	0x3080      	MOVLW      128
0x0281	0x0087      	MOVWF      TRISC
;ultrasonico_timer1.mbas,172 :: 		ANSEL= %00000000
0x0282	0x1703      	BSF        STATUS, 6
0x0283	0x0188      	CLRF       ANSEL
;ultrasonico_timer1.mbas,173 :: 		ANSELH= %00000000
0x0284	0x0189      	CLRF       ANSELH
;ultrasonico_timer1.mbas,176 :: 		Servo = 0x80
0x0285	0x3080      	MOVLW      128
0x0286	0x1283      	BCF        STATUS, 5
0x0287	0x1303      	BCF        STATUS, 6
0x0288	0x00BC      	MOVWF      _Servo
;ultrasonico_timer1.mbas,177 :: 		T1CON = %00110001
0x0289	0x3031      	MOVLW      49
0x028A	0x0090      	MOVWF      T1CON
;ultrasonico_timer1.mbas,178 :: 		PIE1 = PIE1 OR %00000001
0x028B	0x1683      	BSF        STATUS, 5
0x028C	0x140C      	BSF        PIE1, 0
;ultrasonico_timer1.mbas,179 :: 		TMR1L = 0xFF
0x028D	0x30FF      	MOVLW      255
0x028E	0x1283      	BCF        STATUS, 5
0x028F	0x008E      	MOVWF      TMR1L
;ultrasonico_timer1.mbas,180 :: 		TMR1H = 0xFF
0x0290	0x30FF      	MOVLW      255
0x0291	0x008F      	MOVWF      TMR1H
;ultrasonico_timer1.mbas,181 :: 		paso = 0
0x0292	0x01B9      	CLRF       _Paso
;ultrasonico_timer1.mbas,182 :: 		Salidas = 0xffff
0x0293	0x30FF      	MOVLW      255
0x0294	0x00BA      	MOVWF      _Salidas
0x0295	0x30FF      	MOVLW      255
0x0296	0x00BB      	MOVWF      _Salidas+1
;ultrasonico_timer1.mbas,183 :: 		n_servo = 0x0001
0x0297	0x3001      	MOVLW      1
0x0298	0x00BD      	MOVWF      _n_servo
0x0299	0x01BE      	CLRF       _n_servo+1
;ultrasonico_timer1.mbas,186 :: 		OPTION_REG = OPTION_REG or %01000110   ' interrupcion rb0
0x029A	0x3046      	MOVLW      70
0x029B	0x1683      	BSF        STATUS, 5
0x029C	0x0481      	IORWF      OPTION_REG, 1
;ultrasonico_timer1.mbas,187 :: 		INTCON = INTCON or %00010000
0x029D	0x160B      	BSF        INTCON, 4
;ultrasonico_timer1.mbas,188 :: 		flanco = 1
0x029E	0x3001      	MOVLW      1
0x029F	0x1283      	BCF        STATUS, 5
0x02A0	0x00C1      	MOVWF      _flanco
;ultrasonico_timer1.mbas,189 :: 		Tiempo = 0
0x02A1	0x01B7      	CLRF       _Tiempo
0x02A2	0x01B8      	CLRF       _Tiempo+1
;ultrasonico_timer1.mbas,192 :: 		PIE1 = PIE1 or %00100000
0x02A3	0x1683      	BSF        STATUS, 5
0x02A4	0x168C      	BSF        PIE1, 5
;ultrasonico_timer1.mbas,193 :: 		UART1_Init(9600)
0x02A5	0x3033      	MOVLW      51
0x02A6	0x0099      	MOVWF      SPBRG
0x02A7	0x1518      	BSF        TXSTA, 2
0x02A8	0x21A0      	CALL       _UART1_Init
;ultrasonico_timer1.mbas,194 :: 		viajero_usart = 1
0x02A9	0x3001      	MOVLW      1
0x02AA	0x00B6      	MOVWF      _viajero_usart
;ultrasonico_timer1.mbas,197 :: 		PORTA= %00000000
0x02AB	0x0185      	CLRF       PORTA
;ultrasonico_timer1.mbas,198 :: 		PORTB= %00000000
0x02AC	0x0186      	CLRF       PORTB
;ultrasonico_timer1.mbas,199 :: 		PORTC= %00000000
0x02AD	0x0187      	CLRF       PORTC
;ultrasonico_timer1.mbas,201 :: 		PWM1_Init(5000)
0x02AE	0x1012      	BCF        T2CON, 0
0x02AF	0x1092      	BCF        T2CON, 1
0x02B0	0x1412      	BSF        T2CON, 0
0x02B1	0x1092      	BCF        T2CON, 1
0x02B2	0x3063      	MOVLW      99
0x02B3	0x1683      	BSF        STATUS, 5
0x02B4	0x0092      	MOVWF      PR2
0x02B5	0x2145      	CALL       _PWM1_Init
;ultrasonico_timer1.mbas,202 :: 		PWM2_Init(5000)
0x02B6	0x1012      	BCF        T2CON, 0
0x02B7	0x1092      	BCF        T2CON, 1
0x02B8	0x1412      	BSF        T2CON, 0
0x02B9	0x1092      	BCF        T2CON, 1
0x02BA	0x3063      	MOVLW      99
0x02BB	0x1683      	BSF        STATUS, 5
0x02BC	0x0092      	MOVWF      PR2
0x02BD	0x214B      	CALL       _PWM2_Init
;ultrasonico_timer1.mbas,203 :: 		PWM1_Start()
0x02BE	0x2190      	CALL       _PWM1_Start
;ultrasonico_timer1.mbas,204 :: 		PWM2_Start()
0x02BF	0x2198      	CALL       _PWM2_Start
;ultrasonico_timer1.mbas,206 :: 		velocidad_2= 0x00
0x02C0	0x01AB      	CLRF       _velocidad_2
;ultrasonico_timer1.mbas,207 :: 		velocidad_1= 0x00
0x02C1	0x01AA      	CLRF       _velocidad_1
;ultrasonico_timer1.mbas,208 :: 		Servo = 0x80
0x02C2	0x3080      	MOVLW      128
0x02C3	0x00BC      	MOVWF      _Servo
;ultrasonico_timer1.mbas,210 :: 		inicio_usart = 0xb7
0x02C4	0x30B7      	MOVLW      183
0x02C5	0x00A9      	MOVWF      _inicio_usart
;ultrasonico_timer1.mbas,211 :: 		ide_usart = 0XB7
0x02C6	0x30B7      	MOVLW      183
0x02C7	0x00AE      	MOVWF      _ide_usart
;ultrasonico_timer1.mbas,212 :: 		termino = 0
0x02C8	0x01AD      	CLRF       _termino
;ultrasonico_timer1.mbas,215 :: 		PWM1_Set_Duty(velocidad_1)
0x02C9	0x01C2      	CLRF       FARG_PWM1_Set_Duty_new_duty
0x02CA	0x2151      	CALL       _PWM1_Set_Duty
;ultrasonico_timer1.mbas,216 :: 		PWM2_Set_Duty(velocidad_2)
0x02CB	0x082B      	MOVF       _velocidad_2, 0
0x02CC	0x00C2      	MOVWF      FARG_PWM2_Set_Duty_new_duty
0x02CD	0x21B0      	CALL       _PWM2_Set_Duty
;ultrasonico_timer1.mbas,219 :: 		ClearBit(PORTB,1) ' adelante
0x02CE	0x1086      	BCF        PORTB, 1
;ultrasonico_timer1.mbas,221 :: 		ClearBit(PORTB,2) ' adelante
0x02CF	0x1106      	BCF        PORTB, 2
;ultrasonico_timer1.mbas,223 :: 		led()
0x02D0	0x21EF      	CALL       ultrasonico_timer1_led
;ultrasonico_timer1.mbas,225 :: 		while true
L__main75:
;ultrasonico_timer1.mbas,226 :: 		srf05_pulso()
0x02D1	0x2231      	CALL       ultrasonico_timer1_srf05_pulso
;ultrasonico_timer1.mbas,227 :: 		if termino = 1 then
0x02D2	0x082D      	MOVF       _termino, 0
0x02D3	0x3A01      	XORLW      1
0x02D4	0x1D03      	BTFSS      STATUS, 2
0x02D5	0x2AE9      	GOTO       L__main80
;ultrasonico_timer1.mbas,228 :: 		Servo = angulo
0x02D6	0x082C      	MOVF       _angulo, 0
0x02D7	0x00BC      	MOVWF      _Servo
;ultrasonico_timer1.mbas,229 :: 		PWM1_Set_Duty(velocidad_1)
0x02D8	0x082A      	MOVF       _velocidad_1, 0
0x02D9	0x00C2      	MOVWF      FARG_PWM1_Set_Duty_new_duty
0x02DA	0x2151      	CALL       _PWM1_Set_Duty
;ultrasonico_timer1.mbas,230 :: 		portb.1 = direccion_1.0
0x02DB	0x1828      	BTFSC      _direccion_1, 0
0x02DC	0x2ADF      	GOTO       L__main91
0x02DD	0x1086      	BCF        PORTB, 1
0x02DE	0x2AE0      	GOTO       L__main92
L__main91:
0x02DF	0x1486      	BSF        PORTB, 1
L__main92:
;ultrasonico_timer1.mbas,231 :: 		PWM2_Set_Duty(velocidad_2)
0x02E0	0x082B      	MOVF       _velocidad_2, 0
0x02E1	0x00C2      	MOVWF      FARG_PWM2_Set_Duty_new_duty
0x02E2	0x21B0      	CALL       _PWM2_Set_Duty
;ultrasonico_timer1.mbas,232 :: 		portb.2 = direccion_2.0
0x02E3	0x1827      	BTFSC      _direccion_2, 0
0x02E4	0x2AE7      	GOTO       L__main93
0x02E5	0x1106      	BCF        PORTB, 2
0x02E6	0x2AE8      	GOTO       L__main94
L__main93:
0x02E7	0x1506      	BSF        PORTB, 2
L__main94:
;ultrasonico_timer1.mbas,233 :: 		termino = 0
0x02E8	0x01AD      	CLRF       _termino
L__main80:
;ultrasonico_timer1.mbas,236 :: 		UART1_Write(ide_usart)
0x02E9	0x082E      	MOVF       _ide_usart, 0
0x02EA	0x00C2      	MOVWF      FARG_UART1_Write_data_
0x02EB	0x225D      	CALL       _UART1_Write
;ultrasonico_timer1.mbas,237 :: 		UART1_Write(lo(distancia))
0x02EC	0x083F      	MOVF       _distancia, 0
0x02ED	0x00C2      	MOVWF      FARG_UART1_Write_data_
0x02EE	0x225D      	CALL       _UART1_Write
;ultrasonico_timer1.mbas,239 :: 		delay_ms(200)
0x02EF	0x3003      	MOVLW      3
0x02F0	0x00FB      	MOVWF      R11
0x02F1	0x3008      	MOVLW      8
0x02F2	0x00FC      	MOVWF      R12
0x02F3	0x3077      	MOVLW      119
0x02F4	0x00FD      	MOVWF      R13
L__main82:
0x02F5	0x0BFD      	DECFSZ     R13, 1
0x02F6	0x2AF5      	GOTO       L__main82
0x02F7	0x0BFC      	DECFSZ     R12, 1
0x02F8	0x2AF5      	GOTO       L__main82
0x02F9	0x0BFB      	DECFSZ     R11, 1
0x02FA	0x2AF5      	GOTO       L__main82
;ultrasonico_timer1.mbas,240 :: 		PORTA = distancia
0x02FB	0x083F      	MOVF       _distancia, 0
0x02FC	0x0085      	MOVWF      PORTA
;ultrasonico_timer1.mbas,241 :: 		wend
0x02FD	0x2AD1      	GOTO       L__main75
0x02FE	0x2AFE      	GOTO       $+0
; end of _main
Symbol List:
//** Routines locations **
//ADDRESS    SIZE    PROCEDURE
//----------------------------------------------
0x0004     [249]    ultrasonico_timer1_interrupt
0x00FD      [29]    _Div_16x16_U
0x011A      [43]    _Mul_16x16_U
0x0145       [6]    _PWM1_Init
0x014B       [6]    _PWM2_Init
0x0151      [63]    _PWM1_Set_Duty
0x0190       [8]    _PWM1_Start
0x0198       [8]    _PWM2_Start
0x01A0      [16]    _UART1_Init
0x01B0      [63]    _PWM2_Set_Duty
0x01EF      [66]    ultrasonico_timer1_led
0x0231      [44]    ultrasonico_timer1_srf05_pulso
0x025D      [10]    _UART1_Write
0x0267      [13]    _UART1_Read
0x0274     [139]    _main
//** Variables locations ** 
//ADDRESS    SIZE    VARIABLE
//----------------------------------------------
0x0000       [1]    INDF
0x0001       [1]    TMR0
0x0002       [1]    PCL
0x0003       [0]    NOT_PD_bit
0x0003       [0]    NOT_TO_bit
0x0003       [0]    RP0_bit
0x0003       [0]    Z_bit
0x0003       [0]    IRP_bit
0x0003       [0]    RP1_bit
0x0003       [1]    STATUS
0x0003       [0]    DC_bit
0x0003       [0]    C_bit
0x0004       [1]    FSR
0x0004       [1]    FSRPTR
0x0005       [0]    RA6_bit
0x0005       [0]    RA0_bit
0x0005       [0]    RA3_bit
0x0005       [0]    RA5_bit
0x0005       [0]    RA1_bit
0x0005       [0]    RA4_bit
0x0005       [1]    PORTA
0x0005       [0]    RA7_bit
0x0005       [0]    RA2_bit
0x0006       [0]    RB2_bit
0x0006       [0]    RB7_bit
0x0006       [0]    RB1_bit
0x0006       [0]    RB3_bit
0x0006       [0]    RB0_bit
0x0006       [0]    RB4_bit
0x0006       [0]    RB5_bit
0x0006       [0]    RB6_bit
0x0006       [1]    PORTB
0x0007       [0]    RC6_bit
0x0007       [0]    RC3_bit
0x0007       [1]    PORTC
0x0007       [0]    RC2_bit
0x0007       [0]    RC7_bit
0x0007       [0]    RC4_bit
0x0007       [0]    RC1_bit
0x0007       [0]    RC5_bit
0x0007       [0]    RC0_bit
0x0009       [1]    PORTE
0x0009       [0]    RE3_bit
0x000A       [1]    PCLATH
0x000B       [0]    PEIE_bit
0x000B       [0]    GIE_bit
0x000B       [0]    INTE_bit
0x000B       [1]    INTCON
0x000B       [0]    T0IE_bit
0x000B       [0]    TMR0IE_bit
0x000B       [0]    TMR0IF_bit
0x000B       [0]    INTF_bit
0x000B       [0]    RBIF_bit
0x000B       [0]    RBIE_bit
0x000B       [0]    T0IF_bit
0x000C       [0]    CCP1IF_bit
0x000C       [0]    RCIF_bit
0x000C       [0]    SSPIF_bit
0x000C       [0]    TXIF_bit
0x000C       [0]    ADIF_bit
0x000C       [0]    TMR1IF_bit
0x000C       [1]    PIR1
0x000C       [0]    TMR2IF_bit
0x000D       [1]    PIR2
0x000D       [0]    C1IF_bit
0x000D       [0]    C2IF_bit
0x000D       [0]    OSFIF_bit
0x000D       [0]    EEIF_bit
0x000D       [0]    CCP2IF_bit
0x000D       [0]    ULPWUIF_bit
0x000D       [0]    BCLIF_bit
0x000E       [1]    TMR1L
0x000F       [1]    TMR1H
0x0010       [0]    T1CKPS1_bit
0x0010       [0]    T1CKPS0_bit
0x0010       [0]    T1GINV_bit
0x0010       [0]    TMR1GE_bit
0x0010       [0]    T1SYNC_bit
0x0010       [0]    TMR1CS_bit
0x0010       [0]    TMR1ON_bit
0x0010       [0]    T1OSCEN_bit
0x0010       [0]    NOT_T1SYNC_bit
0x0010       [0]    T1INSYNC_bit
0x0010       [1]    T1CON
0x0011       [1]    TMR2
0x0012       [0]    TOUTPS1_bit
0x0012       [0]    TOUTPS2_bit
0x0012       [0]    TOUTPS3_bit
0x0012       [1]    T2CON
0x0012       [0]    T2CKPS1_bit
0x0012       [0]    T2CKPS0_bit
0x0012       [0]    TOUTPS0_bit
0x0012       [0]    TMR2ON_bit
0x0013       [1]    SSPBUF
0x0014       [0]    WCOL_bit
0x0014       [0]    SSPM0_bit
0x0014       [0]    SSPM2_bit
0x0014       [0]    SSPOV_bit
0x0014       [0]    SSPEN_bit
0x0014       [0]    CKP_bit
0x0014       [0]    SSPM3_bit
0x0014       [1]    SSPCON
0x0014       [0]    SSPM1_bit
0x0015       [1]    CCPR1L
0x0015       [2]    CCPR1
0x0016       [1]    CCPR1H
0x0017       [0]    DC1B1_bit
0x0017       [0]    CCP1M1_bit
0x0017       [0]    CCP1M2_bit
0x0017       [1]    CCP1CON
0x0017       [0]    CCP1M0_bit
0x0017       [0]    DC1B0_bit
0x0017       [0]    CCP1X_bit
0x0017       [0]    CCP1M3_bit
0x0017       [0]    CCP1Y_bit
0x0017       [0]    P1M0_bit
0x0017       [0]    P1M1_bit
0x0018       [0]    RC9_bit
0x0018       [0]    NOT_RC8_bit
0x0018       [0]    RC8_9_bit
0x0018       [1]    RCSTA
0x0018       [0]    SPEN_bit
0x0018       [0]    RX9_bit
0x0018       [0]    SREN_bit
0x0018       [0]    OERR_bit
0x0018       [0]    RX9D_bit
0x0018       [0]    RCD8_bit
0x0018       [0]    CREN_bit
0x0018       [0]    ADDEN_bit
0x0018       [0]    FERR_bit
0x0019       [1]    TXREG
0x001A       [1]    RCREG
0x001B       [1]    CCPR2L
0x001B       [2]    CCPR2
0x001C       [1]    CCPR2H
0x001D       [0]    DC2B1_bit
0x001D       [0]    CCP2X_bit
0x001D       [1]    CCP2CON
0x001D       [0]    CCP2Y_bit
0x001D       [0]    CCP2M2_bit
0x001D       [0]    CCP2M1_bit
0x001D       [0]    CCP2M0_bit
0x001D       [0]    CCP2M3_bit
0x001D       [0]    DC2B0_bit
0x001E       [1]    ADRESH
0x001F       [0]    ADCS1_bit
0x001F       [0]    CHS3_bit
0x001F       [0]    ADCS0_bit
0x001F       [0]    CHS2_bit
0x001F       [0]    GO_bit
0x001F       [0]    ADON_bit
0x001F       [0]    NOT_DONE_bit
0x001F       [0]    GO_DONE_bit
0x001F       [1]    ADCON0
0x001F       [0]    CHS1_bit
0x001F       [0]    CHS0_bit
0x0025       [1]    ___savePCLATH
0x0026       [1]    ___saveSTATUS
0x0027       [1]    _direccion_2
0x0028       [1]    _direccion_1
0x0029       [1]    _inicio_usart
0x002A       [1]    _velocidad_1
0x002B       [1]    _velocidad_2
0x002C       [1]    _angulo
0x002D       [1]    _termino
0x002E       [1]    _ide_usart
0x002F       [2]    ___DoICPAddr
0x0031       [1]    _received_byte
0x0032       [2]    _temp_var
0x0034       [2]    _MaskPort
0x0036       [1]    _viajero_usart
0x0037       [2]    _Tiempo
0x0039       [1]    _Paso
0x003A       [2]    _Salidas
0x003C       [1]    _Servo
0x003D       [2]    _n_servo
0x003F       [2]    _distancia
0x0041       [1]    _flanco
0x0042       [4]    FARG_PWM2_Init_PWM_Freq
0x0042       [1]    FARG_PWM2_Set_Duty_new_duty
0x0042       [4]    FARG_PWM1_Init_PWM_Freq
0x0042       [1]    FARG_PWM1_Set_Duty_new_duty
0x0042       [1]    FARG_UART1_Write_data_
0x0070       [1]    R0
0x0071       [1]    R1
0x0072       [1]    R2
0x0073       [1]    R3
0x0074       [1]    R4
0x0075       [1]    R5
0x0076       [1]    R6
0x0077       [1]    R7
0x0078       [1]    R8
0x0079       [1]    R9
0x007A       [1]    R10
0x007B       [1]    R11
0x007C       [1]    R12
0x007D       [1]    R13
0x007E       [1]    R14
0x007F       [1]    R15
0x0081       [0]    PS1_bit
0x0081       [0]    PS2_bit
0x0081       [1]    OPTION_REG
0x0081       [0]    PS0_bit
0x0081       [0]    PSA_bit
0x0081       [0]    INTEDG_bit
0x0081       [0]    NOT_RBPU_bit
0x0081       [0]    T0SE_bit
0x0081       [0]    T0CS_bit
0x0085       [0]    TRISA0_bit
0x0085       [0]    TRISA4_bit
0x0085       [0]    TRISA1_bit
0x0085       [0]    TRISA2_bit
0x0085       [0]    TRISA5_bit
0x0085       [1]    TRISA
0x0085       [0]    TRISA3_bit
0x0085       [0]    TRISA6_bit
0x0085       [0]    TRISA7_bit
0x0086       [1]    TRISB
0x0086       [0]    TRISB2_bit
0x0086       [0]    TRISB3_bit
0x0086       [0]    TRISB0_bit
0x0086       [0]    TRISB1_bit
0x0086       [0]    TRISB6_bit
0x0086       [0]    TRISB7_bit
0x0086       [0]    TRISB4_bit
0x0086       [0]    TRISB5_bit
0x0087       [0]    TRISC3_bit
0x0087       [0]    TRISC2_bit
0x0087       [0]    TRISC6_bit
0x0087       [0]    TRISC7_bit
0x0087       [1]    TRISC
0x0087       [0]    TRISC4_bit
0x0087       [0]    TRISC5_bit
0x0087       [0]    TRISC1_bit
0x0087       [0]    TRISC0_bit
0x0089       [1]    TRISE
0x0089       [0]    TRISE3_bit
0x008C       [0]    CCP1IE_bit
0x008C       [0]    TMR2IE_bit
0x008C       [0]    TMR1IE_bit
0x008C       [0]    SSPIE_bit
0x008C       [0]    ADIE_bit
0x008C       [0]    RCIE_bit
0x008C       [0]    TXIE_bit
0x008C       [1]    PIE1
0x008D       [0]    C2IE_bit
0x008D       [0]    OSFIE_bit
0x008D       [1]    PIE2
0x008D       [0]    C1IE_bit
0x008D       [0]    ULPWUIE_bit
0x008D       [0]    CCP2IE_bit
0x008D       [0]    EEIE_bit
0x008D       [0]    BCLIE_bit
0x008E       [0]    SBOREN_bit
0x008E       [0]    ULPWUE_bit
0x008E       [0]    NOT_POR_bit
0x008E       [0]    NOT_BOR_bit
0x008E       [0]    NOT_BO_bit
0x008E       [1]    PCON
0x008F       [0]    IRCF0_bit
0x008F       [0]    OSTS_bit
0x008F       [0]    IRCF1_bit
0x008F       [1]    OSCCON
0x008F       [0]    IRCF2_bit
0x008F       [0]    SCS_bit
0x008F       [0]    LTS_bit
0x008F       [0]    HTS_bit
0x0090       [0]    TUN2_bit
0x0090       [0]    TUN3_bit
0x0090       [0]    TUN4_bit
0x0090       [0]    TUN1_bit
0x0090       [0]    TUN0_bit
0x0090       [1]    OSCTUNE
0x0091       [0]    ACKDT_bit
0x0091       [0]    ACKEN_bit
0x0091       [0]    GCEN_bit
0x0091       [0]    ACKSTAT_bit
0x0091       [0]    RSEN_bit
0x0091       [0]    SEN_bit
0x0091       [0]    RCEN_bit
0x0091       [0]    PEN_bit
0x0091       [1]    SSPCON2
0x0092       [1]    PR2
0x0093       [1]    MSK
0x0093       [1]    SSPMSK
0x0093       [1]    SSPADD
0x0094       [0]    I2C_START__bit
0x0094       [0]    R_bit
0x0094       [0]    I2C_READ_bit
0x0094       [0]    P_bit
0x0094       [0]    I2C_STOP__bit
0x0094       [0]    S_bit
0x0094       [0]    READ_WRITE_bit
0x0094       [0]    UA_bit
0x0094       [0]    BF_bit
0x0094       [0]    NOT_W_bit
0x0094       [0]    NOT_WRITE_bit
0x0094       [0]    R_W_bit
0x0094       [0]    DATA_ADDRESS_bit
0x0094       [0]    CKE_bit
0x0094       [0]    D_bit
0x0094       [1]    SSPSTAT
0x0094       [0]    SMP_bit
0x0094       [0]    NOT_ADDRESS_bit
0x0094       [0]    D_A_bit
0x0094       [0]    I2C_DATA_bit
0x0094       [0]    NOT_A_bit
0x0095       [0]    WPUB4_bit
0x0095       [0]    WPUB5_bit
0x0095       [0]    WPUB3_bit
0x0095       [0]    WPUB0_bit
0x0095       [0]    WPUB1_bit
0x0095       [0]    WPUB2_bit
0x0095       [1]    WPUB
0x0095       [0]    WPUB7_bit
0x0095       [0]    WPUB6_bit
0x0096       [0]    IOCB3_bit
0x0096       [0]    IOCB4_bit
0x0096       [0]    IOCB2_bit
0x0096       [0]    IOCB0_bit
0x0096       [0]    IOCB1_bit
0x0096       [0]    IOCB5_bit
0x0096       [1]    IOCB
0x0096       [0]    IOCB7_bit
0x0096       [0]    IOCB6_bit
0x0097       [0]    VRSS_bit
0x0097       [0]    VR3_bit
0x0097       [0]    VRR_bit
0x0097       [0]    VREN_bit
0x0097       [0]    VROE_bit
0x0097       [0]    VR0_bit
0x0097       [1]    VRCON
0x0097       [0]    VR2_bit
0x0097       [0]    VR1_bit
0x0098       [1]    TXSTA
0x0098       [0]    BRGH_bit
0x0098       [0]    SENDB_bit
0x0098       [0]    TRMT_bit
0x0098       [0]    TXD8_bit
0x0098       [0]    TX9D_bit
0x0098       [0]    SYNC_bit
0x0098       [0]    TX9_bit
0x0098       [0]    CSRC_bit
0x0098       [0]    NOT_TX8_bit
0x0098       [0]    TXEN_bit
0x0098       [0]    TX8_9_bit
0x0099       [0]    BRG1_bit
0x0099       [0]    BRG2_bit
0x0099       [1]    SPBRG
0x0099       [0]    BRG0_bit
0x0099       [0]    BRG3_bit
0x0099       [0]    BRG6_bit
0x0099       [0]    BRG7_bit
0x0099       [0]    BRG4_bit
0x0099       [0]    BRG5_bit
0x009A       [0]    BRG9_bit
0x009A       [0]    BRG10_bit
0x009A       [1]    SPBRGH
0x009A       [0]    BRG8_bit
0x009A       [0]    BRG15_bit
0x009A       [0]    BRG14_bit
0x009A       [0]    BRG13_bit
0x009A       [0]    BRG11_bit
0x009A       [0]    BRG12_bit
0x009B       [0]    PDC1_bit
0x009B       [0]    PDC0_bit
0x009B       [1]    PWM1CON
0x009B       [0]    PDC2_bit
0x009B       [0]    PDC5_bit
0x009B       [0]    PDC6_bit
0x009B       [0]    PRSEN_bit
0x009B       [0]    PDC3_bit
0x009B       [0]    PDC4_bit
0x009C       [0]    PSSBD1_bit
0x009C       [0]    PSSBD0_bit
0x009C       [1]    ECCPAS
0x009C       [0]    ECCPAS1_bit
0x009C       [0]    ECCPAS0_bit
0x009C       [0]    ECCPASE_bit
0x009C       [0]    PSSAC0_bit
0x009C       [0]    PSSAC1_bit
0x009C       [0]    ECCPAS2_bit
0x009D       [1]    PSTRCON
0x009D       [0]    STRC_bit
0x009D       [0]    STRD_bit
0x009D       [0]    STRSYNC_bit
0x009D       [0]    STRB_bit
0x009D       [0]    STRA_bit
0x009E       [1]    ADRESL
0x009F       [1]    ADCON1
0x009F       [0]    VCFG1_bit
0x009F       [0]    ADFM_bit
0x009F       [0]    VCFG0_bit
0x0105       [0]    WDTPS1_bit
0x0105       [0]    WDTPS2_bit
0x0105       [0]    WDTPS3_bit
0x0105       [0]    WDTPS0_bit
0x0105       [1]    WDTCON
0x0105       [0]    SWDTEN_bit
0x0107       [1]    CM1CON0
0x0107       [0]    C1R_bit
0x0107       [0]    C1CH1_bit
0x0107       [0]    C1CH0_bit
0x0107       [0]    C1POL_bit
0x0107       [0]    C1ON_bit
0x0107       [0]    C1OUT_bit
0x0107       [0]    C1OE_bit
0x0108       [0]    C2R_bit
0x0108       [0]    C2CH1_bit
0x0108       [1]    CM2CON0
0x0108       [0]    C2POL_bit
0x0108       [0]    C2OUT_bit
0x0108       [0]    C2ON_bit
0x0108       [0]    C2CH0_bit
0x0108       [0]    C2OE_bit
0x0109       [1]    CM2CON1
0x0109       [0]    T1GSS_bit
0x0109       [0]    C2SYNC_bit
0x0109       [0]    MC1OUT_bit
0x0109       [0]    MC2OUT_bit
0x0109       [0]    C1RSEL_bit
0x0109       [0]    C2RSEL_bit
0x010C       [1]    EEDAT
0x010C       [1]    EEDATA
0x010D       [1]    EEADR
0x010E       [1]    EEDATH
0x010F       [1]    EEADRH
0x0185       [0]    SR0_bit
0x0185       [0]    C1SEN_bit
0x0185       [0]    FVREN_bit
0x0185       [0]    SR1_bit
0x0185       [0]    PULSR_bit
0x0185       [1]    SRCON
0x0185       [0]    C2REN_bit
0x0185       [0]    PULSS_bit
0x0187       [0]    WUE_bit
0x0187       [1]    BAUDCTL
0x0187       [0]    ABDEN_bit
0x0187       [0]    SCKP_bit
0x0187       [0]    BRG16_bit
0x0187       [0]    ABDOVF_bit
0x0187       [0]    RCIDL_bit
0x0188       [0]    ANS1_bit
0x0188       [0]    ANS0_bit
0x0188       [0]    ANS4_bit
0x0188       [1]    ANSEL
0x0188       [0]    ANS2_bit
0x0188       [0]    ANS3_bit
0x0189       [0]    ANS8_bit
0x0189       [1]    ANSELH
0x0189       [0]    ANS9_bit
0x0189       [0]    ANS12_bit
0x0189       [0]    ANS13_bit
0x0189       [0]    ANS11_bit
0x0189       [0]    ANS10_bit
0x018C       [1]    EECON1
0x018C       [0]    RD_bit
0x018C       [0]    WREN_bit
0x018C       [0]    WRERR_bit
0x018C       [0]    EEPGD_bit
0x018C       [0]    WR_bit
0x018D       [1]    EECON2
//** Label List: ** 
//----------------------------------------------
  L_end_ultrasonico_timer1_interrupt
  L_ultrasonico_timer1_interrupt1
  L_ultrasonico_timer1_interrupt2
  L_ultrasonico_timer1_interrupt3
  L_ultrasonico_timer1_interrupt4
  L_ultrasonico_timer1_interrupt5
  L_ultrasonico_timer1_interrupt6
  L_ultrasonico_timer1_interrupt7
  L_ultrasonico_timer1_interrupt8
  L_ultrasonico_timer1_interrupt9
  L_ultrasonico_timer1_interrupt10
  L_ultrasonico_timer1_interrupt11
  L_ultrasonico_timer1_interrupt12
  L_ultrasonico_timer1_interrupt13
  L_ultrasonico_timer1_interrupt14
  L_ultrasonico_timer1_interrupt15
  L_ultrasonico_timer1_interrupt16
  L_ultrasonico_timer1_interrupt17
  L_ultrasonico_timer1_interrupt18
  L_ultrasonico_timer1_interrupt19
  L_ultrasonico_timer1_interrupt20
  L_ultrasonico_timer1_interrupt21
  L_ultrasonico_timer1_interrupt22
  L_ultrasonico_timer1_interrupt23
  L_ultrasonico_timer1_interrupt24
  L_ultrasonico_timer1_interrupt25
  L_ultrasonico_timer1_interrupt26
  L_ultrasonico_timer1_interrupt27
  L_ultrasonico_timer1_interrupt28
  L_ultrasonico_timer1_interrupt29
  L_ultrasonico_timer1_interrupt30
  L_ultrasonico_timer1_interrupt31
  L_ultrasonico_timer1_interrupt32
  L_ultrasonico_timer1_interrupt33
  L_ultrasonico_timer1_interrupt34
  L_ultrasonico_timer1_interrupt35
  L_ultrasonico_timer1_interrupt36
  L_ultrasonico_timer1_interrupt37
  L_ultrasonico_timer1_interrupt38
  L_ultrasonico_timer1_interrupt39
  L_ultrasonico_timer1_interrupt40
  L_ultrasonico_timer1_interrupt41
  L_ultrasonico_timer1_interrupt42
  L_ultrasonico_timer1_interrupt43
  L_ultrasonico_timer1_interrupt44
  L_ultrasonico_timer1_interrupt45
  L_end_ultrasonico_timer1_srf05_pulso
  L_ultrasonico_timer1_srf05_pulso47
  L_ultrasonico_timer1_srf05_pulso48
  L_end_ultrasonico_timer1_led
  L_ultrasonico_timer1_led50
  L_ultrasonico_timer1_led51
  L_ultrasonico_timer1_led52
  L_ultrasonico_timer1_led53
  L_end_ultrasonico_timer1_rotar_servo
  L_ultrasonico_timer1_rotar_servo55
  L_ultrasonico_timer1_rotar_servo56
  L_ultrasonico_timer1_rotar_servo57
  L_ultrasonico_timer1_rotar_servo58
  L_ultrasonico_timer1_rotar_servo59
  L_ultrasonico_timer1_rotar_servo60
  L_ultrasonico_timer1_rotar_servo61
  L_ultrasonico_timer1_rotar_servo62
  L_ultrasonico_timer1_rotar_servo63
  L_ultrasonico_timer1_rotar_servo64
  L_ultrasonico_timer1_rotar_servo65
  L_ultrasonico_timer1_rotar_servo66
  L_ultrasonico_timer1_rotar_servo67
  L_ultrasonico_timer1_rotar_servo68
  L_ultrasonico_timer1_rotar_servo69
  L_ultrasonico_timer1_rotar_servo70
  L_ultrasonico_timer1_rotar_servo71
  L_ultrasonico_timer1_rotar_servo72
  L_end__main
  L__main74
  L__main75
  L__main76
  L__main77
  L__main78
  L__main79
  L__main80
  L__main81
  L__main82
  ultrasonico_timer1_interrupt
  L_ultrasonico_timer1_interrupt83
  L_ultrasonico_timer1_interrupt84
  L_ultrasonico_timer1_interrupt85
  L_ultrasonico_timer1_interrupt86
  ultrasonico_timer1_srf05_pulso
  L_ultrasonico_timer1_srf05_pulso87
  L_ultrasonico_timer1_srf05_pulso88
  ultrasonico_timer1_led
  ultrasonico_timer1_rotar_servo
  L_ultrasonico_timer1_rotar_servo89
  L_ultrasonico_timer1_rotar_servo90
  _main
  L__main91
  L__main92
  L__main93
  L__main94
  L_end__Mul_8x8_U
  L_end__Mul_16x16_U
  L_end__Div_8x8_U
  L__Div_8x8_U3
  L__Div_8x8_U4
  L__Div_8x8_U5
  L_end__Div_16x16_U
  L_end__Mul_8x8_S
  L_end__Mul_16x16_S
  L_end__Div_16x16_S_L
  L_end__Div_16x16_S
  L__Div_16x16_S11
  L__Div_16x16_S12
  L__Div_16x16_S13
  L__Div_16x16_S14
  L__Div_16x16_S15
  L__Div_16x16_S16
  L_end__Div_8x8_S
  L_end__SDIV3232L
  LOOPS3232A
  SADD22LA
  SOK22LA
  SADD22L8
  SOK22L8
  LOOPS3232B
  SADD22LB
  SOK22LB
  SADD22L16
  SOK22L16
  LOOPS3232C
  SADD22LC
  SOK22LC
  SADD22L24
  SOK22L24
  LOOPS3232D
  SADD22LD
  SOK22LD
  SOK22L
  L_end__COMFREM
  L_end__Div_32x32_S
  L__Div_32x32_S25
  L__Div_32x32_S26
  L__Div_32x32_S27
  L__Div_32x32_S28
  L__Div_32x32_S29
  L__Div_32x32_S30
  L__Div_32x32_S31
  L__Div_32x32_S32
  L__Div_32x32_S33
  L__Div_32x32_S34
  L__Div_32x32_S35
  L__Div_32x32_S36
  FXD3232S
  END_ALL
  CA3232S
  C3232SX
  C3232SX1
  C3232S
  C3232S2
  C3232SX4
  C3232SOK
  C3232SX3
  C3232SX2
  avoid_comfrem
  L_end__Div_32x32_U
  LOOPU3232A
  UADD22LA
  UOK22LA
  UADD22L8
  UOK22L8
  LOOPU3232B
  UADD22LB
  UOK22LB
  UADD22L16
  UOK22L16
  LOOPU3232C
  UADD22LC
  UOK22LC
  UADD22L24
  UOK22L24
  LOOPU3232D
  UADD22LD
  UOK22LD
  UOK22L
  L_end__Mul_32x32_U
  _NEXT
  _EXIT2
  _LOOP
  _EXIT1
  L_end__Mul_32x32_S
  _IF_FIRST
  _IF_SECOND
  _INVERCE_FIRST
  _MULT
  _INBERSE_SECOND
  _EXIT
  _Mul_8x8_U
  _Mul_16x16_U
  _Div_8x8_U
  _Div_16x16_U
  _Mul_8x8_S
  _Mul_16x16_S
  _Div_16x16_S_L
  _Div_16x16_S
  _Div_8x8_S
  _SDIV3232L
  _COMFREM
  _Div_32x32_S
  _Div_32x32_U
  _Mul_32x32_U
  _Mul_32x32_S
  L_end__PWM1_Init
  L_end__PWM1_Set_Duty
  L_end__PWM1_Start
  L_end__PWM1_Stop
  L_end__PWM2_Init
  L_end__PWM2_Set_Duty
  L_end__PWM2_Start
  L_end__PWM2_Stop
  _PWM1_Init
  _PWM1_Set_Duty
  L__PWM1_Set_Duty8
  L__PWM1_Set_Duty9
  _PWM1_Start
  _PWM1_Stop
  _PWM2_Init
  _PWM2_Set_Duty
  L__PWM2_Set_Duty10
  L__PWM2_Set_Duty11
  _PWM2_Start
  _PWM2_Stop
  L_end__UART1_Init
  L__UART1_Init1
  L__UART1_Init2
  L__UART1_Init3
  L__UART1_Init4
  L__UART1_Init5
  L_end__UART1_Data_Ready
  L_end__UART1_Read
  L__UART1_Read8
  L__UART1_Read9
  L__UART1_Read10
  L_end__UART1_TX_Idle
  L_end__UART1_Write
  L__UART1_Write13
  L__UART1_Write14
  L__UART1_Write15
  L__UART1_Write16
  L__UART1_Write17
  L_end__UART1_Write_Text
  L__UART1_Write_Text19
  L__UART1_Write_Text20
  L__UART1_Write_Text21
  L__UART1_Write_Text22
  L__UART1_Write_Text23
  L_end__UART1_Read_Text
  L__UART1_Read_Text25
  L__UART1_Read_Text26
  L__UART1_Read_Text27
  L__UART1_Read_Text28
  L__UART1_Read_Text29
  L__UART1_Read_Text30
  L__UART1_Read_Text31
  L__UART1_Read_Text32
  L__UART1_Read_Text33
  L__UART1_Read_Text34
  L__UART1_Read_Text35
  L__UART1_Read_Text36
  L__UART1_Read_Text37
  L__UART1_Read_Text38
  L__UART1_Read_Text39
  L__UART1_Read_Text40
  L__UART1_Read_Text41
  L__UART1_Read_Text42
  L__UART1_Read_Text43
  L__UART1_Read_Text44
  L__UART1_Read_Text45
  L__UART1_Read_Text46
  _UART1_Init
  _UART1_Data_Ready
  _UART1_Read
  _UART1_TX_Idle
  _UART1_Write
  _UART1_Write_Text
  _UART1_Read_Text
  L_end_ultrasonico_timer1_interrupt
  L_ultrasonico_timer1_interrupt1
  L_ultrasonico_timer1_interrupt2
  L_ultrasonico_timer1_interrupt3
  L_ultrasonico_timer1_interrupt4
  L_ultrasonico_timer1_interrupt5
  L_ultrasonico_timer1_interrupt6
  L_ultrasonico_timer1_interrupt7
  L_ultrasonico_timer1_interrupt8
  L_ultrasonico_timer1_interrupt9
  L_ultrasonico_timer1_interrupt10
  L_ultrasonico_timer1_interrupt11
  L_ultrasonico_timer1_interrupt12
  L_ultrasonico_timer1_interrupt13
  L_ultrasonico_timer1_interrupt14
  L_ultrasonico_timer1_interrupt15
  L_ultrasonico_timer1_interrupt16
  L_ultrasonico_timer1_interrupt17
  L_ultrasonico_timer1_interrupt18
  L_ultrasonico_timer1_interrupt19
  L_ultrasonico_timer1_interrupt20
  L_ultrasonico_timer1_interrupt21
  L_ultrasonico_timer1_interrupt22
  L_ultrasonico_timer1_interrupt23
  L_ultrasonico_timer1_interrupt24
  L_ultrasonico_timer1_interrupt25
  L_ultrasonico_timer1_interrupt26
  L_ultrasonico_timer1_interrupt27
  L_ultrasonico_timer1_interrupt28
  L_ultrasonico_timer1_interrupt29
  L_ultrasonico_timer1_interrupt30
  L_ultrasonico_timer1_interrupt31
  L_ultrasonico_timer1_interrupt32
  L_ultrasonico_timer1_interrupt33
  L_ultrasonico_timer1_interrupt34
  L_ultrasonico_timer1_interrupt35
  L_ultrasonico_timer1_interrupt36
  L_ultrasonico_timer1_interrupt37
  L_ultrasonico_timer1_interrupt38
  L_ultrasonico_timer1_interrupt39
  L_ultrasonico_timer1_interrupt40
  L_ultrasonico_timer1_interrupt41
  L_ultrasonico_timer1_interrupt42
  L_ultrasonico_timer1_interrupt43
  L_ultrasonico_timer1_interrupt44
  L_ultrasonico_timer1_interrupt45
  L_end_ultrasonico_timer1_srf05_pulso
  L_ultrasonico_timer1_srf05_pulso47
  L_ultrasonico_timer1_srf05_pulso48
  L_end_ultrasonico_timer1_led
  L_ultrasonico_timer1_led50
  L_ultrasonico_timer1_led51
  L_ultrasonico_timer1_led52
  L_ultrasonico_timer1_led53
  L_end_ultrasonico_timer1_rotar_servo
  L_ultrasonico_timer1_rotar_servo55
  L_ultrasonico_timer1_rotar_servo56
  L_ultrasonico_timer1_rotar_servo57
  L_ultrasonico_timer1_rotar_servo58
  L_ultrasonico_timer1_rotar_servo59
  L_ultrasonico_timer1_rotar_servo60
  L_ultrasonico_timer1_rotar_servo61
  L_ultrasonico_timer1_rotar_servo62
  L_ultrasonico_timer1_rotar_servo63
  L_ultrasonico_timer1_rotar_servo64
  L_ultrasonico_timer1_rotar_servo65
  L_ultrasonico_timer1_rotar_servo66
  L_ultrasonico_timer1_rotar_servo67
  L_ultrasonico_timer1_rotar_servo68
  L_ultrasonico_timer1_rotar_servo69
  L_ultrasonico_timer1_rotar_servo70
  L_ultrasonico_timer1_rotar_servo71
  L_ultrasonico_timer1_rotar_servo72
  L_end__main
  L__main74
  L__main75
  L__main76
  L__main77
  L__main78
  L__main79
  L__main80
  L__main81
  L__main82
  ultrasonico_timer1_interrupt
  L_ultrasonico_timer1_interrupt83
  L_ultrasonico_timer1_interrupt84
  L_ultrasonico_timer1_interrupt85
  L_ultrasonico_timer1_interrupt86
  ultrasonico_timer1_srf05_pulso
  L_ultrasonico_timer1_srf05_pulso87
  L_ultrasonico_timer1_srf05_pulso88
  ultrasonico_timer1_led
  ultrasonico_timer1_rotar_servo
  L_ultrasonico_timer1_rotar_servo89
  L_ultrasonico_timer1_rotar_servo90
  _main
  L__main91
  L__main92
  L__main93
  L__main94
  L_end__UART1_Init
  L__UART1_Init1
  L__UART1_Init2
  L__UART1_Init3
  L__UART1_Init4
  L__UART1_Init5
  L_end__UART1_Data_Ready
  L_end__UART1_Read
  L__UART1_Read8
  L__UART1_Read9
  L__UART1_Read10
  L_end__UART1_TX_Idle
  L_end__UART1_Write
  L__UART1_Write13
  L__UART1_Write14
  L__UART1_Write15
  L__UART1_Write16
  L__UART1_Write17
  L_end__UART1_Write_Text
  L__UART1_Write_Text19
  L__UART1_Write_Text20
  L__UART1_Write_Text21
  L__UART1_Write_Text22
  L__UART1_Write_Text23
  L_end__UART1_Read_Text
  L__UART1_Read_Text25
  L__UART1_Read_Text26
  L__UART1_Read_Text27
  L__UART1_Read_Text28
  L__UART1_Read_Text29
  L__UART1_Read_Text30
  L__UART1_Read_Text31
  L__UART1_Read_Text32
  L__UART1_Read_Text33
  L__UART1_Read_Text34
  L__UART1_Read_Text35
  L__UART1_Read_Text36
  L__UART1_Read_Text37
  L__UART1_Read_Text38
  L__UART1_Read_Text39
  L__UART1_Read_Text40
  L__UART1_Read_Text41
  L__UART1_Read_Text42
  L__UART1_Read_Text43
  L__UART1_Read_Text44
  L__UART1_Read_Text45
  L__UART1_Read_Text46
  _UART1_Init
  _UART1_Data_Ready
  _UART1_Read
  _UART1_TX_Idle
  _UART1_Write
  _UART1_Write_Text
  _UART1_Read_Text
