;  LST file generated by mikroListExporter - v.2.0 
; Date/Time: 19/02/2011 20:14:50
;----------------------------------------------

;Address Opcode 	ASM
0x0000	0x28DC      	GOTO       220
0x0001	0x0000      	NOP
0x0002	0x0000      	NOP
0x0003	0x0000      	NOP
0x0004	0x2800      	GOTO       0
_Delay_22us:
;__Lib_Delays.mbas,32 :: 		sub procedure Delay_22us()
;__Lib_Delays.mbas,33 :: 		Delay_us(22)
0x0005	0x300E      	MOVLW      14
0x0006	0x00FD      	MOVWF      R13
L__Delay_22us6:
0x0007	0x0BFD      	DECFSZ     R13, 1
0x0008	0x2807      	GOTO       L__Delay_22us6
0x0009	0x0000      	NOP
0x000A	0x0008      	RETURN
; end of _Delay_22us
_UART1_Write:
;__Lib_UART_c67.mpas,72 :: 		
;__Lib_UART_c67.mpas,73 :: 		
L__UART1_Write14:
0x000B	0x1683      	BSF        STATUS, 5
0x000C	0x1303      	BCF        STATUS, 6
0x000D	0x1898      	BTFSC      TXSTA, 1
0x000E	0x2811      	GOTO       L__UART1_Write15
0x000F	0x0000      	NOP
0x0010	0x280B      	GOTO       L__UART1_Write14
L__UART1_Write15:
;__Lib_UART_c67.mpas,74 :: 		
0x0011	0x1283      	BCF        STATUS, 5
0x0012	0x0831      	MOVF       FARG_UART1_Write_data_, 0
0x0013	0x0099      	MOVWF      TXREG
;__Lib_UART_c67.mpas,75 :: 		
0x0014	0x0008      	RETURN
; end of _UART1_Write
_Div_8x8_U:
;__Lib_Math.mpas,173 :: 		
;__Lib_Math.mpas,179 :: 		
0x0015	0x1283      	BCF        STATUS, 5
;__Lib_Math.mpas,180 :: 		
0x0016	0x1303      	BCF        STATUS, 6
;__Lib_Math.mpas,181 :: 		
0x0017	0x01F8      	CLRF       R8
;__Lib_Math.mpas,182 :: 		
0x0018	0x3008      	MOVLW      8
;__Lib_Math.mpas,183 :: 		
0x0019	0x00FC      	MOVWF      R12
;__Lib_Math.mpas,184 :: 		
0x001A	0x0D70      	RLF        R0, 0
;__Lib_Math.mpas,185 :: 		
0x001B	0x0DF8      	RLF        R8, 1
;__Lib_Math.mpas,186 :: 		
0x001C	0x0874      	MOVF       R4, 0
;__Lib_Math.mpas,187 :: 		
0x001D	0x02F8      	SUBWF      R8, 1
;__Lib_Math.mpas,188 :: 		
0x001E	0x1803      	BTFSC      STATUS, 0
;__Lib_Math.mpas,189 :: 		
0x001F	0x2822      	GOTO       $+3
;__Lib_Math.mpas,190 :: 		
0x0020	0x07F8      	ADDWF      R8, 1
;__Lib_Math.mpas,191 :: 		
0x0021	0x1003      	BCF        STATUS, 0
;__Lib_Math.mpas,192 :: 		
0x0022	0x0DF0      	RLF        R0, 1
;__Lib_Math.mpas,193 :: 		
0x0023	0x0BFC      	DECFSZ     R12, 1
;__Lib_Math.mpas,194 :: 		
0x0024	0x281A      	GOTO       $-10
;__Lib_Math.mpas,196 :: 		
0x0025	0x0008      	RETURN
; end of _Div_8x8_U
_UART1_Data_Ready:
;__Lib_UART_c67.mpas,46 :: 		
;__Lib_UART_c67.mpas,47 :: 		
0x0026	0x3000      	MOVLW      0
0x0027	0x1283      	BCF        STATUS, 5
0x0028	0x1303      	BCF        STATUS, 6
0x0029	0x1A8C      	BTFSC      PIR1, 5
0x002A	0x3001      	MOVLW      1
0x002B	0x00F1      	MOVWF      R1
;__Lib_UART_c67.mpas,48 :: 		
0x002C	0x0871      	MOVF       R1, 0
0x002D	0x00F0      	MOVWF      R0
0x002E	0x0008      	RETURN
; end of _UART1_Data_Ready
_UART1_Init:
;__Lib_UART_c67.mpas,33 :: 		
;__Lib_UART_c67.mpas,34 :: 		
0x002F	0x1683      	BSF        STATUS, 5
0x0030	0x1303      	BCF        STATUS, 6
0x0031	0x1698      	BSF        TXSTA, 5
;__Lib_UART_c67.mpas,35 :: 		
0x0032	0x3090      	MOVLW      144
0x0033	0x1283      	BCF        STATUS, 5
0x0034	0x0098      	MOVWF      RCSTA
;__Lib_UART_c67.mpas,36 :: 		
0x0035	0x1683      	BSF        STATUS, 5
0x0036	0x1787      	BSF        TRISC7_bit, 7
;__Lib_UART_c67.mpas,37 :: 		
0x0037	0x1307      	BCF        TRISC6_bit, 6
;__Lib_UART_c67.mpas,38 :: 		
L__UART1_Init2:
0x0038	0x1283      	BCF        STATUS, 5
0x0039	0x1E8C      	BTFSS      PIR1, 5
0x003A	0x283E      	GOTO       L__UART1_Init3
;__Lib_UART_c67.mpas,39 :: 		
0x003B	0x081A      	MOVF       RCREG, 0
0x003C	0x00F0      	MOVWF      R0
0x003D	0x2838      	GOTO       L__UART1_Init2
L__UART1_Init3:
;__Lib_UART_c67.mpas,40 :: 		
0x003E	0x0008      	RETURN
; end of _UART1_Init
_UART1_Read:
;__Lib_UART_c67.mpas,54 :: 		
;__Lib_UART_c67.mpas,55 :: 		
0x003F	0x1283      	BCF        STATUS, 5
0x0040	0x1303      	BCF        STATUS, 6
0x0041	0x081A      	MOVF       RCREG, 0
0x0042	0x00F2      	MOVWF      R2
;__Lib_UART_c67.mpas,56 :: 		
0x0043	0x1C98      	BTFSS      RCSTA, 1
0x0044	0x2847      	GOTO       L__UART1_Read9
;__Lib_UART_c67.mpas,58 :: 		
0x0045	0x1218      	BCF        RCSTA, 4
;__Lib_UART_c67.mpas,59 :: 		
0x0046	0x1618      	BSF        RCSTA, 4
;__Lib_UART_c67.mpas,60 :: 		
L__UART1_Read9:
;__Lib_UART_c67.mpas,61 :: 		
0x0047	0x0872      	MOVF       R2, 0
0x0048	0x00F1      	MOVWF      R1
;__Lib_UART_c67.mpas,62 :: 		
0x0049	0x0871      	MOVF       R1, 0
0x004A	0x00F0      	MOVWF      R0
0x004B	0x0008      	RETURN
; end of _UART1_Read
_Adc_Read:
;__Lib_ADC_88X.mpas,13 :: 		
;__Lib_ADC_88X.mpas,14 :: 		
0x004C	0x30C0      	MOVLW      192
0x004D	0x1283      	BCF        STATUS, 5
0x004E	0x1303      	BCF        STATUS, 6
0x004F	0x009F      	MOVWF      ADCON0
;__Lib_ADC_88X.mpas,15 :: 		
0x0050	0x082D      	MOVF       FARG_Adc_Read_channel, 0
0x0051	0x00F0      	MOVWF      R0
0x0052	0x0DF0      	RLF        R0, 1
0x0053	0x1070      	BCF        R0, 0
0x0054	0x0DF0      	RLF        R0, 1
0x0055	0x1070      	BCF        R0, 0
0x0056	0x0870      	MOVF       R0, 0
0x0057	0x049F      	IORWF      ADCON0, 1
;__Lib_ADC_88X.mpas,16 :: 		
0x0058	0x1683      	BSF        STATUS, 5
0x0059	0x179F      	BSF        ADCON1, 7
;__Lib_ADC_88X.mpas,19 :: 		
0x005A	0x1283      	BCF        STATUS, 5
0x005B	0x141F      	BSF        ADCON0, 0
;__Lib_ADC_88X.mpas,22 :: 		
0x005C	0x2005      	CALL       _Delay_22us
;__Lib_ADC_88X.mpas,25 :: 		
0x005D	0x149F      	BSF        ADCON0, 1
;__Lib_ADC_88X.mpas,28 :: 		
L__Adc_Read2:
0x005E	0x1C9F      	BTFSS      ADCON0, 1
0x005F	0x2862      	GOTO       L__Adc_Read3
0x0060	0x0000      	NOP
0x0061	0x285E      	GOTO       L__Adc_Read2
L__Adc_Read3:
;__Lib_ADC_88X.mpas,31 :: 		
0x0062	0x101F      	BCF        ADCON0, 0
;__Lib_ADC_88X.mpas,34 :: 		
0x0063	0x081E      	MOVF       ADRESH, 0
0x0064	0x00F3      	MOVWF      R3
0x0065	0x01F4      	CLRF       R3+1
0x0066	0x0873      	MOVF       R3, 0
0x0067	0x00F1      	MOVWF      R0+1
0x0068	0x01F0      	CLRF       R0
0x0069	0x1683      	BSF        STATUS, 5
0x006A	0x081E      	MOVF       ADRESL, 0
0x006B	0x0470      	IORWF      R0, 0
0x006C	0x1283      	BCF        STATUS, 5
0x006D	0x00AE      	MOVWF      Adc_Read_local_result
0x006E	0x0871      	MOVF       R0+1, 0
0x006F	0x00AF      	MOVWF      Adc_Read_local_result+1
0x0070	0x3000      	MOVLW      0
0x0071	0x04AF      	IORWF      Adc_Read_local_result+1, 1
;__Lib_ADC_88X.mpas,36 :: 		
0x0072	0x082E      	MOVF       Adc_Read_local_result, 0
0x0073	0x00F0      	MOVWF      R0
0x0074	0x082F      	MOVF       Adc_Read_local_result+1, 0
0x0075	0x00F1      	MOVWF      R0+1
0x0076	0x0008      	RETURN
; end of _Adc_Read
_UART1_Write_Text:
;__Lib_UART_c67.mpas,80 :: 		
;__Lib_UART_c67.mpas,81 :: 		
0x0077	0x1283      	BCF        STATUS, 5
0x0078	0x1303      	BCF        STATUS, 6
0x0079	0x01AE      	CLRF       UART1_Write_Text_counter
;__Lib_UART_c67.mpas,82 :: 		
0x007A	0x082D      	MOVF       FARG_UART1_Write_Text_uart_text, 0
0x007B	0x0084      	MOVWF      FSR
0x007C	0x0800      	MOVF       INDF, 0
0x007D	0x00AF      	MOVWF      UART1_Write_Text_data_
;__Lib_UART_c67.mpas,83 :: 		
L__UART1_Write_Text20:
0x007E	0x082F      	MOVF       UART1_Write_Text_data_, 0
0x007F	0x3A00      	XORLW      0
0x0080	0x1903      	BTFSC      STATUS, 2
0x0081	0x288C      	GOTO       L__UART1_Write_Text21
;__Lib_UART_c67.mpas,85 :: 		
0x0082	0x082F      	MOVF       UART1_Write_Text_data_, 0
0x0083	0x00B1      	MOVWF      FARG_UART1_Write_data_
0x0084	0x200B      	CALL       _UART1_Write
;__Lib_UART_c67.mpas,86 :: 		
0x0085	0x0AAE      	INCF       UART1_Write_Text_counter, 1
;__Lib_UART_c67.mpas,87 :: 		
0x0086	0x082E      	MOVF       UART1_Write_Text_counter, 0
0x0087	0x072D      	ADDWF      FARG_UART1_Write_Text_uart_text, 0
0x0088	0x0084      	MOVWF      FSR
0x0089	0x0800      	MOVF       INDF, 0
0x008A	0x00AF      	MOVWF      UART1_Write_Text_data_
;__Lib_UART_c67.mpas,88 :: 		
0x008B	0x287E      	GOTO       L__UART1_Write_Text20
L__UART1_Write_Text21:
;__Lib_UART_c67.mpas,89 :: 		
0x008C	0x0008      	RETURN
; end of _UART1_Write_Text
_Div_16x16_U:
;__Lib_Math.mpas,199 :: 		
;__Lib_Math.mpas,205 :: 		
0x008D	0x1283      	BCF        STATUS, 5
;__Lib_Math.mpas,206 :: 		
0x008E	0x1303      	BCF        STATUS, 6
;__Lib_Math.mpas,207 :: 		
0x008F	0x01F8      	CLRF       R8
;__Lib_Math.mpas,208 :: 		
0x0090	0x01F9      	CLRF       R9
;__Lib_Math.mpas,209 :: 		
0x0091	0x3010      	MOVLW      16
;__Lib_Math.mpas,210 :: 		
0x0092	0x00FC      	MOVWF      R12
;__Lib_Math.mpas,211 :: 		
0x0093	0x0D71      	RLF        R1, 0
;__Lib_Math.mpas,212 :: 		
0x0094	0x0DF8      	RLF        R8, 1
;__Lib_Math.mpas,213 :: 		
0x0095	0x0DF9      	RLF        R9, 1
;__Lib_Math.mpas,214 :: 		
0x0096	0x0874      	MOVF       R4, 0
;__Lib_Math.mpas,215 :: 		
0x0097	0x02F8      	SUBWF      R8, 1
;__Lib_Math.mpas,216 :: 		
0x0098	0x0875      	MOVF       R5, 0
;__Lib_Math.mpas,217 :: 		
0x0099	0x1C03      	BTFSS      STATUS, 0
;__Lib_Math.mpas,218 :: 		
0x009A	0x0F75      	INCFSZ     R5, 0
;__Lib_Math.mpas,219 :: 		
0x009B	0x02F9      	SUBWF      R9, 1
;__Lib_Math.mpas,220 :: 		
0x009C	0x1803      	BTFSC      STATUS, 0
;__Lib_Math.mpas,221 :: 		
0x009D	0x28A5      	GOTO       $+8
;__Lib_Math.mpas,222 :: 		
0x009E	0x0874      	MOVF       R4, 0
;__Lib_Math.mpas,223 :: 		
0x009F	0x07F8      	ADDWF      R8, 1
;__Lib_Math.mpas,224 :: 		
0x00A0	0x0875      	MOVF       R5, 0
;__Lib_Math.mpas,225 :: 		
0x00A1	0x1803      	BTFSC      STATUS, 0
;__Lib_Math.mpas,226 :: 		
0x00A2	0x0F75      	INCFSZ     R5, 0
;__Lib_Math.mpas,227 :: 		
0x00A3	0x07F9      	ADDWF      R9, 1
;__Lib_Math.mpas,228 :: 		
0x00A4	0x1003      	BCF        STATUS, 0
;__Lib_Math.mpas,229 :: 		
0x00A5	0x0DF0      	RLF        R0, 1
;__Lib_Math.mpas,230 :: 		
0x00A6	0x0DF1      	RLF        R1, 1
;__Lib_Math.mpas,231 :: 		
0x00A7	0x0BFC      	DECFSZ     R12, 1
;__Lib_Math.mpas,232 :: 		
0x00A8	0x2893      	GOTO       $-21
;__Lib_Math.mpas,234 :: 		
0x00A9	0x0008      	RETURN
; end of _Div_16x16_U
_ByteToStr:
;__Lib_Conversions.mpas,24 :: 		
;__Lib_Conversions.mpas,33 :: 		
0x00AA	0x1283      	BCF        STATUS, 5
0x00AB	0x1303      	BCF        STATUS, 6
0x00AC	0x082E      	MOVF       FARG_ByteToStr_output, 0
0x00AD	0x0084      	MOVWF      FSR
0x00AE	0x3020      	MOVLW      32
0x00AF	0x0080      	MOVWF      INDF
0x00B0	0x0A84      	INCF       FSR, 1
0x00B1	0x3020      	MOVLW      32
0x00B2	0x0080      	MOVWF      INDF
0x00B3	0x0A84      	INCF       FSR, 1
0x00B4	0x3020      	MOVLW      32
0x00B5	0x0080      	MOVWF      INDF
0x00B6	0x0A84      	INCF       FSR, 1
0x00B7	0x0180      	CLRF       INDF
0x00B8	0x0A84      	INCF       FSR, 1
;__Lib_Conversions.mpas,34 :: 		
0x00B9	0x3002      	MOVLW      2
0x00BA	0x00AF      	MOVWF      ByteToStr_len
;__Lib_Conversions.mpas,35 :: 		
L__ByteToStr2:
;__Lib_Conversions.mpas,37 :: 		
0x00BB	0x082F      	MOVF       ByteToStr_len, 0
0x00BC	0x072E      	ADDWF      FARG_ByteToStr_output, 0
0x00BD	0x00F0      	MOVWF      R0
0x00BE	0x0870      	MOVF       R0, 0
0x00BF	0x00B0      	MOVWF      FLOC__ByteToStr
0x00C0	0x300A      	MOVLW      10
0x00C1	0x00F4      	MOVWF      R4
0x00C2	0x082D      	MOVF       FARG_ByteToStr_input, 0
0x00C3	0x00F0      	MOVWF      R0
0x00C4	0x2015      	CALL       _Div_8x8_U
0x00C5	0x0878      	MOVF       R8, 0
0x00C6	0x00F0      	MOVWF      R0
0x00C7	0x3030      	MOVLW      48
0x00C8	0x07F0      	ADDWF      R0, 1
0x00C9	0x0830      	MOVF       FLOC__ByteToStr, 0
0x00CA	0x0084      	MOVWF      FSR
0x00CB	0x0870      	MOVF       R0, 0
0x00CC	0x0080      	MOVWF      INDF
;__Lib_Conversions.mpas,38 :: 		
0x00CD	0x300A      	MOVLW      10
0x00CE	0x00F4      	MOVWF      R4
0x00CF	0x082D      	MOVF       FARG_ByteToStr_input, 0
0x00D0	0x00F0      	MOVWF      R0
0x00D1	0x2015      	CALL       _Div_8x8_U
0x00D2	0x0870      	MOVF       R0, 0
0x00D3	0x00AD      	MOVWF      FARG_ByteToStr_input
;__Lib_Conversions.mpas,39 :: 		
0x00D4	0x0870      	MOVF       R0, 0
0x00D5	0x3A00      	XORLW      0
0x00D6	0x1D03      	BTFSS      STATUS, 2
0x00D7	0x28D9      	GOTO       L__ByteToStr7
;__Lib_Conversions.mpas,40 :: 		
0x00D8	0x28DB      	GOTO       L__ByteToStr3
L__ByteToStr7:
;__Lib_Conversions.mpas,41 :: 		
0x00D9	0x03AF      	DECF       ByteToStr_len, 1
;__Lib_Conversions.mpas,42 :: 		
0x00DA	0x28BB      	GOTO       L__ByteToStr2
L__ByteToStr3:
;__Lib_Conversions.mpas,43 :: 		
0x00DB	0x0008      	RETURN
; end of _ByteToStr
_main:
;robot_distancia.mbas,31 :: 		main:
;robot_distancia.mbas,41 :: 		ANSEL =  %00000001           'REGISTRO CONFIG. O DIGITAL, 1 ANALOGICO
0x00DC	0x3001      	MOVLW      1
0x00DD	0x1683      	BSF        STATUS, 5
0x00DE	0x1703      	BSF        STATUS, 6
0x00DF	0x0088      	MOVWF      ANSEL
;robot_distancia.mbas,42 :: 		ANSELH = %00010000           'REGISTRO CONFIG. O DIGITAL, 1 ANALOGICO
0x00E0	0x3010      	MOVLW      16
0x00E1	0x0089      	MOVWF      ANSELH
;robot_distancia.mbas,45 :: 		trisa  = %00000001           ' Configuracion IN/OUT PORTA
0x00E2	0x3001      	MOVLW      1
0x00E3	0x1303      	BCF        STATUS, 6
0x00E4	0x0085      	MOVWF      TRISA
;robot_distancia.mbas,46 :: 		trisb  = %00000001           ' Configuracion IN/OUT PORTB
0x00E5	0x3001      	MOVLW      1
0x00E6	0x0086      	MOVWF      TRISB
;robot_distancia.mbas,47 :: 		trisc  = %10000000           ' Configuracion IN/OUT PORTC
0x00E7	0x3080      	MOVLW      128
0x00E8	0x0087      	MOVWF      TRISC
;robot_distancia.mbas,50 :: 		PORTA  = %00000000           ' Inicializacion PORTA
0x00E9	0x1283      	BCF        STATUS, 5
0x00EA	0x0185      	CLRF       PORTA
;robot_distancia.mbas,51 :: 		PORTB  = %00000000           ' Inicializacion PORTA
0x00EB	0x0186      	CLRF       PORTB
;robot_distancia.mbas,52 :: 		PORTC  = %00000000           ' Inicializacion PORTC
0x00EC	0x0187      	CLRF       PORTC
;robot_distancia.mbas,55 :: 		Uart1_Init(9600)                 ' Initialize USART module
0x00ED	0x3033      	MOVLW      51
0x00EE	0x1683      	BSF        STATUS, 5
0x00EF	0x0099      	MOVWF      SPBRG
0x00F0	0x1518      	BSF        TXSTA, 2
0x00F1	0x202F      	CALL       _UART1_Init
;robot_distancia.mbas,58 :: 		pot = ADC_Read(0)
0x00F2	0x01AD      	CLRF       FARG_Adc_Read_channel
0x00F3	0x204C      	CALL       _Adc_Read
0x00F4	0x0870      	MOVF       R0, 0
0x00F5	0x00A2      	MOVWF      _pot
;robot_distancia.mbas,59 :: 		presion = ADC_Read(12)+pot
0x00F6	0x300C      	MOVLW      12
0x00F7	0x00AD      	MOVWF      FARG_Adc_Read_channel
0x00F8	0x204C      	CALL       _Adc_Read
0x00F9	0x0822      	MOVF       _pot, 0
0x00FA	0x0770      	ADDWF      R0, 0
0x00FB	0x00A1      	MOVWF      _presion
;robot_distancia.mbas,60 :: 		n=0
0x00FC	0x01A0      	CLRF       _n
;robot_distancia.mbas,62 :: 		while true
L__main2:
;robot_distancia.mbas,64 :: 		if (UART1_Data_Ready() = 1) then
0x00FD	0x2026      	CALL       _UART1_Data_Ready
0x00FE	0x0870      	MOVF       R0, 0
0x00FF	0x3A01      	XORLW      1
0x0100	0x1D03      	BTFSS      STATUS, 2
0x0101	0x290E      	GOTO       L__main7
;robot_distancia.mbas,65 :: 		receive = UART1_Read()
0x0102	0x203F      	CALL       _UART1_Read
0x0103	0x0870      	MOVF       R0, 0
0x0104	0x00AA      	MOVWF      _receive
;robot_distancia.mbas,67 :: 		if receive= "0" then '' m - me envian modo manual
0x0105	0x0870      	MOVF       R0, 0
0x0106	0x3A30      	XORLW      48
0x0107	0x1D03      	BTFSS      STATUS, 2
0x0108	0x290C      	GOTO       L__main10
;robot_distancia.mbas,68 :: 		porta.3=1  'enciende led
0x0109	0x1585      	BSF        PORTA, 3
;robot_distancia.mbas,69 :: 		portb.3=1  'prende rele
0x010A	0x1586      	BSF        PORTB, 3
0x010B	0x290E      	GOTO       L__main11
;robot_distancia.mbas,70 :: 		else
L__main10:
;robot_distancia.mbas,71 :: 		porta.3=0   'apaga led
0x010C	0x1185      	BCF        PORTA, 3
;robot_distancia.mbas,72 :: 		portb.3=0   'apaga rele
0x010D	0x1186      	BCF        PORTB, 3
;robot_distancia.mbas,73 :: 		end if
L__main11:
L__main7:
;robot_distancia.mbas,75 :: 		n=0
0x010E	0x01A0      	CLRF       _n
;robot_distancia.mbas,76 :: 		prom1=0
0x010F	0x01A8      	CLRF       _prom1
0x0110	0x01A9      	CLRF       _prom1+1
;robot_distancia.mbas,77 :: 		while n<100
L__main13:
0x0111	0x3064      	MOVLW      100
0x0112	0x0220      	SUBWF      _n, 0
0x0113	0x1803      	BTFSC      STATUS, 0
0x0114	0x2924      	GOTO       L__main14
;robot_distancia.mbas,78 :: 		pot = ADC_Read(0)
0x0115	0x01AD      	CLRF       FARG_Adc_Read_channel
0x0116	0x204C      	CALL       _Adc_Read
0x0117	0x0870      	MOVF       R0, 0
0x0118	0x00A2      	MOVWF      _pot
;robot_distancia.mbas,79 :: 		presion = ADC_Read(12)
0x0119	0x300C      	MOVLW      12
0x011A	0x00AD      	MOVWF      FARG_Adc_Read_channel
0x011B	0x204C      	CALL       _Adc_Read
0x011C	0x0870      	MOVF       R0, 0
0x011D	0x00A1      	MOVWF      _presion
;robot_distancia.mbas,80 :: 		prom1=prom1+presion
0x011E	0x0870      	MOVF       R0, 0
0x011F	0x07A8      	ADDWF      _prom1, 1
0x0120	0x1803      	BTFSC      STATUS, 0
0x0121	0x0AA9      	INCF       _prom1+1, 1
;robot_distancia.mbas,81 :: 		n=n+1
0x0122	0x0AA0      	INCF       _n, 1
0x0123	0x2911      	GOTO       L__main13
L__main14:
;robot_distancia.mbas,83 :: 		prom1=prom1/100
0x0124	0x3064      	MOVLW      100
0x0125	0x00F4      	MOVWF      R4
0x0126	0x01F5      	CLRF       R4+1
0x0127	0x0828      	MOVF       _prom1, 0
0x0128	0x00F0      	MOVWF      R0
0x0129	0x0829      	MOVF       _prom1+1, 0
0x012A	0x00F1      	MOVWF      R0+1
0x012B	0x208D      	CALL       _Div_16x16_U
0x012C	0x0870      	MOVF       R0, 0
0x012D	0x00A8      	MOVWF      _prom1
0x012E	0x0871      	MOVF       R0+1, 0
0x012F	0x00A9      	MOVWF      _prom1+1
;robot_distancia.mbas,86 :: 		UART1_Write_text("p")
0x0130	0x3070      	MOVLW      112
0x0131	0x00AB      	MOVWF      _main_Local_Text
0x0132	0x01AC      	CLRF       _main_Local_Text+1
0x0133	0x302B      	MOVLW      _main_Local_Text
0x0134	0x00AD      	MOVWF      FARG_UART1_Write_Text_uart_text
0x0135	0x2077      	CALL       _UART1_Write_Text
;robot_distancia.mbas,87 :: 		ByteToStr(prom1,txt)
0x0136	0x0828      	MOVF       _prom1, 0
0x0137	0x00AD      	MOVWF      FARG_ByteToStr_input
0x0138	0x3023      	MOVLW      _txt
0x0139	0x00AE      	MOVWF      FARG_ByteToStr_output
0x013A	0x20AA      	CALL       _ByteToStr
;robot_distancia.mbas,88 :: 		UART1_Write_text(txt)
0x013B	0x3023      	MOVLW      _txt
0x013C	0x00AD      	MOVWF      FARG_UART1_Write_Text_uart_text
0x013D	0x2077      	CALL       _UART1_Write_Text
;robot_distancia.mbas,92 :: 		porta.1=1
0x013E	0x1485      	BSF        PORTA, 1
;robot_distancia.mbas,93 :: 		delay_ms(100)
0x013F	0x3002      	MOVLW      2
0x0140	0x00FB      	MOVWF      R11
0x0141	0x3004      	MOVLW      4
0x0142	0x00FC      	MOVWF      R12
0x0143	0x30BA      	MOVLW      186
0x0144	0x00FD      	MOVWF      R13
L__main17:
0x0145	0x0BFD      	DECFSZ     R13, 1
0x0146	0x2945      	GOTO       L__main17
0x0147	0x0BFC      	DECFSZ     R12, 1
0x0148	0x2945      	GOTO       L__main17
0x0149	0x0BFB      	DECFSZ     R11, 1
0x014A	0x2945      	GOTO       L__main17
0x014B	0x0000      	NOP
;robot_distancia.mbas,94 :: 		porta.1=0
0x014C	0x1085      	BCF        PORTA, 1
;robot_distancia.mbas,95 :: 		delay_ms(100)
0x014D	0x3002      	MOVLW      2
0x014E	0x00FB      	MOVWF      R11
0x014F	0x3004      	MOVLW      4
0x0150	0x00FC      	MOVWF      R12
0x0151	0x30BA      	MOVLW      186
0x0152	0x00FD      	MOVWF      R13
L__main18:
0x0153	0x0BFD      	DECFSZ     R13, 1
0x0154	0x2953      	GOTO       L__main18
0x0155	0x0BFC      	DECFSZ     R12, 1
0x0156	0x2953      	GOTO       L__main18
0x0157	0x0BFB      	DECFSZ     R11, 1
0x0158	0x2953      	GOTO       L__main18
0x0159	0x0000      	NOP
0x015A	0x28FD      	GOTO       L__main2
;robot_distancia.mbas,96 :: 		wend
0x015B	0x295B      	GOTO       $+0
; end of _main
Symbol List:
//** Routines locations **
//ADDRESS    SIZE    PROCEDURE
//----------------------------------------------
0x0005       [6]    _Delay_22us
0x000B      [10]    _UART1_Write
0x0015      [17]    _Div_8x8_U
0x0026       [9]    _UART1_Data_Ready
0x002F      [16]    _UART1_Init
0x003F      [13]    _UART1_Read
0x004C      [43]    _Adc_Read
0x0077      [22]    _UART1_Write_Text
0x008D      [29]    _Div_16x16_U
0x00AA      [50]    _ByteToStr
0x00DC     [128]    _main
//** Variables locations ** 
//ADDRESS    SIZE    VARIABLE
//----------------------------------------------
0x0000       [1]    INDF
0x0001       [1]    TMR0
0x0002       [1]    PCL
0x0003       [0]    NOT_TO_bit
0x0003       [0]    C_bit
0x0003       [0]    IRP_bit
0x0003       [0]    RP1_bit
0x0003       [0]    DC_bit
0x0003       [1]    STATUS
0x0003       [0]    NOT_PD_bit
0x0003       [0]    RP0_bit
0x0003       [0]    Z_bit
0x0004       [1]    FSR
0x0004       [1]    FSRPTR
0x0005       [0]    RA3_bit
0x0005       [0]    RA4_bit
0x0005       [0]    RA5_bit
0x0005       [0]    RA1_bit
0x0005       [0]    RA0_bit
0x0005       [0]    RA7_bit
0x0005       [0]    RA6_bit
0x0005       [0]    RA2_bit
0x0005       [1]    PORTA
0x0006       [1]    PORTB
0x0006       [0]    RB5_bit
0x0006       [0]    RB4_bit
0x0006       [0]    RB7_bit
0x0006       [0]    RB6_bit
0x0006       [0]    RB1_bit
0x0006       [0]    RB0_bit
0x0006       [0]    RB3_bit
0x0006       [0]    RB2_bit
0x0007       [0]    RC1_bit
0x0007       [0]    RC2_bit
0x0007       [1]    PORTC
0x0007       [0]    RC0_bit
0x0007       [0]    RC3_bit
0x0007       [0]    RC6_bit
0x0007       [0]    RC7_bit
0x0007       [0]    RC4_bit
0x0007       [0]    RC5_bit
0x0009       [1]    PORTE
0x0009       [0]    RE3_bit
0x000A       [1]    PCLATH
0x000B       [0]    GIE_bit
0x000B       [0]    TMR0IE_bit
0x000B       [0]    PEIE_bit
0x000B       [0]    T0IF_bit
0x000B       [0]    RBIE_bit
0x000B       [0]    INTE_bit
0x000B       [0]    INTF_bit
0x000B       [0]    T0IE_bit
0x000B       [0]    TMR0IF_bit
0x000B       [0]    RBIF_bit
0x000B       [1]    INTCON
0x000C       [0]    SSPIF_bit
0x000C       [0]    TXIF_bit
0x000C       [1]    PIR1
0x000C       [0]    CCP1IF_bit
0x000C       [0]    TMR2IF_bit
0x000C       [0]    RCIF_bit
0x000C       [0]    ADIF_bit
0x000C       [0]    TMR1IF_bit
0x000D       [0]    ULPWUIF_bit
0x000D       [0]    BCLIF_bit
0x000D       [1]    PIR2
0x000D       [0]    CCP2IF_bit
0x000D       [0]    OSFIF_bit
0x000D       [0]    C2IF_bit
0x000D       [0]    C1IF_bit
0x000D       [0]    EEIF_bit
0x000E       [1]    TMR1L
0x000F       [1]    TMR1H
0x0010       [0]    T1GIV_bit
0x0010       [1]    T1CON
0x0010       [0]    T1SYNC_bit
0x0010       [0]    T1INSYNC_bit
0x0010       [0]    TMR1ON_bit
0x0010       [0]    TMR1CS_bit
0x0010       [0]    NOT_T1SYNC_bit
0x0010       [0]    T1CKPS1_bit
0x0010       [0]    TMR1GE_bit
0x0010       [0]    T1CKPS0_bit
0x0010       [0]    T1OSCEN_bit
0x0011       [1]    TMR2
0x0012       [0]    TOUTPS1_bit
0x0012       [0]    TOUTPS0_bit
0x0012       [0]    TOUTPS3_bit
0x0012       [0]    TOUTPS2_bit
0x0012       [0]    TMR2ON_bit
0x0012       [0]    T2CKPS0_bit
0x0012       [1]    T2CON
0x0012       [0]    T2CKPS1_bit
0x0013       [1]    SSPBUF
0x0014       [1]    SSPCON
0x0014       [0]    SSPM2_bit
0x0014       [0]    SSPM3_bit
0x0014       [0]    SSPM1_bit
0x0014       [0]    WCOL_bit
0x0014       [0]    SSPM0_bit
0x0014       [0]    CKP_bit
0x0014       [0]    SSPOV_bit
0x0014       [0]    SSPEN_bit
0x0015       [1]    CCPR1L
0x0016       [1]    CCPR1H
0x0017       [0]    P1M1_bit
0x0017       [0]    P1M0_bit
0x0017       [0]    CCP1M2_bit
0x0017       [0]    CCP1M3_bit
0x0017       [0]    CCP1M0_bit
0x0017       [0]    CCP1M1_bit
0x0017       [0]    CCP1Y_bit
0x0017       [0]    CCP1X_bit
0x0017       [0]    DC1B1_bit
0x0017       [1]    CCP1CON
0x0017       [0]    DC1B0_bit
0x0018       [1]    RCSTA
0x0018       [0]    RX9D_bit
0x0018       [0]    NOT_RC8_bit
0x0018       [0]    RC9_bit
0x0018       [0]    RX9_bit
0x0018       [0]    RCD8_bit
0x0018       [0]    OERR_bit
0x0018       [0]    ADDEN_bit
0x0018       [0]    CREN_bit
0x0018       [0]    SREN_bit
0x0018       [0]    RC8_9_bit
0x0018       [0]    FERR_bit
0x0018       [0]    SPEN_bit
0x0019       [1]    TXREG
0x001A       [1]    RCREG
0x001B       [1]    CCPR2L
0x001C       [1]    CCPR2H
0x001D       [0]    CCP2Y_bit
0x001D       [1]    CCP2CON
0x001D       [0]    CCP2M3_bit
0x001D       [0]    DC2B0_bit
0x001D       [0]    CCP2M1_bit
0x001D       [0]    CCP2M0_bit
0x001D       [0]    CCP2X_bit
0x001D       [0]    CCP2M2_bit
0x001D       [0]    DC2B1_bit
0x001E       [1]    ADRESH
0x001F       [0]    ADON_bit
0x001F       [0]    GO_DONE_bit
0x001F       [0]    CHS3_bit
0x001F       [0]    CHS2_bit
0x001F       [0]    ADCS1_bit
0x001F       [0]    ADCS0_bit
0x001F       [0]    GO_bit
0x001F       [0]    NOT_DONE_bit
0x001F       [0]    CHS1_bit
0x001F       [0]    CHS0_bit
0x001F       [1]    ADCON0
0x0020       [1]    _n
0x0021       [1]    _presion
0x0022       [1]    _pot
0x0023       [5]    _txt
0x0028       [2]    _prom1
0x002A       [1]    _receive
0x002B       [2]    _main_Local_Text
0x002D       [1]    FARG_UART1_Write_Text_uart_text
0x002D       [1]    FARG_Adc_Read_channel
0x002D       [1]    FARG_ByteToStr_input
0x002E       [2]    Adc_Read_local_result
0x002E       [1]    FARG_ByteToStr_output
0x002E       [1]    UART1_Write_Text_counter
0x002F       [1]    ByteToStr_len
0x002F       [1]    UART1_Write_Text_data_
0x0030       [1]    FLOC__ByteToStr
0x0031       [1]    FARG_UART1_Write_data_
0x0070       [1]    R0
0x0071       [1]    R1
0x0072       [1]    R2
0x0073       [1]    R3
0x0074       [1]    R4
0x0075       [1]    R5
0x0076       [1]    R6
0x0077       [1]    R7
0x0078       [1]    R8
0x0079       [1]    R9
0x007A       [1]    R10
0x007B       [1]    R11
0x007C       [1]    R12
0x007D       [1]    R13
0x007E       [1]    R14
0x007F       [1]    R15
0x0081       [1]    OPTION_REG
0x0081       [0]    PSA_bit
0x0081       [0]    INTEDG_bit
0x0081       [0]    PS1_bit
0x0081       [0]    NOT_RBPU_bit
0x0081       [0]    PS0_bit
0x0081       [0]    T0CS_bit
0x0081       [0]    T0SE_bit
0x0081       [0]    PS2_bit
0x0085       [0]    TRISA5_bit
0x0085       [1]    TRISA
0x0085       [0]    TRISA1_bit
0x0085       [0]    TRISA6_bit
0x0085       [0]    TRISA4_bit
0x0085       [0]    TRISA3_bit
0x0085       [0]    TRISA2_bit
0x0085       [0]    TRISA7_bit
0x0085       [0]    TRISA0_bit
0x0086       [0]    TRISB7_bit
0x0086       [0]    TRISB0_bit
0x0086       [0]    TRISB2_bit
0x0086       [0]    TRISB3_bit
0x0086       [0]    TRISB1_bit
0x0086       [0]    TRISB6_bit
0x0086       [0]    TRISB4_bit
0x0086       [0]    TRISB5_bit
0x0086       [1]    TRISB
0x0087       [0]    TRISC4_bit
0x0087       [0]    TRISC2_bit
0x0087       [0]    TRISC1_bit
0x0087       [1]    TRISC
0x0087       [0]    TRISC6_bit
0x0087       [0]    TRISC7_bit
0x0087       [0]    TRISC5_bit
0x0087       [0]    TRISC0_bit
0x0087       [0]    TRISC3_bit
0x0089       [1]    TRISE
0x0089       [0]    TRISE3_bit
0x008C       [0]    ADIE_bit
0x008C       [0]    RCIE_bit
0x008C       [0]    TXIE_bit
0x008C       [1]    PIE1
0x008C       [0]    TMR1IE_bit
0x008C       [0]    TMR2IE_bit
0x008C       [0]    SSPIE_bit
0x008C       [0]    CCP1IE_bit
0x008D       [0]    BCLIE_bit
0x008D       [0]    EEIE_bit
0x008D       [0]    CCP2IE_bit
0x008D       [0]    ULPWUIE_bit
0x008D       [0]    OSFIE_bit
0x008D       [1]    PIE2
0x008D       [0]    C1IE_bit
0x008D       [0]    C2IE_bit
0x008E       [1]    PCON
0x008E       [0]    ULPWUE_bit
0x008E       [0]    SBOREN_bit
0x008E       [0]    NOT_BOR_bit
0x008E       [0]    NOT_BO_bit
0x008E       [0]    NOT_POR_bit
0x008F       [1]    OSCCON
0x008F       [0]    HTS_bit
0x008F       [0]    SCS_bit
0x008F       [0]    LTS_bit
0x008F       [0]    IRCF1_bit
0x008F       [0]    IRCF2_bit
0x008F       [0]    OSTS_bit
0x008F       [0]    IRCF0_bit
0x0090       [1]    OSCTUNE
0x0090       [0]    TUN1_bit
0x0090       [0]    TUN0_bit
0x0090       [0]    TUN4_bit
0x0090       [0]    TUN3_bit
0x0090       [0]    TUN2_bit
0x0091       [0]    PEN_bit
0x0091       [0]    RCEN_bit
0x0091       [0]    SEN_bit
0x0091       [0]    RSEN_bit
0x0091       [0]    ACKEN_bit
0x0091       [0]    GCEN_bit
0x0091       [1]    SSPCON2
0x0091       [0]    ACKDT_bit
0x0091       [0]    ACKSTAT_bit
0x0092       [1]    PR2
0x0093       [1]    SSPMSK
0x0093       [1]    SSPADD
0x0093       [1]    MSK
0x0094       [0]    D_bit
0x0094       [0]    I2C_DATA_bit
0x0094       [0]    I2C_START__bit
0x0094       [0]    BF_bit
0x0094       [0]    S_bit
0x0094       [0]    R_bit
0x0094       [0]    NOT_WRITE_bit
0x0094       [0]    R_W_bit
0x0094       [0]    READ_WRITE_bit
0x0094       [0]    I2C_READ_bit
0x0094       [0]    UA_bit
0x0094       [0]    NOT_W_bit
0x0094       [0]    P_bit
0x0094       [0]    NOT_A_bit
0x0094       [0]    CKE_bit
0x0094       [0]    DATA_ADDRESS_bit
0x0094       [0]    NOT_ADDRESS_bit
0x0094       [0]    D_A_bit
0x0094       [0]    SMP_bit
0x0094       [0]    I2C_STOP__bit
0x0094       [1]    SSPSTAT
0x0095       [0]    WPUB7_bit
0x0095       [0]    WPUB0_bit
0x0095       [0]    WPUB5_bit
0x0095       [0]    WPUB4_bit
0x0095       [0]    WPUB6_bit
0x0095       [1]    WPUB
0x0095       [0]    WPUB1_bit
0x0095       [0]    WPUB3_bit
0x0095       [0]    WPUB2_bit
0x0096       [0]    IOCB2_bit
0x0096       [0]    IOCB3_bit
0x0096       [0]    IOCB1_bit
0x0096       [1]    IOCB
0x0096       [0]    IOCB0_bit
0x0096       [0]    IOCB6_bit
0x0096       [0]    IOCB7_bit
0x0096       [0]    IOCB4_bit
0x0096       [0]    IOCB5_bit
0x0097       [1]    VRCON
0x0097       [0]    VR2_bit
0x0097       [0]    VR3_bit
0x0097       [0]    VR0_bit
0x0097       [0]    VR1_bit
0x0097       [0]    VROE_bit
0x0097       [0]    VREN_bit
0x0097       [0]    VRSS_bit
0x0097       [0]    VRR_bit
0x0098       [0]    TRMT_bit
0x0098       [0]    BRGH_bit
0x0098       [0]    SENDB_bit
0x0098       [1]    TXSTA
0x0098       [0]    TXD8_bit
0x0098       [0]    TX9D_bit
0x0098       [0]    NOT_TX8_bit
0x0098       [0]    TX9_bit
0x0098       [0]    CSRC_bit
0x0098       [0]    SYNC_bit
0x0098       [0]    TXEN_bit
0x0098       [0]    TX8_9_bit
0x0099       [0]    BRG1_bit
0x0099       [0]    BRG2_bit
0x0099       [1]    SPBRG
0x0099       [0]    BRG0_bit
0x0099       [0]    BRG6_bit
0x0099       [0]    BRG7_bit
0x0099       [0]    BRG5_bit
0x0099       [0]    BRG3_bit
0x0099       [0]    BRG4_bit
0x009A       [0]    BRG9_bit
0x009A       [0]    BRG8_bit
0x009A       [1]    SPBRGH
0x009A       [0]    BRG10_bit
0x009A       [0]    BRG13_bit
0x009A       [0]    BRG14_bit
0x009A       [0]    BRG15_bit
0x009A       [0]    BRG11_bit
0x009A       [0]    BRG12_bit
0x009B       [0]    PDC1_bit
0x009B       [0]    PDC0_bit
0x009B       [1]    PWM1CON
0x009B       [0]    PDC6_bit
0x009B       [0]    PDC5_bit
0x009B       [0]    PDC4_bit
0x009B       [0]    PRSEN_bit
0x009B       [0]    PDC2_bit
0x009B       [0]    PDC3_bit
0x009C       [0]    PSSAC0_bit
0x009C       [0]    PSSBD1_bit
0x009C       [0]    PSSAC1_bit
0x009C       [1]    ECCPAS
0x009C       [0]    ECCPAS0_bit
0x009C       [0]    ECCPAS2_bit
0x009C       [0]    ECCPAS1_bit
0x009C       [0]    ECCPASE_bit
0x009C       [0]    PSSBD0_bit
0x009D       [1]    PSTRCON
0x009D       [0]    STRA_bit
0x009D       [0]    STRD_bit
0x009D       [0]    STRSYNC_bit
0x009D       [0]    STRB_bit
0x009D       [0]    STRC_bit
0x009E       [1]    ADRESL
0x009F       [0]    VCFG1_bit
0x009F       [0]    VCFG0_bit
0x009F       [0]    ADFM_bit
0x009F       [1]    ADCON1
0x0105       [0]    WDTPS1_bit
0x0105       [0]    WDTPS2_bit
0x0105       [0]    WDTPS3_bit
0x0105       [1]    WDTCON
0x0105       [0]    SWDTEN_bit
0x0105       [0]    WDTPS0_bit
0x0107       [0]    C1OE_bit
0x0107       [0]    C1OUT_bit
0x0107       [0]    C1ON_bit
0x0107       [0]    C1POL_bit
0x0107       [0]    C1CH0_bit
0x0107       [1]    CM1CON0
0x0107       [0]    C1R_bit
0x0107       [0]    C1CH1_bit
0x0108       [0]    C2R_bit
0x0108       [0]    C2CH1_bit
0x0108       [0]    C2CH0_bit
0x0108       [0]    C2OUT_bit
0x0108       [0]    C2ON_bit
0x0108       [0]    C2POL_bit
0x0108       [0]    C2OE_bit
0x0108       [1]    CM2CON0
0x0109       [0]    C1RSEL_bit
0x0109       [0]    MC2OUT_bit
0x0109       [0]    MC1OUT_bit
0x0109       [0]    C2RSEL_bit
0x0109       [1]    CM2CON1
0x0109       [0]    C2SYNC_bit
0x0109       [0]    T1GSS_bit
0x010C       [1]    EEDAT
0x010C       [1]    EEDATA
0x010D       [1]    EEADR
0x010E       [1]    EEDATH
0x010F       [1]    EEADRH
0x0185       [0]    FVREN_bit
0x0185       [0]    C1SEN_bit
0x0185       [0]    PULSR_bit
0x0185       [0]    C2REN_bit
0x0185       [0]    PULSS_bit
0x0185       [0]    SR0_bit
0x0185       [1]    SRCON
0x0185       [0]    SR1_bit
0x0187       [0]    BRG16_bit
0x0187       [0]    SCKP_bit
0x0187       [0]    ABDEN_bit
0x0187       [0]    WUE_bit
0x0187       [0]    RCIDL_bit
0x0187       [1]    BAUDCTL
0x0187       [0]    ABDOVF_bit
0x0188       [0]    ANS2_bit
0x0188       [0]    ANS1_bit
0x0188       [0]    ANS0_bit
0x0188       [0]    ANS3_bit
0x0188       [1]    ANSEL
0x0188       [0]    ANS4_bit
0x0189       [0]    ANS10_bit
0x0189       [0]    ANS9_bit
0x0189       [0]    ANS8_bit
0x0189       [0]    ANS11_bit
0x0189       [1]    ANSELH
0x0189       [0]    ANS13_bit
0x0189       [0]    ANS12_bit
0x018C       [0]    WR_bit
0x018C       [0]    RD_bit
0x018C       [1]    EECON1
0x018C       [0]    EEPGD_bit
0x018C       [0]    WRERR_bit
0x018C       [0]    WREN_bit
0x018D       [1]    EECON2
//** Label List: ** 
//----------------------------------------------
  L_end__main
  L__main1
  L__main2
  L__main3
  L__main4
  L__main5
  L__main6
  L__main7
  L__main8
  L__main9
  L__main10
  L__main11
  L__main12
  L__main13
  L__main14
  L__main15
  L__main16
  L__main17
  L__main18
  _main
  L_end__Adc_Read
  L__Adc_Read1
  L__Adc_Read2
  L__Adc_Read3
  L__Adc_Read4
  L__Adc_Read5
  _Adc_Read
  L_end__ByteToStr
  L__ByteToStr1
  L__ByteToStr2
  L__ByteToStr3
  L__ByteToStr4
  L__ByteToStr5
  L__ByteToStr6
  L__ByteToStr7
  L__ByteToStr8
  L_end__WordToStr
  L__WordToStr10
  L__WordToStr11
  L__WordToStr12
  L__WordToStr13
  L__WordToStr14
  L__WordToStr15
  L__WordToStr16
  L__WordToStr17
  L__WordToStr18
  L__WordToStr19
  L__WordToStr20
  L__WordToStr21
  L__WordToStr22
  L__WordToStr23
  L__WordToStr24
  L__WordToStr25
  L__WordToStr26
  L_end__ShortToStr
  L__ShortToStr28
  L__ShortToStr29
  L__ShortToStr30
  L__ShortToStr31
  L__ShortToStr32
  L__ShortToStr33
  L__ShortToStr34
  L__ShortToStr35
  L__ShortToStr36
  L__ShortToStr37
  L__ShortToStr38
  L__ShortToStr39
  L__ShortToStr40
  L__ShortToStr41
  L__ShortToStr42
  L__ShortToStr43
  L__ShortToStr44
  L__ShortToStr45
  L__ShortToStr46
  L__ShortToStr47
  L_end__IntToStr
  L__IntToStr49
  L__IntToStr50
  L__IntToStr51
  L__IntToStr52
  L__IntToStr53
  L__IntToStr54
  L__IntToStr55
  L__IntToStr56
  L__IntToStr57
  L__IntToStr58
  L__IntToStr59
  L__IntToStr60
  L__IntToStr61
  L__IntToStr62
  L__IntToStr63
  L__IntToStr64
  L__IntToStr65
  L__IntToStr66
  L__IntToStr67
  L__IntToStr68
  L__IntToStr69
  L__IntToStr70
  L__IntToStr71
  L__IntToStr72
  L__IntToStr73
  L__IntToStr74
  L_end__WordToStrWithZeros
  L__WordToStrWithZeros76
  L__WordToStrWithZeros77
  L__WordToStrWithZeros78
  L__WordToStrWithZeros79
  L__WordToStrWithZeros80
  L__WordToStrWithZeros81
  L__WordToStrWithZeros82
  L__WordToStrWithZeros83
  L__WordToStrWithZeros84
  L__WordToStrWithZeros85
  L__WordToStrWithZeros86
  L__WordToStrWithZeros87
  L__WordToStrWithZeros88
  L__WordToStrWithZeros89
  L__WordToStrWithZeros90
  L__WordToStrWithZeros91
  L__WordToStrWithZeros92
  L_end__LongWordToStr
  L__LongWordToStr94
  L__LongWordToStr95
  L__LongWordToStr96
  L__LongWordToStr97
  L__LongWordToStr98
  L__LongWordToStr99
  L__LongWordToStr100
  L__LongWordToStr101
  L_end__LongIntToStr
  L__LongIntToStr103
  L__LongIntToStr104
  L__LongIntToStr105
  L__LongIntToStr106
  L__LongIntToStr107
  L__LongIntToStr108
  L__LongIntToStr109
  L__LongIntToStr110
  L__LongIntToStr111
  L__LongIntToStr112
  L__LongIntToStr113
  L__LongIntToStr114
  L__LongIntToStr115
  L__LongIntToStr116
  L__LongIntToStr117
  L__LongIntToStr118
  L__LongIntToStr119
  L__LongIntToStr120
  L__LongIntToStr121
  L_end__Bcd2Dec
  L_end__StrToWord
  L__StrToWord124
  L__StrToWord125
  L__StrToWord126
  L__StrToWord127
  L__StrToWord128
  L__StrToWord129
  L__StrToWord130
  L__StrToWord131
  L__StrToWord132
  L__StrToWord133
  L__StrToWord134
  L__StrToWord135
  L__StrToWord136
  L_end__StrToInt
  L__StrToInt138
  L__StrToInt139
  L__StrToInt140
  L__StrToInt141
  L__StrToInt142
  L__StrToInt143
  L__StrToInt144
  L__StrToInt145
  L__StrToInt146
  L__StrToInt147
  L__StrToInt148
  L__StrToInt149
  L__StrToInt150
  L__StrToInt151
  L__StrToInt152
  L__StrToInt153
  L__StrToInt154
  L__StrToInt155
  L__StrToInt156
  L__StrToInt157
  L__StrToInt158
  L__StrToInt159
  L_end__Dec2Bcd
  L__Dec2Bcd161
  L__Dec2Bcd162
  L__Dec2Bcd163
  L_end__Bcd2Dec16
  L_end__Dec2Bcd16
  L_end__FloatToStr
  L__FloatToStr167
  L__FloatToStr168
  L__FloatToStr169
  L__FloatToStr170
  L__FloatToStr171
  L__FloatToStr172
  L__FloatToStr173
  L__FloatToStr174
  L__FloatToStr175
  L__FloatToStr176
  L__FloatToStr177
  L__FloatToStr178
  L__FloatToStr179
  L__FloatToStr180
  L__FloatToStr181
  L__FloatToStr182
  L__FloatToStr183
  L__FloatToStr184
  L__FloatToStr185
  L__FloatToStr186
  L__FloatToStr187
  L__FloatToStr188
  L__FloatToStr189
  L__FloatToStr190
  L__FloatToStr191
  L__FloatToStr192
  L__FloatToStr193
  L__FloatToStr194
  L__FloatToStr195
  L__FloatToStr196
  L__FloatToStr197
  L__FloatToStr198
  L__FloatToStr199
  _ByteToStr
  _WordToStr
  L__WordToStr200
  L__WordToStr201
  L__WordToStr202
  L__WordToStr203
  _ShortToStr
  _IntToStr
  L__IntToStr204
  L__IntToStr205
  L__IntToStr206
  L__IntToStr207
  L__IntToStr208
  L__IntToStr209
  _WordToStrWithZeros
  L__WordToStrWithZeros210
  L__WordToStrWithZeros211
  L__WordToStrWithZeros212
  L__WordToStrWithZeros213
  _LongWordToStr
  L__LongWordToStr214
  _LongIntToStr
  L__LongIntToStr215
  L__LongIntToStr216
  L__LongIntToStr217
  _Bcd2Dec
  _StrToWord
  L__StrToWord218
  _StrToInt
  L__StrToInt219
  L__StrToInt220
  _Dec2Bcd
  _Bcd2Dec16
  L__Bcd2Dec16221
  L__Bcd2Dec16222
  _Dec2Bcd16
  L__Dec2Bcd16223
  L__Dec2Bcd16224
  _FloatToStr
  L__FloatToStr225
  L__FloatToStr226
  L__FloatToStr227
  L_end__Get_Fosc_kHz
  L_end__Delay_1us
  L__Delay_1us2
  L_end__Delay_10us
  L__Delay_10us4
  L_end__Delay_22us
  L__Delay_22us6
  L_end__Delay_50us
  L__Delay_50us8
  L_end__Delay_80us
  L__Delay_80us10
  L_end__Delay_500us
  L__Delay_500us12
  L_end__Delay_5500us
  L__Delay_5500us14
  L_end__Delay_5ms
  L__Delay_5ms16
  L_end__Delay_8ms
  L__Delay_8ms18
  L_end__Delay_100ms
  L__Delay_100ms20
  L_end__Delay_1sec
  L__Delay_1sec22
  L_end__Delay_Cyc
  L__Delay_Cyc24
  L__Delay_Cyc25
  L__Delay_Cyc26
  L__Delay_Cyc27
  L__Delay_Cyc28
  L_end__VDelay_ms
  L__VDelay_ms30
  L__VDelay_ms31
  L__VDelay_ms32
  L__VDelay_ms33
  L__VDelay_ms34
  L__VDelay_ms35
  L__VDelay_ms36
  L__VDelay_ms37
  _Get_Fosc_kHz
  _Delay_1us
  _Delay_10us
  _Delay_22us
  _Delay_50us
  _Delay_80us
  _Delay_500us
  _Delay_5500us
  _Delay_5ms
  _Delay_8ms
  _Delay_100ms
  _Delay_1sec
  _Delay_Cyc
  _VDelay_ms
  L__VDelay_ms38
  L__VDelay_ms39
  L__VDelay_ms40
  L__VDelay_ms41
  L_end__Mul_8x8_U
  L_end__Mul_16x16_U
  L_end__Div_8x8_U
  L_end__Div_16x16_U
  L_end__Mul_8x8_S
  L_end__Mul_16x16_S
  L_end__Div_16x16_S_L
  L_end__Div_16x16_S
  L_end__Div_8x8_S
  L_end__SDIV3232L
  LOOPS3232A
  SADD22LA
  SOK22LA
  SADD22L8
  SOK22L8
  LOOPS3232B
  SADD22LB
  SOK22LB
  SADD22L16
  SOK22L16
  LOOPS3232C
  SADD22LC
  SOK22LC
  SADD22L24
  SOK22L24
  LOOPS3232D
  SADD22LD
  SOK22LD
  SOK22L
  L_end__COMFREM
  L_end__Div_32x32_S
  FXD3232S
  END_ALL
  CA3232S
  C3232SX
  C3232SX1
  C3232S
  C3232S2
  C3232SX4
  C3232SOK
  C3232SX3
  C3232SX2
  avoid_comfrem
  L_end__Div_32x32_U
  LOOPU3232A
  UADD22LA
  UOK22LA
  UADD22L8
  UOK22L8
  LOOPU3232B
  UADD22LB
  UOK22LB
  UADD22L16
  UOK22L16
  LOOPU3232C
  UADD22LC
  UOK22LC
  UADD22L24
  UOK22L24
  LOOPU3232D
  UADD22LD
  UOK22LD
  UOK22L
  L_end__Mul_32x32_U
  _NEXT
  _EXIT2
  _LOOP
  _EXIT1
  L_end__Mul_32x32_S
  _IF_FIRST
  _IF_SECOND
  _INVERCE_FIRST
  _MULT
  _INBERSE_SECOND
  _EXIT
  _Mul_8x8_U
  _Mul_16x16_U
  _Div_8x8_U
  _Div_16x16_U
  _Mul_8x8_S
  _Mul_16x16_S
  _Div_16x16_S_L
  _Div_16x16_S
  _Div_8x8_S
  _SDIV3232L
  _COMFREM
  _Div_32x32_S
  _Div_32x32_U
  _Mul_32x32_U
  _Mul_32x32_S
  L_end__UART1_Init
  L__UART1_Init1
  L__UART1_Init2
  L__UART1_Init3
  L__UART1_Init4
  L__UART1_Init5
  L_end__UART1_Data_Ready
  L_end__UART1_Read
  L__UART1_Read8
  L__UART1_Read9
  L__UART1_Read10
  L_end__UART1_TX_Idle
  L_end__UART1_Write
  L__UART1_Write13
  L__UART1_Write14
  L__UART1_Write15
  L__UART1_Write16
  L__UART1_Write17
  L_end__UART1_Write_Text
  L__UART1_Write_Text19
  L__UART1_Write_Text20
  L__UART1_Write_Text21
  L__UART1_Write_Text22
  L__UART1_Write_Text23
  L_end__UART1_Read_Text
  L__UART1_Read_Text25
  L__UART1_Read_Text26
  L__UART1_Read_Text27
  L__UART1_Read_Text28
  L__UART1_Read_Text29
  L__UART1_Read_Text30
  L__UART1_Read_Text31
  L__UART1_Read_Text32
  L__UART1_Read_Text33
  L__UART1_Read_Text34
  L__UART1_Read_Text35
  L__UART1_Read_Text36
  L__UART1_Read_Text37
  L__UART1_Read_Text38
  L__UART1_Read_Text39
  L__UART1_Read_Text40
  L__UART1_Read_Text41
  L__UART1_Read_Text42
  L__UART1_Read_Text43
  _UART1_Init
  _UART1_Data_Ready
  _UART1_Read
  _UART1_TX_Idle
  _UART1_Write
  _UART1_Write_Text
  _UART1_Read_Text
